<?xml version="1.0" encoding="UTF-8"?>
<testsuite xmlns:xsi="http://www.w3.org/2001/XMLSchema-instance" xsi:noNamespaceSchemaLocation="https://maven.apache.org/surefire/maven-failsafe-plugin/xsd/failsafe-test-report-3.0.xsd" version="3.0" name="starter.CucumberTestSuite" time="85.189" tests="7" errors="0" skipped="0" failures="0">
  <properties>
    <property name="sun.desktop" value="windows"/>
    <property name="awt.toolkit" value="sun.awt.windows.WToolkit"/>
    <property name="java.specification.version" value="1.8"/>
    <property name="file.encoding.pkg" value="sun.io"/>
    <property name="webdriver.chrome.driver" value="src/test/resources/webdriver/chromedriver.exe"/>
    <property name="sun.cpu.isalist" value="amd64"/>
    <property name="sun.jnu.encoding" value="Cp1252"/>
    <property name="java.class.path" value="C:\Users\ASUS\Documents\GitHub\Mini-Project\WebTesting\target\test-classes;C:\Users\ASUS\Documents\GitHub\Mini-Project\WebTesting\target\Web_UI_Serenity-1.0-SNAPSHOT.jar;C:\Users\ASUS\.m2\repository\net\serenity-bdd\serenity-core\3.6.21\serenity-core-3.6.21.jar;C:\Users\ASUS\.m2\repository\net\serenity-bdd\serenity-model\3.6.21\serenity-model-3.6.21.jar;C:\Users\ASUS\.m2\repository\org\apache\commons\commons-text\1.10.0\commons-text-1.10.0.jar;C:\Users\ASUS\.m2\repository\commons-net\commons-net\3.9.0\commons-net-3.9.0.jar;C:\Users\ASUS\.m2\repository\com\google\guava\guava\31.1-jre\guava-31.1-jre.jar;C:\Users\ASUS\.m2\repository\com\google\guava\failureaccess\1.0.1\failureaccess-1.0.1.jar;C:\Users\ASUS\.m2\repository\com\google\guava\listenablefuture\9999.0-empty-to-avoid-conflict-with-guava\listenablefuture-9999.0-empty-to-avoid-conflict-with-guava.jar;C:\Users\ASUS\.m2\repository\com\google\code\findbugs\jsr305\3.0.2\jsr305-3.0.2.jar;C:\Users\ASUS\.m2\repository\org\checkerframework\checker-qual\3.12.0\checker-qual-3.12.0.jar;C:\Users\ASUS\.m2\repository\com\google\errorprone\error_prone_annotations\2.11.0\error_prone_annotations-2.11.0.jar;C:\Users\ASUS\.m2\repository\com\google\j2objc\j2objc-annotations\1.3\j2objc-annotations-1.3.jar;C:\Users\ASUS\.m2\repository\com\google\inject\guice\5.1.0\guice-5.1.0.jar;C:\Users\ASUS\.m2\repository\javax\inject\javax.inject\1\javax.inject-1.jar;C:\Users\ASUS\.m2\repository\aopalliance\aopalliance\1.0\aopalliance-1.0.jar;C:\Users\ASUS\.m2\repository\org\jsoup\jsoup\1.14.3\jsoup-1.14.3.jar;C:\Users\ASUS\.m2\repository\com\thoughtworks\xstream\xstream\1.4.20\xstream-1.4.20.jar;C:\Users\ASUS\.m2\repository\io\github\x-stream\mxparser\1.2.2\mxparser-1.2.2.jar;C:\Users\ASUS\.m2\repository\xmlpull\xmlpull\1.1.3.1\xmlpull-1.1.3.1.jar;C:\Users\ASUS\.m2\repository\com\typesafe\config\1.4.2\config-1.4.2.jar;C:\Users\ASUS\.m2\repository\org\imgscalr\imgscalr-lib\4.2\imgscalr-lib-4.2.jar;C:\Users\ASUS\.m2\repository\org\awaitility\awaitility\4.2.0\awaitility-4.2.0.jar;C:\Users\ASUS\.m2\repository\org\freemarker\freemarker\2.3.31\freemarker-2.3.31.jar;C:\Users\ASUS\.m2\repository\io\github\classgraph\classgraph\4.8.138\classgraph-4.8.138.jar;C:\Users\ASUS\.m2\repository\net\sourceforge\jexcelapi\jxl\2.6.12\jxl-2.6.12.jar;C:\Users\ASUS\.m2\repository\net\bytebuddy\byte-buddy-agent\1.14.2\byte-buddy-agent-1.14.2.jar;C:\Users\ASUS\.m2\repository\org\objenesis\objenesis\3.3\objenesis-3.3.jar;C:\Users\ASUS\.m2\repository\net\serenity-bdd\serenity-reports\3.6.21\serenity-reports-3.6.21.jar;C:\Users\ASUS\.m2\repository\net\serenity-bdd\serenity-stats\3.6.21\serenity-stats-3.6.21.jar;C:\Users\ASUS\.m2\repository\net\serenity-bdd\serenity-reports-configuration\3.6.21\serenity-reports-configuration-3.6.21.jar;C:\Users\ASUS\.m2\repository\com\vladsch\flexmark\flexmark-all\0.62.2\flexmark-all-0.62.2.jar;C:\Users\ASUS\.m2\repository\com\vladsch\flexmark\flexmark\0.62.2\flexmark-0.62.2.jar;C:\Users\ASUS\.m2\repository\com\vladsch\flexmark\flexmark-ext-abbreviation\0.62.2\flexmark-ext-abbreviation-0.62.2.jar;C:\Users\ASUS\.m2\repository\com\vladsch\flexmark\flexmark-util\0.62.2\flexmark-util-0.62.2.jar;C:\Users\ASUS\.m2\repository\com\vladsch\flexmark\flexmark-ext-admonition\0.62.2\flexmark-ext-admonition-0.62.2.jar;C:\Users\ASUS\.m2\repository\com\vladsch\flexmark\flexmark-ext-anchorlink\0.62.2\flexmark-ext-anchorlink-0.62.2.jar;C:\Users\ASUS\.m2\repository\com\vladsch\flexmark\flexmark-ext-aside\0.62.2\flexmark-ext-aside-0.62.2.jar;C:\Users\ASUS\.m2\repository\com\vladsch\flexmark\flexmark-ext-attributes\0.62.2\flexmark-ext-attributes-0.62.2.jar;C:\Users\ASUS\.m2\repository\com\vladsch\flexmark\flexmark-ext-autolink\0.62.2\flexmark-ext-autolink-0.62.2.jar;C:\Users\ASUS\.m2\repository\org\nibor\autolink\autolink\0.6.0\autolink-0.6.0.jar;C:\Users\ASUS\.m2\repository\com\vladsch\flexmark\flexmark-ext-definition\0.62.2\flexmark-ext-definition-0.62.2.jar;C:\Users\ASUS\.m2\repository\com\vladsch\flexmark\flexmark-ext-emoji\0.62.2\flexmark-ext-emoji-0.62.2.jar;C:\Users\ASUS\.m2\repository\com\vladsch\flexmark\flexmark-ext-enumerated-reference\0.62.2\flexmark-ext-enumerated-reference-0.62.2.jar;C:\Users\ASUS\.m2\repository\com\vladsch\flexmark\flexmark-ext-escaped-character\0.62.2\flexmark-ext-escaped-character-0.62.2.jar;C:\Users\ASUS\.m2\repository\com\vladsch\flexmark\flexmark-ext-footnotes\0.62.2\flexmark-ext-footnotes-0.62.2.jar;C:\Users\ASUS\.m2\repository\com\vladsch\flexmark\flexmark-ext-gfm-issues\0.62.2\flexmark-ext-gfm-issues-0.62.2.jar;C:\Users\ASUS\.m2\repository\com\vladsch\flexmark\flexmark-ext-gfm-strikethrough\0.62.2\flexmark-ext-gfm-strikethrough-0.62.2.jar;C:\Users\ASUS\.m2\repository\com\vladsch\flexmark\flexmark-ext-gfm-tasklist\0.62.2\flexmark-ext-gfm-tasklist-0.62.2.jar;C:\Users\ASUS\.m2\repository\com\vladsch\flexmark\flexmark-ext-gfm-users\0.62.2\flexmark-ext-gfm-users-0.62.2.jar;C:\Users\ASUS\.m2\repository\com\vladsch\flexmark\flexmark-ext-gitlab\0.62.2\flexmark-ext-gitlab-0.62.2.jar;C:\Users\ASUS\.m2\repository\com\vladsch\flexmark\flexmark-ext-jekyll-front-matter\0.62.2\flexmark-ext-jekyll-front-matter-0.62.2.jar;C:\Users\ASUS\.m2\repository\com\vladsch\flexmark\flexmark-ext-jekyll-tag\0.62.2\flexmark-ext-jekyll-tag-0.62.2.jar;C:\Users\ASUS\.m2\repository\com\vladsch\flexmark\flexmark-ext-media-tags\0.62.2\flexmark-ext-media-tags-0.62.2.jar;C:\Users\ASUS\.m2\repository\com\vladsch\flexmark\flexmark-ext-macros\0.62.2\flexmark-ext-macros-0.62.2.jar;C:\Users\ASUS\.m2\repository\com\vladsch\flexmark\flexmark-ext-ins\0.62.2\flexmark-ext-ins-0.62.2.jar;C:\Users\ASUS\.m2\repository\com\vladsch\flexmark\flexmark-ext-xwiki-macros\0.62.2\flexmark-ext-xwiki-macros-0.62.2.jar;C:\Users\ASUS\.m2\repository\com\vladsch\flexmark\flexmark-ext-superscript\0.62.2\flexmark-ext-superscript-0.62.2.jar;C:\Users\ASUS\.m2\repository\com\vladsch\flexmark\flexmark-ext-tables\0.62.2\flexmark-ext-tables-0.62.2.jar;C:\Users\ASUS\.m2\repository\com\vladsch\flexmark\flexmark-ext-toc\0.62.2\flexmark-ext-toc-0.62.2.jar;C:\Users\ASUS\.m2\repository\com\vladsch\flexmark\flexmark-ext-typographic\0.62.2\flexmark-ext-typographic-0.62.2.jar;C:\Users\ASUS\.m2\repository\com\vladsch\flexmark\flexmark-ext-wikilink\0.62.2\flexmark-ext-wikilink-0.62.2.jar;C:\Users\ASUS\.m2\repository\com\vladsch\flexmark\flexmark-ext-yaml-front-matter\0.62.2\flexmark-ext-yaml-front-matter-0.62.2.jar;C:\Users\ASUS\.m2\repository\com\vladsch\flexmark\flexmark-ext-youtube-embedded\0.62.2\flexmark-ext-youtube-embedded-0.62.2.jar;C:\Users\ASUS\.m2\repository\com\vladsch\flexmark\flexmark-html2md-converter\0.62.2\flexmark-html2md-converter-0.62.2.jar;C:\Users\ASUS\.m2\repository\com\vladsch\flexmark\flexmark-jira-converter\0.62.2\flexmark-jira-converter-0.62.2.jar;C:\Users\ASUS\.m2\repository\com\vladsch\flexmark\flexmark-pdf-converter\0.62.2\flexmark-pdf-converter-0.62.2.jar;C:\Users\ASUS\.m2\repository\com\openhtmltopdf\openhtmltopdf-core\1.0.0\openhtmltopdf-core-1.0.0.jar;C:\Users\ASUS\.m2\repository\com\openhtmltopdf\openhtmltopdf-pdfbox\1.0.0\openhtmltopdf-pdfbox-1.0.0.jar;C:\Users\ASUS\.m2\repository\org\apache\pdfbox\pdfbox\2.0.16\pdfbox-2.0.16.jar;C:\Users\ASUS\.m2\repository\org\apache\pdfbox\fontbox\2.0.16\fontbox-2.0.16.jar;C:\Users\ASUS\.m2\repository\org\apache\pdfbox\xmpbox\2.0.16\xmpbox-2.0.16.jar;C:\Users\ASUS\.m2\repository\de\rototor\pdfbox\graphics2d\0.24\graphics2d-0.24.jar;C:\Users\ASUS\.m2\repository\com\openhtmltopdf\openhtmltopdf-rtl-support\1.0.0\openhtmltopdf-rtl-support-1.0.0.jar;C:\Users\ASUS\.m2\repository\com\openhtmltopdf\openhtmltopdf-jsoup-dom-converter\1.0.0\openhtmltopdf-jsoup-dom-converter-1.0.0.jar;C:\Users\ASUS\.m2\repository\com\vladsch\flexmark\flexmark-profile-pegdown\0.62.2\flexmark-profile-pegdown-0.62.2.jar;C:\Users\ASUS\.m2\repository\com\vladsch\flexmark\flexmark-util-ast\0.62.2\flexmark-util-ast-0.62.2.jar;C:\Users\ASUS\.m2\repository\com\vladsch\flexmark\flexmark-util-builder\0.62.2\flexmark-util-builder-0.62.2.jar;C:\Users\ASUS\.m2\repository\com\vladsch\flexmark\flexmark-util-collection\0.62.2\flexmark-util-collection-0.62.2.jar;C:\Users\ASUS\.m2\repository\com\vladsch\flexmark\flexmark-util-data\0.62.2\flexmark-util-data-0.62.2.jar;C:\Users\ASUS\.m2\repository\com\vladsch\flexmark\flexmark-util-dependency\0.62.2\flexmark-util-dependency-0.62.2.jar;C:\Users\ASUS\.m2\repository\com\vladsch\flexmark\flexmark-util-format\0.62.2\flexmark-util-format-0.62.2.jar;C:\Users\ASUS\.m2\repository\com\vladsch\flexmark\flexmark-util-html\0.62.2\flexmark-util-html-0.62.2.jar;C:\Users\ASUS\.m2\repository\com\vladsch\flexmark\flexmark-util-misc\0.62.2\flexmark-util-misc-0.62.2.jar;C:\Users\ASUS\.m2\repository\com\vladsch\flexmark\flexmark-util-options\0.62.2\flexmark-util-options-0.62.2.jar;C:\Users\ASUS\.m2\repository\com\vladsch\flexmark\flexmark-util-sequence\0.62.2\flexmark-util-sequence-0.62.2.jar;C:\Users\ASUS\.m2\repository\com\vladsch\flexmark\flexmark-util-visitor\0.62.2\flexmark-util-visitor-0.62.2.jar;C:\Users\ASUS\.m2\repository\com\vladsch\flexmark\flexmark-youtrack-converter\0.62.2\flexmark-youtrack-converter-0.62.2.jar;C:\Users\ASUS\.m2\repository\com\ibm\icu\icu4j\72.1\icu4j-72.1.jar;C:\Users\ASUS\.m2\repository\es\nitaur\markdown\txtmark\0.16\txtmark-0.16.jar;C:\Users\ASUS\.m2\repository\net\serenity-bdd\serenity-report-resources\3.6.21\serenity-report-resources-3.6.21.jar;C:\Users\ASUS\.m2\repository\com\google\code\gson\gson\2.10.1\gson-2.10.1.jar;C:\Users\ASUS\.m2\repository\com\fasterxml\jackson\core\jackson-core\2.15.0-rc1\jackson-core-2.15.0-rc1.jar;C:\Users\ASUS\.m2\repository\com\fasterxml\jackson\core\jackson-databind\2.15.0-rc1\jackson-databind-2.15.0-rc1.jar;C:\Users\ASUS\.m2\repository\com\fasterxml\jackson\core\jackson-annotations\2.15.0-rc1\jackson-annotations-2.15.0-rc1.jar;C:\Users\ASUS\.m2\repository\commons-codec\commons-codec\1.15\commons-codec-1.15.jar;C:\Users\ASUS\.m2\repository\commons-io\commons-io\2.11.0\commons-io-2.11.0.jar;C:\Users\ASUS\.m2\repository\org\apache\httpcomponents\httpclient\4.5.13\httpclient-4.5.13.jar;C:\Users\ASUS\.m2\repository\org\apache\httpcomponents\httpcore\4.4.13\httpcore-4.4.13.jar;C:\Users\ASUS\.m2\repository\commons-logging\commons-logging\1.2\commons-logging-1.2.jar;C:\Users\ASUS\.m2\repository\org\seleniumhq\selenium\selenium-java\4.8.1\selenium-java-4.8.1.jar;C:\Users\ASUS\.m2\repository\org\seleniumhq\selenium\selenium-devtools-v108\4.8.1\selenium-devtools-v108-4.8.1.jar;C:\Users\ASUS\.m2\repository\org\seleniumhq\selenium\selenium-devtools-v109\4.8.1\selenium-devtools-v109-4.8.1.jar;C:\Users\ASUS\.m2\repository\org\seleniumhq\selenium\selenium-devtools-v110\4.8.1\selenium-devtools-v110-4.8.1.jar;C:\Users\ASUS\.m2\repository\org\seleniumhq\selenium\selenium-devtools-v85\4.8.1\selenium-devtools-v85-4.8.1.jar;C:\Users\ASUS\.m2\repository\org\seleniumhq\selenium\selenium-remote-driver\4.8.1\selenium-remote-driver-4.8.1.jar;C:\Users\ASUS\.m2\repository\com\beust\jcommander\1.82\jcommander-1.82.jar;C:\Users\ASUS\.m2\repository\io\netty\netty-buffer\4.1.87.Final\netty-buffer-4.1.87.Final.jar;C:\Users\ASUS\.m2\repository\io\netty\netty-codec-http\4.1.87.Final\netty-codec-http-4.1.87.Final.jar;C:\Users\ASUS\.m2\repository\io\netty\netty-codec\4.1.87.Final\netty-codec-4.1.87.Final.jar;C:\Users\ASUS\.m2\repository\io\netty\netty-handler\4.1.87.Final\netty-handler-4.1.87.Final.jar;C:\Users\ASUS\.m2\repository\io\netty\netty-common\4.1.87.Final\netty-common-4.1.87.Final.jar;C:\Users\ASUS\.m2\repository\io\netty\netty-transport-classes-epoll\4.1.87.Final\netty-transport-classes-epoll-4.1.87.Final.jar;C:\Users\ASUS\.m2\repository\io\netty\netty-transport-classes-kqueue\4.1.87.Final\netty-transport-classes-kqueue-4.1.87.Final.jar;C:\Users\ASUS\.m2\repository\io\netty\netty-transport-native-epoll\4.1.87.Final\netty-transport-native-epoll-4.1.87.Final.jar;C:\Users\ASUS\.m2\repository\io\netty\netty-transport-native-kqueue\4.1.87.Final\netty-transport-native-kqueue-4.1.87.Final.jar;C:\Users\ASUS\.m2\repository\io\netty\netty-transport-native-unix-common\4.1.87.Final\netty-transport-native-unix-common-4.1.87.Final.jar;C:\Users\ASUS\.m2\repository\io\netty\netty-transport\4.1.87.Final\netty-transport-4.1.87.Final.jar;C:\Users\ASUS\.m2\repository\io\netty\netty-resolver\4.1.87.Final\netty-resolver-4.1.87.Final.jar;C:\Users\ASUS\.m2\repository\io\opentelemetry\opentelemetry-api\1.22.0\opentelemetry-api-1.22.0.jar;C:\Users\ASUS\.m2\repository\io\opentelemetry\opentelemetry-context\1.22.0\opentelemetry-context-1.22.0.jar;C:\Users\ASUS\.m2\repository\io\opentelemetry\opentelemetry-exporter-logging\1.22.0\opentelemetry-exporter-logging-1.22.0.jar;C:\Users\ASUS\.m2\repository\io\opentelemetry\opentelemetry-sdk-metrics\1.22.0\opentelemetry-sdk-metrics-1.22.0.jar;C:\Users\ASUS\.m2\repository\io\opentelemetry\opentelemetry-sdk-logs\1.22.0-alpha\opentelemetry-sdk-logs-1.22.0-alpha.jar;C:\Users\ASUS\.m2\repository\io\opentelemetry\opentelemetry-api-logs\1.22.0-alpha\opentelemetry-api-logs-1.22.0-alpha.jar;C:\Users\ASUS\.m2\repository\io\opentelemetry\opentelemetry-sdk-common\1.22.0\opentelemetry-sdk-common-1.22.0.jar;C:\Users\ASUS\.m2\repository\io\opentelemetry\opentelemetry-sdk-extension-autoconfigure-spi\1.22.0\opentelemetry-sdk-extension-autoconfigure-spi-1.22.0.jar;C:\Users\ASUS\.m2\repository\io\opentelemetry\opentelemetry-sdk-extension-autoconfigure\1.22.0-alpha\opentelemetry-sdk-extension-autoconfigure-1.22.0-alpha.jar;C:\Users\ASUS\.m2\repository\io\opentelemetry\opentelemetry-sdk-trace\1.22.0\opentelemetry-sdk-trace-1.22.0.jar;C:\Users\ASUS\.m2\repository\io\opentelemetry\opentelemetry-sdk\1.22.0\opentelemetry-sdk-1.22.0.jar;C:\Users\ASUS\.m2\repository\io\opentelemetry\opentelemetry-semconv\1.22.0-alpha\opentelemetry-semconv-1.22.0-alpha.jar;C:\Users\ASUS\.m2\repository\io\ous\jtoml\2.0.0\jtoml-2.0.0.jar;C:\Users\ASUS\.m2\repository\org\apache\commons\commons-exec\1.3\commons-exec-1.3.jar;C:\Users\ASUS\.m2\repository\org\asynchttpclient\async-http-client\2.12.3\async-http-client-2.12.3.jar;C:\Users\ASUS\.m2\repository\org\asynchttpclient\async-http-client-netty-utils\2.12.3\async-http-client-netty-utils-2.12.3.jar;C:\Users\ASUS\.m2\repository\io\netty\netty-codec-socks\4.1.60.Final\netty-codec-socks-4.1.60.Final.jar;C:\Users\ASUS\.m2\repository\io\netty\netty-handler-proxy\4.1.60.Final\netty-handler-proxy-4.1.60.Final.jar;C:\Users\ASUS\.m2\repository\io\netty\netty-transport-native-epoll\4.1.60.Final\netty-transport-native-epoll-4.1.60.Final-linux-x86_64.jar;C:\Users\ASUS\.m2\repository\io\netty\netty-transport-native-kqueue\4.1.60.Final\netty-transport-native-kqueue-4.1.60.Final-osx-x86_64.jar;C:\Users\ASUS\.m2\repository\org\reactivestreams\reactive-streams\1.0.3\reactive-streams-1.0.3.jar;C:\Users\ASUS\.m2\repository\com\typesafe\netty\netty-reactive-streams\2.0.4\netty-reactive-streams-2.0.4.jar;C:\Users\ASUS\.m2\repository\org\seleniumhq\selenium\selenium-manager\4.8.1\selenium-manager-4.8.1.jar;C:\Users\ASUS\.m2\repository\org\seleniumhq\selenium\selenium-safari-driver\4.8.1\selenium-safari-driver-4.8.1.jar;C:\Users\ASUS\.m2\repository\org\seleniumhq\selenium\selenium-api\4.8.1\selenium-api-4.8.1.jar;C:\Users\ASUS\.m2\repository\org\seleniumhq\selenium\selenium-support\4.8.1\selenium-support-4.8.1.jar;C:\Users\ASUS\.m2\repository\com\google\auto\service\auto-service-annotations\1.0.1\auto-service-annotations-1.0.1.jar;C:\Users\ASUS\.m2\repository\com\google\auto\service\auto-service\1.0.1\auto-service-1.0.1.jar;C:\Users\ASUS\.m2\repository\com\google\auto\auto-common\1.2\auto-common-1.2.jar;C:\Users\ASUS\.m2\repository\org\seleniumhq\selenium\selenium-json\4.8.1\selenium-json-4.8.1.jar;C:\Users\ASUS\.m2\repository\org\seleniumhq\selenium\selenium-chrome-driver\4.8.1\selenium-chrome-driver-4.8.1.jar;C:\Users\ASUS\.m2\repository\org\seleniumhq\selenium\selenium-chromium-driver\4.8.1\selenium-chromium-driver-4.8.1.jar;C:\Users\ASUS\.m2\repository\org\seleniumhq\selenium\selenium-firefox-driver\4.8.1\selenium-firefox-driver-4.8.1.jar;C:\Users\ASUS\.m2\repository\org\seleniumhq\selenium\selenium-http\4.8.1\selenium-http-4.8.1.jar;C:\Users\ASUS\.m2\repository\dev\failsafe\failsafe\3.3.0\failsafe-3.3.0.jar;C:\Users\ASUS\.m2\repository\org\seleniumhq\selenium\selenium-edge-driver\4.8.1\selenium-edge-driver-4.8.1.jar;C:\Users\ASUS\.m2\repository\org\seleniumhq\selenium\selenium-ie-driver\4.8.1\selenium-ie-driver-4.8.1.jar;C:\Users\ASUS\.m2\repository\org\projectlombok\lombok\1.18.20\lombok-1.18.20.jar;C:\Users\ASUS\.m2\repository\io\appium\java-client\8.3.0\java-client-8.3.0.jar;C:\Users\ASUS\.m2\repository\commons-validator\commons-validator\1.7\commons-validator-1.7.jar;C:\Users\ASUS\.m2\repository\commons-digester\commons-digester\2.1\commons-digester-2.1.jar;C:\Users\ASUS\.m2\repository\org\apache\groovy\groovy\4.0.10\groovy-4.0.10.jar;C:\Users\ASUS\.m2\repository\net\sf\opencsv\opencsv\2.0\opencsv-2.0.jar;C:\Users\ASUS\.m2\repository\commons-beanutils\commons-beanutils\1.9.4\commons-beanutils-1.9.4.jar;C:\Users\ASUS\.m2\repository\org\apache\commons\commons-lang3\3.12.0\commons-lang3-3.12.0.jar;C:\Users\ASUS\.m2\repository\commons-collections\commons-collections\3.2.2\commons-collections-3.2.2.jar;C:\Users\ASUS\.m2\repository\org\fluentlenium\fluentlenium-core\0.10.2\fluentlenium-core-0.10.2.jar;C:\Users\ASUS\.m2\repository\io\github\bonigarcia\webdrivermanager\5.3.0\webdrivermanager-5.3.0.jar;C:\Users\ASUS\.m2\repository\com\github\docker-java\docker-java\3.2.13\docker-java-3.2.13.jar;C:\Users\ASUS\.m2\repository\com\github\docker-java\docker-java-core\3.2.13\docker-java-core-3.2.13.jar;C:\Users\ASUS\.m2\repository\com\github\docker-java\docker-java-api\3.2.13\docker-java-api-3.2.13.jar;C:\Users\ASUS\.m2\repository\org\apache\commons\commons-compress\1.21\commons-compress-1.21.jar;C:\Users\ASUS\.m2\repository\org\bouncycastle\bcpkix-jdk15on\1.64\bcpkix-jdk15on-1.64.jar;C:\Users\ASUS\.m2\repository\org\bouncycastle\bcprov-jdk15on\1.64\bcprov-jdk15on-1.64.jar;C:\Users\ASUS\.m2\repository\org\slf4j\jcl-over-slf4j\1.7.30\jcl-over-slf4j-1.7.30.jar;C:\Users\ASUS\.m2\repository\com\github\docker-java\docker-java-transport-httpclient5\3.2.13\docker-java-transport-httpclient5-3.2.13.jar;C:\Users\ASUS\.m2\repository\com\github\docker-java\docker-java-transport\3.2.13\docker-java-transport-3.2.13.jar;C:\Users\ASUS\.m2\repository\net\java\dev\jna\jna\5.8.0\jna-5.8.0.jar;C:\Users\ASUS\.m2\repository\org\brotli\dec\0.1.2\dec-0.1.2.jar;C:\Users\ASUS\.m2\repository\org\apache\httpcomponents\client5\httpclient5\5.1.3\httpclient5-5.1.3.jar;C:\Users\ASUS\.m2\repository\org\apache\httpcomponents\core5\httpcore5\5.1.3\httpcore5-5.1.3.jar;C:\Users\ASUS\.m2\repository\org\apache\httpcomponents\core5\httpcore5-h2\5.1.3\httpcore5-h2-5.1.3.jar;C:\Users\ASUS\.m2\repository\com\jhlabs\filters\2.0.235\filters-2.0.235.jar;C:\Users\ASUS\.m2\repository\com\paulhammant\ngwebdriver\1.1.6\ngwebdriver-1.1.6.jar;C:\Users\ASUS\.m2\repository\joda-time\joda-time\2.12.2\joda-time-2.12.2.jar;C:\Users\ASUS\.m2\repository\org\hamcrest\hamcrest\2.2\hamcrest-2.2.jar;C:\Users\ASUS\.m2\repository\com\google\jimfs\jimfs\1.2\jimfs-1.2.jar;C:\Users\ASUS\.m2\repository\org\mockito\mockito-core\3.3.3\mockito-core-3.3.3.jar;C:\Users\ASUS\.m2\repository\javax\xml\bind\jaxb-api\2.3.1\jaxb-api-2.3.1.jar;C:\Users\ASUS\.m2\repository\javax\activation\javax.activation-api\1.2.0\javax.activation-api-1.2.0.jar;C:\Users\ASUS\.m2\repository\com\sun\xml\bind\jaxb-core\2.3.0.1\jaxb-core-2.3.0.1.jar;C:\Users\ASUS\.m2\repository\com\sun\xml\bind\jaxb-impl\2.3.3\jaxb-impl-2.3.3.jar;C:\Users\ASUS\.m2\repository\jakarta\xml\bind\jakarta.xml.bind-api\2.3.3\jakarta.xml.bind-api-2.3.3.jar;C:\Users\ASUS\.m2\repository\com\sun\activation\jakarta.activation\1.2.2\jakarta.activation-1.2.2.jar;C:\Users\ASUS\.m2\repository\javax\activation\activation\1.1.1\activation-1.1.1.jar;C:\Users\ASUS\.m2\repository\net\serenity-bdd\serenity-cucumber\3.6.21\serenity-cucumber-3.6.21.jar;C:\Users\ASUS\.m2\repository\io\cucumber\cucumber-core\7.11.0\cucumber-core-7.11.0.jar;C:\Users\ASUS\.m2\repository\io\cucumber\cucumber-gherkin\7.11.0\cucumber-gherkin-7.11.0.jar;C:\Users\ASUS\.m2\repository\io\cucumber\cucumber-gherkin-messages\7.11.0\cucumber-gherkin-messages-7.11.0.jar;C:\Users\ASUS\.m2\repository\io\cucumber\gherkin\26.0.3\gherkin-26.0.3.jar;C:\Users\ASUS\.m2\repository\io\cucumber\messages\21.0.1\messages-21.0.1.jar;C:\Users\ASUS\.m2\repository\io\cucumber\tag-expressions\5.0.1\tag-expressions-5.0.1.jar;C:\Users\ASUS\.m2\repository\io\cucumber\cucumber-expressions\16.1.1\cucumber-expressions-16.1.1.jar;C:\Users\ASUS\.m2\repository\io\cucumber\datatable\7.11.0\datatable-7.11.0.jar;C:\Users\ASUS\.m2\repository\io\cucumber\cucumber-plugin\7.11.0\cucumber-plugin-7.11.0.jar;C:\Users\ASUS\.m2\repository\io\cucumber\docstring\7.11.0\docstring-7.11.0.jar;C:\Users\ASUS\.m2\repository\io\cucumber\html-formatter\20.2.1\html-formatter-20.2.1.jar;C:\Users\ASUS\.m2\repository\io\cucumber\junit-xml-formatter\0.1.0\junit-xml-formatter-0.1.0.jar;C:\Users\ASUS\.m2\repository\io\cucumber\ci-environment\9.1.0\ci-environment-9.1.0.jar;C:\Users\ASUS\.m2\repository\io\cucumber\cucumber-java\7.11.0\cucumber-java-7.11.0.jar;C:\Users\ASUS\.m2\repository\io\cucumber\cucumber-junit\7.11.0\cucumber-junit-7.11.0.jar;C:\Users\ASUS\.m2\repository\org\apache\commons\commons-csv\1.5\commons-csv-1.5.jar;C:\Users\ASUS\.m2\repository\net\serenity-bdd\serenity-screenplay\3.6.21\serenity-screenplay-3.6.21.jar;C:\Users\ASUS\.m2\repository\net\serenity-bdd\serenity-screenplay-webdriver\3.6.21\serenity-screenplay-webdriver-3.6.21.jar;C:\Users\ASUS\.m2\repository\net\serenity-bdd\serenity-ensure\3.6.21\serenity-ensure-3.6.21.jar;C:\Users\ASUS\.m2\repository\net\serenity-bdd\serenity-junit\3.6.21\serenity-junit-3.6.21.jar;C:\Users\ASUS\.m2\repository\org\jetbrains\kotlin\kotlin-stdlib\1.8.10\kotlin-stdlib-1.8.10.jar;C:\Users\ASUS\.m2\repository\org\jetbrains\kotlin\kotlin-stdlib-common\1.8.10\kotlin-stdlib-common-1.8.10.jar;C:\Users\ASUS\.m2\repository\org\jetbrains\annotations\13.0\annotations-13.0.jar;C:\Users\ASUS\.m2\repository\org\junit\platform\junit-platform-launcher\1.8.2\junit-platform-launcher-1.8.2.jar;C:\Users\ASUS\.m2\repository\org\junit\platform\junit-platform-engine\1.8.2\junit-platform-engine-1.8.2.jar;C:\Users\ASUS\.m2\repository\org\opentest4j\opentest4j\1.2.0\opentest4j-1.2.0.jar;C:\Users\ASUS\.m2\repository\org\junit\platform\junit-platform-commons\1.8.2\junit-platform-commons-1.8.2.jar;C:\Users\ASUS\.m2\repository\org\apiguardian\apiguardian-api\1.1.2\apiguardian-api-1.1.2.jar;C:\Users\ASUS\.m2\repository\org\junit\jupiter\junit-jupiter-engine\5.8.2\junit-jupiter-engine-5.8.2.jar;C:\Users\ASUS\.m2\repository\org\junit\jupiter\junit-jupiter-api\5.8.2\junit-jupiter-api-5.8.2.jar;C:\Users\ASUS\.m2\repository\org\junit\vintage\junit-vintage-engine\5.8.2\junit-vintage-engine-5.8.2.jar;C:\Users\ASUS\.m2\repository\junit\junit\4.13.2\junit-4.13.2.jar;C:\Users\ASUS\.m2\repository\org\hamcrest\hamcrest-core\1.3\hamcrest-core-1.3.jar;C:\Users\ASUS\.m2\repository\ch\qos\logback\logback-classic\1.2.10\logback-classic-1.2.10.jar;C:\Users\ASUS\.m2\repository\ch\qos\logback\logback-core\1.2.10\logback-core-1.2.10.jar;C:\Users\ASUS\.m2\repository\org\slf4j\slf4j-api\1.7.32\slf4j-api-1.7.32.jar;C:\Users\ASUS\.m2\repository\org\assertj\assertj-core\3.23.1\assertj-core-3.23.1.jar;C:\Users\ASUS\.m2\repository\net\bytebuddy\byte-buddy\1.12.10\byte-buddy-1.12.10.jar;"/>
    <property name="java.vm.vendor" value="Oracle Corporation"/>
    <property name="sun.arch.data.model" value="64"/>
    <property name="user.variant" value=""/>
    <property name="java.vendor.url" value="http://java.oracle.com/"/>
    <property name="user.timezone" value="Asia/Bangkok"/>
    <property name="java.vm.specification.version" value="1.8"/>
    <property name="os.name" value="Windows 10"/>
    <property name="user.country" value="US"/>
    <property name="sun.java.launcher" value="SUN_STANDARD"/>
    <property name="sun.boot.library.path" value="C:\Program Files\Java\jdk1.8.0_261\jre\bin"/>
    <property name="sun.java.command" value="C:\Users\ASUS\AppData\Local\Temp\surefire7306677683604962279\surefirebooter7230260096397250559.jar C:\Users\ASUS\AppData\Local\Temp\surefire7306677683604962279 2023-05-08T16-11-44_613-jvmRun1 surefire3348053245871414788tmp surefire_04929801995365173003tmp"/>
    <property name="surefire.test.class.path" value="C:\Users\ASUS\Documents\GitHub\Mini-Project\WebTesting\target\test-classes;C:\Users\ASUS\Documents\GitHub\Mini-Project\WebTesting\target\Web_UI_Serenity-1.0-SNAPSHOT.jar;C:\Users\ASUS\.m2\repository\net\serenity-bdd\serenity-core\3.6.21\serenity-core-3.6.21.jar;C:\Users\ASUS\.m2\repository\net\serenity-bdd\serenity-model\3.6.21\serenity-model-3.6.21.jar;C:\Users\ASUS\.m2\repository\org\apache\commons\commons-text\1.10.0\commons-text-1.10.0.jar;C:\Users\ASUS\.m2\repository\commons-net\commons-net\3.9.0\commons-net-3.9.0.jar;C:\Users\ASUS\.m2\repository\com\google\guava\guava\31.1-jre\guava-31.1-jre.jar;C:\Users\ASUS\.m2\repository\com\google\guava\failureaccess\1.0.1\failureaccess-1.0.1.jar;C:\Users\ASUS\.m2\repository\com\google\guava\listenablefuture\9999.0-empty-to-avoid-conflict-with-guava\listenablefuture-9999.0-empty-to-avoid-conflict-with-guava.jar;C:\Users\ASUS\.m2\repository\com\google\code\findbugs\jsr305\3.0.2\jsr305-3.0.2.jar;C:\Users\ASUS\.m2\repository\org\checkerframework\checker-qual\3.12.0\checker-qual-3.12.0.jar;C:\Users\ASUS\.m2\repository\com\google\errorprone\error_prone_annotations\2.11.0\error_prone_annotations-2.11.0.jar;C:\Users\ASUS\.m2\repository\com\google\j2objc\j2objc-annotations\1.3\j2objc-annotations-1.3.jar;C:\Users\ASUS\.m2\repository\com\google\inject\guice\5.1.0\guice-5.1.0.jar;C:\Users\ASUS\.m2\repository\javax\inject\javax.inject\1\javax.inject-1.jar;C:\Users\ASUS\.m2\repository\aopalliance\aopalliance\1.0\aopalliance-1.0.jar;C:\Users\ASUS\.m2\repository\org\jsoup\jsoup\1.14.3\jsoup-1.14.3.jar;C:\Users\ASUS\.m2\repository\com\thoughtworks\xstream\xstream\1.4.20\xstream-1.4.20.jar;C:\Users\ASUS\.m2\repository\io\github\x-stream\mxparser\1.2.2\mxparser-1.2.2.jar;C:\Users\ASUS\.m2\repository\xmlpull\xmlpull\1.1.3.1\xmlpull-1.1.3.1.jar;C:\Users\ASUS\.m2\repository\com\typesafe\config\1.4.2\config-1.4.2.jar;C:\Users\ASUS\.m2\repository\org\imgscalr\imgscalr-lib\4.2\imgscalr-lib-4.2.jar;C:\Users\ASUS\.m2\repository\org\awaitility\awaitility\4.2.0\awaitility-4.2.0.jar;C:\Users\ASUS\.m2\repository\org\freemarker\freemarker\2.3.31\freemarker-2.3.31.jar;C:\Users\ASUS\.m2\repository\io\github\classgraph\classgraph\4.8.138\classgraph-4.8.138.jar;C:\Users\ASUS\.m2\repository\net\sourceforge\jexcelapi\jxl\2.6.12\jxl-2.6.12.jar;C:\Users\ASUS\.m2\repository\net\bytebuddy\byte-buddy-agent\1.14.2\byte-buddy-agent-1.14.2.jar;C:\Users\ASUS\.m2\repository\org\objenesis\objenesis\3.3\objenesis-3.3.jar;C:\Users\ASUS\.m2\repository\net\serenity-bdd\serenity-reports\3.6.21\serenity-reports-3.6.21.jar;C:\Users\ASUS\.m2\repository\net\serenity-bdd\serenity-stats\3.6.21\serenity-stats-3.6.21.jar;C:\Users\ASUS\.m2\repository\net\serenity-bdd\serenity-reports-configuration\3.6.21\serenity-reports-configuration-3.6.21.jar;C:\Users\ASUS\.m2\repository\com\vladsch\flexmark\flexmark-all\0.62.2\flexmark-all-0.62.2.jar;C:\Users\ASUS\.m2\repository\com\vladsch\flexmark\flexmark\0.62.2\flexmark-0.62.2.jar;C:\Users\ASUS\.m2\repository\com\vladsch\flexmark\flexmark-ext-abbreviation\0.62.2\flexmark-ext-abbreviation-0.62.2.jar;C:\Users\ASUS\.m2\repository\com\vladsch\flexmark\flexmark-util\0.62.2\flexmark-util-0.62.2.jar;C:\Users\ASUS\.m2\repository\com\vladsch\flexmark\flexmark-ext-admonition\0.62.2\flexmark-ext-admonition-0.62.2.jar;C:\Users\ASUS\.m2\repository\com\vladsch\flexmark\flexmark-ext-anchorlink\0.62.2\flexmark-ext-anchorlink-0.62.2.jar;C:\Users\ASUS\.m2\repository\com\vladsch\flexmark\flexmark-ext-aside\0.62.2\flexmark-ext-aside-0.62.2.jar;C:\Users\ASUS\.m2\repository\com\vladsch\flexmark\flexmark-ext-attributes\0.62.2\flexmark-ext-attributes-0.62.2.jar;C:\Users\ASUS\.m2\repository\com\vladsch\flexmark\flexmark-ext-autolink\0.62.2\flexmark-ext-autolink-0.62.2.jar;C:\Users\ASUS\.m2\repository\org\nibor\autolink\autolink\0.6.0\autolink-0.6.0.jar;C:\Users\ASUS\.m2\repository\com\vladsch\flexmark\flexmark-ext-definition\0.62.2\flexmark-ext-definition-0.62.2.jar;C:\Users\ASUS\.m2\repository\com\vladsch\flexmark\flexmark-ext-emoji\0.62.2\flexmark-ext-emoji-0.62.2.jar;C:\Users\ASUS\.m2\repository\com\vladsch\flexmark\flexmark-ext-enumerated-reference\0.62.2\flexmark-ext-enumerated-reference-0.62.2.jar;C:\Users\ASUS\.m2\repository\com\vladsch\flexmark\flexmark-ext-escaped-character\0.62.2\flexmark-ext-escaped-character-0.62.2.jar;C:\Users\ASUS\.m2\repository\com\vladsch\flexmark\flexmark-ext-footnotes\0.62.2\flexmark-ext-footnotes-0.62.2.jar;C:\Users\ASUS\.m2\repository\com\vladsch\flexmark\flexmark-ext-gfm-issues\0.62.2\flexmark-ext-gfm-issues-0.62.2.jar;C:\Users\ASUS\.m2\repository\com\vladsch\flexmark\flexmark-ext-gfm-strikethrough\0.62.2\flexmark-ext-gfm-strikethrough-0.62.2.jar;C:\Users\ASUS\.m2\repository\com\vladsch\flexmark\flexmark-ext-gfm-tasklist\0.62.2\flexmark-ext-gfm-tasklist-0.62.2.jar;C:\Users\ASUS\.m2\repository\com\vladsch\flexmark\flexmark-ext-gfm-users\0.62.2\flexmark-ext-gfm-users-0.62.2.jar;C:\Users\ASUS\.m2\repository\com\vladsch\flexmark\flexmark-ext-gitlab\0.62.2\flexmark-ext-gitlab-0.62.2.jar;C:\Users\ASUS\.m2\repository\com\vladsch\flexmark\flexmark-ext-jekyll-front-matter\0.62.2\flexmark-ext-jekyll-front-matter-0.62.2.jar;C:\Users\ASUS\.m2\repository\com\vladsch\flexmark\flexmark-ext-jekyll-tag\0.62.2\flexmark-ext-jekyll-tag-0.62.2.jar;C:\Users\ASUS\.m2\repository\com\vladsch\flexmark\flexmark-ext-media-tags\0.62.2\flexmark-ext-media-tags-0.62.2.jar;C:\Users\ASUS\.m2\repository\com\vladsch\flexmark\flexmark-ext-macros\0.62.2\flexmark-ext-macros-0.62.2.jar;C:\Users\ASUS\.m2\repository\com\vladsch\flexmark\flexmark-ext-ins\0.62.2\flexmark-ext-ins-0.62.2.jar;C:\Users\ASUS\.m2\repository\com\vladsch\flexmark\flexmark-ext-xwiki-macros\0.62.2\flexmark-ext-xwiki-macros-0.62.2.jar;C:\Users\ASUS\.m2\repository\com\vladsch\flexmark\flexmark-ext-superscript\0.62.2\flexmark-ext-superscript-0.62.2.jar;C:\Users\ASUS\.m2\repository\com\vladsch\flexmark\flexmark-ext-tables\0.62.2\flexmark-ext-tables-0.62.2.jar;C:\Users\ASUS\.m2\repository\com\vladsch\flexmark\flexmark-ext-toc\0.62.2\flexmark-ext-toc-0.62.2.jar;C:\Users\ASUS\.m2\repository\com\vladsch\flexmark\flexmark-ext-typographic\0.62.2\flexmark-ext-typographic-0.62.2.jar;C:\Users\ASUS\.m2\repository\com\vladsch\flexmark\flexmark-ext-wikilink\0.62.2\flexmark-ext-wikilink-0.62.2.jar;C:\Users\ASUS\.m2\repository\com\vladsch\flexmark\flexmark-ext-yaml-front-matter\0.62.2\flexmark-ext-yaml-front-matter-0.62.2.jar;C:\Users\ASUS\.m2\repository\com\vladsch\flexmark\flexmark-ext-youtube-embedded\0.62.2\flexmark-ext-youtube-embedded-0.62.2.jar;C:\Users\ASUS\.m2\repository\com\vladsch\flexmark\flexmark-html2md-converter\0.62.2\flexmark-html2md-converter-0.62.2.jar;C:\Users\ASUS\.m2\repository\com\vladsch\flexmark\flexmark-jira-converter\0.62.2\flexmark-jira-converter-0.62.2.jar;C:\Users\ASUS\.m2\repository\com\vladsch\flexmark\flexmark-pdf-converter\0.62.2\flexmark-pdf-converter-0.62.2.jar;C:\Users\ASUS\.m2\repository\com\openhtmltopdf\openhtmltopdf-core\1.0.0\openhtmltopdf-core-1.0.0.jar;C:\Users\ASUS\.m2\repository\com\openhtmltopdf\openhtmltopdf-pdfbox\1.0.0\openhtmltopdf-pdfbox-1.0.0.jar;C:\Users\ASUS\.m2\repository\org\apache\pdfbox\pdfbox\2.0.16\pdfbox-2.0.16.jar;C:\Users\ASUS\.m2\repository\org\apache\pdfbox\fontbox\2.0.16\fontbox-2.0.16.jar;C:\Users\ASUS\.m2\repository\org\apache\pdfbox\xmpbox\2.0.16\xmpbox-2.0.16.jar;C:\Users\ASUS\.m2\repository\de\rototor\pdfbox\graphics2d\0.24\graphics2d-0.24.jar;C:\Users\ASUS\.m2\repository\com\openhtmltopdf\openhtmltopdf-rtl-support\1.0.0\openhtmltopdf-rtl-support-1.0.0.jar;C:\Users\ASUS\.m2\repository\com\openhtmltopdf\openhtmltopdf-jsoup-dom-converter\1.0.0\openhtmltopdf-jsoup-dom-converter-1.0.0.jar;C:\Users\ASUS\.m2\repository\com\vladsch\flexmark\flexmark-profile-pegdown\0.62.2\flexmark-profile-pegdown-0.62.2.jar;C:\Users\ASUS\.m2\repository\com\vladsch\flexmark\flexmark-util-ast\0.62.2\flexmark-util-ast-0.62.2.jar;C:\Users\ASUS\.m2\repository\com\vladsch\flexmark\flexmark-util-builder\0.62.2\flexmark-util-builder-0.62.2.jar;C:\Users\ASUS\.m2\repository\com\vladsch\flexmark\flexmark-util-collection\0.62.2\flexmark-util-collection-0.62.2.jar;C:\Users\ASUS\.m2\repository\com\vladsch\flexmark\flexmark-util-data\0.62.2\flexmark-util-data-0.62.2.jar;C:\Users\ASUS\.m2\repository\com\vladsch\flexmark\flexmark-util-dependency\0.62.2\flexmark-util-dependency-0.62.2.jar;C:\Users\ASUS\.m2\repository\com\vladsch\flexmark\flexmark-util-format\0.62.2\flexmark-util-format-0.62.2.jar;C:\Users\ASUS\.m2\repository\com\vladsch\flexmark\flexmark-util-html\0.62.2\flexmark-util-html-0.62.2.jar;C:\Users\ASUS\.m2\repository\com\vladsch\flexmark\flexmark-util-misc\0.62.2\flexmark-util-misc-0.62.2.jar;C:\Users\ASUS\.m2\repository\com\vladsch\flexmark\flexmark-util-options\0.62.2\flexmark-util-options-0.62.2.jar;C:\Users\ASUS\.m2\repository\com\vladsch\flexmark\flexmark-util-sequence\0.62.2\flexmark-util-sequence-0.62.2.jar;C:\Users\ASUS\.m2\repository\com\vladsch\flexmark\flexmark-util-visitor\0.62.2\flexmark-util-visitor-0.62.2.jar;C:\Users\ASUS\.m2\repository\com\vladsch\flexmark\flexmark-youtrack-converter\0.62.2\flexmark-youtrack-converter-0.62.2.jar;C:\Users\ASUS\.m2\repository\com\ibm\icu\icu4j\72.1\icu4j-72.1.jar;C:\Users\ASUS\.m2\repository\es\nitaur\markdown\txtmark\0.16\txtmark-0.16.jar;C:\Users\ASUS\.m2\repository\net\serenity-bdd\serenity-report-resources\3.6.21\serenity-report-resources-3.6.21.jar;C:\Users\ASUS\.m2\repository\com\google\code\gson\gson\2.10.1\gson-2.10.1.jar;C:\Users\ASUS\.m2\repository\com\fasterxml\jackson\core\jackson-core\2.15.0-rc1\jackson-core-2.15.0-rc1.jar;C:\Users\ASUS\.m2\repository\com\fasterxml\jackson\core\jackson-databind\2.15.0-rc1\jackson-databind-2.15.0-rc1.jar;C:\Users\ASUS\.m2\repository\com\fasterxml\jackson\core\jackson-annotations\2.15.0-rc1\jackson-annotations-2.15.0-rc1.jar;C:\Users\ASUS\.m2\repository\commons-codec\commons-codec\1.15\commons-codec-1.15.jar;C:\Users\ASUS\.m2\repository\commons-io\commons-io\2.11.0\commons-io-2.11.0.jar;C:\Users\ASUS\.m2\repository\org\apache\httpcomponents\httpclient\4.5.13\httpclient-4.5.13.jar;C:\Users\ASUS\.m2\repository\org\apache\httpcomponents\httpcore\4.4.13\httpcore-4.4.13.jar;C:\Users\ASUS\.m2\repository\commons-logging\commons-logging\1.2\commons-logging-1.2.jar;C:\Users\ASUS\.m2\repository\org\seleniumhq\selenium\selenium-java\4.8.1\selenium-java-4.8.1.jar;C:\Users\ASUS\.m2\repository\org\seleniumhq\selenium\selenium-devtools-v108\4.8.1\selenium-devtools-v108-4.8.1.jar;C:\Users\ASUS\.m2\repository\org\seleniumhq\selenium\selenium-devtools-v109\4.8.1\selenium-devtools-v109-4.8.1.jar;C:\Users\ASUS\.m2\repository\org\seleniumhq\selenium\selenium-devtools-v110\4.8.1\selenium-devtools-v110-4.8.1.jar;C:\Users\ASUS\.m2\repository\org\seleniumhq\selenium\selenium-devtools-v85\4.8.1\selenium-devtools-v85-4.8.1.jar;C:\Users\ASUS\.m2\repository\org\seleniumhq\selenium\selenium-remote-driver\4.8.1\selenium-remote-driver-4.8.1.jar;C:\Users\ASUS\.m2\repository\com\beust\jcommander\1.82\jcommander-1.82.jar;C:\Users\ASUS\.m2\repository\io\netty\netty-buffer\4.1.87.Final\netty-buffer-4.1.87.Final.jar;C:\Users\ASUS\.m2\repository\io\netty\netty-codec-http\4.1.87.Final\netty-codec-http-4.1.87.Final.jar;C:\Users\ASUS\.m2\repository\io\netty\netty-codec\4.1.87.Final\netty-codec-4.1.87.Final.jar;C:\Users\ASUS\.m2\repository\io\netty\netty-handler\4.1.87.Final\netty-handler-4.1.87.Final.jar;C:\Users\ASUS\.m2\repository\io\netty\netty-common\4.1.87.Final\netty-common-4.1.87.Final.jar;C:\Users\ASUS\.m2\repository\io\netty\netty-transport-classes-epoll\4.1.87.Final\netty-transport-classes-epoll-4.1.87.Final.jar;C:\Users\ASUS\.m2\repository\io\netty\netty-transport-classes-kqueue\4.1.87.Final\netty-transport-classes-kqueue-4.1.87.Final.jar;C:\Users\ASUS\.m2\repository\io\netty\netty-transport-native-epoll\4.1.87.Final\netty-transport-native-epoll-4.1.87.Final.jar;C:\Users\ASUS\.m2\repository\io\netty\netty-transport-native-kqueue\4.1.87.Final\netty-transport-native-kqueue-4.1.87.Final.jar;C:\Users\ASUS\.m2\repository\io\netty\netty-transport-native-unix-common\4.1.87.Final\netty-transport-native-unix-common-4.1.87.Final.jar;C:\Users\ASUS\.m2\repository\io\netty\netty-transport\4.1.87.Final\netty-transport-4.1.87.Final.jar;C:\Users\ASUS\.m2\repository\io\netty\netty-resolver\4.1.87.Final\netty-resolver-4.1.87.Final.jar;C:\Users\ASUS\.m2\repository\io\opentelemetry\opentelemetry-api\1.22.0\opentelemetry-api-1.22.0.jar;C:\Users\ASUS\.m2\repository\io\opentelemetry\opentelemetry-context\1.22.0\opentelemetry-context-1.22.0.jar;C:\Users\ASUS\.m2\repository\io\opentelemetry\opentelemetry-exporter-logging\1.22.0\opentelemetry-exporter-logging-1.22.0.jar;C:\Users\ASUS\.m2\repository\io\opentelemetry\opentelemetry-sdk-metrics\1.22.0\opentelemetry-sdk-metrics-1.22.0.jar;C:\Users\ASUS\.m2\repository\io\opentelemetry\opentelemetry-sdk-logs\1.22.0-alpha\opentelemetry-sdk-logs-1.22.0-alpha.jar;C:\Users\ASUS\.m2\repository\io\opentelemetry\opentelemetry-api-logs\1.22.0-alpha\opentelemetry-api-logs-1.22.0-alpha.jar;C:\Users\ASUS\.m2\repository\io\opentelemetry\opentelemetry-sdk-common\1.22.0\opentelemetry-sdk-common-1.22.0.jar;C:\Users\ASUS\.m2\repository\io\opentelemetry\opentelemetry-sdk-extension-autoconfigure-spi\1.22.0\opentelemetry-sdk-extension-autoconfigure-spi-1.22.0.jar;C:\Users\ASUS\.m2\repository\io\opentelemetry\opentelemetry-sdk-extension-autoconfigure\1.22.0-alpha\opentelemetry-sdk-extension-autoconfigure-1.22.0-alpha.jar;C:\Users\ASUS\.m2\repository\io\opentelemetry\opentelemetry-sdk-trace\1.22.0\opentelemetry-sdk-trace-1.22.0.jar;C:\Users\ASUS\.m2\repository\io\opentelemetry\opentelemetry-sdk\1.22.0\opentelemetry-sdk-1.22.0.jar;C:\Users\ASUS\.m2\repository\io\opentelemetry\opentelemetry-semconv\1.22.0-alpha\opentelemetry-semconv-1.22.0-alpha.jar;C:\Users\ASUS\.m2\repository\io\ous\jtoml\2.0.0\jtoml-2.0.0.jar;C:\Users\ASUS\.m2\repository\org\apache\commons\commons-exec\1.3\commons-exec-1.3.jar;C:\Users\ASUS\.m2\repository\org\asynchttpclient\async-http-client\2.12.3\async-http-client-2.12.3.jar;C:\Users\ASUS\.m2\repository\org\asynchttpclient\async-http-client-netty-utils\2.12.3\async-http-client-netty-utils-2.12.3.jar;C:\Users\ASUS\.m2\repository\io\netty\netty-codec-socks\4.1.60.Final\netty-codec-socks-4.1.60.Final.jar;C:\Users\ASUS\.m2\repository\io\netty\netty-handler-proxy\4.1.60.Final\netty-handler-proxy-4.1.60.Final.jar;C:\Users\ASUS\.m2\repository\io\netty\netty-transport-native-epoll\4.1.60.Final\netty-transport-native-epoll-4.1.60.Final-linux-x86_64.jar;C:\Users\ASUS\.m2\repository\io\netty\netty-transport-native-kqueue\4.1.60.Final\netty-transport-native-kqueue-4.1.60.Final-osx-x86_64.jar;C:\Users\ASUS\.m2\repository\org\reactivestreams\reactive-streams\1.0.3\reactive-streams-1.0.3.jar;C:\Users\ASUS\.m2\repository\com\typesafe\netty\netty-reactive-streams\2.0.4\netty-reactive-streams-2.0.4.jar;C:\Users\ASUS\.m2\repository\org\seleniumhq\selenium\selenium-manager\4.8.1\selenium-manager-4.8.1.jar;C:\Users\ASUS\.m2\repository\org\seleniumhq\selenium\selenium-safari-driver\4.8.1\selenium-safari-driver-4.8.1.jar;C:\Users\ASUS\.m2\repository\org\seleniumhq\selenium\selenium-api\4.8.1\selenium-api-4.8.1.jar;C:\Users\ASUS\.m2\repository\org\seleniumhq\selenium\selenium-support\4.8.1\selenium-support-4.8.1.jar;C:\Users\ASUS\.m2\repository\com\google\auto\service\auto-service-annotations\1.0.1\auto-service-annotations-1.0.1.jar;C:\Users\ASUS\.m2\repository\com\google\auto\service\auto-service\1.0.1\auto-service-1.0.1.jar;C:\Users\ASUS\.m2\repository\com\google\auto\auto-common\1.2\auto-common-1.2.jar;C:\Users\ASUS\.m2\repository\org\seleniumhq\selenium\selenium-json\4.8.1\selenium-json-4.8.1.jar;C:\Users\ASUS\.m2\repository\org\seleniumhq\selenium\selenium-chrome-driver\4.8.1\selenium-chrome-driver-4.8.1.jar;C:\Users\ASUS\.m2\repository\org\seleniumhq\selenium\selenium-chromium-driver\4.8.1\selenium-chromium-driver-4.8.1.jar;C:\Users\ASUS\.m2\repository\org\seleniumhq\selenium\selenium-firefox-driver\4.8.1\selenium-firefox-driver-4.8.1.jar;C:\Users\ASUS\.m2\repository\org\seleniumhq\selenium\selenium-http\4.8.1\selenium-http-4.8.1.jar;C:\Users\ASUS\.m2\repository\dev\failsafe\failsafe\3.3.0\failsafe-3.3.0.jar;C:\Users\ASUS\.m2\repository\org\seleniumhq\selenium\selenium-edge-driver\4.8.1\selenium-edge-driver-4.8.1.jar;C:\Users\ASUS\.m2\repository\org\seleniumhq\selenium\selenium-ie-driver\4.8.1\selenium-ie-driver-4.8.1.jar;C:\Users\ASUS\.m2\repository\org\projectlombok\lombok\1.18.20\lombok-1.18.20.jar;C:\Users\ASUS\.m2\repository\io\appium\java-client\8.3.0\java-client-8.3.0.jar;C:\Users\ASUS\.m2\repository\commons-validator\commons-validator\1.7\commons-validator-1.7.jar;C:\Users\ASUS\.m2\repository\commons-digester\commons-digester\2.1\commons-digester-2.1.jar;C:\Users\ASUS\.m2\repository\org\apache\groovy\groovy\4.0.10\groovy-4.0.10.jar;C:\Users\ASUS\.m2\repository\net\sf\opencsv\opencsv\2.0\opencsv-2.0.jar;C:\Users\ASUS\.m2\repository\commons-beanutils\commons-beanutils\1.9.4\commons-beanutils-1.9.4.jar;C:\Users\ASUS\.m2\repository\org\apache\commons\commons-lang3\3.12.0\commons-lang3-3.12.0.jar;C:\Users\ASUS\.m2\repository\commons-collections\commons-collections\3.2.2\commons-collections-3.2.2.jar;C:\Users\ASUS\.m2\repository\org\fluentlenium\fluentlenium-core\0.10.2\fluentlenium-core-0.10.2.jar;C:\Users\ASUS\.m2\repository\io\github\bonigarcia\webdrivermanager\5.3.0\webdrivermanager-5.3.0.jar;C:\Users\ASUS\.m2\repository\com\github\docker-java\docker-java\3.2.13\docker-java-3.2.13.jar;C:\Users\ASUS\.m2\repository\com\github\docker-java\docker-java-core\3.2.13\docker-java-core-3.2.13.jar;C:\Users\ASUS\.m2\repository\com\github\docker-java\docker-java-api\3.2.13\docker-java-api-3.2.13.jar;C:\Users\ASUS\.m2\repository\org\apache\commons\commons-compress\1.21\commons-compress-1.21.jar;C:\Users\ASUS\.m2\repository\org\bouncycastle\bcpkix-jdk15on\1.64\bcpkix-jdk15on-1.64.jar;C:\Users\ASUS\.m2\repository\org\bouncycastle\bcprov-jdk15on\1.64\bcprov-jdk15on-1.64.jar;C:\Users\ASUS\.m2\repository\org\slf4j\jcl-over-slf4j\1.7.30\jcl-over-slf4j-1.7.30.jar;C:\Users\ASUS\.m2\repository\com\github\docker-java\docker-java-transport-httpclient5\3.2.13\docker-java-transport-httpclient5-3.2.13.jar;C:\Users\ASUS\.m2\repository\com\github\docker-java\docker-java-transport\3.2.13\docker-java-transport-3.2.13.jar;C:\Users\ASUS\.m2\repository\net\java\dev\jna\jna\5.8.0\jna-5.8.0.jar;C:\Users\ASUS\.m2\repository\org\brotli\dec\0.1.2\dec-0.1.2.jar;C:\Users\ASUS\.m2\repository\org\apache\httpcomponents\client5\httpclient5\5.1.3\httpclient5-5.1.3.jar;C:\Users\ASUS\.m2\repository\org\apache\httpcomponents\core5\httpcore5\5.1.3\httpcore5-5.1.3.jar;C:\Users\ASUS\.m2\repository\org\apache\httpcomponents\core5\httpcore5-h2\5.1.3\httpcore5-h2-5.1.3.jar;C:\Users\ASUS\.m2\repository\com\jhlabs\filters\2.0.235\filters-2.0.235.jar;C:\Users\ASUS\.m2\repository\com\paulhammant\ngwebdriver\1.1.6\ngwebdriver-1.1.6.jar;C:\Users\ASUS\.m2\repository\joda-time\joda-time\2.12.2\joda-time-2.12.2.jar;C:\Users\ASUS\.m2\repository\org\hamcrest\hamcrest\2.2\hamcrest-2.2.jar;C:\Users\ASUS\.m2\repository\com\google\jimfs\jimfs\1.2\jimfs-1.2.jar;C:\Users\ASUS\.m2\repository\org\mockito\mockito-core\3.3.3\mockito-core-3.3.3.jar;C:\Users\ASUS\.m2\repository\javax\xml\bind\jaxb-api\2.3.1\jaxb-api-2.3.1.jar;C:\Users\ASUS\.m2\repository\javax\activation\javax.activation-api\1.2.0\javax.activation-api-1.2.0.jar;C:\Users\ASUS\.m2\repository\com\sun\xml\bind\jaxb-core\2.3.0.1\jaxb-core-2.3.0.1.jar;C:\Users\ASUS\.m2\repository\com\sun\xml\bind\jaxb-impl\2.3.3\jaxb-impl-2.3.3.jar;C:\Users\ASUS\.m2\repository\jakarta\xml\bind\jakarta.xml.bind-api\2.3.3\jakarta.xml.bind-api-2.3.3.jar;C:\Users\ASUS\.m2\repository\com\sun\activation\jakarta.activation\1.2.2\jakarta.activation-1.2.2.jar;C:\Users\ASUS\.m2\repository\javax\activation\activation\1.1.1\activation-1.1.1.jar;C:\Users\ASUS\.m2\repository\net\serenity-bdd\serenity-cucumber\3.6.21\serenity-cucumber-3.6.21.jar;C:\Users\ASUS\.m2\repository\io\cucumber\cucumber-core\7.11.0\cucumber-core-7.11.0.jar;C:\Users\ASUS\.m2\repository\io\cucumber\cucumber-gherkin\7.11.0\cucumber-gherkin-7.11.0.jar;C:\Users\ASUS\.m2\repository\io\cucumber\cucumber-gherkin-messages\7.11.0\cucumber-gherkin-messages-7.11.0.jar;C:\Users\ASUS\.m2\repository\io\cucumber\gherkin\26.0.3\gherkin-26.0.3.jar;C:\Users\ASUS\.m2\repository\io\cucumber\messages\21.0.1\messages-21.0.1.jar;C:\Users\ASUS\.m2\repository\io\cucumber\tag-expressions\5.0.1\tag-expressions-5.0.1.jar;C:\Users\ASUS\.m2\repository\io\cucumber\cucumber-expressions\16.1.1\cucumber-expressions-16.1.1.jar;C:\Users\ASUS\.m2\repository\io\cucumber\datatable\7.11.0\datatable-7.11.0.jar;C:\Users\ASUS\.m2\repository\io\cucumber\cucumber-plugin\7.11.0\cucumber-plugin-7.11.0.jar;C:\Users\ASUS\.m2\repository\io\cucumber\docstring\7.11.0\docstring-7.11.0.jar;C:\Users\ASUS\.m2\repository\io\cucumber\html-formatter\20.2.1\html-formatter-20.2.1.jar;C:\Users\ASUS\.m2\repository\io\cucumber\junit-xml-formatter\0.1.0\junit-xml-formatter-0.1.0.jar;C:\Users\ASUS\.m2\repository\io\cucumber\ci-environment\9.1.0\ci-environment-9.1.0.jar;C:\Users\ASUS\.m2\repository\io\cucumber\cucumber-java\7.11.0\cucumber-java-7.11.0.jar;C:\Users\ASUS\.m2\repository\io\cucumber\cucumber-junit\7.11.0\cucumber-junit-7.11.0.jar;C:\Users\ASUS\.m2\repository\org\apache\commons\commons-csv\1.5\commons-csv-1.5.jar;C:\Users\ASUS\.m2\repository\net\serenity-bdd\serenity-screenplay\3.6.21\serenity-screenplay-3.6.21.jar;C:\Users\ASUS\.m2\repository\net\serenity-bdd\serenity-screenplay-webdriver\3.6.21\serenity-screenplay-webdriver-3.6.21.jar;C:\Users\ASUS\.m2\repository\net\serenity-bdd\serenity-ensure\3.6.21\serenity-ensure-3.6.21.jar;C:\Users\ASUS\.m2\repository\net\serenity-bdd\serenity-junit\3.6.21\serenity-junit-3.6.21.jar;C:\Users\ASUS\.m2\repository\org\jetbrains\kotlin\kotlin-stdlib\1.8.10\kotlin-stdlib-1.8.10.jar;C:\Users\ASUS\.m2\repository\org\jetbrains\kotlin\kotlin-stdlib-common\1.8.10\kotlin-stdlib-common-1.8.10.jar;C:\Users\ASUS\.m2\repository\org\jetbrains\annotations\13.0\annotations-13.0.jar;C:\Users\ASUS\.m2\repository\org\junit\platform\junit-platform-launcher\1.8.2\junit-platform-launcher-1.8.2.jar;C:\Users\ASUS\.m2\repository\org\junit\platform\junit-platform-engine\1.8.2\junit-platform-engine-1.8.2.jar;C:\Users\ASUS\.m2\repository\org\opentest4j\opentest4j\1.2.0\opentest4j-1.2.0.jar;C:\Users\ASUS\.m2\repository\org\junit\platform\junit-platform-commons\1.8.2\junit-platform-commons-1.8.2.jar;C:\Users\ASUS\.m2\repository\org\apiguardian\apiguardian-api\1.1.2\apiguardian-api-1.1.2.jar;C:\Users\ASUS\.m2\repository\org\junit\jupiter\junit-jupiter-engine\5.8.2\junit-jupiter-engine-5.8.2.jar;C:\Users\ASUS\.m2\repository\org\junit\jupiter\junit-jupiter-api\5.8.2\junit-jupiter-api-5.8.2.jar;C:\Users\ASUS\.m2\repository\org\junit\vintage\junit-vintage-engine\5.8.2\junit-vintage-engine-5.8.2.jar;C:\Users\ASUS\.m2\repository\junit\junit\4.13.2\junit-4.13.2.jar;C:\Users\ASUS\.m2\repository\org\hamcrest\hamcrest-core\1.3\hamcrest-core-1.3.jar;C:\Users\ASUS\.m2\repository\ch\qos\logback\logback-classic\1.2.10\logback-classic-1.2.10.jar;C:\Users\ASUS\.m2\repository\ch\qos\logback\logback-core\1.2.10\logback-core-1.2.10.jar;C:\Users\ASUS\.m2\repository\org\slf4j\slf4j-api\1.7.32\slf4j-api-1.7.32.jar;C:\Users\ASUS\.m2\repository\org\assertj\assertj-core\3.23.1\assertj-core-3.23.1.jar;C:\Users\ASUS\.m2\repository\net\bytebuddy\byte-buddy\1.12.10\byte-buddy-1.12.10.jar;"/>
    <property name="sun.cpu.endian" value="little"/>
    <property name="user.home" value="C:\Users\ASUS"/>
    <property name="user.language" value="en"/>
    <property name="java.specification.vendor" value="Oracle Corporation"/>
    <property name="java.home" value="C:\Program Files\Java\jdk1.8.0_261\jre"/>
    <property name="basedir" value="C:\Users\ASUS\Documents\GitHub\Mini-Project\WebTesting"/>
    <property name="file.separator" value="\"/>
    <property name="line.separator" value="&#10;"/>
    <property name="java.vm.specification.vendor" value="Oracle Corporation"/>
    <property name="java.specification.name" value="Java Platform API Specification"/>
    <property name="java.awt.graphicsenv" value="sun.awt.Win32GraphicsEnvironment"/>
    <property name="surefire.real.class.path" value="C:\Users\ASUS\AppData\Local\Temp\surefire7306677683604962279\surefirebooter7230260096397250559.jar"/>
    <property name="sun.boot.class.path" value="C:\Program Files\Java\jdk1.8.0_261\jre\lib\resources.jar;C:\Program Files\Java\jdk1.8.0_261\jre\lib\rt.jar;C:\Program Files\Java\jdk1.8.0_261\jre\lib\sunrsasign.jar;C:\Program Files\Java\jdk1.8.0_261\jre\lib\jsse.jar;C:\Program Files\Java\jdk1.8.0_261\jre\lib\jce.jar;C:\Program Files\Java\jdk1.8.0_261\jre\lib\charsets.jar;C:\Program Files\Java\jdk1.8.0_261\jre\lib\jfr.jar;C:\Program Files\Java\jdk1.8.0_261\jre\classes"/>
    <property name="user.script" value=""/>
    <property name="java.protocol.handler.pkgs" value="com.google.common"/>
    <property name="sun.management.compiler" value="HotSpot 64-Bit Tiered Compilers"/>
    <property name="java.runtime.version" value="1.8.0_261-b12"/>
    <property name="user.name" value="ASUS"/>
    <property name="path.separator" value=";"/>
    <property name="os.version" value="10.0"/>
    <property name="java.endorsed.dirs" value="C:\Program Files\Java\jdk1.8.0_261\jre\lib\endorsed"/>
    <property name="java.runtime.name" value="Java(TM) SE Runtime Environment"/>
    <property name="file.encoding" value="Cp1252"/>
    <property name="webdriver.base.url" value=""/>
    <property name="java.vm.name" value="Java HotSpot(TM) 64-Bit Server VM"/>
    <property name="localRepository" value="C:\Users\ASUS\.m2\repository"/>
    <property name="java.vendor.url.bug" value="http://bugreport.sun.com/bugreport/"/>
    <property name="java.io.tmpdir" value="C:\Users\ASUS\AppData\Local\Temp\"/>
    <property name="java.version" value="1.8.0_261"/>
    <property name="user.dir" value="C:\Users\ASUS\Documents\GitHub\Mini-Project\WebTesting"/>
    <property name="os.arch" value="amd64"/>
    <property name="java.vm.specification.name" value="Java Virtual Machine Specification"/>
    <property name="java.awt.printerjob" value="sun.awt.windows.WPrinterJob"/>
    <property name="sun.os.patch.level" value=""/>
    <property name="java.library.path" value="C:\Program Files\Java\jdk1.8.0_261\jre\bin;C:\WINDOWS\Sun\Java\bin;C:\WINDOWS\system32;C:\WINDOWS;C:\Program Files (x86)\Common Files\Oracle\Java\javapath;C:\Program Files (x86)\Common Files\Intel\Shared Files\cpp\bin\Intel64;C:\WINDOWS\system32;C:\WINDOWS;C:\WINDOWS\System32\Wbem;C:\WINDOWS\System32\WindowsPowerShell\v1.0\;C:\WINDOWS\System32\OpenSSH\;C:\Program Files\Java\jdk1.8.0_261\bin;C:\Program Files\Microsoft SQL Server\Client SDK\ODBC\130\Tools\Binn\;C:\Program Files (x86)\Microsoft SQL Server\140\Tools\Binn\;C:\Program Files\Microsoft SQL Server\140\Tools\Binn\;C:\Program Files\Microsoft SQL Server\140\DTS\Binn\;C:\Program Files (x86)\Microsoft SQL Server\150\DTS\Binn\;C:\Program Files\Azure Data Studio\bin;C:\Program Files\Git\cmd;C:\xampp\php;C:\ProgramData\ComposerSetup\bin;C:\Program Files\nodejs\;C:\Program Files\Microsoft SQL Server\130\Tools\Binn\;C:\Program Files\Microsoft SQL Server\Client SDK\ODBC\170\Tools\Binn\;C:\Program Files (x86)\Microsoft SQL Server\110\DTS\Binn\;C:\Program Files (x86)\Microsoft SQL Server\120\DTS\Binn\;C:\Program Files (x86)\Microsoft SQL Server\130\DTS\Binn\;C:\Program Files (x86)\Microsoft SQL Server\140\DTS\Binn\;C:\Program Files\Docker\Docker\resources\bin;C:\Program Files\apache-maven-3.9.1\bin;C:\Program Files\Chrome Driver;C:\Users\ASUS\AppData\Local\Programs\Python\Python310\Scripts\;C:\Users\ASUS\AppData\Local\Programs\Python\Python310\;C:\Program Files (x86)\Common Files\Oracle\Java\javapath;C:\Program Files (x86)\Common Files\Intel\Shared Files\cpp\bin\Intel64;C:\windows\system32;C:\windows;C:\windows\System32\Wbem;C:\windows\System32\WindowsPowerShell\v1.0\;C:\windows\System32\OpenSSH\;C:\Program Files\Java\jdk1.8.0_261\bin;C:\Users\ASUS\AppData\Local\Microsoft\WindowsApps;C:\Users\ASUS\AppData\Local\Microsoft\WindowsApps;C:\Program Files\Azure Data Studio\bin;C:\Users\ASUS\AppData\Local\Programs\Microsoft VS Code\bin;C:\Users\ASUS\AppData\Roaming\Composer\vendor\bin;C:\Users\ASUS\AppData\Roaming\npm;C:\src\flutter\bin;C:\Users\ASUS\AppData\Local\GitHubDesktop\bin;C:\Program Files\apache-maven-3.9.1\apache-maven\src\bin;;."/>
    <property name="java.vm.info" value="mixed mode"/>
    <property name="java.vendor" value="Oracle Corporation"/>
    <property name="java.vm.version" value="25.261-b12"/>
    <property name="java.ext.dirs" value="C:\Program Files\Java\jdk1.8.0_261\jre\lib\ext;C:\WINDOWS\Sun\Java\lib\ext"/>
    <property name="sun.io.unicode.encoding" value="UnicodeLittle"/>
    <property name="java.class.version" value="52.0"/>
  </properties>
  <testcase name="While i am not a user, i cannot be able to login" classname="User be able to login" time="50.998">
    <system-out><![CDATA[16:11:48.851 [main] DEBUG net.thucydides.core.guice.Injectors - Created injector for module net.thucydides.core.guice.ThucydidesModule
16:11:49.138 [main] DEBUG io.cucumber.core.plugin.SerenityReporter - Running feature from file:///C:/Users/ASUS/Documents/GitHub/Mini-Project/WebTesting/src/test/resources/features/1_Login.feature
16:11:49.294 [main] DEBUG net.thucydides.core.guice.Injectors - Created injector for module net.thucydides.core.guice.webdriver.WebDriverModule
16:11:49.312 [main] INFO  - 

-------------------------------------------------------------------------------------
     _______. _______ .______       _______ .__   __.  __  .___________.____    ____ 
    /       ||   ____||   _  \     |   ____||  \ |  | |  | |           |\   \  /   / 
   |   (----`|  |__   |  |_)  |    |  |__   |   \|  | |  | `---|  |----` \   \/   /  
    \   \    |   __|  |      /     |   __|  |  . `  | |  |     |  |       \_    _/   
.----)   |   |  |____ |  |\  \----.|  |____ |  |\   | |  |     |  |         |  |     
|_______/    |_______|| _| `._____||_______||__| \__| |__|     |__|         |__|    
                                                                                     
 News and tutorials at http://www.serenity-bdd.info                                  
 Documentation at https://wakaleo.gitbooks.io/the-serenity-book/content/             
 Join the Serenity Community on Gitter: https://gitter.im/serenity-bdd/serenity-core 
 Serenity BDD Support and Training at http://serenity-bdd.info/#/trainingandsupport  
-------------------------------------------------------------------------------------

16:11:49.315 [main] DEBUG net.thucydides.core.steps.StepEventBus - Test suite started for story net.thucydides.core.model.Story@d43133a1
16:11:49.316 [main] INFO  - Test Suite Started: User be able to login
16:11:49.358 [main] DEBUG io.cucumber.core.plugin.SerenityReporter - Running feature from file:///C:/Users/ASUS/Documents/GitHub/Mini-Project/WebTesting/src/test/resources/features/2_Detail.feature
16:11:49.362 [main] DEBUG net.thucydides.core.steps.StepEventBus - Test suite started for story net.thucydides.core.model.Story@468c9775
16:11:49.363 [main] INFO  - Test Suite Started: User have be able to see detail
16:11:49.363 [main] DEBUG io.cucumber.core.plugin.SerenityReporter - Running feature from file:///C:/Users/ASUS/Documents/GitHub/Mini-Project/WebTesting/src/test/resources/features/3_Order.feature
16:11:49.367 [main] DEBUG net.thucydides.core.steps.StepEventBus - Test suite started for story net.thucydides.core.model.Story@913a755
16:11:49.367 [main] INFO  - Test Suite Started: User have be able to make order
16:11:49.367 [main] DEBUG io.cucumber.core.plugin.SerenityReporter - Running feature from file:///C:/Users/ASUS/Documents/GitHub/Mini-Project/WebTesting/src/test/resources/features/4_Logout.feature
16:11:49.372 [main] DEBUG net.thucydides.core.steps.StepEventBus - Test suite started for story net.thucydides.core.model.Story@74b320be
16:11:49.373 [main] INFO  - Test Suite Started: User have be able to log out
16:11:49.373 [main] DEBUG io.cucumber.core.plugin.SerenityReporter - Running feature from file:///C:/Users/ASUS/Documents/GitHub/Mini-Project/WebTesting/src/test/resources/features/5_Register.feature
16:11:49.378 [main] DEBUG net.thucydides.core.steps.StepEventBus - Test suite started for story net.thucydides.core.model.Story@b9ce1cb
16:11:49.378 [main] INFO  - Test Suite Started: User be able to Register
16:11:49.379 [main] DEBUG io.cucumber.core.plugin.SerenityReporter - Running feature from file:///C:/Users/ASUS/Documents/GitHub/Mini-Project/WebTesting/src/test/resources/features/1_Login.feature
16:11:49.381 [main] DEBUG net.thucydides.core.steps.StepEventBus - Test suite started for story net.thucydides.core.model.Story@d43133a1
16:11:49.382 [main] INFO  - Test Suite Started: User be able to login

Scenario: While i am not a user, i cannot be able to login &amp#27;[90m# src/test/resources/features/1_Login.feature:5&amp#27;[0m
16:11:49.471 [main] DEBUG io.cucumber.core.plugin.SerenityReporter - Running feature from file:///C:/Users/ASUS/Documents/GitHub/Mini-Project/WebTesting/src/test/resources/features/1_Login.feature
16:11:49.579 [main] INFO  - 
  _____   ___   ___   _____     ___   _____     _     ___   _____   ___   ___  
 |_   _| | __| / __| |_   _|   / __| |_   _|   /_\   | _ \ |_   _| | __| |   \ 
   | |   | _|  \__ \   | |     \__ \   | |    / _ \  |   /   | |   | _|  | |) |
   |_|   |___| |___/   |_|     |___/   |_|   /_/ \_\ |_|_\   |_|   |___| |___/ 

While i am not a user, i cannot be able to login(user-be-able-to-login;while-i-am-not-a-user--i-cannot-be-able-to-login)
--------------------------------------------------------------------------------
16:11:49.638 [main] DEBUG net.thucydides.core.requirements.model.cucumber.CucumberParser - Loading feature C:\Users\ASUS\Documents\GitHub\Mini-Project\WebTesting\src\test\resources\features\1_Login.feature
16:11:49.656 [main] DEBUG net.thucydides.core.requirements.model.cucumber.CucumberParser - Loading feature C:\Users\ASUS\Documents\GitHub\Mini-Project\WebTesting\src\test\resources\features\2_Detail.feature
16:11:49.662 [main] DEBUG net.thucydides.core.requirements.model.cucumber.CucumberParser - Loading feature C:\Users\ASUS\Documents\GitHub\Mini-Project\WebTesting\src\test\resources\features\3_Order.feature
16:11:49.668 [main] DEBUG net.thucydides.core.requirements.model.cucumber.CucumberParser - Loading feature C:\Users\ASUS\Documents\GitHub\Mini-Project\WebTesting\src\test\resources\features\4_Logout.feature
16:11:49.672 [main] DEBUG net.thucydides.core.requirements.model.cucumber.CucumberParser - Loading feature C:\Users\ASUS\Documents\GitHub\Mini-Project\WebTesting\src\test\resources\features\5_Register.feature
16:11:50.443 [main] DEBUG net.thucydides.core.steps.StepInterceptor - STARTING STEP: LoginSteps.onTheHomePageFirst - openPage
16:11:50.566 [main] INFO net.serenitybdd.core.webdriver.driverproviders.ChromeDriverProvider - Starting Chrome driver instance with capabilities:
16:11:50.568 [main] INFO net.serenitybdd.core.webdriver.driverproviders.ChromeDriverProvider - Capabilities {acceptInsecureCerts: false, browserName: chrome, goog:chromeOptions: {args: [remote-allow-origins=*], extensions: []}}
16:11:50.644 [main] DEBUG io.netty.util.internal.logging.InternalLoggerFactory - Using SLF4J as the default logging framework
16:11:50.646 [main] DEBUG io.netty.util.ResourceLeakDetector - -Dio.netty.leakDetection.level: simple
16:11:50.646 [main] DEBUG io.netty.util.ResourceLeakDetector - -Dio.netty.leakDetection.targetRecords: 4
16:11:50.651 [main] DEBUG io.netty.util.ResourceLeakDetectorFactory - Loaded default ResourceLeakDetector: io.netty.util.ResourceLeakDetector@6242ae3b
16:11:50.668 [main] DEBUG io.netty.util.internal.PlatformDependent0 - -Dio.netty.noUnsafe: false
16:11:50.668 [main] DEBUG io.netty.util.internal.PlatformDependent0 - Java version: 8
16:11:50.669 [main] DEBUG io.netty.util.internal.PlatformDependent0 - sun.misc.Unsafe.theUnsafe: available
16:11:50.669 [main] DEBUG io.netty.util.internal.PlatformDependent0 - sun.misc.Unsafe.copyMemory: available
16:11:50.670 [main] DEBUG io.netty.util.internal.PlatformDependent0 - sun.misc.Unsafe.storeFence: available
16:11:50.670 [main] DEBUG io.netty.util.internal.PlatformDependent0 - java.nio.Buffer.address: available
16:11:50.671 [main] DEBUG io.netty.util.internal.PlatformDependent0 - direct buffer constructor: available
16:11:50.671 [main] DEBUG io.netty.util.internal.PlatformDependent0 - java.nio.Bits.unaligned: available, true
16:11:50.671 [main] DEBUG io.netty.util.internal.PlatformDependent0 - jdk.internal.misc.Unsafe.allocateUninitializedArray(int): unavailable prior to Java9
16:11:50.671 [main] DEBUG io.netty.util.internal.PlatformDependent0 - java.nio.DirectByteBuffer.<init>(long, int): available
16:11:50.671 [main] DEBUG io.netty.util.internal.PlatformDependent - sun.misc.Unsafe: available
16:11:50.672 [main] DEBUG io.netty.util.internal.PlatformDependent - -Dio.netty.tmpdir: C:\Users\ASUS\AppData\Local\Temp (java.io.tmpdir)
16:11:50.672 [main] DEBUG io.netty.util.internal.PlatformDependent - -Dio.netty.bitMode: 64 (sun.arch.data.model)
16:11:50.672 [main] DEBUG io.netty.util.internal.PlatformDependent - Platform: Windows
16:11:50.673 [main] DEBUG io.netty.util.internal.PlatformDependent - -Dio.netty.maxDirectMemory: 1838153728 bytes
16:11:50.673 [main] DEBUG io.netty.util.internal.PlatformDependent - -Dio.netty.uninitializedArrayAllocationThreshold: -1
16:11:50.674 [main] DEBUG io.netty.util.internal.CleanerJava6 - java.nio.ByteBuffer.cleaner(): available
16:11:50.674 [main] DEBUG io.netty.util.internal.PlatformDependent - -Dio.netty.noPreferDirect: false
16:11:50.681 [main] DEBUG io.netty.util.internal.PlatformDependent - org.jctools-core.MpscChunkedArrayQueue: available
16:11:50.701 [main] DEBUG io.netty.util.internal.InternalThreadLocalMap - -Dio.netty.threadLocalMap.stringBuilder.initialSize: 1024
16:11:50.701 [main] DEBUG io.netty.util.internal.InternalThreadLocalMap - -Dio.netty.threadLocalMap.stringBuilder.maxSize: 4096
16:11:51.114 [main] DEBUG io.netty.handler.ssl.JdkSslContext - Default protocols (JDK): [TLSv1.2, TLSv1.1, TLSv1] 
16:11:51.116 [main] DEBUG io.netty.handler.ssl.JdkSslContext - Default cipher suites (JDK): [TLS_ECDHE_ECDSA_WITH_AES_256_GCM_SHA384, TLS_ECDHE_ECDSA_WITH_AES_128_GCM_SHA256, TLS_ECDHE_RSA_WITH_AES_128_GCM_SHA256, TLS_ECDHE_RSA_WITH_AES_256_GCM_SHA384, TLS_ECDHE_RSA_WITH_AES_128_CBC_SHA, TLS_ECDHE_RSA_WITH_AES_256_CBC_SHA, TLS_RSA_WITH_AES_128_GCM_SHA256, TLS_RSA_WITH_AES_128_CBC_SHA, TLS_RSA_WITH_AES_256_CBC_SHA, TLS_AES_128_GCM_SHA256, TLS_AES_256_GCM_SHA384]
16:11:51.146 [main] DEBUG io.netty.channel.MultithreadEventLoopGroup - -Dio.netty.eventLoopThreads: 16
16:11:51.155 [main] DEBUG io.netty.channel.nio.NioEventLoop - -Dio.netty.noKeySetOptimization: false
16:11:51.156 [main] DEBUG io.netty.channel.nio.NioEventLoop - -Dio.netty.selectorAutoRebuildThreshold: 512
16:11:51.239 [main] DEBUG io.netty.buffer.PooledByteBufAllocator - -Dio.netty.allocator.numHeapArenas: 16
16:11:51.239 [main] DEBUG io.netty.buffer.PooledByteBufAllocator - -Dio.netty.allocator.numDirectArenas: 16
16:11:51.239 [main] DEBUG io.netty.buffer.PooledByteBufAllocator - -Dio.netty.allocator.pageSize: 8192
16:11:51.239 [main] DEBUG io.netty.buffer.PooledByteBufAllocator - -Dio.netty.allocator.maxOrder: 9
16:11:51.239 [main] DEBUG io.netty.buffer.PooledByteBufAllocator - -Dio.netty.allocator.chunkSize: 4194304
16:11:51.240 [main] DEBUG io.netty.buffer.PooledByteBufAllocator - -Dio.netty.allocator.smallCacheSize: 256
16:11:51.240 [main] DEBUG io.netty.buffer.PooledByteBufAllocator - -Dio.netty.allocator.normalCacheSize: 64
16:11:51.240 [main] DEBUG io.netty.buffer.PooledByteBufAllocator - -Dio.netty.allocator.maxCachedBufferCapacity: 32768
16:11:51.240 [main] DEBUG io.netty.buffer.PooledByteBufAllocator - -Dio.netty.allocator.cacheTrimInterval: 8192
16:11:51.240 [main] DEBUG io.netty.buffer.PooledByteBufAllocator - -Dio.netty.allocator.cacheTrimIntervalMillis: 0
16:11:51.240 [main] DEBUG io.netty.buffer.PooledByteBufAllocator - -Dio.netty.allocator.useCacheForAllThreads: false
16:11:51.240 [main] DEBUG io.netty.buffer.PooledByteBufAllocator - -Dio.netty.allocator.maxCachedByteBuffersPerChunk: 1023
16:11:51.252 [main] DEBUG io.netty.buffer.ByteBufUtil - -Dio.netty.allocator.type: pooled
16:11:51.252 [main] DEBUG io.netty.buffer.ByteBufUtil - -Dio.netty.threadLocalDirectBufferSize: 0
16:11:51.252 [main] DEBUG io.netty.buffer.ByteBufUtil - -Dio.netty.maxThreadLocalCharBufferSize: 16384
16:11:53.846 [Forwarding newSession on session null to remote] DEBUG io.netty.channel.DefaultChannelId - -Dio.netty.processId: 13056 (auto-detected)
16:11:53.849 [Forwarding newSession on session null to remote] DEBUG io.netty.util.NetUtil - -Djava.net.preferIPv4Stack: false
16:11:53.849 [Forwarding newSession on session null to remote] DEBUG io.netty.util.NetUtil - -Djava.net.preferIPv6Addresses: false
16:11:54.048 [Forwarding newSession on session null to remote] DEBUG io.netty.util.NetUtilInitializations - Loopback interface: lo (Software Loopback Interface 1, 127.0.0.1)
16:11:54.049 [Forwarding newSession on session null to remote] DEBUG io.netty.util.NetUtil - Failed to get SOMAXCONN from sysctl and file \proc\sys\net\core\somaxconn. Default: 200
16:11:54.061 [Forwarding newSession on session null to remote] DEBUG io.netty.channel.DefaultChannelId - -Dio.netty.machineId: d8:c0:a6:ff:fe:3f:0c:e1 (auto-detected)
16:11:54.111 [AsyncHttpClient-1-2] DEBUG io.netty.buffer.AbstractByteBuf - -Dio.netty.buffer.checkAccessible: true
16:11:54.111 [AsyncHttpClient-1-2] DEBUG io.netty.buffer.AbstractByteBuf - -Dio.netty.buffer.checkBounds: true
16:11:54.111 [AsyncHttpClient-1-2] DEBUG io.netty.util.ResourceLeakDetectorFactory - Loaded default ResourceLeakDetector: io.netty.util.ResourceLeakDetector@76e2fa74
16:11:54.126 [AsyncHttpClient-1-2] DEBUG org.asynchttpclient.netty.channel.NettyConnectListener - Using new Channel '[id: 0x1e4034e1, L:/127.0.0.1:50630 - R:localhost/127.0.0.1:33686]' for 'POST' to '/session'
16:11:54.142 [AsyncHttpClient-1-2] DEBUG io.netty.util.Recycler - -Dio.netty.recycler.maxCapacityPerThread: 4096
16:11:54.142 [AsyncHttpClient-1-2] DEBUG io.netty.util.Recycler - -Dio.netty.recycler.ratio: 8
16:11:54.143 [AsyncHttpClient-1-2] DEBUG io.netty.util.Recycler - -Dio.netty.recycler.chunkSize: 32
16:11:54.143 [AsyncHttpClient-1-2] DEBUG io.netty.util.Recycler - -Dio.netty.recycler.blocking: false
16:12:03.258 [AsyncHttpClient-1-2] DEBUG io.netty.handler.codec.compression.Brotli - brotli4j not in the classpath; Brotli support will be unavailable.
16:12:03.259 [AsyncHttpClient-1-2] DEBUG org.asynchttpclient.netty.handler.HttpHandler - 

Request DefaultHttpRequest(decodeResult: success, version: HTTP/1.1)
POST /session HTTP/1.1
User-Agent: selenium/4.8.1 (java windows)
Content-Length: 507
Content-Type: application/json; charset=utf-8
host: localhost:33686
accept: */*

Response DefaultHttpResponse(decodeResult: success, version: HTTP/1.1)
HTTP/1.1 200 OK
Content-Length: 859
Content-Type: application/json; charset=utf-8
cache-control: no-cache

16:12:03.326 [AsyncHttpClient-1-2] DEBUG org.asynchttpclient.netty.channel.ChannelManager - Adding key: http://localhost:33686 for channel [id: 0x1e4034e1, L:/127.0.0.1:50630 - R:localhost/127.0.0.1:33686]
16:12:03.962 [AsyncHttpClient-1-3] DEBUG org.asynchttpclient.netty.channel.NettyConnectListener - Using new Channel '[id: 0x182c96ac, L:/127.0.0.1:50642 - R:localhost/127.0.0.1:50633]' for 'GET' to '/json/version'
16:12:03.964 [AsyncHttpClient-1-3] DEBUG org.asynchttpclient.netty.handler.HttpHandler - 

Request DefaultFullHttpRequest(decodeResult: success, version: HTTP/1.1, content: EmptyByteBufBE)
GET /json/version HTTP/1.1
User-Agent: selenium/4.8.1 (java windows)
host: localhost:50633
accept: */*

Response DefaultHttpResponse(decodeResult: success, version: HTTP/1.1)
HTTP/1.1 200 OK
Content-Security-Policy: frame-ancestors 'none'
Content-Length: 424
Content-Type: application/json; charset=UTF-8

16:12:03.965 [AsyncHttpClient-1-3] DEBUG org.asynchttpclient.netty.channel.ChannelManager - Adding key: http://localhost:50633 for channel [id: 0x182c96ac, L:/127.0.0.1:50642 - R:localhost/127.0.0.1:50633]
16:12:03.973 [main] DEBUG io.netty.util.internal.ThreadLocalRandom - -Dio.netty.initialSeedUniquifier: 0x7dcc18c01d7044c1
16:12:03.982 [AsyncHttpClient-1-4] DEBUG org.asynchttpclient.netty.channel.NettyConnectListener - Using new Channel '[id: 0x4ab610e9, L:/127.0.0.1:50643 - R:localhost/127.0.0.1:50633]' for 'GET' to '/devtools/browser/ae0fa452-783a-4398-a2ec-15f584ca8c9e'
16:12:03.985 [AsyncHttpClient-1-4] DEBUG org.asynchttpclient.netty.handler.WebSocketHandler - 

Request DefaultFullHttpRequest(decodeResult: success, version: HTTP/1.1, content: EmptyByteBufBE)
GET /devtools/browser/ae0fa452-783a-4398-a2ec-15f584ca8c9e HTTP/1.1
upgrade: websocket
connection: upgrade
sec-websocket-key: sLpCaL1a0uGbEWLrdVitMg==
sec-websocket-version: 13
origin: http://localhost:50633
host: localhost:50633
accept: */*
user-agent: AHC/2.1

Response DefaultHttpResponse(decodeResult: success, version: HTTP/1.1)
HTTP/1.1 101 WebSocket Protocol Handshake
Upgrade: WebSocket
Connection: Upgrade
Sec-WebSocket-Accept: kGlxcGGei8VMS1E1kEnkV79exwU=

16:12:04.084 [Forwarding get on session 90dd082a64566af5413496e6e7a8a552 to remote] DEBUG org.asynchttpclient.netty.request.NettyRequestSender - Using pooled Channel '[id: 0x1e4034e1, L:/127.0.0.1:50630 - R:localhost/127.0.0.1:33686]' for 'POST' to 'http://localhost:33686/session/90dd082a64566af5413496e6e7a8a552/url'
16:12:04.084 [Forwarding get on session 90dd082a64566af5413496e6e7a8a552 to remote] DEBUG org.asynchttpclient.netty.request.NettyRequestSender - Using open Channel [id: 0x1e4034e1, L:/127.0.0.1:50630 - R:localhost/127.0.0.1:33686] for POST '/session/90dd082a64566af5413496e6e7a8a552/url'
16:12:04.290 [AsyncHttpClient-1-1] DEBUG org.asynchttpclient.netty.channel.DefaultChannelPool - Entry count for : http://localhost:50633 : 1
16:12:05.387 [AsyncHttpClient-1-1] DEBUG org.asynchttpclient.netty.channel.DefaultChannelPool - Entry count for : http://localhost:50633 : 1
16:12:05.963 [AsyncHttpClient-1-2] DEBUG org.asynchttpclient.netty.handler.HttpHandler - 

Request DefaultHttpRequest(decodeResult: success, version: HTTP/1.1)
POST /session/90dd082a64566af5413496e6e7a8a552/url HTTP/1.1
User-Agent: selenium/4.8.1 (java windows)
Content-Length: 59
Content-Type: application/json; charset=utf-8
host: localhost:33686
accept: */*

Response DefaultHttpResponse(decodeResult: success, version: HTTP/1.1)
HTTP/1.1 200 OK
Content-Length: 14
Content-Type: application/json; charset=utf-8
cache-control: no-cache

16:12:05.964 [AsyncHttpClient-1-2] DEBUG org.asynchttpclient.netty.channel.ChannelManager - Adding key: http://localhost:33686 for channel [id: 0x1e4034e1, L:/127.0.0.1:50630 - R:localhost/127.0.0.1:33686]
16:12:05.968 [Forwarding setTimeout on session 90dd082a64566af5413496e6e7a8a552 to remote] DEBUG org.asynchttpclient.netty.request.NettyRequestSender - Using pooled Channel '[id: 0x1e4034e1, L:/127.0.0.1:50630 - R:localhost/127.0.0.1:33686]' for 'POST' to 'http://localhost:33686/session/90dd082a64566af5413496e6e7a8a552/timeouts'
16:12:05.969 [Forwarding setTimeout on session 90dd082a64566af5413496e6e7a8a552 to remote] DEBUG org.asynchttpclient.netty.request.NettyRequestSender - Using open Channel [id: 0x1e4034e1, L:/127.0.0.1:50630 - R:localhost/127.0.0.1:33686] for POST '/session/90dd082a64566af5413496e6e7a8a552/timeouts'
16:12:05.971 [AsyncHttpClient-1-2] DEBUG org.asynchttpclient.netty.handler.HttpHandler - 

Request DefaultHttpRequest(decodeResult: success, version: HTTP/1.1)
POST /session/90dd082a64566af5413496e6e7a8a552/timeouts HTTP/1.1
User-Agent: selenium/4.8.1 (java windows)
Content-Length: 22
Content-Type: application/json; charset=utf-8
host: localhost:33686
accept: */*

Response DefaultHttpResponse(decodeResult: success, version: HTTP/1.1)
HTTP/1.1 200 OK
Content-Length: 14
Content-Type: application/json; charset=utf-8
cache-control: no-cache

16:12:05.972 [AsyncHttpClient-1-2] DEBUG org.asynchttpclient.netty.channel.ChannelManager - Adding key: http://localhost:33686 for channel [id: 0x1e4034e1, L:/127.0.0.1:50630 - R:localhost/127.0.0.1:33686]
16:12:06.006 [main] DEBUG net.serenitybdd.core.photography.Darkroom - Opening darkroom
16:12:06.007 [Darkroom Processing Line] DEBUG net.serenitybdd.core.photography.DarkroomProcessingLine - Darkroom processing line starting up
16:12:06.024 [Forwarding getAlertText on session 90dd082a64566af5413496e6e7a8a552 to remote] DEBUG org.asynchttpclient.netty.request.NettyRequestSender - Using pooled Channel '[id: 0x1e4034e1, L:/127.0.0.1:50630 - R:localhost/127.0.0.1:33686]' for 'GET' to 'http://localhost:33686/session/90dd082a64566af5413496e6e7a8a552/alert/text'
16:12:06.024 [Forwarding getAlertText on session 90dd082a64566af5413496e6e7a8a552 to remote] DEBUG org.asynchttpclient.netty.request.NettyRequestSender - Using open Channel [id: 0x1e4034e1, L:/127.0.0.1:50630 - R:localhost/127.0.0.1:33686] for GET '/session/90dd082a64566af5413496e6e7a8a552/alert/text'
16:12:06.027 [AsyncHttpClient-1-2] DEBUG org.asynchttpclient.netty.handler.HttpHandler - 

Request DefaultFullHttpRequest(decodeResult: success, version: HTTP/1.1, content: EmptyByteBufBE)
GET /session/90dd082a64566af5413496e6e7a8a552/alert/text HTTP/1.1
User-Agent: selenium/4.8.1 (java windows)
Cache-Control: no-cache
Content-Type: application/json; charset=utf-8
host: localhost:33686
accept: */*

Response DefaultHttpResponse(decodeResult: success, version: HTTP/1.1)
HTTP/1.1 404 Not Found
Content-Length: 836
Content-Type: application/json; charset=utf-8
cache-control: no-cache

16:12:06.028 [AsyncHttpClient-1-2] DEBUG org.asynchttpclient.netty.channel.ChannelManager - Adding key: http://localhost:33686 for channel [id: 0x1e4034e1, L:/127.0.0.1:50630 - R:localhost/127.0.0.1:33686]
16:12:06.035 [Forwarding getCurrentUrl on session 90dd082a64566af5413496e6e7a8a552 to remote] DEBUG org.asynchttpclient.netty.request.NettyRequestSender - Using pooled Channel '[id: 0x1e4034e1, L:/127.0.0.1:50630 - R:localhost/127.0.0.1:33686]' for 'GET' to 'http://localhost:33686/session/90dd082a64566af5413496e6e7a8a552/url'
16:12:06.036 [Forwarding getCurrentUrl on session 90dd082a64566af5413496e6e7a8a552 to remote] DEBUG org.asynchttpclient.netty.request.NettyRequestSender - Using open Channel [id: 0x1e4034e1, L:/127.0.0.1:50630 - R:localhost/127.0.0.1:33686] for GET '/session/90dd082a64566af5413496e6e7a8a552/url'
16:12:06.043 [AsyncHttpClient-1-2] DEBUG org.asynchttpclient.netty.handler.HttpHandler - 

Request DefaultFullHttpRequest(decodeResult: success, version: HTTP/1.1, content: EmptyByteBufBE)
GET /session/90dd082a64566af5413496e6e7a8a552/url HTTP/1.1
User-Agent: selenium/4.8.1 (java windows)
Cache-Control: no-cache
Content-Type: application/json; charset=utf-8
host: localhost:33686
accept: */*

Response DefaultHttpResponse(decodeResult: success, version: HTTP/1.1)
HTTP/1.1 200 OK
Content-Length: 41
Content-Type: application/json; charset=utf-8
cache-control: no-cache

16:12:06.044 [AsyncHttpClient-1-2] DEBUG org.asynchttpclient.netty.channel.ChannelManager - Adding key: http://localhost:33686 for channel [id: 0x1e4034e1, L:/127.0.0.1:50630 - R:localhost/127.0.0.1:33686]
16:12:06.048 [Forwarding screenshot on session 90dd082a64566af5413496e6e7a8a552 to remote] DEBUG org.asynchttpclient.netty.request.NettyRequestSender - Using pooled Channel '[id: 0x1e4034e1, L:/127.0.0.1:50630 - R:localhost/127.0.0.1:33686]' for 'GET' to 'http://localhost:33686/session/90dd082a64566af5413496e6e7a8a552/screenshot'
16:12:06.048 [Forwarding screenshot on session 90dd082a64566af5413496e6e7a8a552 to remote] DEBUG org.asynchttpclient.netty.request.NettyRequestSender - Using open Channel [id: 0x1e4034e1, L:/127.0.0.1:50630 - R:localhost/127.0.0.1:33686] for GET '/session/90dd082a64566af5413496e6e7a8a552/screenshot'
16:12:06.492 [AsyncHttpClient-1-1] DEBUG org.asynchttpclient.netty.channel.DefaultChannelPool - Entry count for : http://localhost:50633 : 1
16:12:07.592 [AsyncHttpClient-1-1] DEBUG org.asynchttpclient.netty.channel.DefaultChannelPool - Entry count for : http://localhost:50633 : 1
16:12:08.686 [AsyncHttpClient-1-1] DEBUG org.asynchttpclient.netty.channel.DefaultChannelPool - Entry count for : http://localhost:50633 : 1
16:12:09.792 [AsyncHttpClient-1-1] DEBUG org.asynchttpclient.netty.channel.DefaultChannelPool - Entry count for : http://localhost:50633 : 1
16:12:10.887 [AsyncHttpClient-1-1] DEBUG org.asynchttpclient.netty.channel.DefaultChannelPool - Entry count for : http://localhost:50633 : 1
16:12:11.989 [AsyncHttpClient-1-1] DEBUG org.asynchttpclient.netty.channel.DefaultChannelPool - Entry count for : http://localhost:50633 : 1
16:12:13.094 [AsyncHttpClient-1-1] DEBUG org.asynchttpclient.netty.channel.DefaultChannelPool - Entry count for : http://localhost:50633 : 1
16:12:14.187 [AsyncHttpClient-1-1] DEBUG org.asynchttpclient.netty.channel.DefaultChannelPool - Entry count for : http://localhost:50633 : 1
16:12:15.288 [AsyncHttpClient-1-1] DEBUG org.asynchttpclient.netty.channel.DefaultChannelPool - Entry count for : http://localhost:50633 : 1
16:12:16.388 [AsyncHttpClient-1-1] DEBUG org.asynchttpclient.netty.channel.DefaultChannelPool - Entry count for : http://localhost:50633 : 1
16:12:17.489 [AsyncHttpClient-1-1] DEBUG org.asynchttpclient.netty.channel.DefaultChannelPool - Entry count for : http://localhost:50633 : 1
16:12:18.588 [AsyncHttpClient-1-1] DEBUG org.asynchttpclient.netty.channel.DefaultChannelPool - Entry count for : http://localhost:50633 : 1
16:12:19.695 [AsyncHttpClient-1-1] DEBUG org.asynchttpclient.netty.channel.DefaultChannelPool - Entry count for : http://localhost:50633 : 1
16:12:20.791 [AsyncHttpClient-1-1] DEBUG org.asynchttpclient.netty.channel.DefaultChannelPool - Entry count for : http://localhost:50633 : 1
16:12:21.887 [AsyncHttpClient-1-1] DEBUG org.asynchttpclient.netty.channel.DefaultChannelPool - Entry count for : http://localhost:50633 : 1
16:12:22.986 [AsyncHttpClient-1-1] DEBUG org.asynchttpclient.netty.channel.DefaultChannelPool - Entry count for : http://localhost:50633 : 1
16:12:24.089 [AsyncHttpClient-1-1] DEBUG org.asynchttpclient.netty.channel.DefaultChannelPool - Entry count for : http://localhost:50633 : 1
16:12:24.213 [AsyncHttpClient-1-2] DEBUG org.asynchttpclient.netty.handler.HttpHandler - 

Request DefaultFullHttpRequest(decodeResult: success, version: HTTP/1.1, content: EmptyByteBufBE)
GET /session/90dd082a64566af5413496e6e7a8a552/screenshot HTTP/1.1
User-Agent: selenium/4.8.1 (java windows)
Cache-Control: no-cache
Content-Type: application/json; charset=utf-8
host: localhost:33686
accept: */*

Response DefaultHttpResponse(decodeResult: success, version: HTTP/1.1)
HTTP/1.1 200 OK
Content-Length: 64700
Content-Type: application/json; charset=utf-8
cache-control: no-cache

16:12:24.215 [AsyncHttpClient-1-2] DEBUG org.asynchttpclient.netty.channel.ChannelManager - Adding key: http://localhost:33686 for channel [id: 0x1e4034e1, L:/127.0.0.1:50630 - R:localhost/127.0.0.1:33686]
16:12:24.873 [main] DEBUG net.serenitybdd.core.photography.Darkroom - Send negative for processing for target\site\serenity\513ad3b6089a6f391579a97d229c34ded9871c687b9c79a3b95019a1a7839ad8.png
16:12:24.874 [Darkroom Processing Line] DEBUG net.serenitybdd.core.photography.DarkroomProcessingLine - Processing screenshot image in /var/screenshots/screenshot-1188446681092976099
16:12:24.874 [Darkroom Processing Line] DEBUG net.serenitybdd.core.photography.DarkroomProcessingLine - Saving screenshot to target\site\serenity\513ad3b6089a6f391579a97d229c34ded9871c687b9c79a3b95019a1a7839ad8.png
16:12:24.885 [main] DEBUG net.thucydides.core.steps.StepInterceptor - STEP DONE: openPage
16:12:24.897 [Forwarding getPageSource on session 90dd082a64566af5413496e6e7a8a552 to remote] DEBUG org.asynchttpclient.netty.request.NettyRequestSender - Using pooled Channel '[id: 0x1e4034e1, L:/127.0.0.1:50630 - R:localhost/127.0.0.1:33686]' for 'POST' to 'http://localhost:33686/session/90dd082a64566af5413496e6e7a8a552/execute/sync'
16:12:24.897 [Forwarding getPageSource on session 90dd082a64566af5413496e6e7a8a552 to remote] DEBUG org.asynchttpclient.netty.request.NettyRequestSender - Using open Channel [id: 0x1e4034e1, L:/127.0.0.1:50630 - R:localhost/127.0.0.1:33686] for POST '/session/90dd082a64566af5413496e6e7a8a552/execute/sync'
16:12:24.973 [AsyncHttpClient-1-2] DEBUG org.asynchttpclient.netty.handler.HttpHandler - 

Request DefaultHttpRequest(decodeResult: success, version: HTTP/1.1)
POST /session/90dd082a64566af5413496e6e7a8a552/execute/sync HTTP/1.1
User-Agent: selenium/4.8.1 (java windows)
Content-Length: 176
Content-Type: application/json; charset=utf-8
host: localhost:33686
accept: */*

Response DefaultHttpResponse(decodeResult: success, version: HTTP/1.1)
HTTP/1.1 200 OK
Content-Length: 654084
Content-Type: application/json; charset=utf-8
cache-control: no-cache

16:12:24.977 [AsyncHttpClient-1-2] DEBUG org.asynchttpclient.netty.channel.ChannelManager - Adding key: http://localhost:33686 for channel [id: 0x1e4034e1, L:/127.0.0.1:50630 - R:localhost/127.0.0.1:33686]
16:12:25.201 [AsyncHttpClient-1-1] DEBUG org.asynchttpclient.netty.channel.DefaultChannelPool - Entry count for : http://localhost:50633 : 1
16:12:25.201 [AsyncHttpClient-1-1] DEBUG org.asynchttpclient.netty.channel.DefaultChannelPool - Entry count for : http://localhost:33686 : 1
16:12:26.018 [Forwarding getCurrentUrl on session 90dd082a64566af5413496e6e7a8a552 to remote] DEBUG org.asynchttpclient.netty.request.NettyRequestSender - Using pooled Channel '[id: 0x1e4034e1, L:/127.0.0.1:50630 - R:localhost/127.0.0.1:33686]' for 'GET' to 'http://localhost:33686/session/90dd082a64566af5413496e6e7a8a552/url'
16:12:26.018 [Forwarding getCurrentUrl on session 90dd082a64566af5413496e6e7a8a552 to remote] DEBUG org.asynchttpclient.netty.request.NettyRequestSender - Using open Channel [id: 0x1e4034e1, L:/127.0.0.1:50630 - R:localhost/127.0.0.1:33686] for GET '/session/90dd082a64566af5413496e6e7a8a552/url'
16:12:26.024 [AsyncHttpClient-1-2] DEBUG org.asynchttpclient.netty.handler.HttpHandler - 

Request DefaultFullHttpRequest(decodeResult: success, version: HTTP/1.1, content: EmptyByteBufBE)
GET /session/90dd082a64566af5413496e6e7a8a552/url HTTP/1.1
User-Agent: selenium/4.8.1 (java windows)
Cache-Control: no-cache
Content-Type: application/json; charset=utf-8
host: localhost:33686
accept: */*

Response DefaultHttpResponse(decodeResult: success, version: HTTP/1.1)
HTTP/1.1 200 OK
Content-Length: 41
Content-Type: application/json; charset=utf-8
cache-control: no-cache

16:12:26.025 [AsyncHttpClient-1-2] DEBUG org.asynchttpclient.netty.channel.ChannelManager - Adding key: http://localhost:33686 for channel [id: 0x1e4034e1, L:/127.0.0.1:50630 - R:localhost/127.0.0.1:33686]
16:12:26.031 [main] DEBUG net.thucydides.core.steps.StepInterceptor - STARTING STEP: LoginSteps.onTheHomePageFirst - validateOnHomePage
16:12:26.042 [Forwarding findElement on session 90dd082a64566af5413496e6e7a8a552 to remote] DEBUG org.asynchttpclient.netty.request.NettyRequestSender - Using pooled Channel '[id: 0x1e4034e1, L:/127.0.0.1:50630 - R:localhost/127.0.0.1:33686]' for 'POST' to 'http://localhost:33686/session/90dd082a64566af5413496e6e7a8a552/element'
16:12:26.042 [Forwarding findElement on session 90dd082a64566af5413496e6e7a8a552 to remote] DEBUG org.asynchttpclient.netty.request.NettyRequestSender - Using open Channel [id: 0x1e4034e1, L:/127.0.0.1:50630 - R:localhost/127.0.0.1:33686] for POST '/session/90dd082a64566af5413496e6e7a8a552/element'
16:12:26.115 [AsyncHttpClient-1-2] DEBUG org.asynchttpclient.netty.handler.HttpHandler - 

Request DefaultHttpRequest(decodeResult: success, version: HTTP/1.1)
POST /session/90dd082a64566af5413496e6e7a8a552/element HTTP/1.1
User-Agent: selenium/4.8.1 (java windows)
Content-Length: 46
Content-Type: application/json; charset=utf-8
host: localhost:33686
accept: */*

Response DefaultHttpResponse(decodeResult: success, version: HTTP/1.1)
HTTP/1.1 200 OK
Content-Length: 88
Content-Type: application/json; charset=utf-8
cache-control: no-cache

16:12:26.117 [AsyncHttpClient-1-2] DEBUG org.asynchttpclient.netty.channel.ChannelManager - Adding key: http://localhost:33686 for channel [id: 0x1e4034e1, L:/127.0.0.1:50630 - R:localhost/127.0.0.1:33686]
16:12:26.198 [Forwarding isElementDisplayed on session 90dd082a64566af5413496e6e7a8a552 to remote] DEBUG org.asynchttpclient.netty.request.NettyRequestSender - Using pooled Channel '[id: 0x1e4034e1, L:/127.0.0.1:50630 - R:localhost/127.0.0.1:33686]' for 'POST' to 'http://localhost:33686/session/90dd082a64566af5413496e6e7a8a552/execute/sync'
16:12:26.198 [Forwarding isElementDisplayed on session 90dd082a64566af5413496e6e7a8a552 to remote] DEBUG org.asynchttpclient.netty.request.NettyRequestSender - Using open Channel [id: 0x1e4034e1, L:/127.0.0.1:50630 - R:localhost/127.0.0.1:33686] for POST '/session/90dd082a64566af5413496e6e7a8a552/execute/sync'
16:12:26.212 [AsyncHttpClient-1-2] DEBUG org.asynchttpclient.netty.handler.HttpHandler - 

Request DefaultHttpRequest(decodeResult: success, version: HTTP/1.1)
POST /session/90dd082a64566af5413496e6e7a8a552/execute/sync HTTP/1.1
User-Agent: selenium/4.8.1 (java windows)
Content-Length: 48807
Content-Type: application/json; charset=utf-8
host: localhost:33686
accept: */*

Response DefaultHttpResponse(decodeResult: success, version: HTTP/1.1)
HTTP/1.1 200 OK
Content-Length: 14
Content-Type: application/json; charset=utf-8
cache-control: no-cache

16:12:26.212 [AsyncHttpClient-1-2] DEBUG org.asynchttpclient.netty.channel.ChannelManager - Adding key: http://localhost:33686 for channel [id: 0x1e4034e1, L:/127.0.0.1:50630 - R:localhost/127.0.0.1:33686]
16:12:26.220 [Forwarding getAlertText on session 90dd082a64566af5413496e6e7a8a552 to remote] DEBUG org.asynchttpclient.netty.request.NettyRequestSender - Using pooled Channel '[id: 0x1e4034e1, L:/127.0.0.1:50630 - R:localhost/127.0.0.1:33686]' for 'GET' to 'http://localhost:33686/session/90dd082a64566af5413496e6e7a8a552/alert/text'
16:12:26.220 [Forwarding getAlertText on session 90dd082a64566af5413496e6e7a8a552 to remote] DEBUG org.asynchttpclient.netty.request.NettyRequestSender - Using open Channel [id: 0x1e4034e1, L:/127.0.0.1:50630 - R:localhost/127.0.0.1:33686] for GET '/session/90dd082a64566af5413496e6e7a8a552/alert/text'
16:12:26.222 [AsyncHttpClient-1-2] DEBUG org.asynchttpclient.netty.handler.HttpHandler - 

Request DefaultFullHttpRequest(decodeResult: success, version: HTTP/1.1, content: EmptyByteBufBE)
GET /session/90dd082a64566af5413496e6e7a8a552/alert/text HTTP/1.1
User-Agent: selenium/4.8.1 (java windows)
Cache-Control: no-cache
Content-Type: application/json; charset=utf-8
host: localhost:33686
accept: */*

Response DefaultHttpResponse(decodeResult: success, version: HTTP/1.1)
HTTP/1.1 404 Not Found
Content-Length: 836
Content-Type: application/json; charset=utf-8
cache-control: no-cache

16:12:26.223 [AsyncHttpClient-1-2] DEBUG org.asynchttpclient.netty.channel.ChannelManager - Adding key: http://localhost:33686 for channel [id: 0x1e4034e1, L:/127.0.0.1:50630 - R:localhost/127.0.0.1:33686]
16:12:26.225 [Forwarding getCurrentUrl on session 90dd082a64566af5413496e6e7a8a552 to remote] DEBUG org.asynchttpclient.netty.request.NettyRequestSender - Using pooled Channel '[id: 0x1e4034e1, L:/127.0.0.1:50630 - R:localhost/127.0.0.1:33686]' for 'GET' to 'http://localhost:33686/session/90dd082a64566af5413496e6e7a8a552/url'
16:12:26.225 [Forwarding getCurrentUrl on session 90dd082a64566af5413496e6e7a8a552 to remote] DEBUG org.asynchttpclient.netty.request.NettyRequestSender - Using open Channel [id: 0x1e4034e1, L:/127.0.0.1:50630 - R:localhost/127.0.0.1:33686] for GET '/session/90dd082a64566af5413496e6e7a8a552/url'
16:12:26.229 [AsyncHttpClient-1-2] DEBUG org.asynchttpclient.netty.handler.HttpHandler - 

Request DefaultFullHttpRequest(decodeResult: success, version: HTTP/1.1, content: EmptyByteBufBE)
GET /session/90dd082a64566af5413496e6e7a8a552/url HTTP/1.1
User-Agent: selenium/4.8.1 (java windows)
Cache-Control: no-cache
Content-Type: application/json; charset=utf-8
host: localhost:33686
accept: */*

Response DefaultHttpResponse(decodeResult: success, version: HTTP/1.1)
HTTP/1.1 200 OK
Content-Length: 41
Content-Type: application/json; charset=utf-8
cache-control: no-cache

16:12:26.229 [AsyncHttpClient-1-2] DEBUG org.asynchttpclient.netty.channel.ChannelManager - Adding key: http://localhost:33686 for channel [id: 0x1e4034e1, L:/127.0.0.1:50630 - R:localhost/127.0.0.1:33686]
16:12:26.231 [Forwarding screenshot on session 90dd082a64566af5413496e6e7a8a552 to remote] DEBUG org.asynchttpclient.netty.request.NettyRequestSender - Using pooled Channel '[id: 0x1e4034e1, L:/127.0.0.1:50630 - R:localhost/127.0.0.1:33686]' for 'GET' to 'http://localhost:33686/session/90dd082a64566af5413496e6e7a8a552/screenshot'
16:12:26.231 [Forwarding screenshot on session 90dd082a64566af5413496e6e7a8a552 to remote] DEBUG org.asynchttpclient.netty.request.NettyRequestSender - Using open Channel [id: 0x1e4034e1, L:/127.0.0.1:50630 - R:localhost/127.0.0.1:33686] for GET '/session/90dd082a64566af5413496e6e7a8a552/screenshot'
16:12:26.287 [AsyncHttpClient-1-1] DEBUG org.asynchttpclient.netty.channel.DefaultChannelPool - Entry count for : http://localhost:50633 : 1
16:12:26.298 [AsyncHttpClient-1-2] DEBUG org.asynchttpclient.netty.handler.HttpHandler - 

Request DefaultFullHttpRequest(decodeResult: success, version: HTTP/1.1, content: EmptyByteBufBE)
GET /session/90dd082a64566af5413496e6e7a8a552/screenshot HTTP/1.1
User-Agent: selenium/4.8.1 (java windows)
Cache-Control: no-cache
Content-Type: application/json; charset=utf-8
host: localhost:33686
accept: */*

Response DefaultHttpResponse(decodeResult: success, version: HTTP/1.1)
HTTP/1.1 200 OK
Content-Length: 64700
Content-Type: application/json; charset=utf-8
cache-control: no-cache

16:12:26.299 [AsyncHttpClient-1-2] DEBUG org.asynchttpclient.netty.channel.ChannelManager - Adding key: http://localhost:33686 for channel [id: 0x1e4034e1, L:/127.0.0.1:50630 - R:localhost/127.0.0.1:33686]
16:12:26.306 [main] DEBUG net.serenitybdd.core.photography.Darkroom - Send negative for processing for target\site\serenity\513ad3b6089a6f391579a97d229c34ded9871c687b9c79a3b95019a1a7839ad8.png
16:12:26.307 [main] DEBUG net.thucydides.core.steps.StepInterceptor - STEP DONE: validateOnHomePage
  &amp#27;[32mGiven &amp#27;[0m&amp#27;[32mI am on the home page 1&amp#27;[0m                            &amp#27;[90m# starter.stepdefinitions.LoginSteps.onTheHomePageFirst()&amp#27;[0m
16:12:26.326 [Forwarding getPageSource on session 90dd082a64566af5413496e6e7a8a552 to remote] DEBUG org.asynchttpclient.netty.request.NettyRequestSender - Using pooled Channel '[id: 0x1e4034e1, L:/127.0.0.1:50630 - R:localhost/127.0.0.1:33686]' for 'POST' to 'http://localhost:33686/session/90dd082a64566af5413496e6e7a8a552/execute/sync'
16:12:26.326 [Forwarding getPageSource on session 90dd082a64566af5413496e6e7a8a552 to remote] DEBUG org.asynchttpclient.netty.request.NettyRequestSender - Using open Channel [id: 0x1e4034e1, L:/127.0.0.1:50630 - R:localhost/127.0.0.1:33686] for POST '/session/90dd082a64566af5413496e6e7a8a552/execute/sync'
16:12:26.362 [AsyncHttpClient-1-2] DEBUG org.asynchttpclient.netty.handler.HttpHandler - 

Request DefaultHttpRequest(decodeResult: success, version: HTTP/1.1)
POST /session/90dd082a64566af5413496e6e7a8a552/execute/sync HTTP/1.1
User-Agent: selenium/4.8.1 (java windows)
Content-Length: 176
Content-Type: application/json; charset=utf-8
host: localhost:33686
accept: */*

Response DefaultHttpResponse(decodeResult: success, version: HTTP/1.1)
HTTP/1.1 200 OK
Content-Length: 654084
Content-Type: application/json; charset=utf-8
cache-control: no-cache

16:12:26.368 [AsyncHttpClient-1-2] DEBUG org.asynchttpclient.netty.channel.ChannelManager - Adding key: http://localhost:33686 for channel [id: 0x1e4034e1, L:/127.0.0.1:50630 - R:localhost/127.0.0.1:33686]
16:12:26.478 [Forwarding getCurrentUrl on session 90dd082a64566af5413496e6e7a8a552 to remote] DEBUG org.asynchttpclient.netty.request.NettyRequestSender - Using pooled Channel '[id: 0x1e4034e1, L:/127.0.0.1:50630 - R:localhost/127.0.0.1:33686]' for 'GET' to 'http://localhost:33686/session/90dd082a64566af5413496e6e7a8a552/url'
16:12:26.478 [Forwarding getCurrentUrl on session 90dd082a64566af5413496e6e7a8a552 to remote] DEBUG org.asynchttpclient.netty.request.NettyRequestSender - Using open Channel [id: 0x1e4034e1, L:/127.0.0.1:50630 - R:localhost/127.0.0.1:33686] for GET '/session/90dd082a64566af5413496e6e7a8a552/url'
16:12:26.483 [AsyncHttpClient-1-2] DEBUG org.asynchttpclient.netty.handler.HttpHandler - 

Request DefaultFullHttpRequest(decodeResult: success, version: HTTP/1.1, content: EmptyByteBufBE)
GET /session/90dd082a64566af5413496e6e7a8a552/url HTTP/1.1
User-Agent: selenium/4.8.1 (java windows)
Cache-Control: no-cache
Content-Type: application/json; charset=utf-8
host: localhost:33686
accept: */*

Response DefaultHttpResponse(decodeResult: success, version: HTTP/1.1)
HTTP/1.1 200 OK
Content-Length: 41
Content-Type: application/json; charset=utf-8
cache-control: no-cache

16:12:26.484 [AsyncHttpClient-1-2] DEBUG org.asynchttpclient.netty.channel.ChannelManager - Adding key: http://localhost:33686 for channel [id: 0x1e4034e1, L:/127.0.0.1:50630 - R:localhost/127.0.0.1:33686]
16:12:26.499 [Forwarding getAlertText on session 90dd082a64566af5413496e6e7a8a552 to remote] DEBUG org.asynchttpclient.netty.request.NettyRequestSender - Using pooled Channel '[id: 0x1e4034e1, L:/127.0.0.1:50630 - R:localhost/127.0.0.1:33686]' for 'GET' to 'http://localhost:33686/session/90dd082a64566af5413496e6e7a8a552/alert/text'
16:12:26.500 [Forwarding getAlertText on session 90dd082a64566af5413496e6e7a8a552 to remote] DEBUG org.asynchttpclient.netty.request.NettyRequestSender - Using open Channel [id: 0x1e4034e1, L:/127.0.0.1:50630 - R:localhost/127.0.0.1:33686] for GET '/session/90dd082a64566af5413496e6e7a8a552/alert/text'
16:12:26.502 [AsyncHttpClient-1-2] DEBUG org.asynchttpclient.netty.handler.HttpHandler - 

Request DefaultFullHttpRequest(decodeResult: success, version: HTTP/1.1, content: EmptyByteBufBE)
GET /session/90dd082a64566af5413496e6e7a8a552/alert/text HTTP/1.1
User-Agent: selenium/4.8.1 (java windows)
Cache-Control: no-cache
Content-Type: application/json; charset=utf-8
host: localhost:33686
accept: */*

Response DefaultHttpResponse(decodeResult: success, version: HTTP/1.1)
HTTP/1.1 404 Not Found
Content-Length: 836
Content-Type: application/json; charset=utf-8
cache-control: no-cache

16:12:26.503 [AsyncHttpClient-1-2] DEBUG org.asynchttpclient.netty.channel.ChannelManager - Adding key: http://localhost:33686 for channel [id: 0x1e4034e1, L:/127.0.0.1:50630 - R:localhost/127.0.0.1:33686]
16:12:26.505 [Forwarding getCurrentUrl on session 90dd082a64566af5413496e6e7a8a552 to remote] DEBUG org.asynchttpclient.netty.request.NettyRequestSender - Using pooled Channel '[id: 0x1e4034e1, L:/127.0.0.1:50630 - R:localhost/127.0.0.1:33686]' for 'GET' to 'http://localhost:33686/session/90dd082a64566af5413496e6e7a8a552/url'
16:12:26.505 [Forwarding getCurrentUrl on session 90dd082a64566af5413496e6e7a8a552 to remote] DEBUG org.asynchttpclient.netty.request.NettyRequestSender - Using open Channel [id: 0x1e4034e1, L:/127.0.0.1:50630 - R:localhost/127.0.0.1:33686] for GET '/session/90dd082a64566af5413496e6e7a8a552/url'
16:12:26.511 [AsyncHttpClient-1-2] DEBUG org.asynchttpclient.netty.handler.HttpHandler - 

Request DefaultFullHttpRequest(decodeResult: success, version: HTTP/1.1, content: EmptyByteBufBE)
GET /session/90dd082a64566af5413496e6e7a8a552/url HTTP/1.1
User-Agent: selenium/4.8.1 (java windows)
Cache-Control: no-cache
Content-Type: application/json; charset=utf-8
host: localhost:33686
accept: */*

Response DefaultHttpResponse(decodeResult: success, version: HTTP/1.1)
HTTP/1.1 200 OK
Content-Length: 41
Content-Type: application/json; charset=utf-8
cache-control: no-cache

16:12:26.511 [AsyncHttpClient-1-2] DEBUG org.asynchttpclient.netty.channel.ChannelManager - Adding key: http://localhost:33686 for channel [id: 0x1e4034e1, L:/127.0.0.1:50630 - R:localhost/127.0.0.1:33686]
16:12:26.512 [Forwarding screenshot on session 90dd082a64566af5413496e6e7a8a552 to remote] DEBUG org.asynchttpclient.netty.request.NettyRequestSender - Using pooled Channel '[id: 0x1e4034e1, L:/127.0.0.1:50630 - R:localhost/127.0.0.1:33686]' for 'GET' to 'http://localhost:33686/session/90dd082a64566af5413496e6e7a8a552/screenshot'
16:12:26.513 [Forwarding screenshot on session 90dd082a64566af5413496e6e7a8a552 to remote] DEBUG org.asynchttpclient.netty.request.NettyRequestSender - Using open Channel [id: 0x1e4034e1, L:/127.0.0.1:50630 - R:localhost/127.0.0.1:33686] for GET '/session/90dd082a64566af5413496e6e7a8a552/screenshot'
16:12:26.582 [AsyncHttpClient-1-2] DEBUG org.asynchttpclient.netty.handler.HttpHandler - 

Request DefaultFullHttpRequest(decodeResult: success, version: HTTP/1.1, content: EmptyByteBufBE)
GET /session/90dd082a64566af5413496e6e7a8a552/screenshot HTTP/1.1
User-Agent: selenium/4.8.1 (java windows)
Cache-Control: no-cache
Content-Type: application/json; charset=utf-8
host: localhost:33686
accept: */*

Response DefaultHttpResponse(decodeResult: success, version: HTTP/1.1)
HTTP/1.1 200 OK
Content-Length: 64700
Content-Type: application/json; charset=utf-8
cache-control: no-cache

16:12:26.583 [AsyncHttpClient-1-2] DEBUG org.asynchttpclient.netty.channel.ChannelManager - Adding key: http://localhost:33686 for channel [id: 0x1e4034e1, L:/127.0.0.1:50630 - R:localhost/127.0.0.1:33686]
16:12:26.586 [main] DEBUG net.serenitybdd.core.photography.Darkroom - Send negative for processing for target\site\serenity\513ad3b6089a6f391579a97d229c34ded9871c687b9c79a3b95019a1a7839ad8.png
16:12:26.589 [Forwarding getPageSource on session 90dd082a64566af5413496e6e7a8a552 to remote] DEBUG org.asynchttpclient.netty.request.NettyRequestSender - Using pooled Channel '[id: 0x1e4034e1, L:/127.0.0.1:50630 - R:localhost/127.0.0.1:33686]' for 'POST' to 'http://localhost:33686/session/90dd082a64566af5413496e6e7a8a552/execute/sync'
16:12:26.589 [Forwarding getPageSource on session 90dd082a64566af5413496e6e7a8a552 to remote] DEBUG org.asynchttpclient.netty.request.NettyRequestSender - Using open Channel [id: 0x1e4034e1, L:/127.0.0.1:50630 - R:localhost/127.0.0.1:33686] for POST '/session/90dd082a64566af5413496e6e7a8a552/execute/sync'
16:12:26.630 [AsyncHttpClient-1-2] DEBUG org.asynchttpclient.netty.handler.HttpHandler - 

Request DefaultHttpRequest(decodeResult: success, version: HTTP/1.1)
POST /session/90dd082a64566af5413496e6e7a8a552/execute/sync HTTP/1.1
User-Agent: selenium/4.8.1 (java windows)
Content-Length: 176
Content-Type: application/json; charset=utf-8
host: localhost:33686
accept: */*

Response DefaultHttpResponse(decodeResult: success, version: HTTP/1.1)
HTTP/1.1 200 OK
Content-Length: 654084
Content-Type: application/json; charset=utf-8
cache-control: no-cache

16:12:26.634 [AsyncHttpClient-1-2] DEBUG org.asynchttpclient.netty.channel.ChannelManager - Adding key: http://localhost:33686 for channel [id: 0x1e4034e1, L:/127.0.0.1:50630 - R:localhost/127.0.0.1:33686]
16:12:27.017 [Forwarding getCurrentUrl on session 90dd082a64566af5413496e6e7a8a552 to remote] DEBUG org.asynchttpclient.netty.request.NettyRequestSender - Using pooled Channel '[id: 0x1e4034e1, L:/127.0.0.1:50630 - R:localhost/127.0.0.1:33686]' for 'GET' to 'http://localhost:33686/session/90dd082a64566af5413496e6e7a8a552/url'
16:12:27.017 [Forwarding getCurrentUrl on session 90dd082a64566af5413496e6e7a8a552 to remote] DEBUG org.asynchttpclient.netty.request.NettyRequestSender - Using open Channel [id: 0x1e4034e1, L:/127.0.0.1:50630 - R:localhost/127.0.0.1:33686] for GET '/session/90dd082a64566af5413496e6e7a8a552/url'
16:12:27.023 [AsyncHttpClient-1-2] DEBUG org.asynchttpclient.netty.handler.HttpHandler - 

Request DefaultFullHttpRequest(decodeResult: success, version: HTTP/1.1, content: EmptyByteBufBE)
GET /session/90dd082a64566af5413496e6e7a8a552/url HTTP/1.1
User-Agent: selenium/4.8.1 (java windows)
Cache-Control: no-cache
Content-Type: application/json; charset=utf-8
host: localhost:33686
accept: */*

Response DefaultHttpResponse(decodeResult: success, version: HTTP/1.1)
HTTP/1.1 200 OK
Content-Length: 41
Content-Type: application/json; charset=utf-8
cache-control: no-cache

16:12:27.024 [AsyncHttpClient-1-2] DEBUG org.asynchttpclient.netty.channel.ChannelManager - Adding key: http://localhost:33686 for channel [id: 0x1e4034e1, L:/127.0.0.1:50630 - R:localhost/127.0.0.1:33686]
16:12:27.029 [main] DEBUG net.thucydides.core.steps.StepInterceptor - STARTING STEP: LoginSteps.clickLoginButton - clickLogin
16:12:27.036 [Forwarding findElement on session 90dd082a64566af5413496e6e7a8a552 to remote] DEBUG org.asynchttpclient.netty.request.NettyRequestSender - Using pooled Channel '[id: 0x1e4034e1, L:/127.0.0.1:50630 - R:localhost/127.0.0.1:33686]' for 'POST' to 'http://localhost:33686/session/90dd082a64566af5413496e6e7a8a552/element'
16:12:27.037 [Forwarding findElement on session 90dd082a64566af5413496e6e7a8a552 to remote] DEBUG org.asynchttpclient.netty.request.NettyRequestSender - Using open Channel [id: 0x1e4034e1, L:/127.0.0.1:50630 - R:localhost/127.0.0.1:33686] for POST '/session/90dd082a64566af5413496e6e7a8a552/element'
16:12:27.051 [AsyncHttpClient-1-2] DEBUG org.asynchttpclient.netty.handler.HttpHandler - 

Request DefaultHttpRequest(decodeResult: success, version: HTTP/1.1)
POST /session/90dd082a64566af5413496e6e7a8a552/element HTTP/1.1
User-Agent: selenium/4.8.1 (java windows)
Content-Length: 87
Content-Type: application/json; charset=utf-8
host: localhost:33686
accept: */*

Response DefaultHttpResponse(decodeResult: success, version: HTTP/1.1)
HTTP/1.1 200 OK
Content-Length: 88
Content-Type: application/json; charset=utf-8
cache-control: no-cache

16:12:27.051 [AsyncHttpClient-1-2] DEBUG org.asynchttpclient.netty.channel.ChannelManager - Adding key: http://localhost:33686 for channel [id: 0x1e4034e1, L:/127.0.0.1:50630 - R:localhost/127.0.0.1:33686]
16:12:27.055 [Forwarding getElementTagName on session 90dd082a64566af5413496e6e7a8a552 to remote] DEBUG org.asynchttpclient.netty.request.NettyRequestSender - Using pooled Channel '[id: 0x1e4034e1, L:/127.0.0.1:50630 - R:localhost/127.0.0.1:33686]' for 'GET' to 'http://localhost:33686/session/90dd082a64566af5413496e6e7a8a552/element/b3055482-93a2-4676-970e-43b7a808721a/name'
16:12:27.055 [Forwarding getElementTagName on session 90dd082a64566af5413496e6e7a8a552 to remote] DEBUG org.asynchttpclient.netty.request.NettyRequestSender - Using open Channel [id: 0x1e4034e1, L:/127.0.0.1:50630 - R:localhost/127.0.0.1:33686] for GET '/session/90dd082a64566af5413496e6e7a8a552/element/b3055482-93a2-4676-970e-43b7a808721a/name'
16:12:27.279 [AsyncHttpClient-1-2] DEBUG org.asynchttpclient.netty.handler.HttpHandler - 

Request DefaultFullHttpRequest(decodeResult: success, version: HTTP/1.1, content: EmptyByteBufBE)
GET /session/90dd082a64566af5413496e6e7a8a552/element/b3055482-93a2-4676-970e-43b7a808721a/name HTTP/1.1
User-Agent: selenium/4.8.1 (java windows)
Cache-Control: no-cache
Content-Type: application/json; charset=utf-8
host: localhost:33686
accept: */*

Response DefaultHttpResponse(decodeResult: success, version: HTTP/1.1)
HTTP/1.1 200 OK
Content-Length: 18
Content-Type: application/json; charset=utf-8
cache-control: no-cache

16:12:27.280 [AsyncHttpClient-1-2] DEBUG org.asynchttpclient.netty.channel.ChannelManager - Adding key: http://localhost:33686 for channel [id: 0x1e4034e1, L:/127.0.0.1:50630 - R:localhost/127.0.0.1:33686]
16:12:27.283 [Forwarding getElementTagName on session 90dd082a64566af5413496e6e7a8a552 to remote] DEBUG org.asynchttpclient.netty.request.NettyRequestSender - Using pooled Channel '[id: 0x1e4034e1, L:/127.0.0.1:50630 - R:localhost/127.0.0.1:33686]' for 'GET' to 'http://localhost:33686/session/90dd082a64566af5413496e6e7a8a552/element/b3055482-93a2-4676-970e-43b7a808721a/name'
16:12:27.284 [Forwarding getElementTagName on session 90dd082a64566af5413496e6e7a8a552 to remote] DEBUG org.asynchttpclient.netty.request.NettyRequestSender - Using open Channel [id: 0x1e4034e1, L:/127.0.0.1:50630 - R:localhost/127.0.0.1:33686] for GET '/session/90dd082a64566af5413496e6e7a8a552/element/b3055482-93a2-4676-970e-43b7a808721a/name'
16:12:27.291 [AsyncHttpClient-1-2] DEBUG org.asynchttpclient.netty.handler.HttpHandler - 

Request DefaultFullHttpRequest(decodeResult: success, version: HTTP/1.1, content: EmptyByteBufBE)
GET /session/90dd082a64566af5413496e6e7a8a552/element/b3055482-93a2-4676-970e-43b7a808721a/name HTTP/1.1
User-Agent: selenium/4.8.1 (java windows)
Cache-Control: no-cache
Content-Type: application/json; charset=utf-8
host: localhost:33686
accept: */*

Response DefaultHttpResponse(decodeResult: success, version: HTTP/1.1)
HTTP/1.1 200 OK
Content-Length: 18
Content-Type: application/json; charset=utf-8
cache-control: no-cache

16:12:27.291 [AsyncHttpClient-1-2] DEBUG org.asynchttpclient.netty.channel.ChannelManager - Adding key: http://localhost:33686 for channel [id: 0x1e4034e1, L:/127.0.0.1:50630 - R:localhost/127.0.0.1:33686]
16:12:27.297 [Forwarding isElementEnabled on session 90dd082a64566af5413496e6e7a8a552 to remote] DEBUG org.asynchttpclient.netty.request.NettyRequestSender - Using pooled Channel '[id: 0x1e4034e1, L:/127.0.0.1:50630 - R:localhost/127.0.0.1:33686]' for 'GET' to 'http://localhost:33686/session/90dd082a64566af5413496e6e7a8a552/element/b3055482-93a2-4676-970e-43b7a808721a/enabled'
16:12:27.298 [Forwarding isElementEnabled on session 90dd082a64566af5413496e6e7a8a552 to remote] DEBUG org.asynchttpclient.netty.request.NettyRequestSender - Using open Channel [id: 0x1e4034e1, L:/127.0.0.1:50630 - R:localhost/127.0.0.1:33686] for GET '/session/90dd082a64566af5413496e6e7a8a552/element/b3055482-93a2-4676-970e-43b7a808721a/enabled'
16:12:27.382 [AsyncHttpClient-1-2] DEBUG org.asynchttpclient.netty.handler.HttpHandler - 

Request DefaultFullHttpRequest(decodeResult: success, version: HTTP/1.1, content: EmptyByteBufBE)
GET /session/90dd082a64566af5413496e6e7a8a552/element/b3055482-93a2-4676-970e-43b7a808721a/enabled HTTP/1.1
User-Agent: selenium/4.8.1 (java windows)
Cache-Control: no-cache
Content-Type: application/json; charset=utf-8
host: localhost:33686
accept: */*

Response DefaultHttpResponse(decodeResult: success, version: HTTP/1.1)
HTTP/1.1 200 OK
Content-Length: 14
Content-Type: application/json; charset=utf-8
cache-control: no-cache

16:12:27.382 [AsyncHttpClient-1-2] DEBUG org.asynchttpclient.netty.channel.ChannelManager - Adding key: http://localhost:33686 for channel [id: 0x1e4034e1, L:/127.0.0.1:50630 - R:localhost/127.0.0.1:33686]
16:12:27.384 [Forwarding isElementEnabled on session 90dd082a64566af5413496e6e7a8a552 to remote] DEBUG org.asynchttpclient.netty.request.NettyRequestSender - Using pooled Channel '[id: 0x1e4034e1, L:/127.0.0.1:50630 - R:localhost/127.0.0.1:33686]' for 'GET' to 'http://localhost:33686/session/90dd082a64566af5413496e6e7a8a552/element/b3055482-93a2-4676-970e-43b7a808721a/enabled'
16:12:27.385 [Forwarding isElementEnabled on session 90dd082a64566af5413496e6e7a8a552 to remote] DEBUG org.asynchttpclient.netty.request.NettyRequestSender - Using open Channel [id: 0x1e4034e1, L:/127.0.0.1:50630 - R:localhost/127.0.0.1:33686] for GET '/session/90dd082a64566af5413496e6e7a8a552/element/b3055482-93a2-4676-970e-43b7a808721a/enabled'
16:12:27.392 [AsyncHttpClient-1-2] DEBUG org.asynchttpclient.netty.handler.HttpHandler - 

Request DefaultFullHttpRequest(decodeResult: success, version: HTTP/1.1, content: EmptyByteBufBE)
GET /session/90dd082a64566af5413496e6e7a8a552/element/b3055482-93a2-4676-970e-43b7a808721a/enabled HTTP/1.1
User-Agent: selenium/4.8.1 (java windows)
Cache-Control: no-cache
Content-Type: application/json; charset=utf-8
host: localhost:33686
accept: */*

Response DefaultHttpResponse(decodeResult: success, version: HTTP/1.1)
HTTP/1.1 200 OK
Content-Length: 14
Content-Type: application/json; charset=utf-8
cache-control: no-cache

16:12:27.392 [AsyncHttpClient-1-2] DEBUG org.asynchttpclient.netty.channel.ChannelManager - Adding key: http://localhost:33686 for channel [id: 0x1e4034e1, L:/127.0.0.1:50630 - R:localhost/127.0.0.1:33686]
16:12:27.395 [Forwarding findElement on session 90dd082a64566af5413496e6e7a8a552 to remote] DEBUG org.asynchttpclient.netty.request.NettyRequestSender - Using pooled Channel '[id: 0x1e4034e1, L:/127.0.0.1:50630 - R:localhost/127.0.0.1:33686]' for 'POST' to 'http://localhost:33686/session/90dd082a64566af5413496e6e7a8a552/element'
16:12:27.395 [Forwarding findElement on session 90dd082a64566af5413496e6e7a8a552 to remote] DEBUG org.asynchttpclient.netty.request.NettyRequestSender - Using open Channel [id: 0x1e4034e1, L:/127.0.0.1:50630 - R:localhost/127.0.0.1:33686] for POST '/session/90dd082a64566af5413496e6e7a8a552/element'
16:12:27.396 [AsyncHttpClient-1-1] DEBUG org.asynchttpclient.netty.channel.DefaultChannelPool - Entry count for : http://localhost:50633 : 1
16:12:27.403 [AsyncHttpClient-1-2] DEBUG org.asynchttpclient.netty.handler.HttpHandler - 

Request DefaultHttpRequest(decodeResult: success, version: HTTP/1.1)
POST /session/90dd082a64566af5413496e6e7a8a552/element HTTP/1.1
User-Agent: selenium/4.8.1 (java windows)
Content-Length: 87
Content-Type: application/json; charset=utf-8
host: localhost:33686
accept: */*

Response DefaultHttpResponse(decodeResult: success, version: HTTP/1.1)
HTTP/1.1 200 OK
Content-Length: 88
Content-Type: application/json; charset=utf-8
cache-control: no-cache

16:12:27.403 [AsyncHttpClient-1-2] DEBUG org.asynchttpclient.netty.channel.ChannelManager - Adding key: http://localhost:33686 for channel [id: 0x1e4034e1, L:/127.0.0.1:50630 - R:localhost/127.0.0.1:33686]
16:12:27.404 [Forwarding clickElement on session 90dd082a64566af5413496e6e7a8a552 to remote] DEBUG org.asynchttpclient.netty.request.NettyRequestSender - Using pooled Channel '[id: 0x1e4034e1, L:/127.0.0.1:50630 - R:localhost/127.0.0.1:33686]' for 'POST' to 'http://localhost:33686/session/90dd082a64566af5413496e6e7a8a552/element/b3055482-93a2-4676-970e-43b7a808721a/click'
16:12:27.405 [Forwarding clickElement on session 90dd082a64566af5413496e6e7a8a552 to remote] DEBUG org.asynchttpclient.netty.request.NettyRequestSender - Using open Channel [id: 0x1e4034e1, L:/127.0.0.1:50630 - R:localhost/127.0.0.1:33686] for POST '/session/90dd082a64566af5413496e6e7a8a552/element/b3055482-93a2-4676-970e-43b7a808721a/click'
16:12:27.578 [AsyncHttpClient-1-2] DEBUG org.asynchttpclient.netty.handler.HttpHandler - 

Request DefaultHttpRequest(decodeResult: success, version: HTTP/1.1)
POST /session/90dd082a64566af5413496e6e7a8a552/element/b3055482-93a2-4676-970e-43b7a808721a/click HTTP/1.1
User-Agent: selenium/4.8.1 (java windows)
Content-Length: 50
Content-Type: application/json; charset=utf-8
host: localhost:33686
accept: */*

Response DefaultHttpResponse(decodeResult: success, version: HTTP/1.1)
HTTP/1.1 200 OK
Content-Length: 14
Content-Type: application/json; charset=utf-8
cache-control: no-cache

16:12:27.579 [AsyncHttpClient-1-2] DEBUG org.asynchttpclient.netty.channel.ChannelManager - Adding key: http://localhost:33686 for channel [id: 0x1e4034e1, L:/127.0.0.1:50630 - R:localhost/127.0.0.1:33686]
16:12:27.601 [Forwarding getAlertText on session 90dd082a64566af5413496e6e7a8a552 to remote] DEBUG org.asynchttpclient.netty.request.NettyRequestSender - Using pooled Channel '[id: 0x1e4034e1, L:/127.0.0.1:50630 - R:localhost/127.0.0.1:33686]' for 'GET' to 'http://localhost:33686/session/90dd082a64566af5413496e6e7a8a552/alert/text'
16:12:27.601 [Forwarding getAlertText on session 90dd082a64566af5413496e6e7a8a552 to remote] DEBUG org.asynchttpclient.netty.request.NettyRequestSender - Using open Channel [id: 0x1e4034e1, L:/127.0.0.1:50630 - R:localhost/127.0.0.1:33686] for GET '/session/90dd082a64566af5413496e6e7a8a552/alert/text'
16:12:27.716 [AsyncHttpClient-1-2] DEBUG org.asynchttpclient.netty.handler.HttpHandler - 

Request DefaultFullHttpRequest(decodeResult: success, version: HTTP/1.1, content: EmptyByteBufBE)
GET /session/90dd082a64566af5413496e6e7a8a552/alert/text HTTP/1.1
User-Agent: selenium/4.8.1 (java windows)
Cache-Control: no-cache
Content-Type: application/json; charset=utf-8
host: localhost:33686
accept: */*

Response DefaultHttpResponse(decodeResult: success, version: HTTP/1.1)
HTTP/1.1 404 Not Found
Content-Length: 836
Content-Type: application/json; charset=utf-8
cache-control: no-cache

16:12:27.716 [AsyncHttpClient-1-2] DEBUG org.asynchttpclient.netty.channel.ChannelManager - Adding key: http://localhost:33686 for channel [id: 0x1e4034e1, L:/127.0.0.1:50630 - R:localhost/127.0.0.1:33686]
16:12:27.718 [Forwarding getCurrentUrl on session 90dd082a64566af5413496e6e7a8a552 to remote] DEBUG org.asynchttpclient.netty.request.NettyRequestSender - Using pooled Channel '[id: 0x1e4034e1, L:/127.0.0.1:50630 - R:localhost/127.0.0.1:33686]' for 'GET' to 'http://localhost:33686/session/90dd082a64566af5413496e6e7a8a552/url'
16:12:27.719 [Forwarding getCurrentUrl on session 90dd082a64566af5413496e6e7a8a552 to remote] DEBUG org.asynchttpclient.netty.request.NettyRequestSender - Using open Channel [id: 0x1e4034e1, L:/127.0.0.1:50630 - R:localhost/127.0.0.1:33686] for GET '/session/90dd082a64566af5413496e6e7a8a552/url'
16:12:27.724 [AsyncHttpClient-1-2] DEBUG org.asynchttpclient.netty.handler.HttpHandler - 

Request DefaultFullHttpRequest(decodeResult: success, version: HTTP/1.1, content: EmptyByteBufBE)
GET /session/90dd082a64566af5413496e6e7a8a552/url HTTP/1.1
User-Agent: selenium/4.8.1 (java windows)
Cache-Control: no-cache
Content-Type: application/json; charset=utf-8
host: localhost:33686
accept: */*

Response DefaultHttpResponse(decodeResult: success, version: HTTP/1.1)
HTTP/1.1 200 OK
Content-Length: 51
Content-Type: application/json; charset=utf-8
cache-control: no-cache

16:12:27.724 [AsyncHttpClient-1-2] DEBUG org.asynchttpclient.netty.channel.ChannelManager - Adding key: http://localhost:33686 for channel [id: 0x1e4034e1, L:/127.0.0.1:50630 - R:localhost/127.0.0.1:33686]
16:12:27.725 [Forwarding screenshot on session 90dd082a64566af5413496e6e7a8a552 to remote] DEBUG org.asynchttpclient.netty.request.NettyRequestSender - Using pooled Channel '[id: 0x1e4034e1, L:/127.0.0.1:50630 - R:localhost/127.0.0.1:33686]' for 'GET' to 'http://localhost:33686/session/90dd082a64566af5413496e6e7a8a552/screenshot'
16:12:27.725 [Forwarding screenshot on session 90dd082a64566af5413496e6e7a8a552 to remote] DEBUG org.asynchttpclient.netty.request.NettyRequestSender - Using open Channel [id: 0x1e4034e1, L:/127.0.0.1:50630 - R:localhost/127.0.0.1:33686] for GET '/session/90dd082a64566af5413496e6e7a8a552/screenshot'
16:12:28.487 [AsyncHttpClient-1-1] DEBUG org.asynchttpclient.netty.channel.DefaultChannelPool - Entry count for : http://localhost:50633 : 1
16:12:29.587 [AsyncHttpClient-1-1] DEBUG org.asynchttpclient.netty.channel.DefaultChannelPool - Entry count for : http://localhost:50633 : 1
16:12:30.689 [AsyncHttpClient-1-1] DEBUG org.asynchttpclient.netty.channel.DefaultChannelPool - Entry count for : http://localhost:50633 : 1
16:12:31.786 [AsyncHttpClient-1-1] DEBUG org.asynchttpclient.netty.channel.DefaultChannelPool - Entry count for : http://localhost:50633 : 1
16:12:32.863 [AsyncHttpClient-1-2] DEBUG org.asynchttpclient.netty.handler.HttpHandler - 

Request DefaultFullHttpRequest(decodeResult: success, version: HTTP/1.1, content: EmptyByteBufBE)
GET /session/90dd082a64566af5413496e6e7a8a552/screenshot HTTP/1.1
User-Agent: selenium/4.8.1 (java windows)
Cache-Control: no-cache
Content-Type: application/json; charset=utf-8
host: localhost:33686
accept: */*

Response DefaultHttpResponse(decodeResult: success, version: HTTP/1.1)
HTTP/1.1 200 OK
Content-Length: 24076
Content-Type: application/json; charset=utf-8
cache-control: no-cache

16:12:32.864 [AsyncHttpClient-1-2] DEBUG org.asynchttpclient.netty.channel.ChannelManager - Adding key: http://localhost:33686 for channel [id: 0x1e4034e1, L:/127.0.0.1:50630 - R:localhost/127.0.0.1:33686]
16:12:32.868 [main] DEBUG net.serenitybdd.core.photography.Darkroom - Send negative for processing for target\site\serenity\434d7dbc0f1ef65c5c8ccc568870b6c525e36ccb6619320c280ddfeb08c9f31d.png
16:12:32.868 [Darkroom Processing Line] DEBUG net.serenitybdd.core.photography.DarkroomProcessingLine - Processing screenshot image in /var/screenshots/screenshot-3122253397553121078
16:12:32.868 [Darkroom Processing Line] DEBUG net.serenitybdd.core.photography.DarkroomProcessingLine - Saving screenshot to target\site\serenity\434d7dbc0f1ef65c5c8ccc568870b6c525e36ccb6619320c280ddfeb08c9f31d.png
16:12:32.868 [main] DEBUG net.thucydides.core.steps.StepInterceptor - STEP DONE: clickLogin
16:12:32.879 [Forwarding getPageSource on session 90dd082a64566af5413496e6e7a8a552 to remote] DEBUG org.asynchttpclient.netty.request.NettyRequestSender - Using pooled Channel '[id: 0x1e4034e1, L:/127.0.0.1:50630 - R:localhost/127.0.0.1:33686]' for 'POST' to 'http://localhost:33686/session/90dd082a64566af5413496e6e7a8a552/execute/sync'
16:12:32.879 [Forwarding getPageSource on session 90dd082a64566af5413496e6e7a8a552 to remote] DEBUG org.asynchttpclient.netty.request.NettyRequestSender - Using open Channel [id: 0x1e4034e1, L:/127.0.0.1:50630 - R:localhost/127.0.0.1:33686] for POST '/session/90dd082a64566af5413496e6e7a8a552/execute/sync'
16:12:32.887 [AsyncHttpClient-1-2] DEBUG org.asynchttpclient.netty.handler.HttpHandler - 

Request DefaultHttpRequest(decodeResult: success, version: HTTP/1.1)
POST /session/90dd082a64566af5413496e6e7a8a552/execute/sync HTTP/1.1
User-Agent: selenium/4.8.1 (java windows)
Content-Length: 176
Content-Type: application/json; charset=utf-8
host: localhost:33686
accept: */*

Response DefaultHttpResponse(decodeResult: success, version: HTTP/1.1)
HTTP/1.1 200 OK
Content-Length: 21667
Content-Type: application/json; charset=utf-8
cache-control: no-cache

16:12:32.888 [AsyncHttpClient-1-2] DEBUG org.asynchttpclient.netty.channel.ChannelManager - Adding key: http://localhost:33686 for channel [id: 0x1e4034e1, L:/127.0.0.1:50630 - R:localhost/127.0.0.1:33686]
16:12:32.893 [AsyncHttpClient-1-1] DEBUG org.asynchttpclient.netty.channel.DefaultChannelPool - Entry count for : http://localhost:50633 : 1
16:12:32.893 [AsyncHttpClient-1-1] DEBUG org.asynchttpclient.netty.channel.DefaultChannelPool - Entry count for : http://localhost:33686 : 1
16:12:32.907 [Forwarding getCurrentUrl on session 90dd082a64566af5413496e6e7a8a552 to remote] DEBUG org.asynchttpclient.netty.request.NettyRequestSender - Using pooled Channel '[id: 0x1e4034e1, L:/127.0.0.1:50630 - R:localhost/127.0.0.1:33686]' for 'GET' to 'http://localhost:33686/session/90dd082a64566af5413496e6e7a8a552/url'
16:12:32.907 [Forwarding getCurrentUrl on session 90dd082a64566af5413496e6e7a8a552 to remote] DEBUG org.asynchttpclient.netty.request.NettyRequestSender - Using open Channel [id: 0x1e4034e1, L:/127.0.0.1:50630 - R:localhost/127.0.0.1:33686] for GET '/session/90dd082a64566af5413496e6e7a8a552/url'
16:12:32.913 [AsyncHttpClient-1-2] DEBUG org.asynchttpclient.netty.handler.HttpHandler - 

Request DefaultFullHttpRequest(decodeResult: success, version: HTTP/1.1, content: EmptyByteBufBE)
GET /session/90dd082a64566af5413496e6e7a8a552/url HTTP/1.1
User-Agent: selenium/4.8.1 (java windows)
Cache-Control: no-cache
Content-Type: application/json; charset=utf-8
host: localhost:33686
accept: */*

Response DefaultHttpResponse(decodeResult: success, version: HTTP/1.1)
HTTP/1.1 200 OK
Content-Length: 51
Content-Type: application/json; charset=utf-8
cache-control: no-cache

16:12:32.913 [AsyncHttpClient-1-2] DEBUG org.asynchttpclient.netty.channel.ChannelManager - Adding key: http://localhost:33686 for channel [id: 0x1e4034e1, L:/127.0.0.1:50630 - R:localhost/127.0.0.1:33686]
16:12:32.916 [main] DEBUG net.thucydides.core.steps.StepInterceptor - STARTING STEP: LoginSteps.clickLoginButton - validateOnLoginPage
16:12:32.921 [Forwarding findElement on session 90dd082a64566af5413496e6e7a8a552 to remote] DEBUG org.asynchttpclient.netty.request.NettyRequestSender - Using pooled Channel '[id: 0x1e4034e1, L:/127.0.0.1:50630 - R:localhost/127.0.0.1:33686]' for 'POST' to 'http://localhost:33686/session/90dd082a64566af5413496e6e7a8a552/element'
16:12:32.921 [Forwarding findElement on session 90dd082a64566af5413496e6e7a8a552 to remote] DEBUG org.asynchttpclient.netty.request.NettyRequestSender - Using open Channel [id: 0x1e4034e1, L:/127.0.0.1:50630 - R:localhost/127.0.0.1:33686] for POST '/session/90dd082a64566af5413496e6e7a8a552/element'
16:12:32.934 [AsyncHttpClient-1-2] DEBUG org.asynchttpclient.netty.handler.HttpHandler - 

Request DefaultHttpRequest(decodeResult: success, version: HTTP/1.1)
POST /session/90dd082a64566af5413496e6e7a8a552/element HTTP/1.1
User-Agent: selenium/4.8.1 (java windows)
Content-Length: 63
Content-Type: application/json; charset=utf-8
host: localhost:33686
accept: */*

Response DefaultHttpResponse(decodeResult: success, version: HTTP/1.1)
HTTP/1.1 200 OK
Content-Length: 88
Content-Type: application/json; charset=utf-8
cache-control: no-cache

16:12:32.935 [AsyncHttpClient-1-2] DEBUG org.asynchttpclient.netty.channel.ChannelManager - Adding key: http://localhost:33686 for channel [id: 0x1e4034e1, L:/127.0.0.1:50630 - R:localhost/127.0.0.1:33686]
16:12:32.943 [Forwarding isElementDisplayed on session 90dd082a64566af5413496e6e7a8a552 to remote] DEBUG org.asynchttpclient.netty.request.NettyRequestSender - Using pooled Channel '[id: 0x1e4034e1, L:/127.0.0.1:50630 - R:localhost/127.0.0.1:33686]' for 'POST' to 'http://localhost:33686/session/90dd082a64566af5413496e6e7a8a552/execute/sync'
16:12:32.943 [Forwarding isElementDisplayed on session 90dd082a64566af5413496e6e7a8a552 to remote] DEBUG org.asynchttpclient.netty.request.NettyRequestSender - Using open Channel [id: 0x1e4034e1, L:/127.0.0.1:50630 - R:localhost/127.0.0.1:33686] for POST '/session/90dd082a64566af5413496e6e7a8a552/execute/sync'
16:12:32.960 [AsyncHttpClient-1-2] DEBUG org.asynchttpclient.netty.handler.HttpHandler - 

Request DefaultHttpRequest(decodeResult: success, version: HTTP/1.1)
POST /session/90dd082a64566af5413496e6e7a8a552/execute/sync HTTP/1.1
User-Agent: selenium/4.8.1 (java windows)
Content-Length: 48807
Content-Type: application/json; charset=utf-8
host: localhost:33686
accept: */*

Response DefaultHttpResponse(decodeResult: success, version: HTTP/1.1)
HTTP/1.1 200 OK
Content-Length: 14
Content-Type: application/json; charset=utf-8
cache-control: no-cache

16:12:32.960 [AsyncHttpClient-1-2] DEBUG org.asynchttpclient.netty.channel.ChannelManager - Adding key: http://localhost:33686 for channel [id: 0x1e4034e1, L:/127.0.0.1:50630 - R:localhost/127.0.0.1:33686]
16:12:32.967 [Forwarding getAlertText on session 90dd082a64566af5413496e6e7a8a552 to remote] DEBUG org.asynchttpclient.netty.request.NettyRequestSender - Using pooled Channel '[id: 0x1e4034e1, L:/127.0.0.1:50630 - R:localhost/127.0.0.1:33686]' for 'GET' to 'http://localhost:33686/session/90dd082a64566af5413496e6e7a8a552/alert/text'
16:12:32.967 [Forwarding getAlertText on session 90dd082a64566af5413496e6e7a8a552 to remote] DEBUG org.asynchttpclient.netty.request.NettyRequestSender - Using open Channel [id: 0x1e4034e1, L:/127.0.0.1:50630 - R:localhost/127.0.0.1:33686] for GET '/session/90dd082a64566af5413496e6e7a8a552/alert/text'
16:12:32.970 [AsyncHttpClient-1-2] DEBUG org.asynchttpclient.netty.handler.HttpHandler - 

Request DefaultFullHttpRequest(decodeResult: success, version: HTTP/1.1, content: EmptyByteBufBE)
GET /session/90dd082a64566af5413496e6e7a8a552/alert/text HTTP/1.1
User-Agent: selenium/4.8.1 (java windows)
Cache-Control: no-cache
Content-Type: application/json; charset=utf-8
host: localhost:33686
accept: */*

Response DefaultHttpResponse(decodeResult: success, version: HTTP/1.1)
HTTP/1.1 404 Not Found
Content-Length: 836
Content-Type: application/json; charset=utf-8
cache-control: no-cache

16:12:32.970 [AsyncHttpClient-1-2] DEBUG org.asynchttpclient.netty.channel.ChannelManager - Adding key: http://localhost:33686 for channel [id: 0x1e4034e1, L:/127.0.0.1:50630 - R:localhost/127.0.0.1:33686]
16:12:32.972 [Forwarding getCurrentUrl on session 90dd082a64566af5413496e6e7a8a552 to remote] DEBUG org.asynchttpclient.netty.request.NettyRequestSender - Using pooled Channel '[id: 0x1e4034e1, L:/127.0.0.1:50630 - R:localhost/127.0.0.1:33686]' for 'GET' to 'http://localhost:33686/session/90dd082a64566af5413496e6e7a8a552/url'
16:12:32.972 [Forwarding getCurrentUrl on session 90dd082a64566af5413496e6e7a8a552 to remote] DEBUG org.asynchttpclient.netty.request.NettyRequestSender - Using open Channel [id: 0x1e4034e1, L:/127.0.0.1:50630 - R:localhost/127.0.0.1:33686] for GET '/session/90dd082a64566af5413496e6e7a8a552/url'
16:12:32.976 [AsyncHttpClient-1-2] DEBUG org.asynchttpclient.netty.handler.HttpHandler - 

Request DefaultFullHttpRequest(decodeResult: success, version: HTTP/1.1, content: EmptyByteBufBE)
GET /session/90dd082a64566af5413496e6e7a8a552/url HTTP/1.1
User-Agent: selenium/4.8.1 (java windows)
Cache-Control: no-cache
Content-Type: application/json; charset=utf-8
host: localhost:33686
accept: */*

Response DefaultHttpResponse(decodeResult: success, version: HTTP/1.1)
HTTP/1.1 200 OK
Content-Length: 51
Content-Type: application/json; charset=utf-8
cache-control: no-cache

16:12:32.976 [AsyncHttpClient-1-2] DEBUG org.asynchttpclient.netty.channel.ChannelManager - Adding key: http://localhost:33686 for channel [id: 0x1e4034e1, L:/127.0.0.1:50630 - R:localhost/127.0.0.1:33686]
16:12:32.978 [Forwarding screenshot on session 90dd082a64566af5413496e6e7a8a552 to remote] DEBUG org.asynchttpclient.netty.request.NettyRequestSender - Using pooled Channel '[id: 0x1e4034e1, L:/127.0.0.1:50630 - R:localhost/127.0.0.1:33686]' for 'GET' to 'http://localhost:33686/session/90dd082a64566af5413496e6e7a8a552/screenshot'
16:12:32.978 [Forwarding screenshot on session 90dd082a64566af5413496e6e7a8a552 to remote] DEBUG org.asynchttpclient.netty.request.NettyRequestSender - Using open Channel [id: 0x1e4034e1, L:/127.0.0.1:50630 - R:localhost/127.0.0.1:33686] for GET '/session/90dd082a64566af5413496e6e7a8a552/screenshot'
16:12:33.039 [AsyncHttpClient-1-2] DEBUG org.asynchttpclient.netty.handler.HttpHandler - 

Request DefaultFullHttpRequest(decodeResult: success, version: HTTP/1.1, content: EmptyByteBufBE)
GET /session/90dd082a64566af5413496e6e7a8a552/screenshot HTTP/1.1
User-Agent: selenium/4.8.1 (java windows)
Cache-Control: no-cache
Content-Type: application/json; charset=utf-8
host: localhost:33686
accept: */*

Response DefaultHttpResponse(decodeResult: success, version: HTTP/1.1)
HTTP/1.1 200 OK
Content-Length: 24076
Content-Type: application/json; charset=utf-8
cache-control: no-cache

16:12:33.039 [AsyncHttpClient-1-2] DEBUG org.asynchttpclient.netty.channel.ChannelManager - Adding key: http://localhost:33686 for channel [id: 0x1e4034e1, L:/127.0.0.1:50630 - R:localhost/127.0.0.1:33686]
16:12:33.040 [main] DEBUG net.serenitybdd.core.photography.Darkroom - Send negative for processing for target\site\serenity\434d7dbc0f1ef65c5c8ccc568870b6c525e36ccb6619320c280ddfeb08c9f31d.png
16:12:33.041 [main] DEBUG net.thucydides.core.steps.StepInterceptor - STEP DONE: validateOnLoginPage
  &amp#27;[32mWhen &amp#27;[0m&amp#27;[32mI click login button&amp#27;[0m                                &amp#27;[90m# starter.stepdefinitions.LoginSteps.clickLoginButton()&amp#27;[0m
16:12:33.052 [Forwarding getPageSource on session 90dd082a64566af5413496e6e7a8a552 to remote] DEBUG org.asynchttpclient.netty.request.NettyRequestSender - Using pooled Channel '[id: 0x1e4034e1, L:/127.0.0.1:50630 - R:localhost/127.0.0.1:33686]' for 'POST' to 'http://localhost:33686/session/90dd082a64566af5413496e6e7a8a552/execute/sync'
16:12:33.052 [Forwarding getPageSource on session 90dd082a64566af5413496e6e7a8a552 to remote] DEBUG org.asynchttpclient.netty.request.NettyRequestSender - Using open Channel [id: 0x1e4034e1, L:/127.0.0.1:50630 - R:localhost/127.0.0.1:33686] for POST '/session/90dd082a64566af5413496e6e7a8a552/execute/sync'
16:12:33.058 [AsyncHttpClient-1-2] DEBUG org.asynchttpclient.netty.handler.HttpHandler - 

Request DefaultHttpRequest(decodeResult: success, version: HTTP/1.1)
POST /session/90dd082a64566af5413496e6e7a8a552/execute/sync HTTP/1.1
User-Agent: selenium/4.8.1 (java windows)
Content-Length: 176
Content-Type: application/json; charset=utf-8
host: localhost:33686
accept: */*

Response DefaultHttpResponse(decodeResult: success, version: HTTP/1.1)
HTTP/1.1 200 OK
Content-Length: 21667
Content-Type: application/json; charset=utf-8
cache-control: no-cache

16:12:33.058 [AsyncHttpClient-1-2] DEBUG org.asynchttpclient.netty.channel.ChannelManager - Adding key: http://localhost:33686 for channel [id: 0x1e4034e1, L:/127.0.0.1:50630 - R:localhost/127.0.0.1:33686]
16:12:33.062 [Forwarding getCurrentUrl on session 90dd082a64566af5413496e6e7a8a552 to remote] DEBUG org.asynchttpclient.netty.request.NettyRequestSender - Using pooled Channel '[id: 0x1e4034e1, L:/127.0.0.1:50630 - R:localhost/127.0.0.1:33686]' for 'GET' to 'http://localhost:33686/session/90dd082a64566af5413496e6e7a8a552/url'
16:12:33.062 [Forwarding getCurrentUrl on session 90dd082a64566af5413496e6e7a8a552 to remote] DEBUG org.asynchttpclient.netty.request.NettyRequestSender - Using open Channel [id: 0x1e4034e1, L:/127.0.0.1:50630 - R:localhost/127.0.0.1:33686] for GET '/session/90dd082a64566af5413496e6e7a8a552/url'
16:12:33.066 [AsyncHttpClient-1-2] DEBUG org.asynchttpclient.netty.handler.HttpHandler - 

Request DefaultFullHttpRequest(decodeResult: success, version: HTTP/1.1, content: EmptyByteBufBE)
GET /session/90dd082a64566af5413496e6e7a8a552/url HTTP/1.1
User-Agent: selenium/4.8.1 (java windows)
Cache-Control: no-cache
Content-Type: application/json; charset=utf-8
host: localhost:33686
accept: */*

Response DefaultHttpResponse(decodeResult: success, version: HTTP/1.1)
HTTP/1.1 200 OK
Content-Length: 51
Content-Type: application/json; charset=utf-8
cache-control: no-cache

16:12:33.066 [AsyncHttpClient-1-2] DEBUG org.asynchttpclient.netty.channel.ChannelManager - Adding key: http://localhost:33686 for channel [id: 0x1e4034e1, L:/127.0.0.1:50630 - R:localhost/127.0.0.1:33686]
16:12:33.076 [Forwarding getPageSource on session 90dd082a64566af5413496e6e7a8a552 to remote] DEBUG org.asynchttpclient.netty.request.NettyRequestSender - Using pooled Channel '[id: 0x1e4034e1, L:/127.0.0.1:50630 - R:localhost/127.0.0.1:33686]' for 'POST' to 'http://localhost:33686/session/90dd082a64566af5413496e6e7a8a552/execute/sync'
16:12:33.076 [Forwarding getPageSource on session 90dd082a64566af5413496e6e7a8a552 to remote] DEBUG org.asynchttpclient.netty.request.NettyRequestSender - Using open Channel [id: 0x1e4034e1, L:/127.0.0.1:50630 - R:localhost/127.0.0.1:33686] for POST '/session/90dd082a64566af5413496e6e7a8a552/execute/sync'
16:12:33.081 [AsyncHttpClient-1-2] DEBUG org.asynchttpclient.netty.handler.HttpHandler - 

Request DefaultHttpRequest(decodeResult: success, version: HTTP/1.1)
POST /session/90dd082a64566af5413496e6e7a8a552/execute/sync HTTP/1.1
User-Agent: selenium/4.8.1 (java windows)
Content-Length: 176
Content-Type: application/json; charset=utf-8
host: localhost:33686
accept: */*

Response DefaultHttpResponse(decodeResult: success, version: HTTP/1.1)
HTTP/1.1 200 OK
Content-Length: 21667
Content-Type: application/json; charset=utf-8
cache-control: no-cache

16:12:33.081 [AsyncHttpClient-1-2] DEBUG org.asynchttpclient.netty.channel.ChannelManager - Adding key: http://localhost:33686 for channel [id: 0x1e4034e1, L:/127.0.0.1:50630 - R:localhost/127.0.0.1:33686]
16:12:33.085 [Forwarding getCurrentUrl on session 90dd082a64566af5413496e6e7a8a552 to remote] DEBUG org.asynchttpclient.netty.request.NettyRequestSender - Using pooled Channel '[id: 0x1e4034e1, L:/127.0.0.1:50630 - R:localhost/127.0.0.1:33686]' for 'GET' to 'http://localhost:33686/session/90dd082a64566af5413496e6e7a8a552/url'
16:12:33.085 [Forwarding getCurrentUrl on session 90dd082a64566af5413496e6e7a8a552 to remote] DEBUG org.asynchttpclient.netty.request.NettyRequestSender - Using open Channel [id: 0x1e4034e1, L:/127.0.0.1:50630 - R:localhost/127.0.0.1:33686] for GET '/session/90dd082a64566af5413496e6e7a8a552/url'
16:12:33.090 [AsyncHttpClient-1-2] DEBUG org.asynchttpclient.netty.handler.HttpHandler - 

Request DefaultFullHttpRequest(decodeResult: success, version: HTTP/1.1, content: EmptyByteBufBE)
GET /session/90dd082a64566af5413496e6e7a8a552/url HTTP/1.1
User-Agent: selenium/4.8.1 (java windows)
Cache-Control: no-cache
Content-Type: application/json; charset=utf-8
host: localhost:33686
accept: */*

Response DefaultHttpResponse(decodeResult: success, version: HTTP/1.1)
HTTP/1.1 200 OK
Content-Length: 51
Content-Type: application/json; charset=utf-8
cache-control: no-cache

16:12:33.090 [AsyncHttpClient-1-2] DEBUG org.asynchttpclient.netty.channel.ChannelManager - Adding key: http://localhost:33686 for channel [id: 0x1e4034e1, L:/127.0.0.1:50630 - R:localhost/127.0.0.1:33686]
16:12:33.094 [main] DEBUG net.thucydides.core.steps.StepInterceptor - STARTING STEP: LoginSteps.inputInvalidUsername - inputUserName
16:12:33.100 [Forwarding findElement on session 90dd082a64566af5413496e6e7a8a552 to remote] DEBUG org.asynchttpclient.netty.request.NettyRequestSender - Using pooled Channel '[id: 0x1e4034e1, L:/127.0.0.1:50630 - R:localhost/127.0.0.1:33686]' for 'POST' to 'http://localhost:33686/session/90dd082a64566af5413496e6e7a8a552/element'
16:12:33.100 [Forwarding findElement on session 90dd082a64566af5413496e6e7a8a552 to remote] DEBUG org.asynchttpclient.netty.request.NettyRequestSender - Using open Channel [id: 0x1e4034e1, L:/127.0.0.1:50630 - R:localhost/127.0.0.1:33686] for POST '/session/90dd082a64566af5413496e6e7a8a552/element'
16:12:33.112 [AsyncHttpClient-1-2] DEBUG org.asynchttpclient.netty.handler.HttpHandler - 

Request DefaultHttpRequest(decodeResult: success, version: HTTP/1.1)
POST /session/90dd082a64566af5413496e6e7a8a552/element HTTP/1.1
User-Agent: selenium/4.8.1 (java windows)
Content-Length: 86
Content-Type: application/json; charset=utf-8
host: localhost:33686
accept: */*

Response DefaultHttpResponse(decodeResult: success, version: HTTP/1.1)
HTTP/1.1 200 OK
Content-Length: 88
Content-Type: application/json; charset=utf-8
cache-control: no-cache

16:12:33.112 [AsyncHttpClient-1-2] DEBUG org.asynchttpclient.netty.channel.ChannelManager - Adding key: http://localhost:33686 for channel [id: 0x1e4034e1, L:/127.0.0.1:50630 - R:localhost/127.0.0.1:33686]
16:12:33.114 [Forwarding clearElement on session 90dd082a64566af5413496e6e7a8a552 to remote] DEBUG org.asynchttpclient.netty.request.NettyRequestSender - Using pooled Channel '[id: 0x1e4034e1, L:/127.0.0.1:50630 - R:localhost/127.0.0.1:33686]' for 'POST' to 'http://localhost:33686/session/90dd082a64566af5413496e6e7a8a552/element/6b124f53-f17b-47af-bfe6-305259bdfac2/clear'
16:12:33.114 [Forwarding clearElement on session 90dd082a64566af5413496e6e7a8a552 to remote] DEBUG org.asynchttpclient.netty.request.NettyRequestSender - Using open Channel [id: 0x1e4034e1, L:/127.0.0.1:50630 - R:localhost/127.0.0.1:33686] for POST '/session/90dd082a64566af5413496e6e7a8a552/element/6b124f53-f17b-47af-bfe6-305259bdfac2/clear'
16:12:33.184 [AsyncHttpClient-1-2] DEBUG org.asynchttpclient.netty.handler.HttpHandler - 

Request DefaultHttpRequest(decodeResult: success, version: HTTP/1.1)
POST /session/90dd082a64566af5413496e6e7a8a552/element/6b124f53-f17b-47af-bfe6-305259bdfac2/clear HTTP/1.1
User-Agent: selenium/4.8.1 (java windows)
Content-Length: 50
Content-Type: application/json; charset=utf-8
host: localhost:33686
accept: */*

Response DefaultHttpResponse(decodeResult: success, version: HTTP/1.1)
HTTP/1.1 200 OK
Content-Length: 14
Content-Type: application/json; charset=utf-8
cache-control: no-cache

16:12:33.185 [AsyncHttpClient-1-2] DEBUG org.asynchttpclient.netty.channel.ChannelManager - Adding key: http://localhost:33686 for channel [id: 0x1e4034e1, L:/127.0.0.1:50630 - R:localhost/127.0.0.1:33686]
16:12:33.193 [Forwarding sendKeysToElement on session 90dd082a64566af5413496e6e7a8a552 to remote] DEBUG org.asynchttpclient.netty.request.NettyRequestSender - Using pooled Channel '[id: 0x1e4034e1, L:/127.0.0.1:50630 - R:localhost/127.0.0.1:33686]' for 'POST' to 'http://localhost:33686/session/90dd082a64566af5413496e6e7a8a552/element/6b124f53-f17b-47af-bfe6-305259bdfac2/value'
16:12:33.194 [Forwarding sendKeysToElement on session 90dd082a64566af5413496e6e7a8a552 to remote] DEBUG org.asynchttpclient.netty.request.NettyRequestSender - Using open Channel [id: 0x1e4034e1, L:/127.0.0.1:50630 - R:localhost/127.0.0.1:33686] for POST '/session/90dd082a64566af5413496e6e7a8a552/element/6b124f53-f17b-47af-bfe6-305259bdfac2/value'
16:12:33.398 [AsyncHttpClient-1-2] DEBUG org.asynchttpclient.netty.handler.HttpHandler - 

Request DefaultHttpRequest(decodeResult: success, version: HTTP/1.1)
POST /session/90dd082a64566af5413496e6e7a8a552/element/6b124f53-f17b-47af-bfe6-305259bdfac2/value HTTP/1.1
User-Agent: selenium/4.8.1 (java windows)
Content-Length: 171
Content-Type: application/json; charset=utf-8
host: localhost:33686
accept: */*

Response DefaultHttpResponse(decodeResult: success, version: HTTP/1.1)
HTTP/1.1 200 OK
Content-Length: 14
Content-Type: application/json; charset=utf-8
cache-control: no-cache

16:12:33.398 [AsyncHttpClient-1-2] DEBUG org.asynchttpclient.netty.channel.ChannelManager - Adding key: http://localhost:33686 for channel [id: 0x1e4034e1, L:/127.0.0.1:50630 - R:localhost/127.0.0.1:33686]
16:12:33.405 [Forwarding getAlertText on session 90dd082a64566af5413496e6e7a8a552 to remote] DEBUG org.asynchttpclient.netty.request.NettyRequestSender - Using pooled Channel '[id: 0x1e4034e1, L:/127.0.0.1:50630 - R:localhost/127.0.0.1:33686]' for 'GET' to 'http://localhost:33686/session/90dd082a64566af5413496e6e7a8a552/alert/text'
16:12:33.405 [Forwarding getAlertText on session 90dd082a64566af5413496e6e7a8a552 to remote] DEBUG org.asynchttpclient.netty.request.NettyRequestSender - Using open Channel [id: 0x1e4034e1, L:/127.0.0.1:50630 - R:localhost/127.0.0.1:33686] for GET '/session/90dd082a64566af5413496e6e7a8a552/alert/text'
16:12:33.408 [AsyncHttpClient-1-2] DEBUG org.asynchttpclient.netty.handler.HttpHandler - 

Request DefaultFullHttpRequest(decodeResult: success, version: HTTP/1.1, content: EmptyByteBufBE)
GET /session/90dd082a64566af5413496e6e7a8a552/alert/text HTTP/1.1
User-Agent: selenium/4.8.1 (java windows)
Cache-Control: no-cache
Content-Type: application/json; charset=utf-8
host: localhost:33686
accept: */*

Response DefaultHttpResponse(decodeResult: success, version: HTTP/1.1)
HTTP/1.1 404 Not Found
Content-Length: 836
Content-Type: application/json; charset=utf-8
cache-control: no-cache

16:12:33.409 [AsyncHttpClient-1-2] DEBUG org.asynchttpclient.netty.channel.ChannelManager - Adding key: http://localhost:33686 for channel [id: 0x1e4034e1, L:/127.0.0.1:50630 - R:localhost/127.0.0.1:33686]
16:12:33.411 [Forwarding getCurrentUrl on session 90dd082a64566af5413496e6e7a8a552 to remote] DEBUG org.asynchttpclient.netty.request.NettyRequestSender - Using pooled Channel '[id: 0x1e4034e1, L:/127.0.0.1:50630 - R:localhost/127.0.0.1:33686]' for 'GET' to 'http://localhost:33686/session/90dd082a64566af5413496e6e7a8a552/url'
16:12:33.411 [Forwarding getCurrentUrl on session 90dd082a64566af5413496e6e7a8a552 to remote] DEBUG org.asynchttpclient.netty.request.NettyRequestSender - Using open Channel [id: 0x1e4034e1, L:/127.0.0.1:50630 - R:localhost/127.0.0.1:33686] for GET '/session/90dd082a64566af5413496e6e7a8a552/url'
16:12:33.416 [AsyncHttpClient-1-2] DEBUG org.asynchttpclient.netty.handler.HttpHandler - 

Request DefaultFullHttpRequest(decodeResult: success, version: HTTP/1.1, content: EmptyByteBufBE)
GET /session/90dd082a64566af5413496e6e7a8a552/url HTTP/1.1
User-Agent: selenium/4.8.1 (java windows)
Cache-Control: no-cache
Content-Type: application/json; charset=utf-8
host: localhost:33686
accept: */*

Response DefaultHttpResponse(decodeResult: success, version: HTTP/1.1)
HTTP/1.1 200 OK
Content-Length: 51
Content-Type: application/json; charset=utf-8
cache-control: no-cache

16:12:33.417 [AsyncHttpClient-1-2] DEBUG org.asynchttpclient.netty.channel.ChannelManager - Adding key: http://localhost:33686 for channel [id: 0x1e4034e1, L:/127.0.0.1:50630 - R:localhost/127.0.0.1:33686]
16:12:33.418 [Forwarding screenshot on session 90dd082a64566af5413496e6e7a8a552 to remote] DEBUG org.asynchttpclient.netty.request.NettyRequestSender - Using pooled Channel '[id: 0x1e4034e1, L:/127.0.0.1:50630 - R:localhost/127.0.0.1:33686]' for 'GET' to 'http://localhost:33686/session/90dd082a64566af5413496e6e7a8a552/screenshot'
16:12:33.418 [Forwarding screenshot on session 90dd082a64566af5413496e6e7a8a552 to remote] DEBUG org.asynchttpclient.netty.request.NettyRequestSender - Using open Channel [id: 0x1e4034e1, L:/127.0.0.1:50630 - R:localhost/127.0.0.1:33686] for GET '/session/90dd082a64566af5413496e6e7a8a552/screenshot'
16:12:33.988 [AsyncHttpClient-1-1] DEBUG org.asynchttpclient.netty.channel.DefaultChannelPool - Entry count for : http://localhost:50633 : 1
16:12:35.086 [AsyncHttpClient-1-1] DEBUG org.asynchttpclient.netty.channel.DefaultChannelPool - Entry count for : http://localhost:50633 : 1
16:12:35.805 [AsyncHttpClient-1-2] DEBUG org.asynchttpclient.netty.handler.HttpHandler - 

Request DefaultFullHttpRequest(decodeResult: success, version: HTTP/1.1, content: EmptyByteBufBE)
GET /session/90dd082a64566af5413496e6e7a8a552/screenshot HTTP/1.1
User-Agent: selenium/4.8.1 (java windows)
Cache-Control: no-cache
Content-Type: application/json; charset=utf-8
host: localhost:33686
accept: */*

Response DefaultHttpResponse(decodeResult: success, version: HTTP/1.1)
HTTP/1.1 200 OK
Content-Length: 26604
Content-Type: application/json; charset=utf-8
cache-control: no-cache

16:12:35.806 [AsyncHttpClient-1-2] DEBUG org.asynchttpclient.netty.channel.ChannelManager - Adding key: http://localhost:33686 for channel [id: 0x1e4034e1, L:/127.0.0.1:50630 - R:localhost/127.0.0.1:33686]
16:12:35.810 [main] DEBUG net.serenitybdd.core.photography.Darkroom - Send negative for processing for target\site\serenity\80ffa5e7c5cfc571bb1833ef341ee08784862752182011576b01a3a5774a559c.png
16:12:35.810 [main] DEBUG net.thucydides.core.steps.StepInterceptor - STEP DONE: inputUserName
  &amp#27;[32mAnd &amp#27;[0m&amp#27;[32mI input invalid username&amp#27;[0m                             &amp#27;[90m# starter.stepdefinitions.LoginSteps.inputInvalidUsername()&amp#27;[0m
16:12:35.811 [Darkroom Processing Line] DEBUG net.serenitybdd.core.photography.DarkroomProcessingLine - Processing screenshot image in /var/screenshots/screenshot-6476664276749117726
16:12:35.811 [Darkroom Processing Line] DEBUG net.serenitybdd.core.photography.DarkroomProcessingLine - Saving screenshot to target\site\serenity\80ffa5e7c5cfc571bb1833ef341ee08784862752182011576b01a3a5774a559c.png
16:12:35.826 [Forwarding getPageSource on session 90dd082a64566af5413496e6e7a8a552 to remote] DEBUG org.asynchttpclient.netty.request.NettyRequestSender - Using pooled Channel '[id: 0x1e4034e1, L:/127.0.0.1:50630 - R:localhost/127.0.0.1:33686]' for 'POST' to 'http://localhost:33686/session/90dd082a64566af5413496e6e7a8a552/execute/sync'
16:12:35.826 [Forwarding getPageSource on session 90dd082a64566af5413496e6e7a8a552 to remote] DEBUG org.asynchttpclient.netty.request.NettyRequestSender - Using open Channel [id: 0x1e4034e1, L:/127.0.0.1:50630 - R:localhost/127.0.0.1:33686] for POST '/session/90dd082a64566af5413496e6e7a8a552/execute/sync'
16:12:35.836 [AsyncHttpClient-1-2] DEBUG org.asynchttpclient.netty.handler.HttpHandler - 

Request DefaultHttpRequest(decodeResult: success, version: HTTP/1.1)
POST /session/90dd082a64566af5413496e6e7a8a552/execute/sync HTTP/1.1
User-Agent: selenium/4.8.1 (java windows)
Content-Length: 176
Content-Type: application/json; charset=utf-8
host: localhost:33686
accept: */*

Response DefaultHttpResponse(decodeResult: success, version: HTTP/1.1)
HTTP/1.1 200 OK
Content-Length: 21788
Content-Type: application/json; charset=utf-8
cache-control: no-cache

16:12:35.836 [AsyncHttpClient-1-2] DEBUG org.asynchttpclient.netty.channel.ChannelManager - Adding key: http://localhost:33686 for channel [id: 0x1e4034e1, L:/127.0.0.1:50630 - R:localhost/127.0.0.1:33686]
16:12:35.841 [Forwarding getCurrentUrl on session 90dd082a64566af5413496e6e7a8a552 to remote] DEBUG org.asynchttpclient.netty.request.NettyRequestSender - Using pooled Channel '[id: 0x1e4034e1, L:/127.0.0.1:50630 - R:localhost/127.0.0.1:33686]' for 'GET' to 'http://localhost:33686/session/90dd082a64566af5413496e6e7a8a552/url'
16:12:35.841 [Forwarding getCurrentUrl on session 90dd082a64566af5413496e6e7a8a552 to remote] DEBUG org.asynchttpclient.netty.request.NettyRequestSender - Using open Channel [id: 0x1e4034e1, L:/127.0.0.1:50630 - R:localhost/127.0.0.1:33686] for GET '/session/90dd082a64566af5413496e6e7a8a552/url'
16:12:35.846 [AsyncHttpClient-1-2] DEBUG org.asynchttpclient.netty.handler.HttpHandler - 

Request DefaultFullHttpRequest(decodeResult: success, version: HTTP/1.1, content: EmptyByteBufBE)
GET /session/90dd082a64566af5413496e6e7a8a552/url HTTP/1.1
User-Agent: selenium/4.8.1 (java windows)
Cache-Control: no-cache
Content-Type: application/json; charset=utf-8
host: localhost:33686
accept: */*

Response DefaultHttpResponse(decodeResult: success, version: HTTP/1.1)
HTTP/1.1 200 OK
Content-Length: 51
Content-Type: application/json; charset=utf-8
cache-control: no-cache

16:12:35.846 [AsyncHttpClient-1-2] DEBUG org.asynchttpclient.netty.channel.ChannelManager - Adding key: http://localhost:33686 for channel [id: 0x1e4034e1, L:/127.0.0.1:50630 - R:localhost/127.0.0.1:33686]
16:12:35.855 [Forwarding getPageSource on session 90dd082a64566af5413496e6e7a8a552 to remote] DEBUG org.asynchttpclient.netty.request.NettyRequestSender - Using pooled Channel '[id: 0x1e4034e1, L:/127.0.0.1:50630 - R:localhost/127.0.0.1:33686]' for 'POST' to 'http://localhost:33686/session/90dd082a64566af5413496e6e7a8a552/execute/sync'
16:12:35.856 [Forwarding getPageSource on session 90dd082a64566af5413496e6e7a8a552 to remote] DEBUG org.asynchttpclient.netty.request.NettyRequestSender - Using open Channel [id: 0x1e4034e1, L:/127.0.0.1:50630 - R:localhost/127.0.0.1:33686] for POST '/session/90dd082a64566af5413496e6e7a8a552/execute/sync'
16:12:35.864 [AsyncHttpClient-1-2] DEBUG org.asynchttpclient.netty.handler.HttpHandler - 

Request DefaultHttpRequest(decodeResult: success, version: HTTP/1.1)
POST /session/90dd082a64566af5413496e6e7a8a552/execute/sync HTTP/1.1
User-Agent: selenium/4.8.1 (java windows)
Content-Length: 176
Content-Type: application/json; charset=utf-8
host: localhost:33686
accept: */*

Response DefaultHttpResponse(decodeResult: success, version: HTTP/1.1)
HTTP/1.1 200 OK
Content-Length: 21788
Content-Type: application/json; charset=utf-8
cache-control: no-cache

16:12:35.865 [AsyncHttpClient-1-2] DEBUG org.asynchttpclient.netty.channel.ChannelManager - Adding key: http://localhost:33686 for channel [id: 0x1e4034e1, L:/127.0.0.1:50630 - R:localhost/127.0.0.1:33686]
16:12:35.869 [Forwarding getCurrentUrl on session 90dd082a64566af5413496e6e7a8a552 to remote] DEBUG org.asynchttpclient.netty.request.NettyRequestSender - Using pooled Channel '[id: 0x1e4034e1, L:/127.0.0.1:50630 - R:localhost/127.0.0.1:33686]' for 'GET' to 'http://localhost:33686/session/90dd082a64566af5413496e6e7a8a552/url'
16:12:35.869 [Forwarding getCurrentUrl on session 90dd082a64566af5413496e6e7a8a552 to remote] DEBUG org.asynchttpclient.netty.request.NettyRequestSender - Using open Channel [id: 0x1e4034e1, L:/127.0.0.1:50630 - R:localhost/127.0.0.1:33686] for GET '/session/90dd082a64566af5413496e6e7a8a552/url'
16:12:35.875 [AsyncHttpClient-1-2] DEBUG org.asynchttpclient.netty.handler.HttpHandler - 

Request DefaultFullHttpRequest(decodeResult: success, version: HTTP/1.1, content: EmptyByteBufBE)
GET /session/90dd082a64566af5413496e6e7a8a552/url HTTP/1.1
User-Agent: selenium/4.8.1 (java windows)
Cache-Control: no-cache
Content-Type: application/json; charset=utf-8
host: localhost:33686
accept: */*

Response DefaultHttpResponse(decodeResult: success, version: HTTP/1.1)
HTTP/1.1 200 OK
Content-Length: 51
Content-Type: application/json; charset=utf-8
cache-control: no-cache

16:12:35.875 [AsyncHttpClient-1-2] DEBUG org.asynchttpclient.netty.channel.ChannelManager - Adding key: http://localhost:33686 for channel [id: 0x1e4034e1, L:/127.0.0.1:50630 - R:localhost/127.0.0.1:33686]
16:12:35.878 [main] DEBUG net.thucydides.core.steps.StepInterceptor - STARTING STEP: LoginSteps.inputInvalidPassword - inputPassword
16:12:35.881 [Forwarding findElement on session 90dd082a64566af5413496e6e7a8a552 to remote] DEBUG org.asynchttpclient.netty.request.NettyRequestSender - Using pooled Channel '[id: 0x1e4034e1, L:/127.0.0.1:50630 - R:localhost/127.0.0.1:33686]' for 'POST' to 'http://localhost:33686/session/90dd082a64566af5413496e6e7a8a552/element'
16:12:35.881 [Forwarding findElement on session 90dd082a64566af5413496e6e7a8a552 to remote] DEBUG org.asynchttpclient.netty.request.NettyRequestSender - Using open Channel [id: 0x1e4034e1, L:/127.0.0.1:50630 - R:localhost/127.0.0.1:33686] for POST '/session/90dd082a64566af5413496e6e7a8a552/element'
16:12:35.893 [AsyncHttpClient-1-2] DEBUG org.asynchttpclient.netty.handler.HttpHandler - 

Request DefaultHttpRequest(decodeResult: success, version: HTTP/1.1)
POST /session/90dd082a64566af5413496e6e7a8a552/element HTTP/1.1
User-Agent: selenium/4.8.1 (java windows)
Content-Length: 86
Content-Type: application/json; charset=utf-8
host: localhost:33686
accept: */*

Response DefaultHttpResponse(decodeResult: success, version: HTTP/1.1)
HTTP/1.1 200 OK
Content-Length: 88
Content-Type: application/json; charset=utf-8
cache-control: no-cache

16:12:35.893 [AsyncHttpClient-1-2] DEBUG org.asynchttpclient.netty.channel.ChannelManager - Adding key: http://localhost:33686 for channel [id: 0x1e4034e1, L:/127.0.0.1:50630 - R:localhost/127.0.0.1:33686]
16:12:35.895 [Forwarding clearElement on session 90dd082a64566af5413496e6e7a8a552 to remote] DEBUG org.asynchttpclient.netty.request.NettyRequestSender - Using pooled Channel '[id: 0x1e4034e1, L:/127.0.0.1:50630 - R:localhost/127.0.0.1:33686]' for 'POST' to 'http://localhost:33686/session/90dd082a64566af5413496e6e7a8a552/element/0514bed4-25d0-4846-805c-1b2aa4e490fc/clear'
16:12:35.895 [Forwarding clearElement on session 90dd082a64566af5413496e6e7a8a552 to remote] DEBUG org.asynchttpclient.netty.request.NettyRequestSender - Using open Channel [id: 0x1e4034e1, L:/127.0.0.1:50630 - R:localhost/127.0.0.1:33686] for POST '/session/90dd082a64566af5413496e6e7a8a552/element/0514bed4-25d0-4846-805c-1b2aa4e490fc/clear'
16:12:35.925 [AsyncHttpClient-1-2] DEBUG org.asynchttpclient.netty.handler.HttpHandler - 

Request DefaultHttpRequest(decodeResult: success, version: HTTP/1.1)
POST /session/90dd082a64566af5413496e6e7a8a552/element/0514bed4-25d0-4846-805c-1b2aa4e490fc/clear HTTP/1.1
User-Agent: selenium/4.8.1 (java windows)
Content-Length: 50
Content-Type: application/json; charset=utf-8
host: localhost:33686
accept: */*

Response DefaultHttpResponse(decodeResult: success, version: HTTP/1.1)
HTTP/1.1 200 OK
Content-Length: 14
Content-Type: application/json; charset=utf-8
cache-control: no-cache

16:12:35.925 [AsyncHttpClient-1-2] DEBUG org.asynchttpclient.netty.channel.ChannelManager - Adding key: http://localhost:33686 for channel [id: 0x1e4034e1, L:/127.0.0.1:50630 - R:localhost/127.0.0.1:33686]
16:12:35.928 [Forwarding sendKeysToElement on session 90dd082a64566af5413496e6e7a8a552 to remote] DEBUG org.asynchttpclient.netty.request.NettyRequestSender - Using pooled Channel '[id: 0x1e4034e1, L:/127.0.0.1:50630 - R:localhost/127.0.0.1:33686]' for 'POST' to 'http://localhost:33686/session/90dd082a64566af5413496e6e7a8a552/element/0514bed4-25d0-4846-805c-1b2aa4e490fc/value'
16:12:35.929 [Forwarding sendKeysToElement on session 90dd082a64566af5413496e6e7a8a552 to remote] DEBUG org.asynchttpclient.netty.request.NettyRequestSender - Using open Channel [id: 0x1e4034e1, L:/127.0.0.1:50630 - R:localhost/127.0.0.1:33686] for POST '/session/90dd082a64566af5413496e6e7a8a552/element/0514bed4-25d0-4846-805c-1b2aa4e490fc/value'
16:12:36.034 [AsyncHttpClient-1-2] DEBUG org.asynchttpclient.netty.handler.HttpHandler - 

Request DefaultHttpRequest(decodeResult: success, version: HTTP/1.1)
POST /session/90dd082a64566af5413496e6e7a8a552/element/0514bed4-25d0-4846-805c-1b2aa4e490fc/value HTTP/1.1
User-Agent: selenium/4.8.1 (java windows)
Content-Length: 201
Content-Type: application/json; charset=utf-8
host: localhost:33686
accept: */*

Response DefaultHttpResponse(decodeResult: success, version: HTTP/1.1)
HTTP/1.1 200 OK
Content-Length: 14
Content-Type: application/json; charset=utf-8
cache-control: no-cache

16:12:36.034 [AsyncHttpClient-1-2] DEBUG org.asynchttpclient.netty.channel.ChannelManager - Adding key: http://localhost:33686 for channel [id: 0x1e4034e1, L:/127.0.0.1:50630 - R:localhost/127.0.0.1:33686]
16:12:36.044 [Forwarding getAlertText on session 90dd082a64566af5413496e6e7a8a552 to remote] DEBUG org.asynchttpclient.netty.request.NettyRequestSender - Using pooled Channel '[id: 0x1e4034e1, L:/127.0.0.1:50630 - R:localhost/127.0.0.1:33686]' for 'GET' to 'http://localhost:33686/session/90dd082a64566af5413496e6e7a8a552/alert/text'
16:12:36.044 [Forwarding getAlertText on session 90dd082a64566af5413496e6e7a8a552 to remote] DEBUG org.asynchttpclient.netty.request.NettyRequestSender - Using open Channel [id: 0x1e4034e1, L:/127.0.0.1:50630 - R:localhost/127.0.0.1:33686] for GET '/session/90dd082a64566af5413496e6e7a8a552/alert/text'
16:12:36.046 [AsyncHttpClient-1-2] DEBUG org.asynchttpclient.netty.handler.HttpHandler - 

Request DefaultFullHttpRequest(decodeResult: success, version: HTTP/1.1, content: EmptyByteBufBE)
GET /session/90dd082a64566af5413496e6e7a8a552/alert/text HTTP/1.1
User-Agent: selenium/4.8.1 (java windows)
Cache-Control: no-cache
Content-Type: application/json; charset=utf-8
host: localhost:33686
accept: */*

Response DefaultHttpResponse(decodeResult: success, version: HTTP/1.1)
HTTP/1.1 404 Not Found
Content-Length: 836
Content-Type: application/json; charset=utf-8
cache-control: no-cache

16:12:36.046 [AsyncHttpClient-1-2] DEBUG org.asynchttpclient.netty.channel.ChannelManager - Adding key: http://localhost:33686 for channel [id: 0x1e4034e1, L:/127.0.0.1:50630 - R:localhost/127.0.0.1:33686]
16:12:36.048 [Forwarding getCurrentUrl on session 90dd082a64566af5413496e6e7a8a552 to remote] DEBUG org.asynchttpclient.netty.request.NettyRequestSender - Using pooled Channel '[id: 0x1e4034e1, L:/127.0.0.1:50630 - R:localhost/127.0.0.1:33686]' for 'GET' to 'http://localhost:33686/session/90dd082a64566af5413496e6e7a8a552/url'
16:12:36.048 [Forwarding getCurrentUrl on session 90dd082a64566af5413496e6e7a8a552 to remote] DEBUG org.asynchttpclient.netty.request.NettyRequestSender - Using open Channel [id: 0x1e4034e1, L:/127.0.0.1:50630 - R:localhost/127.0.0.1:33686] for GET '/session/90dd082a64566af5413496e6e7a8a552/url'
16:12:36.052 [AsyncHttpClient-1-2] DEBUG org.asynchttpclient.netty.handler.HttpHandler - 

Request DefaultFullHttpRequest(decodeResult: success, version: HTTP/1.1, content: EmptyByteBufBE)
GET /session/90dd082a64566af5413496e6e7a8a552/url HTTP/1.1
User-Agent: selenium/4.8.1 (java windows)
Cache-Control: no-cache
Content-Type: application/json; charset=utf-8
host: localhost:33686
accept: */*

Response DefaultHttpResponse(decodeResult: success, version: HTTP/1.1)
HTTP/1.1 200 OK
Content-Length: 51
Content-Type: application/json; charset=utf-8
cache-control: no-cache

16:12:36.052 [AsyncHttpClient-1-2] DEBUG org.asynchttpclient.netty.channel.ChannelManager - Adding key: http://localhost:33686 for channel [id: 0x1e4034e1, L:/127.0.0.1:50630 - R:localhost/127.0.0.1:33686]
16:12:36.053 [Forwarding screenshot on session 90dd082a64566af5413496e6e7a8a552 to remote] DEBUG org.asynchttpclient.netty.request.NettyRequestSender - Using pooled Channel '[id: 0x1e4034e1, L:/127.0.0.1:50630 - R:localhost/127.0.0.1:33686]' for 'GET' to 'http://localhost:33686/session/90dd082a64566af5413496e6e7a8a552/screenshot'
16:12:36.053 [Forwarding screenshot on session 90dd082a64566af5413496e6e7a8a552 to remote] DEBUG org.asynchttpclient.netty.request.NettyRequestSender - Using open Channel [id: 0x1e4034e1, L:/127.0.0.1:50630 - R:localhost/127.0.0.1:33686] for GET '/session/90dd082a64566af5413496e6e7a8a552/screenshot'
16:12:36.175 [AsyncHttpClient-1-2] DEBUG org.asynchttpclient.netty.handler.HttpHandler - 

Request DefaultFullHttpRequest(decodeResult: success, version: HTTP/1.1, content: EmptyByteBufBE)
GET /session/90dd082a64566af5413496e6e7a8a552/screenshot HTTP/1.1
User-Agent: selenium/4.8.1 (java windows)
Cache-Control: no-cache
Content-Type: application/json; charset=utf-8
host: localhost:33686
accept: */*

Response DefaultHttpResponse(decodeResult: success, version: HTTP/1.1)
HTTP/1.1 200 OK
Content-Length: 30184
Content-Type: application/json; charset=utf-8
cache-control: no-cache

16:12:36.176 [AsyncHttpClient-1-2] DEBUG org.asynchttpclient.netty.channel.ChannelManager - Adding key: http://localhost:33686 for channel [id: 0x1e4034e1, L:/127.0.0.1:50630 - R:localhost/127.0.0.1:33686]
16:12:36.179 [main] DEBUG net.serenitybdd.core.photography.Darkroom - Send negative for processing for target\site\serenity\50361fd696edaa4ab34ff0bebd90a32ff9911f2df6625cf9bc9a87c623f82ecd.png
16:12:36.180 [Darkroom Processing Line] DEBUG net.serenitybdd.core.photography.DarkroomProcessingLine - Processing screenshot image in /var/screenshots/screenshot-2245182642987092231
16:12:36.180 [Darkroom Processing Line] DEBUG net.serenitybdd.core.photography.DarkroomProcessingLine - Saving screenshot to target\site\serenity\50361fd696edaa4ab34ff0bebd90a32ff9911f2df6625cf9bc9a87c623f82ecd.png
16:12:36.180 [main] DEBUG net.thucydides.core.steps.StepInterceptor - STEP DONE: inputPassword
  &amp#27;[32mAnd &amp#27;[0m&amp#27;[32mI input invalid password&amp#27;[0m                             &amp#27;[90m# starter.stepdefinitions.LoginSteps.inputInvalidPassword()&amp#27;[0m
16:12:36.190 [AsyncHttpClient-1-1] DEBUG org.asynchttpclient.netty.channel.DefaultChannelPool - Entry count for : http://localhost:50633 : 1
16:12:36.190 [AsyncHttpClient-1-1] DEBUG org.asynchttpclient.netty.channel.DefaultChannelPool - Entry count for : http://localhost:33686 : 1
16:12:36.192 [Forwarding getPageSource on session 90dd082a64566af5413496e6e7a8a552 to remote] DEBUG org.asynchttpclient.netty.request.NettyRequestSender - Using pooled Channel '[id: 0x1e4034e1, L:/127.0.0.1:50630 - R:localhost/127.0.0.1:33686]' for 'POST' to 'http://localhost:33686/session/90dd082a64566af5413496e6e7a8a552/execute/sync'
16:12:36.192 [Forwarding getPageSource on session 90dd082a64566af5413496e6e7a8a552 to remote] DEBUG org.asynchttpclient.netty.request.NettyRequestSender - Using open Channel [id: 0x1e4034e1, L:/127.0.0.1:50630 - R:localhost/127.0.0.1:33686] for POST '/session/90dd082a64566af5413496e6e7a8a552/execute/sync'
16:12:36.199 [AsyncHttpClient-1-2] DEBUG org.asynchttpclient.netty.handler.HttpHandler - 

Request DefaultHttpRequest(decodeResult: success, version: HTTP/1.1)
POST /session/90dd082a64566af5413496e6e7a8a552/execute/sync HTTP/1.1
User-Agent: selenium/4.8.1 (java windows)
Content-Length: 176
Content-Type: application/json; charset=utf-8
host: localhost:33686
accept: */*

Response DefaultHttpResponse(decodeResult: success, version: HTTP/1.1)
HTTP/1.1 200 OK
Content-Length: 21847
Content-Type: application/json; charset=utf-8
cache-control: no-cache

16:12:36.200 [AsyncHttpClient-1-2] DEBUG org.asynchttpclient.netty.channel.ChannelManager - Adding key: http://localhost:33686 for channel [id: 0x1e4034e1, L:/127.0.0.1:50630 - R:localhost/127.0.0.1:33686]
16:12:36.205 [Forwarding getCurrentUrl on session 90dd082a64566af5413496e6e7a8a552 to remote] DEBUG org.asynchttpclient.netty.request.NettyRequestSender - Using pooled Channel '[id: 0x1e4034e1, L:/127.0.0.1:50630 - R:localhost/127.0.0.1:33686]' for 'GET' to 'http://localhost:33686/session/90dd082a64566af5413496e6e7a8a552/url'
16:12:36.206 [Forwarding getCurrentUrl on session 90dd082a64566af5413496e6e7a8a552 to remote] DEBUG org.asynchttpclient.netty.request.NettyRequestSender - Using open Channel [id: 0x1e4034e1, L:/127.0.0.1:50630 - R:localhost/127.0.0.1:33686] for GET '/session/90dd082a64566af5413496e6e7a8a552/url'
16:12:36.213 [AsyncHttpClient-1-2] DEBUG org.asynchttpclient.netty.handler.HttpHandler - 

Request DefaultFullHttpRequest(decodeResult: success, version: HTTP/1.1, content: EmptyByteBufBE)
GET /session/90dd082a64566af5413496e6e7a8a552/url HTTP/1.1
User-Agent: selenium/4.8.1 (java windows)
Cache-Control: no-cache
Content-Type: application/json; charset=utf-8
host: localhost:33686
accept: */*

Response DefaultHttpResponse(decodeResult: success, version: HTTP/1.1)
HTTP/1.1 200 OK
Content-Length: 51
Content-Type: application/json; charset=utf-8
cache-control: no-cache

16:12:36.213 [AsyncHttpClient-1-2] DEBUG org.asynchttpclient.netty.channel.ChannelManager - Adding key: http://localhost:33686 for channel [id: 0x1e4034e1, L:/127.0.0.1:50630 - R:localhost/127.0.0.1:33686]
16:12:36.229 [Forwarding getPageSource on session 90dd082a64566af5413496e6e7a8a552 to remote] DEBUG org.asynchttpclient.netty.request.NettyRequestSender - Using pooled Channel '[id: 0x1e4034e1, L:/127.0.0.1:50630 - R:localhost/127.0.0.1:33686]' for 'POST' to 'http://localhost:33686/session/90dd082a64566af5413496e6e7a8a552/execute/sync'
16:12:36.229 [Forwarding getPageSource on session 90dd082a64566af5413496e6e7a8a552 to remote] DEBUG org.asynchttpclient.netty.request.NettyRequestSender - Using open Channel [id: 0x1e4034e1, L:/127.0.0.1:50630 - R:localhost/127.0.0.1:33686] for POST '/session/90dd082a64566af5413496e6e7a8a552/execute/sync'
16:12:36.235 [AsyncHttpClient-1-2] DEBUG org.asynchttpclient.netty.handler.HttpHandler - 

Request DefaultHttpRequest(decodeResult: success, version: HTTP/1.1)
POST /session/90dd082a64566af5413496e6e7a8a552/execute/sync HTTP/1.1
User-Agent: selenium/4.8.1 (java windows)
Content-Length: 176
Content-Type: application/json; charset=utf-8
host: localhost:33686
accept: */*

Response DefaultHttpResponse(decodeResult: success, version: HTTP/1.1)
HTTP/1.1 200 OK
Content-Length: 21847
Content-Type: application/json; charset=utf-8
cache-control: no-cache

16:12:36.235 [AsyncHttpClient-1-2] DEBUG org.asynchttpclient.netty.channel.ChannelManager - Adding key: http://localhost:33686 for channel [id: 0x1e4034e1, L:/127.0.0.1:50630 - R:localhost/127.0.0.1:33686]
16:12:36.243 [Forwarding getCurrentUrl on session 90dd082a64566af5413496e6e7a8a552 to remote] DEBUG org.asynchttpclient.netty.request.NettyRequestSender - Using pooled Channel '[id: 0x1e4034e1, L:/127.0.0.1:50630 - R:localhost/127.0.0.1:33686]' for 'GET' to 'http://localhost:33686/session/90dd082a64566af5413496e6e7a8a552/url'
16:12:36.243 [Forwarding getCurrentUrl on session 90dd082a64566af5413496e6e7a8a552 to remote] DEBUG org.asynchttpclient.netty.request.NettyRequestSender - Using open Channel [id: 0x1e4034e1, L:/127.0.0.1:50630 - R:localhost/127.0.0.1:33686] for GET '/session/90dd082a64566af5413496e6e7a8a552/url'
16:12:36.249 [AsyncHttpClient-1-2] DEBUG org.asynchttpclient.netty.handler.HttpHandler - 

Request DefaultFullHttpRequest(decodeResult: success, version: HTTP/1.1, content: EmptyByteBufBE)
GET /session/90dd082a64566af5413496e6e7a8a552/url HTTP/1.1
User-Agent: selenium/4.8.1 (java windows)
Cache-Control: no-cache
Content-Type: application/json; charset=utf-8
host: localhost:33686
accept: */*

Response DefaultHttpResponse(decodeResult: success, version: HTTP/1.1)
HTTP/1.1 200 OK
Content-Length: 51
Content-Type: application/json; charset=utf-8
cache-control: no-cache

16:12:36.250 [AsyncHttpClient-1-2] DEBUG org.asynchttpclient.netty.channel.ChannelManager - Adding key: http://localhost:33686 for channel [id: 0x1e4034e1, L:/127.0.0.1:50630 - R:localhost/127.0.0.1:33686]
16:12:36.253 [main] DEBUG net.thucydides.core.steps.StepInterceptor - STARTING STEP: LoginSteps.clickSigninButton - clickSigninButton
16:12:36.261 [Forwarding findElement on session 90dd082a64566af5413496e6e7a8a552 to remote] DEBUG org.asynchttpclient.netty.request.NettyRequestSender - Using pooled Channel '[id: 0x1e4034e1, L:/127.0.0.1:50630 - R:localhost/127.0.0.1:33686]' for 'POST' to 'http://localhost:33686/session/90dd082a64566af5413496e6e7a8a552/element'
16:12:36.261 [Forwarding findElement on session 90dd082a64566af5413496e6e7a8a552 to remote] DEBUG org.asynchttpclient.netty.request.NettyRequestSender - Using open Channel [id: 0x1e4034e1, L:/127.0.0.1:50630 - R:localhost/127.0.0.1:33686] for POST '/session/90dd082a64566af5413496e6e7a8a552/element'
16:12:36.268 [AsyncHttpClient-1-2] DEBUG org.asynchttpclient.netty.handler.HttpHandler - 

Request DefaultHttpRequest(decodeResult: success, version: HTTP/1.1)
POST /session/90dd082a64566af5413496e6e7a8a552/element HTTP/1.1
User-Agent: selenium/4.8.1 (java windows)
Content-Length: 63
Content-Type: application/json; charset=utf-8
host: localhost:33686
accept: */*

Response DefaultHttpResponse(decodeResult: success, version: HTTP/1.1)
HTTP/1.1 200 OK
Content-Length: 88
Content-Type: application/json; charset=utf-8
cache-control: no-cache

16:12:36.268 [AsyncHttpClient-1-2] DEBUG org.asynchttpclient.netty.channel.ChannelManager - Adding key: http://localhost:33686 for channel [id: 0x1e4034e1, L:/127.0.0.1:50630 - R:localhost/127.0.0.1:33686]
16:12:36.270 [Forwarding getElementTagName on session 90dd082a64566af5413496e6e7a8a552 to remote] DEBUG org.asynchttpclient.netty.request.NettyRequestSender - Using pooled Channel '[id: 0x1e4034e1, L:/127.0.0.1:50630 - R:localhost/127.0.0.1:33686]' for 'GET' to 'http://localhost:33686/session/90dd082a64566af5413496e6e7a8a552/element/e9b77d1e-c092-4457-a3f1-bbcf764c29f2/name'
16:12:36.271 [Forwarding getElementTagName on session 90dd082a64566af5413496e6e7a8a552 to remote] DEBUG org.asynchttpclient.netty.request.NettyRequestSender - Using open Channel [id: 0x1e4034e1, L:/127.0.0.1:50630 - R:localhost/127.0.0.1:33686] for GET '/session/90dd082a64566af5413496e6e7a8a552/element/e9b77d1e-c092-4457-a3f1-bbcf764c29f2/name'
16:12:36.278 [AsyncHttpClient-1-2] DEBUG org.asynchttpclient.netty.handler.HttpHandler - 

Request DefaultFullHttpRequest(decodeResult: success, version: HTTP/1.1, content: EmptyByteBufBE)
GET /session/90dd082a64566af5413496e6e7a8a552/element/e9b77d1e-c092-4457-a3f1-bbcf764c29f2/name HTTP/1.1
User-Agent: selenium/4.8.1 (java windows)
Cache-Control: no-cache
Content-Type: application/json; charset=utf-8
host: localhost:33686
accept: */*

Response DefaultHttpResponse(decodeResult: success, version: HTTP/1.1)
HTTP/1.1 200 OK
Content-Length: 18
Content-Type: application/json; charset=utf-8
cache-control: no-cache

16:12:36.278 [AsyncHttpClient-1-2] DEBUG org.asynchttpclient.netty.channel.ChannelManager - Adding key: http://localhost:33686 for channel [id: 0x1e4034e1, L:/127.0.0.1:50630 - R:localhost/127.0.0.1:33686]
16:12:36.279 [Forwarding getElementTagName on session 90dd082a64566af5413496e6e7a8a552 to remote] DEBUG org.asynchttpclient.netty.request.NettyRequestSender - Using pooled Channel '[id: 0x1e4034e1, L:/127.0.0.1:50630 - R:localhost/127.0.0.1:33686]' for 'GET' to 'http://localhost:33686/session/90dd082a64566af5413496e6e7a8a552/element/e9b77d1e-c092-4457-a3f1-bbcf764c29f2/name'
16:12:36.279 [Forwarding getElementTagName on session 90dd082a64566af5413496e6e7a8a552 to remote] DEBUG org.asynchttpclient.netty.request.NettyRequestSender - Using open Channel [id: 0x1e4034e1, L:/127.0.0.1:50630 - R:localhost/127.0.0.1:33686] for GET '/session/90dd082a64566af5413496e6e7a8a552/element/e9b77d1e-c092-4457-a3f1-bbcf764c29f2/name'
16:12:36.283 [AsyncHttpClient-1-2] DEBUG org.asynchttpclient.netty.handler.HttpHandler - 

Request DefaultFullHttpRequest(decodeResult: success, version: HTTP/1.1, content: EmptyByteBufBE)
GET /session/90dd082a64566af5413496e6e7a8a552/element/e9b77d1e-c092-4457-a3f1-bbcf764c29f2/name HTTP/1.1
User-Agent: selenium/4.8.1 (java windows)
Cache-Control: no-cache
Content-Type: application/json; charset=utf-8
host: localhost:33686
accept: */*

Response DefaultHttpResponse(decodeResult: success, version: HTTP/1.1)
HTTP/1.1 200 OK
Content-Length: 18
Content-Type: application/json; charset=utf-8
cache-control: no-cache

16:12:36.283 [AsyncHttpClient-1-2] DEBUG org.asynchttpclient.netty.channel.ChannelManager - Adding key: http://localhost:33686 for channel [id: 0x1e4034e1, L:/127.0.0.1:50630 - R:localhost/127.0.0.1:33686]
16:12:36.286 [Forwarding isElementEnabled on session 90dd082a64566af5413496e6e7a8a552 to remote] DEBUG org.asynchttpclient.netty.request.NettyRequestSender - Using pooled Channel '[id: 0x1e4034e1, L:/127.0.0.1:50630 - R:localhost/127.0.0.1:33686]' for 'GET' to 'http://localhost:33686/session/90dd082a64566af5413496e6e7a8a552/element/e9b77d1e-c092-4457-a3f1-bbcf764c29f2/enabled'
16:12:36.287 [Forwarding isElementEnabled on session 90dd082a64566af5413496e6e7a8a552 to remote] DEBUG org.asynchttpclient.netty.request.NettyRequestSender - Using open Channel [id: 0x1e4034e1, L:/127.0.0.1:50630 - R:localhost/127.0.0.1:33686] for GET '/session/90dd082a64566af5413496e6e7a8a552/element/e9b77d1e-c092-4457-a3f1-bbcf764c29f2/enabled'
16:12:36.304 [AsyncHttpClient-1-2] DEBUG org.asynchttpclient.netty.handler.HttpHandler - 

Request DefaultFullHttpRequest(decodeResult: success, version: HTTP/1.1, content: EmptyByteBufBE)
GET /session/90dd082a64566af5413496e6e7a8a552/element/e9b77d1e-c092-4457-a3f1-bbcf764c29f2/enabled HTTP/1.1
User-Agent: selenium/4.8.1 (java windows)
Cache-Control: no-cache
Content-Type: application/json; charset=utf-8
host: localhost:33686
accept: */*

Response DefaultHttpResponse(decodeResult: success, version: HTTP/1.1)
HTTP/1.1 200 OK
Content-Length: 14
Content-Type: application/json; charset=utf-8
cache-control: no-cache

16:12:36.304 [AsyncHttpClient-1-2] DEBUG org.asynchttpclient.netty.channel.ChannelManager - Adding key: http://localhost:33686 for channel [id: 0x1e4034e1, L:/127.0.0.1:50630 - R:localhost/127.0.0.1:33686]
16:12:36.306 [Forwarding isElementEnabled on session 90dd082a64566af5413496e6e7a8a552 to remote] DEBUG org.asynchttpclient.netty.request.NettyRequestSender - Using pooled Channel '[id: 0x1e4034e1, L:/127.0.0.1:50630 - R:localhost/127.0.0.1:33686]' for 'GET' to 'http://localhost:33686/session/90dd082a64566af5413496e6e7a8a552/element/e9b77d1e-c092-4457-a3f1-bbcf764c29f2/enabled'
16:12:36.306 [Forwarding isElementEnabled on session 90dd082a64566af5413496e6e7a8a552 to remote] DEBUG org.asynchttpclient.netty.request.NettyRequestSender - Using open Channel [id: 0x1e4034e1, L:/127.0.0.1:50630 - R:localhost/127.0.0.1:33686] for GET '/session/90dd082a64566af5413496e6e7a8a552/element/e9b77d1e-c092-4457-a3f1-bbcf764c29f2/enabled'
16:12:36.311 [AsyncHttpClient-1-2] DEBUG org.asynchttpclient.netty.handler.HttpHandler - 

Request DefaultFullHttpRequest(decodeResult: success, version: HTTP/1.1, content: EmptyByteBufBE)
GET /session/90dd082a64566af5413496e6e7a8a552/element/e9b77d1e-c092-4457-a3f1-bbcf764c29f2/enabled HTTP/1.1
User-Agent: selenium/4.8.1 (java windows)
Cache-Control: no-cache
Content-Type: application/json; charset=utf-8
host: localhost:33686
accept: */*

Response DefaultHttpResponse(decodeResult: success, version: HTTP/1.1)
HTTP/1.1 200 OK
Content-Length: 14
Content-Type: application/json; charset=utf-8
cache-control: no-cache

16:12:36.312 [AsyncHttpClient-1-2] DEBUG org.asynchttpclient.netty.channel.ChannelManager - Adding key: http://localhost:33686 for channel [id: 0x1e4034e1, L:/127.0.0.1:50630 - R:localhost/127.0.0.1:33686]
16:12:36.314 [Forwarding findElement on session 90dd082a64566af5413496e6e7a8a552 to remote] DEBUG org.asynchttpclient.netty.request.NettyRequestSender - Using pooled Channel '[id: 0x1e4034e1, L:/127.0.0.1:50630 - R:localhost/127.0.0.1:33686]' for 'POST' to 'http://localhost:33686/session/90dd082a64566af5413496e6e7a8a552/element'
16:12:36.314 [Forwarding findElement on session 90dd082a64566af5413496e6e7a8a552 to remote] DEBUG org.asynchttpclient.netty.request.NettyRequestSender - Using open Channel [id: 0x1e4034e1, L:/127.0.0.1:50630 - R:localhost/127.0.0.1:33686] for POST '/session/90dd082a64566af5413496e6e7a8a552/element'
16:12:36.320 [AsyncHttpClient-1-2] DEBUG org.asynchttpclient.netty.handler.HttpHandler - 

Request DefaultHttpRequest(decodeResult: success, version: HTTP/1.1)
POST /session/90dd082a64566af5413496e6e7a8a552/element HTTP/1.1
User-Agent: selenium/4.8.1 (java windows)
Content-Length: 63
Content-Type: application/json; charset=utf-8
host: localhost:33686
accept: */*

Response DefaultHttpResponse(decodeResult: success, version: HTTP/1.1)
HTTP/1.1 200 OK
Content-Length: 88
Content-Type: application/json; charset=utf-8
cache-control: no-cache

16:12:36.320 [AsyncHttpClient-1-2] DEBUG org.asynchttpclient.netty.channel.ChannelManager - Adding key: http://localhost:33686 for channel [id: 0x1e4034e1, L:/127.0.0.1:50630 - R:localhost/127.0.0.1:33686]
16:12:36.323 [Forwarding clickElement on session 90dd082a64566af5413496e6e7a8a552 to remote] DEBUG org.asynchttpclient.netty.request.NettyRequestSender - Using pooled Channel '[id: 0x1e4034e1, L:/127.0.0.1:50630 - R:localhost/127.0.0.1:33686]' for 'POST' to 'http://localhost:33686/session/90dd082a64566af5413496e6e7a8a552/element/e9b77d1e-c092-4457-a3f1-bbcf764c29f2/click'
16:12:36.323 [Forwarding clickElement on session 90dd082a64566af5413496e6e7a8a552 to remote] DEBUG org.asynchttpclient.netty.request.NettyRequestSender - Using open Channel [id: 0x1e4034e1, L:/127.0.0.1:50630 - R:localhost/127.0.0.1:33686] for POST '/session/90dd082a64566af5413496e6e7a8a552/element/e9b77d1e-c092-4457-a3f1-bbcf764c29f2/click'
16:12:36.359 [AsyncHttpClient-1-2] DEBUG org.asynchttpclient.netty.handler.HttpHandler - 

Request DefaultHttpRequest(decodeResult: success, version: HTTP/1.1)
POST /session/90dd082a64566af5413496e6e7a8a552/element/e9b77d1e-c092-4457-a3f1-bbcf764c29f2/click HTTP/1.1
User-Agent: selenium/4.8.1 (java windows)
Content-Length: 50
Content-Type: application/json; charset=utf-8
host: localhost:33686
accept: */*

Response DefaultHttpResponse(decodeResult: success, version: HTTP/1.1)
HTTP/1.1 200 OK
Content-Length: 14
Content-Type: application/json; charset=utf-8
cache-control: no-cache

16:12:36.360 [AsyncHttpClient-1-2] DEBUG org.asynchttpclient.netty.channel.ChannelManager - Adding key: http://localhost:33686 for channel [id: 0x1e4034e1, L:/127.0.0.1:50630 - R:localhost/127.0.0.1:33686]
16:12:36.365 [Forwarding getAlertText on session 90dd082a64566af5413496e6e7a8a552 to remote] DEBUG org.asynchttpclient.netty.request.NettyRequestSender - Using pooled Channel '[id: 0x1e4034e1, L:/127.0.0.1:50630 - R:localhost/127.0.0.1:33686]' for 'GET' to 'http://localhost:33686/session/90dd082a64566af5413496e6e7a8a552/alert/text'
16:12:36.365 [Forwarding getAlertText on session 90dd082a64566af5413496e6e7a8a552 to remote] DEBUG org.asynchttpclient.netty.request.NettyRequestSender - Using open Channel [id: 0x1e4034e1, L:/127.0.0.1:50630 - R:localhost/127.0.0.1:33686] for GET '/session/90dd082a64566af5413496e6e7a8a552/alert/text'
16:12:36.367 [AsyncHttpClient-1-2] DEBUG org.asynchttpclient.netty.handler.HttpHandler - 

Request DefaultFullHttpRequest(decodeResult: success, version: HTTP/1.1, content: EmptyByteBufBE)
GET /session/90dd082a64566af5413496e6e7a8a552/alert/text HTTP/1.1
User-Agent: selenium/4.8.1 (java windows)
Cache-Control: no-cache
Content-Type: application/json; charset=utf-8
host: localhost:33686
accept: */*

Response DefaultHttpResponse(decodeResult: success, version: HTTP/1.1)
HTTP/1.1 404 Not Found
Content-Length: 836
Content-Type: application/json; charset=utf-8
cache-control: no-cache

16:12:36.367 [AsyncHttpClient-1-2] DEBUG org.asynchttpclient.netty.channel.ChannelManager - Adding key: http://localhost:33686 for channel [id: 0x1e4034e1, L:/127.0.0.1:50630 - R:localhost/127.0.0.1:33686]
16:12:36.369 [Forwarding getCurrentUrl on session 90dd082a64566af5413496e6e7a8a552 to remote] DEBUG org.asynchttpclient.netty.request.NettyRequestSender - Using pooled Channel '[id: 0x1e4034e1, L:/127.0.0.1:50630 - R:localhost/127.0.0.1:33686]' for 'GET' to 'http://localhost:33686/session/90dd082a64566af5413496e6e7a8a552/url'
16:12:36.369 [Forwarding getCurrentUrl on session 90dd082a64566af5413496e6e7a8a552 to remote] DEBUG org.asynchttpclient.netty.request.NettyRequestSender - Using open Channel [id: 0x1e4034e1, L:/127.0.0.1:50630 - R:localhost/127.0.0.1:33686] for GET '/session/90dd082a64566af5413496e6e7a8a552/url'
16:12:36.376 [AsyncHttpClient-1-2] DEBUG org.asynchttpclient.netty.handler.HttpHandler - 

Request DefaultFullHttpRequest(decodeResult: success, version: HTTP/1.1, content: EmptyByteBufBE)
GET /session/90dd082a64566af5413496e6e7a8a552/url HTTP/1.1
User-Agent: selenium/4.8.1 (java windows)
Cache-Control: no-cache
Content-Type: application/json; charset=utf-8
host: localhost:33686
accept: */*

Response DefaultHttpResponse(decodeResult: success, version: HTTP/1.1)
HTTP/1.1 200 OK
Content-Length: 51
Content-Type: application/json; charset=utf-8
cache-control: no-cache

16:12:36.377 [AsyncHttpClient-1-2] DEBUG org.asynchttpclient.netty.channel.ChannelManager - Adding key: http://localhost:33686 for channel [id: 0x1e4034e1, L:/127.0.0.1:50630 - R:localhost/127.0.0.1:33686]
16:12:36.378 [Forwarding screenshot on session 90dd082a64566af5413496e6e7a8a552 to remote] DEBUG org.asynchttpclient.netty.request.NettyRequestSender - Using pooled Channel '[id: 0x1e4034e1, L:/127.0.0.1:50630 - R:localhost/127.0.0.1:33686]' for 'GET' to 'http://localhost:33686/session/90dd082a64566af5413496e6e7a8a552/screenshot'
16:12:36.378 [Forwarding screenshot on session 90dd082a64566af5413496e6e7a8a552 to remote] DEBUG org.asynchttpclient.netty.request.NettyRequestSender - Using open Channel [id: 0x1e4034e1, L:/127.0.0.1:50630 - R:localhost/127.0.0.1:33686] for GET '/session/90dd082a64566af5413496e6e7a8a552/screenshot'
16:12:37.288 [AsyncHttpClient-1-1] DEBUG org.asynchttpclient.netty.channel.DefaultChannelPool - Entry count for : http://localhost:50633 : 1
16:12:38.387 [AsyncHttpClient-1-1] DEBUG org.asynchttpclient.netty.channel.DefaultChannelPool - Entry count for : http://localhost:50633 : 1
16:12:39.092 [AsyncHttpClient-1-2] DEBUG org.asynchttpclient.netty.handler.HttpHandler - 

Request DefaultFullHttpRequest(decodeResult: success, version: HTTP/1.1, content: EmptyByteBufBE)
GET /session/90dd082a64566af5413496e6e7a8a552/screenshot HTTP/1.1
User-Agent: selenium/4.8.1 (java windows)
Cache-Control: no-cache
Content-Type: application/json; charset=utf-8
host: localhost:33686
accept: */*

Response DefaultHttpResponse(decodeResult: success, version: HTTP/1.1)
HTTP/1.1 200 OK
Content-Length: 33184
Content-Type: application/json; charset=utf-8
cache-control: no-cache

16:12:39.093 [AsyncHttpClient-1-2] DEBUG org.asynchttpclient.netty.channel.ChannelManager - Adding key: http://localhost:33686 for channel [id: 0x1e4034e1, L:/127.0.0.1:50630 - R:localhost/127.0.0.1:33686]
16:12:39.095 [main] DEBUG net.serenitybdd.core.photography.Darkroom - Send negative for processing for target\site\serenity\d055882728df4c5f80291c08aa4e582bd8e90f260226cee36f27080b3b161c46.png
16:12:39.096 [main] DEBUG net.thucydides.core.steps.StepInterceptor - STEP DONE: clickSigninButton
16:12:39.096 [Darkroom Processing Line] DEBUG net.serenitybdd.core.photography.DarkroomProcessingLine - Processing screenshot image in /var/screenshots/screenshot-1966742940940375498
16:12:39.096 [Darkroom Processing Line] DEBUG net.serenitybdd.core.photography.DarkroomProcessingLine - Saving screenshot to target\site\serenity\d055882728df4c5f80291c08aa4e582bd8e90f260226cee36f27080b3b161c46.png
  &amp#27;[32mAnd &amp#27;[0m&amp#27;[32mI click signin button&amp#27;[0m                                &amp#27;[90m# starter.stepdefinitions.LoginSteps.clickSigninButton()&amp#27;[0m
16:12:39.106 [Forwarding getPageSource on session 90dd082a64566af5413496e6e7a8a552 to remote] DEBUG org.asynchttpclient.netty.request.NettyRequestSender - Using pooled Channel '[id: 0x1e4034e1, L:/127.0.0.1:50630 - R:localhost/127.0.0.1:33686]' for 'POST' to 'http://localhost:33686/session/90dd082a64566af5413496e6e7a8a552/execute/sync'
16:12:39.106 [Forwarding getPageSource on session 90dd082a64566af5413496e6e7a8a552 to remote] DEBUG org.asynchttpclient.netty.request.NettyRequestSender - Using open Channel [id: 0x1e4034e1, L:/127.0.0.1:50630 - R:localhost/127.0.0.1:33686] for POST '/session/90dd082a64566af5413496e6e7a8a552/execute/sync'
16:12:39.115 [AsyncHttpClient-1-2] DEBUG org.asynchttpclient.netty.handler.HttpHandler - 

Request DefaultHttpRequest(decodeResult: success, version: HTTP/1.1)
POST /session/90dd082a64566af5413496e6e7a8a552/execute/sync HTTP/1.1
User-Agent: selenium/4.8.1 (java windows)
Content-Length: 176
Content-Type: application/json; charset=utf-8
host: localhost:33686
accept: */*

Response DefaultHttpResponse(decodeResult: success, version: HTTP/1.1)
HTTP/1.1 200 OK
Content-Length: 22245
Content-Type: application/json; charset=utf-8
cache-control: no-cache

16:12:39.116 [AsyncHttpClient-1-2] DEBUG org.asynchttpclient.netty.channel.ChannelManager - Adding key: http://localhost:33686 for channel [id: 0x1e4034e1, L:/127.0.0.1:50630 - R:localhost/127.0.0.1:33686]
16:12:39.118 [Forwarding getCurrentUrl on session 90dd082a64566af5413496e6e7a8a552 to remote] DEBUG org.asynchttpclient.netty.request.NettyRequestSender - Using pooled Channel '[id: 0x1e4034e1, L:/127.0.0.1:50630 - R:localhost/127.0.0.1:33686]' for 'GET' to 'http://localhost:33686/session/90dd082a64566af5413496e6e7a8a552/url'
16:12:39.119 [Forwarding getCurrentUrl on session 90dd082a64566af5413496e6e7a8a552 to remote] DEBUG org.asynchttpclient.netty.request.NettyRequestSender - Using open Channel [id: 0x1e4034e1, L:/127.0.0.1:50630 - R:localhost/127.0.0.1:33686] for GET '/session/90dd082a64566af5413496e6e7a8a552/url'
16:12:39.124 [AsyncHttpClient-1-2] DEBUG org.asynchttpclient.netty.handler.HttpHandler - 

Request DefaultFullHttpRequest(decodeResult: success, version: HTTP/1.1, content: EmptyByteBufBE)
GET /session/90dd082a64566af5413496e6e7a8a552/url HTTP/1.1
User-Agent: selenium/4.8.1 (java windows)
Cache-Control: no-cache
Content-Type: application/json; charset=utf-8
host: localhost:33686
accept: */*

Response DefaultHttpResponse(decodeResult: success, version: HTTP/1.1)
HTTP/1.1 200 OK
Content-Length: 51
Content-Type: application/json; charset=utf-8
cache-control: no-cache

16:12:39.125 [AsyncHttpClient-1-2] DEBUG org.asynchttpclient.netty.channel.ChannelManager - Adding key: http://localhost:33686 for channel [id: 0x1e4034e1, L:/127.0.0.1:50630 - R:localhost/127.0.0.1:33686]
16:12:39.142 [Forwarding getPageSource on session 90dd082a64566af5413496e6e7a8a552 to remote] DEBUG org.asynchttpclient.netty.request.NettyRequestSender - Using pooled Channel '[id: 0x1e4034e1, L:/127.0.0.1:50630 - R:localhost/127.0.0.1:33686]' for 'POST' to 'http://localhost:33686/session/90dd082a64566af5413496e6e7a8a552/execute/sync'
16:12:39.142 [Forwarding getPageSource on session 90dd082a64566af5413496e6e7a8a552 to remote] DEBUG org.asynchttpclient.netty.request.NettyRequestSender - Using open Channel [id: 0x1e4034e1, L:/127.0.0.1:50630 - R:localhost/127.0.0.1:33686] for POST '/session/90dd082a64566af5413496e6e7a8a552/execute/sync'
16:12:39.150 [AsyncHttpClient-1-2] DEBUG org.asynchttpclient.netty.handler.HttpHandler - 

Request DefaultHttpRequest(decodeResult: success, version: HTTP/1.1)
POST /session/90dd082a64566af5413496e6e7a8a552/execute/sync HTTP/1.1
User-Agent: selenium/4.8.1 (java windows)
Content-Length: 176
Content-Type: application/json; charset=utf-8
host: localhost:33686
accept: */*

Response DefaultHttpResponse(decodeResult: success, version: HTTP/1.1)
HTTP/1.1 200 OK
Content-Length: 22245
Content-Type: application/json; charset=utf-8
cache-control: no-cache

16:12:39.150 [AsyncHttpClient-1-2] DEBUG org.asynchttpclient.netty.channel.ChannelManager - Adding key: http://localhost:33686 for channel [id: 0x1e4034e1, L:/127.0.0.1:50630 - R:localhost/127.0.0.1:33686]
16:12:39.154 [Forwarding getCurrentUrl on session 90dd082a64566af5413496e6e7a8a552 to remote] DEBUG org.asynchttpclient.netty.request.NettyRequestSender - Using pooled Channel '[id: 0x1e4034e1, L:/127.0.0.1:50630 - R:localhost/127.0.0.1:33686]' for 'GET' to 'http://localhost:33686/session/90dd082a64566af5413496e6e7a8a552/url'
16:12:39.154 [Forwarding getCurrentUrl on session 90dd082a64566af5413496e6e7a8a552 to remote] DEBUG org.asynchttpclient.netty.request.NettyRequestSender - Using open Channel [id: 0x1e4034e1, L:/127.0.0.1:50630 - R:localhost/127.0.0.1:33686] for GET '/session/90dd082a64566af5413496e6e7a8a552/url'
16:12:39.160 [AsyncHttpClient-1-2] DEBUG org.asynchttpclient.netty.handler.HttpHandler - 

Request DefaultFullHttpRequest(decodeResult: success, version: HTTP/1.1, content: EmptyByteBufBE)
GET /session/90dd082a64566af5413496e6e7a8a552/url HTTP/1.1
User-Agent: selenium/4.8.1 (java windows)
Cache-Control: no-cache
Content-Type: application/json; charset=utf-8
host: localhost:33686
accept: */*

Response DefaultHttpResponse(decodeResult: success, version: HTTP/1.1)
HTTP/1.1 200 OK
Content-Length: 51
Content-Type: application/json; charset=utf-8
cache-control: no-cache

16:12:39.161 [AsyncHttpClient-1-2] DEBUG org.asynchttpclient.netty.channel.ChannelManager - Adding key: http://localhost:33686 for channel [id: 0x1e4034e1, L:/127.0.0.1:50630 - R:localhost/127.0.0.1:33686]
16:12:39.163 [main] DEBUG net.thucydides.core.steps.StepInterceptor - STARTING STEP: LoginSteps.onTheLoginPage - validateOnHomePage
16:12:39.165 [Forwarding findElement on session 90dd082a64566af5413496e6e7a8a552 to remote] DEBUG org.asynchttpclient.netty.request.NettyRequestSender - Using pooled Channel '[id: 0x1e4034e1, L:/127.0.0.1:50630 - R:localhost/127.0.0.1:33686]' for 'POST' to 'http://localhost:33686/session/90dd082a64566af5413496e6e7a8a552/element'
16:12:39.165 [Forwarding findElement on session 90dd082a64566af5413496e6e7a8a552 to remote] DEBUG org.asynchttpclient.netty.request.NettyRequestSender - Using open Channel [id: 0x1e4034e1, L:/127.0.0.1:50630 - R:localhost/127.0.0.1:33686] for POST '/session/90dd082a64566af5413496e6e7a8a552/element'
16:12:39.174 [AsyncHttpClient-1-2] DEBUG org.asynchttpclient.netty.handler.HttpHandler - 

Request DefaultHttpRequest(decodeResult: success, version: HTTP/1.1)
POST /session/90dd082a64566af5413496e6e7a8a552/element HTTP/1.1
User-Agent: selenium/4.8.1 (java windows)
Content-Length: 46
Content-Type: application/json; charset=utf-8
host: localhost:33686
accept: */*

Response DefaultHttpResponse(decodeResult: success, version: HTTP/1.1)
HTTP/1.1 200 OK
Content-Length: 88
Content-Type: application/json; charset=utf-8
cache-control: no-cache

16:12:39.175 [AsyncHttpClient-1-2] DEBUG org.asynchttpclient.netty.channel.ChannelManager - Adding key: http://localhost:33686 for channel [id: 0x1e4034e1, L:/127.0.0.1:50630 - R:localhost/127.0.0.1:33686]
16:12:39.180 [Forwarding isElementDisplayed on session 90dd082a64566af5413496e6e7a8a552 to remote] DEBUG org.asynchttpclient.netty.request.NettyRequestSender - Using pooled Channel '[id: 0x1e4034e1, L:/127.0.0.1:50630 - R:localhost/127.0.0.1:33686]' for 'POST' to 'http://localhost:33686/session/90dd082a64566af5413496e6e7a8a552/execute/sync'
16:12:39.180 [Forwarding isElementDisplayed on session 90dd082a64566af5413496e6e7a8a552 to remote] DEBUG org.asynchttpclient.netty.request.NettyRequestSender - Using open Channel [id: 0x1e4034e1, L:/127.0.0.1:50630 - R:localhost/127.0.0.1:33686] for POST '/session/90dd082a64566af5413496e6e7a8a552/execute/sync'
16:12:39.190 [AsyncHttpClient-1-2] DEBUG org.asynchttpclient.netty.handler.HttpHandler - 

Request DefaultHttpRequest(decodeResult: success, version: HTTP/1.1)
POST /session/90dd082a64566af5413496e6e7a8a552/execute/sync HTTP/1.1
User-Agent: selenium/4.8.1 (java windows)
Content-Length: 48807
Content-Type: application/json; charset=utf-8
host: localhost:33686
accept: */*

Response DefaultHttpResponse(decodeResult: success, version: HTTP/1.1)
HTTP/1.1 200 OK
Content-Length: 14
Content-Type: application/json; charset=utf-8
cache-control: no-cache

16:12:39.190 [AsyncHttpClient-1-2] DEBUG org.asynchttpclient.netty.channel.ChannelManager - Adding key: http://localhost:33686 for channel [id: 0x1e4034e1, L:/127.0.0.1:50630 - R:localhost/127.0.0.1:33686]
16:12:39.196 [Forwarding getAlertText on session 90dd082a64566af5413496e6e7a8a552 to remote] DEBUG org.asynchttpclient.netty.request.NettyRequestSender - Using pooled Channel '[id: 0x1e4034e1, L:/127.0.0.1:50630 - R:localhost/127.0.0.1:33686]' for 'GET' to 'http://localhost:33686/session/90dd082a64566af5413496e6e7a8a552/alert/text'
16:12:39.196 [Forwarding getAlertText on session 90dd082a64566af5413496e6e7a8a552 to remote] DEBUG org.asynchttpclient.netty.request.NettyRequestSender - Using open Channel [id: 0x1e4034e1, L:/127.0.0.1:50630 - R:localhost/127.0.0.1:33686] for GET '/session/90dd082a64566af5413496e6e7a8a552/alert/text'
16:12:39.199 [AsyncHttpClient-1-2] DEBUG org.asynchttpclient.netty.handler.HttpHandler - 

Request DefaultFullHttpRequest(decodeResult: success, version: HTTP/1.1, content: EmptyByteBufBE)
GET /session/90dd082a64566af5413496e6e7a8a552/alert/text HTTP/1.1
User-Agent: selenium/4.8.1 (java windows)
Cache-Control: no-cache
Content-Type: application/json; charset=utf-8
host: localhost:33686
accept: */*

Response DefaultHttpResponse(decodeResult: success, version: HTTP/1.1)
HTTP/1.1 404 Not Found
Content-Length: 836
Content-Type: application/json; charset=utf-8
cache-control: no-cache

16:12:39.199 [AsyncHttpClient-1-2] DEBUG org.asynchttpclient.netty.channel.ChannelManager - Adding key: http://localhost:33686 for channel [id: 0x1e4034e1, L:/127.0.0.1:50630 - R:localhost/127.0.0.1:33686]
16:12:39.201 [Forwarding getCurrentUrl on session 90dd082a64566af5413496e6e7a8a552 to remote] DEBUG org.asynchttpclient.netty.request.NettyRequestSender - Using pooled Channel '[id: 0x1e4034e1, L:/127.0.0.1:50630 - R:localhost/127.0.0.1:33686]' for 'GET' to 'http://localhost:33686/session/90dd082a64566af5413496e6e7a8a552/url'
16:12:39.201 [Forwarding getCurrentUrl on session 90dd082a64566af5413496e6e7a8a552 to remote] DEBUG org.asynchttpclient.netty.request.NettyRequestSender - Using open Channel [id: 0x1e4034e1, L:/127.0.0.1:50630 - R:localhost/127.0.0.1:33686] for GET '/session/90dd082a64566af5413496e6e7a8a552/url'
16:12:39.206 [AsyncHttpClient-1-2] DEBUG org.asynchttpclient.netty.handler.HttpHandler - 

Request DefaultFullHttpRequest(decodeResult: success, version: HTTP/1.1, content: EmptyByteBufBE)
GET /session/90dd082a64566af5413496e6e7a8a552/url HTTP/1.1
User-Agent: selenium/4.8.1 (java windows)
Cache-Control: no-cache
Content-Type: application/json; charset=utf-8
host: localhost:33686
accept: */*

Response DefaultHttpResponse(decodeResult: success, version: HTTP/1.1)
HTTP/1.1 200 OK
Content-Length: 51
Content-Type: application/json; charset=utf-8
cache-control: no-cache

16:12:39.207 [AsyncHttpClient-1-2] DEBUG org.asynchttpclient.netty.channel.ChannelManager - Adding key: http://localhost:33686 for channel [id: 0x1e4034e1, L:/127.0.0.1:50630 - R:localhost/127.0.0.1:33686]
16:12:39.208 [Forwarding screenshot on session 90dd082a64566af5413496e6e7a8a552 to remote] DEBUG org.asynchttpclient.netty.request.NettyRequestSender - Using pooled Channel '[id: 0x1e4034e1, L:/127.0.0.1:50630 - R:localhost/127.0.0.1:33686]' for 'GET' to 'http://localhost:33686/session/90dd082a64566af5413496e6e7a8a552/screenshot'
16:12:39.208 [Forwarding screenshot on session 90dd082a64566af5413496e6e7a8a552 to remote] DEBUG org.asynchttpclient.netty.request.NettyRequestSender - Using open Channel [id: 0x1e4034e1, L:/127.0.0.1:50630 - R:localhost/127.0.0.1:33686] for GET '/session/90dd082a64566af5413496e6e7a8a552/screenshot'
16:12:39.279 [AsyncHttpClient-1-2] DEBUG org.asynchttpclient.netty.handler.HttpHandler - 

Request DefaultFullHttpRequest(decodeResult: success, version: HTTP/1.1, content: EmptyByteBufBE)
GET /session/90dd082a64566af5413496e6e7a8a552/screenshot HTTP/1.1
User-Agent: selenium/4.8.1 (java windows)
Cache-Control: no-cache
Content-Type: application/json; charset=utf-8
host: localhost:33686
accept: */*

Response DefaultHttpResponse(decodeResult: success, version: HTTP/1.1)
HTTP/1.1 200 OK
Content-Length: 33184
Content-Type: application/json; charset=utf-8
cache-control: no-cache

16:12:39.280 [AsyncHttpClient-1-2] DEBUG org.asynchttpclient.netty.channel.ChannelManager - Adding key: http://localhost:33686 for channel [id: 0x1e4034e1, L:/127.0.0.1:50630 - R:localhost/127.0.0.1:33686]
16:12:39.284 [main] DEBUG net.serenitybdd.core.photography.Darkroom - Send negative for processing for target\site\serenity\d055882728df4c5f80291c08aa4e582bd8e90f260226cee36f27080b3b161c46.png
16:12:39.285 [main] DEBUG net.thucydides.core.steps.StepInterceptor - STEP DONE: validateOnHomePage
  &amp#27;[32mThen &amp#27;[0m&amp#27;[32mI still on login Page&amp#27;[0m                               &amp#27;[90m# starter.stepdefinitions.LoginSteps.onTheLoginPage()&amp#27;[0m
16:12:39.296 [main] INFO  - 
  _____   ___   ___   _____     ___     _     ___   ___   ___   ___  
 |_   _| | __| / __| |_   _|   | _ \   /_\   / __| / __| | __| |   \ 
   | |   | _|  \__ \   | |     |  _/  / _ \  \__ \ \__ \ | _|  | |) |
   |_|   |___| |___/   |_|     |_|   /_/ \_\ |___/ |___/ |___| |___/ 

While i am not a user, i cannot be able to login
----------------------------------------------------------------------
16:12:39.371 [Driver Command Executor] DEBUG org.asynchttpclient.netty.request.NettyRequestSender - Using pooled Channel '[id: 0x1e4034e1, L:/127.0.0.1:50630 - R:localhost/127.0.0.1:33686]' for 'DELETE' to 'http://localhost:33686/session/90dd082a64566af5413496e6e7a8a552'
16:12:39.371 [Driver Command Executor] DEBUG org.asynchttpclient.netty.request.NettyRequestSender - Using open Channel [id: 0x1e4034e1, L:/127.0.0.1:50630 - R:localhost/127.0.0.1:33686] for DELETE '/session/90dd082a64566af5413496e6e7a8a552'
16:12:39.378 [AsyncHttpClient-1-4] DEBUG org.asynchttpclient.netty.handler.WebSocketHandler - Channel Closed: [id: 0x4ab610e9, L:/127.0.0.1:50643 ! R:localhost/127.0.0.1:50633] with attribute NettyResponseFuture{currentRetry=0,
	isDone=1,
	isCancelled=0,
	asyncHandler=org.asynchttpclient.ws.WebSocketUpgradeHandler@2a93d346,
	nettyRequest=org.asynchttpclient.netty.request.NettyRequest@73742c3e,
	future=java.util.concurrent.CompletableFuture@6deb7aa1[Completed normally],
	uri=ws://localhost:50633/devtools/browser/ae0fa452-783a-4398-a2ec-15f584ca8c9e,
	keepAlive=true,
	redirectCount=0,
	timeoutsHolder=null,
	inAuth=0,
	touch=1683537123998}
16:12:39.378 [AsyncHttpClient-1-4] DEBUG org.asynchttpclient.netty.channel.ChannelManager - Closing Channel [id: 0x4ab610e9, L:/127.0.0.1:50643 ! R:localhost/127.0.0.1:50633] 
16:12:39.487 [AsyncHttpClient-1-1] DEBUG org.asynchttpclient.netty.channel.DefaultChannelPool - Entry count for : http://localhost:50633 : 1
16:12:39.597 [AsyncHttpClient-1-3] DEBUG org.asynchttpclient.netty.handler.HttpHandler - Unexpected I/O exception on channel [id: 0x182c96ac, L:/127.0.0.1:50642 - R:localhost/127.0.0.1:50633]
java.io.IOException: An existing connection was forcibly closed by the remote host
	at sun.nio.ch.SocketDispatcher.read0(Native Method)
	at sun.nio.ch.SocketDispatcher.read(SocketDispatcher.java:43)
	at sun.nio.ch.IOUtil.readIntoNativeBuffer(IOUtil.java:223)
	at sun.nio.ch.IOUtil.read(IOUtil.java:192)
	at sun.nio.ch.SocketChannelImpl.read(SocketChannelImpl.java:378)
	at io.netty.buffer.PooledByteBuf.setBytes(PooledByteBuf.java:259)
	at io.netty.buffer.AbstractByteBuf.writeBytes(AbstractByteBuf.java:1132)
	at io.netty.channel.socket.nio.NioSocketChannel.doReadBytes(NioSocketChannel.java:357)
	at io.netty.channel.nio.AbstractNioByteChannel$NioByteUnsafe.read(AbstractNioByteChannel.java:151)
	at io.netty.channel.nio.NioEventLoop.processSelectedKey(NioEventLoop.java:788)
	at io.netty.channel.nio.NioEventLoop.processSelectedKeysOptimized(NioEventLoop.java:724)
	at io.netty.channel.nio.NioEventLoop.processSelectedKeys(NioEventLoop.java:650)
	at io.netty.channel.nio.NioEventLoop.run(NioEventLoop.java:562)
	at io.netty.util.concurrent.SingleThreadEventExecutor$4.run(SingleThreadEventExecutor.java:997)
	at io.netty.util.internal.ThreadExecutorMap$2.run(ThreadExecutorMap.java:74)
	at io.netty.util.concurrent.FastThreadLocalRunnable.run(FastThreadLocalRunnable.java:30)
	at java.lang.Thread.run(Thread.java:748)
16:12:39.598 [AsyncHttpClient-1-3] DEBUG org.asynchttpclient.netty.channel.ChannelManager - Closing Channel [id: 0x182c96ac, L:/127.0.0.1:50642 - R:localhost/127.0.0.1:50633] 
16:12:39.599 [AsyncHttpClient-1-3] DEBUG org.asynchttpclient.netty.handler.HttpHandler - Channel Closed: [id: 0x182c96ac, L:/127.0.0.1:50642 ! R:localhost/127.0.0.1:50633] with attribute DISCARD
16:12:39.665 [AsyncHttpClient-1-2] DEBUG org.asynchttpclient.netty.handler.HttpHandler - 

Request DefaultFullHttpRequest(decodeResult: success, version: HTTP/1.1, content: EmptyByteBufBE)
DELETE /session/90dd082a64566af5413496e6e7a8a552 HTTP/1.1
User-Agent: selenium/4.8.1 (java windows)
Content-Type: application/json; charset=utf-8
host: localhost:33686
accept: */*

Response DefaultHttpResponse(decodeResult: success, version: HTTP/1.1)
HTTP/1.1 200 OK
Content-Length: 14
Content-Type: application/json; charset=utf-8
cache-control: no-cache

16:12:39.665 [AsyncHttpClient-1-2] DEBUG org.asynchttpclient.netty.channel.ChannelManager - Adding key: http://localhost:33686 for channel [id: 0x1e4034e1, L:/127.0.0.1:50630 - R:localhost/127.0.0.1:33686]
16:12:39.771 [AsyncHttpClient-1-2] DEBUG org.asynchttpclient.netty.handler.HttpHandler - Channel Closed: [id: 0x1e4034e1, L:/127.0.0.1:50630 ! R:localhost/127.0.0.1:33686] with attribute DISCARD
]]></system-out>
    <system-err><![CDATA[Starting ChromeDriver 111.0.5563.64 (c710e93d5b63b7095afe8c2c17df34408078439d-refs/branch-heads/5563@{#995}) on port 33686
Only local connections are allowed.
Please see https://chromedriver.chromium.org/security-considerations for suggestions on keeping ChromeDriver safe.
ChromeDriver was started successfully.
[1683537119.921][WARNING]: This version of ChromeDriver has not been tested with Chrome version 112.
May 08, 2023 4:12:04 PM org.openqa.selenium.devtools.CdpVersionFinder findNearestMatch
WARNING: Unable to find an exact match for CDP version 112, so returning the closest version found: 110
[1683537136.052][SEVERE]: Timed out receiving message from renderer: 10.000
[1683537136.053][WARNING]: screenshot failed, retrying timeout: Timed out receiving message from renderer: 10.000
]]></system-err>
  </testcase>
  <testcase name="As user, I have be able to success login" classname="User be able to login" time="14.844">
    <system-out><![CDATA[
Scenario: As user, I have be able to success login &amp#27;[90m# src/test/resources/features/1_Login.feature:13&amp#27;[0m
16:12:40.393 [main] DEBUG io.cucumber.core.plugin.SerenityReporter - Running feature from file:///C:/Users/ASUS/Documents/GitHub/Mini-Project/WebTesting/src/test/resources/features/1_Login.feature
16:12:40.396 [main] INFO  - 
  _____   ___   ___   _____     ___   _____     _     ___   _____   ___   ___  
 |_   _| | __| / __| |_   _|   / __| |_   _|   /_\   | _ \ |_   _| | __| |   \ 
   | |   | _|  \__ \   | |     \__ \   | |    / _ \  |   /   | |   | _|  | |) |
   |_|   |___| |___/   |_|     |___/   |_|   /_/ \_\ |_|_\   |_|   |___| |___/ 

As user, I have be able to success login(user-be-able-to-login;as-user--i-have-be-able-to-success-login)
--------------------------------------------------------------------------------
16:12:40.425 [main] DEBUG net.thucydides.core.steps.StepInterceptor - STARTING STEP: LoginSteps.onTheHomePageFirst - openPage
16:12:40.468 [main] INFO net.serenitybdd.core.webdriver.driverproviders.ChromeDriverProvider - Starting Chrome driver instance with capabilities:
16:12:40.468 [main] INFO net.serenitybdd.core.webdriver.driverproviders.ChromeDriverProvider - Capabilities {acceptInsecureCerts: false, browserName: chrome, goog:chromeOptions: {args: [remote-allow-origins=*], extensions: []}}
16:12:40.596 [AsyncHttpClient-1-1] DEBUG org.asynchttpclient.netty.channel.DefaultChannelPool - Entry count for : http://localhost:50633 : 1
16:12:40.596 [AsyncHttpClient-1-1] DEBUG org.asynchttpclient.netty.channel.DefaultChannelPool - Entry count for : http://localhost:33686 : 1
16:12:40.597 [AsyncHttpClient-1-1] DEBUG org.asynchttpclient.netty.channel.DefaultChannelPool - Adding Candidate expired Channel [id: 0x182c96ac, L:/127.0.0.1:50642 ! R:localhost/127.0.0.1:50633] isIdleTimeoutExpired=false isRemotelyClosed=true isTtlExpired=false
16:12:40.597 [AsyncHttpClient-1-1] DEBUG org.asynchttpclient.netty.channel.DefaultChannelPool - Closing Idle Channel [id: 0x182c96ac, L:/127.0.0.1:50642 ! R:localhost/127.0.0.1:50633]
16:12:40.597 [AsyncHttpClient-1-1] DEBUG org.asynchttpclient.netty.channel.DefaultChannelPool - Adding Candidate expired Channel [id: 0x1e4034e1, L:/127.0.0.1:50630 ! R:localhost/127.0.0.1:33686] isIdleTimeoutExpired=false isRemotelyClosed=true isTtlExpired=false
16:12:40.597 [AsyncHttpClient-1-1] DEBUG org.asynchttpclient.netty.channel.DefaultChannelPool - Closing Idle Channel [id: 0x1e4034e1, L:/127.0.0.1:50630 ! R:localhost/127.0.0.1:33686]
16:12:40.597 [AsyncHttpClient-1-1] DEBUG org.asynchttpclient.netty.channel.DefaultChannelPool - Closed 2 connections out of 2 in 1 ms
16:12:41.072 [AsyncHttpClient-1-5] DEBUG org.asynchttpclient.netty.channel.NettyConnectListener - Using new Channel '[id: 0xa5dedf0e, L:/127.0.0.1:50674 - R:localhost/127.0.0.1:38164]' for 'POST' to '/session'
16:12:43.036 [AsyncHttpClient-1-5] DEBUG org.asynchttpclient.netty.handler.HttpHandler - 

Request DefaultHttpRequest(decodeResult: success, version: HTTP/1.1)
POST /session HTTP/1.1
User-Agent: selenium/4.8.1 (java windows)
Content-Length: 507
Content-Type: application/json; charset=utf-8
host: localhost:38164
accept: */*

Response DefaultHttpResponse(decodeResult: success, version: HTTP/1.1)
HTTP/1.1 200 OK
Content-Length: 859
Content-Type: application/json; charset=utf-8
cache-control: no-cache

16:12:43.036 [AsyncHttpClient-1-5] DEBUG org.asynchttpclient.netty.channel.ChannelManager - Adding key: http://localhost:38164 for channel [id: 0xa5dedf0e, L:/127.0.0.1:50674 - R:localhost/127.0.0.1:38164]
16:12:43.047 [AsyncHttpClient-1-6] DEBUG org.asynchttpclient.netty.channel.NettyConnectListener - Using new Channel '[id: 0xe6db3444, L:/127.0.0.1:50681 - R:localhost/127.0.0.1:50676]' for 'GET' to '/json/version'
16:12:43.048 [AsyncHttpClient-1-6] DEBUG org.asynchttpclient.netty.handler.HttpHandler - 

Request DefaultFullHttpRequest(decodeResult: success, version: HTTP/1.1, content: EmptyByteBufBE)
GET /json/version HTTP/1.1
User-Agent: selenium/4.8.1 (java windows)
host: localhost:50676
accept: */*

Response DefaultHttpResponse(decodeResult: success, version: HTTP/1.1)
HTTP/1.1 200 OK
Content-Security-Policy: frame-ancestors 'none'
Content-Length: 424
Content-Type: application/json; charset=UTF-8

16:12:43.048 [AsyncHttpClient-1-6] DEBUG org.asynchttpclient.netty.channel.ChannelManager - Adding key: http://localhost:50676 for channel [id: 0xe6db3444, L:/127.0.0.1:50681 - R:localhost/127.0.0.1:50676]
16:12:43.051 [AsyncHttpClient-1-7] DEBUG org.asynchttpclient.netty.channel.NettyConnectListener - Using new Channel '[id: 0xe50f8051, L:/127.0.0.1:50682 - R:localhost/127.0.0.1:50676]' for 'GET' to '/devtools/browser/be5b268d-e850-4359-a25a-85b104f3f2cb'
16:12:43.053 [AsyncHttpClient-1-7] DEBUG org.asynchttpclient.netty.handler.WebSocketHandler - 

Request DefaultFullHttpRequest(decodeResult: success, version: HTTP/1.1, content: EmptyByteBufBE)
GET /devtools/browser/be5b268d-e850-4359-a25a-85b104f3f2cb HTTP/1.1
upgrade: websocket
connection: upgrade
sec-websocket-key: g/1CYmBOBrzxc1ysl0t+dQ==
sec-websocket-version: 13
origin: http://localhost:50676
host: localhost:50676
accept: */*
user-agent: AHC/2.1

Response DefaultHttpResponse(decodeResult: success, version: HTTP/1.1)
HTTP/1.1 101 WebSocket Protocol Handshake
Upgrade: WebSocket
Connection: Upgrade
Sec-WebSocket-Accept: UIqmJFNxV+7rrIfIj8U0GIo5OoQ=

16:12:43.060 [Forwarding get on session 51b98081bb0c74d6aa75d066c34b837d to remote] DEBUG org.asynchttpclient.netty.request.NettyRequestSender - Using pooled Channel '[id: 0xa5dedf0e, L:/127.0.0.1:50674 - R:localhost/127.0.0.1:38164]' for 'POST' to 'http://localhost:38164/session/51b98081bb0c74d6aa75d066c34b837d/url'
16:12:43.060 [Forwarding get on session 51b98081bb0c74d6aa75d066c34b837d to remote] DEBUG org.asynchttpclient.netty.request.NettyRequestSender - Using open Channel [id: 0xa5dedf0e, L:/127.0.0.1:50674 - R:localhost/127.0.0.1:38164] for POST '/session/51b98081bb0c74d6aa75d066c34b837d/url'
16:12:43.887 [AsyncHttpClient-1-1] DEBUG org.asynchttpclient.netty.channel.DefaultChannelPool - Entry count for : http://localhost:50676 : 1
16:12:44.987 [AsyncHttpClient-1-1] DEBUG org.asynchttpclient.netty.channel.DefaultChannelPool - Entry count for : http://localhost:50676 : 1
16:12:46.088 [AsyncHttpClient-1-1] DEBUG org.asynchttpclient.netty.channel.DefaultChannelPool - Entry count for : http://localhost:50676 : 1
16:12:47.197 [AsyncHttpClient-1-1] DEBUG org.asynchttpclient.netty.channel.DefaultChannelPool - Entry count for : http://localhost:50676 : 1
16:12:47.814 [AsyncHttpClient-1-5] DEBUG org.asynchttpclient.netty.handler.HttpHandler - 

Request DefaultHttpRequest(decodeResult: success, version: HTTP/1.1)
POST /session/51b98081bb0c74d6aa75d066c34b837d/url HTTP/1.1
User-Agent: selenium/4.8.1 (java windows)
Content-Length: 59
Content-Type: application/json; charset=utf-8
host: localhost:38164
accept: */*

Response DefaultHttpResponse(decodeResult: success, version: HTTP/1.1)
HTTP/1.1 200 OK
Content-Length: 14
Content-Type: application/json; charset=utf-8
cache-control: no-cache

16:12:47.814 [AsyncHttpClient-1-5] DEBUG org.asynchttpclient.netty.channel.ChannelManager - Adding key: http://localhost:38164 for channel [id: 0xa5dedf0e, L:/127.0.0.1:50674 - R:localhost/127.0.0.1:38164]
16:12:47.817 [Forwarding setTimeout on session 51b98081bb0c74d6aa75d066c34b837d to remote] DEBUG org.asynchttpclient.netty.request.NettyRequestSender - Using pooled Channel '[id: 0xa5dedf0e, L:/127.0.0.1:50674 - R:localhost/127.0.0.1:38164]' for 'POST' to 'http://localhost:38164/session/51b98081bb0c74d6aa75d066c34b837d/timeouts'
16:12:47.817 [Forwarding setTimeout on session 51b98081bb0c74d6aa75d066c34b837d to remote] DEBUG org.asynchttpclient.netty.request.NettyRequestSender - Using open Channel [id: 0xa5dedf0e, L:/127.0.0.1:50674 - R:localhost/127.0.0.1:38164] for POST '/session/51b98081bb0c74d6aa75d066c34b837d/timeouts'
16:12:47.819 [AsyncHttpClient-1-5] DEBUG org.asynchttpclient.netty.handler.HttpHandler - 

Request DefaultHttpRequest(decodeResult: success, version: HTTP/1.1)
POST /session/51b98081bb0c74d6aa75d066c34b837d/timeouts HTTP/1.1
User-Agent: selenium/4.8.1 (java windows)
Content-Length: 22
Content-Type: application/json; charset=utf-8
host: localhost:38164
accept: */*

Response DefaultHttpResponse(decodeResult: success, version: HTTP/1.1)
HTTP/1.1 200 OK
Content-Length: 14
Content-Type: application/json; charset=utf-8
cache-control: no-cache

16:12:47.819 [AsyncHttpClient-1-5] DEBUG org.asynchttpclient.netty.channel.ChannelManager - Adding key: http://localhost:38164 for channel [id: 0xa5dedf0e, L:/127.0.0.1:50674 - R:localhost/127.0.0.1:38164]
16:12:47.828 [Forwarding getAlertText on session 51b98081bb0c74d6aa75d066c34b837d to remote] DEBUG org.asynchttpclient.netty.request.NettyRequestSender - Using pooled Channel '[id: 0xa5dedf0e, L:/127.0.0.1:50674 - R:localhost/127.0.0.1:38164]' for 'GET' to 'http://localhost:38164/session/51b98081bb0c74d6aa75d066c34b837d/alert/text'
16:12:47.828 [Forwarding getAlertText on session 51b98081bb0c74d6aa75d066c34b837d to remote] DEBUG org.asynchttpclient.netty.request.NettyRequestSender - Using open Channel [id: 0xa5dedf0e, L:/127.0.0.1:50674 - R:localhost/127.0.0.1:38164] for GET '/session/51b98081bb0c74d6aa75d066c34b837d/alert/text'
16:12:48.287 [AsyncHttpClient-1-1] DEBUG org.asynchttpclient.netty.channel.DefaultChannelPool - Entry count for : http://localhost:50676 : 1
16:12:48.894 [AsyncHttpClient-1-5] DEBUG org.asynchttpclient.netty.handler.HttpHandler - 

Request DefaultFullHttpRequest(decodeResult: success, version: HTTP/1.1, content: EmptyByteBufBE)
GET /session/51b98081bb0c74d6aa75d066c34b837d/alert/text HTTP/1.1
User-Agent: selenium/4.8.1 (java windows)
Cache-Control: no-cache
Content-Type: application/json; charset=utf-8
host: localhost:38164
accept: */*

Response DefaultHttpResponse(decodeResult: success, version: HTTP/1.1)
HTTP/1.1 404 Not Found
Content-Length: 836
Content-Type: application/json; charset=utf-8
cache-control: no-cache

16:12:48.894 [AsyncHttpClient-1-5] DEBUG org.asynchttpclient.netty.channel.ChannelManager - Adding key: http://localhost:38164 for channel [id: 0xa5dedf0e, L:/127.0.0.1:50674 - R:localhost/127.0.0.1:38164]
16:12:48.896 [Forwarding getCurrentUrl on session 51b98081bb0c74d6aa75d066c34b837d to remote] DEBUG org.asynchttpclient.netty.request.NettyRequestSender - Using pooled Channel '[id: 0xa5dedf0e, L:/127.0.0.1:50674 - R:localhost/127.0.0.1:38164]' for 'GET' to 'http://localhost:38164/session/51b98081bb0c74d6aa75d066c34b837d/url'
16:12:48.896 [Forwarding getCurrentUrl on session 51b98081bb0c74d6aa75d066c34b837d to remote] DEBUG org.asynchttpclient.netty.request.NettyRequestSender - Using open Channel [id: 0xa5dedf0e, L:/127.0.0.1:50674 - R:localhost/127.0.0.1:38164] for GET '/session/51b98081bb0c74d6aa75d066c34b837d/url'
16:12:48.902 [AsyncHttpClient-1-5] DEBUG org.asynchttpclient.netty.handler.HttpHandler - 

Request DefaultFullHttpRequest(decodeResult: success, version: HTTP/1.1, content: EmptyByteBufBE)
GET /session/51b98081bb0c74d6aa75d066c34b837d/url HTTP/1.1
User-Agent: selenium/4.8.1 (java windows)
Cache-Control: no-cache
Content-Type: application/json; charset=utf-8
host: localhost:38164
accept: */*

Response DefaultHttpResponse(decodeResult: success, version: HTTP/1.1)
HTTP/1.1 200 OK
Content-Length: 41
Content-Type: application/json; charset=utf-8
cache-control: no-cache

16:12:48.902 [AsyncHttpClient-1-5] DEBUG org.asynchttpclient.netty.channel.ChannelManager - Adding key: http://localhost:38164 for channel [id: 0xa5dedf0e, L:/127.0.0.1:50674 - R:localhost/127.0.0.1:38164]
16:12:48.903 [Forwarding screenshot on session 51b98081bb0c74d6aa75d066c34b837d to remote] DEBUG org.asynchttpclient.netty.request.NettyRequestSender - Using pooled Channel '[id: 0xa5dedf0e, L:/127.0.0.1:50674 - R:localhost/127.0.0.1:38164]' for 'GET' to 'http://localhost:38164/session/51b98081bb0c74d6aa75d066c34b837d/screenshot'
16:12:48.903 [Forwarding screenshot on session 51b98081bb0c74d6aa75d066c34b837d to remote] DEBUG org.asynchttpclient.netty.request.NettyRequestSender - Using open Channel [id: 0xa5dedf0e, L:/127.0.0.1:50674 - R:localhost/127.0.0.1:38164] for GET '/session/51b98081bb0c74d6aa75d066c34b837d/screenshot'
16:12:49.196 [AsyncHttpClient-1-5] DEBUG org.asynchttpclient.netty.handler.HttpHandler - 

Request DefaultFullHttpRequest(decodeResult: success, version: HTTP/1.1, content: EmptyByteBufBE)
GET /session/51b98081bb0c74d6aa75d066c34b837d/screenshot HTTP/1.1
User-Agent: selenium/4.8.1 (java windows)
Cache-Control: no-cache
Content-Type: application/json; charset=utf-8
host: localhost:38164
accept: */*

Response DefaultHttpResponse(decodeResult: success, version: HTTP/1.1)
HTTP/1.1 200 OK
Content-Length: 64700
Content-Type: application/json; charset=utf-8
cache-control: no-cache

16:12:49.197 [AsyncHttpClient-1-5] DEBUG org.asynchttpclient.netty.channel.ChannelManager - Adding key: http://localhost:38164 for channel [id: 0xa5dedf0e, L:/127.0.0.1:50674 - R:localhost/127.0.0.1:38164]
16:12:49.200 [main] DEBUG net.serenitybdd.core.photography.Darkroom - Send negative for processing for target\site\serenity\513ad3b6089a6f391579a97d229c34ded9871c687b9c79a3b95019a1a7839ad8.png
16:12:49.201 [main] DEBUG net.thucydides.core.steps.StepInterceptor - STEP DONE: openPage
16:12:49.206 [Forwarding getPageSource on session 51b98081bb0c74d6aa75d066c34b837d to remote] DEBUG org.asynchttpclient.netty.request.NettyRequestSender - Using pooled Channel '[id: 0xa5dedf0e, L:/127.0.0.1:50674 - R:localhost/127.0.0.1:38164]' for 'POST' to 'http://localhost:38164/session/51b98081bb0c74d6aa75d066c34b837d/execute/sync'
16:12:49.206 [Forwarding getPageSource on session 51b98081bb0c74d6aa75d066c34b837d to remote] DEBUG org.asynchttpclient.netty.request.NettyRequestSender - Using open Channel [id: 0xa5dedf0e, L:/127.0.0.1:50674 - R:localhost/127.0.0.1:38164] for POST '/session/51b98081bb0c74d6aa75d066c34b837d/execute/sync'
16:12:49.239 [AsyncHttpClient-1-5] DEBUG org.asynchttpclient.netty.handler.HttpHandler - 

Request DefaultHttpRequest(decodeResult: success, version: HTTP/1.1)
POST /session/51b98081bb0c74d6aa75d066c34b837d/execute/sync HTTP/1.1
User-Agent: selenium/4.8.1 (java windows)
Content-Length: 176
Content-Type: application/json; charset=utf-8
host: localhost:38164
accept: */*

Response DefaultHttpResponse(decodeResult: success, version: HTTP/1.1)
HTTP/1.1 200 OK
Content-Length: 654084
Content-Type: application/json; charset=utf-8
cache-control: no-cache

16:12:49.241 [AsyncHttpClient-1-5] DEBUG org.asynchttpclient.netty.channel.ChannelManager - Adding key: http://localhost:38164 for channel [id: 0xa5dedf0e, L:/127.0.0.1:50674 - R:localhost/127.0.0.1:38164]
16:12:49.309 [Forwarding getCurrentUrl on session 51b98081bb0c74d6aa75d066c34b837d to remote] DEBUG org.asynchttpclient.netty.request.NettyRequestSender - Using pooled Channel '[id: 0xa5dedf0e, L:/127.0.0.1:50674 - R:localhost/127.0.0.1:38164]' for 'GET' to 'http://localhost:38164/session/51b98081bb0c74d6aa75d066c34b837d/url'
16:12:49.309 [Forwarding getCurrentUrl on session 51b98081bb0c74d6aa75d066c34b837d to remote] DEBUG org.asynchttpclient.netty.request.NettyRequestSender - Using open Channel [id: 0xa5dedf0e, L:/127.0.0.1:50674 - R:localhost/127.0.0.1:38164] for GET '/session/51b98081bb0c74d6aa75d066c34b837d/url'
16:12:49.315 [AsyncHttpClient-1-5] DEBUG org.asynchttpclient.netty.handler.HttpHandler - 

Request DefaultFullHttpRequest(decodeResult: success, version: HTTP/1.1, content: EmptyByteBufBE)
GET /session/51b98081bb0c74d6aa75d066c34b837d/url HTTP/1.1
User-Agent: selenium/4.8.1 (java windows)
Cache-Control: no-cache
Content-Type: application/json; charset=utf-8
host: localhost:38164
accept: */*

Response DefaultHttpResponse(decodeResult: success, version: HTTP/1.1)
HTTP/1.1 200 OK
Content-Length: 41
Content-Type: application/json; charset=utf-8
cache-control: no-cache

16:12:49.315 [AsyncHttpClient-1-5] DEBUG org.asynchttpclient.netty.channel.ChannelManager - Adding key: http://localhost:38164 for channel [id: 0xa5dedf0e, L:/127.0.0.1:50674 - R:localhost/127.0.0.1:38164]
16:12:49.318 [main] DEBUG net.thucydides.core.steps.StepInterceptor - STARTING STEP: LoginSteps.onTheHomePageFirst - validateOnHomePage
16:12:49.320 [Forwarding findElement on session 51b98081bb0c74d6aa75d066c34b837d to remote] DEBUG org.asynchttpclient.netty.request.NettyRequestSender - Using pooled Channel '[id: 0xa5dedf0e, L:/127.0.0.1:50674 - R:localhost/127.0.0.1:38164]' for 'POST' to 'http://localhost:38164/session/51b98081bb0c74d6aa75d066c34b837d/element'
16:12:49.320 [Forwarding findElement on session 51b98081bb0c74d6aa75d066c34b837d to remote] DEBUG org.asynchttpclient.netty.request.NettyRequestSender - Using open Channel [id: 0xa5dedf0e, L:/127.0.0.1:50674 - R:localhost/127.0.0.1:38164] for POST '/session/51b98081bb0c74d6aa75d066c34b837d/element'
16:12:49.333 [AsyncHttpClient-1-5] DEBUG org.asynchttpclient.netty.handler.HttpHandler - 

Request DefaultHttpRequest(decodeResult: success, version: HTTP/1.1)
POST /session/51b98081bb0c74d6aa75d066c34b837d/element HTTP/1.1
User-Agent: selenium/4.8.1 (java windows)
Content-Length: 46
Content-Type: application/json; charset=utf-8
host: localhost:38164
accept: */*

Response DefaultHttpResponse(decodeResult: success, version: HTTP/1.1)
HTTP/1.1 200 OK
Content-Length: 88
Content-Type: application/json; charset=utf-8
cache-control: no-cache

16:12:49.333 [AsyncHttpClient-1-5] DEBUG org.asynchttpclient.netty.channel.ChannelManager - Adding key: http://localhost:38164 for channel [id: 0xa5dedf0e, L:/127.0.0.1:50674 - R:localhost/127.0.0.1:38164]
16:12:49.336 [Forwarding isElementDisplayed on session 51b98081bb0c74d6aa75d066c34b837d to remote] DEBUG org.asynchttpclient.netty.request.NettyRequestSender - Using pooled Channel '[id: 0xa5dedf0e, L:/127.0.0.1:50674 - R:localhost/127.0.0.1:38164]' for 'POST' to 'http://localhost:38164/session/51b98081bb0c74d6aa75d066c34b837d/execute/sync'
16:12:49.336 [Forwarding isElementDisplayed on session 51b98081bb0c74d6aa75d066c34b837d to remote] DEBUG org.asynchttpclient.netty.request.NettyRequestSender - Using open Channel [id: 0xa5dedf0e, L:/127.0.0.1:50674 - R:localhost/127.0.0.1:38164] for POST '/session/51b98081bb0c74d6aa75d066c34b837d/execute/sync'
16:12:49.349 [AsyncHttpClient-1-5] DEBUG org.asynchttpclient.netty.handler.HttpHandler - 

Request DefaultHttpRequest(decodeResult: success, version: HTTP/1.1)
POST /session/51b98081bb0c74d6aa75d066c34b837d/execute/sync HTTP/1.1
User-Agent: selenium/4.8.1 (java windows)
Content-Length: 48807
Content-Type: application/json; charset=utf-8
host: localhost:38164
accept: */*

Response DefaultHttpResponse(decodeResult: success, version: HTTP/1.1)
HTTP/1.1 200 OK
Content-Length: 14
Content-Type: application/json; charset=utf-8
cache-control: no-cache

16:12:49.351 [AsyncHttpClient-1-5] DEBUG org.asynchttpclient.netty.channel.ChannelManager - Adding key: http://localhost:38164 for channel [id: 0xa5dedf0e, L:/127.0.0.1:50674 - R:localhost/127.0.0.1:38164]
16:12:49.353 [Forwarding getAlertText on session 51b98081bb0c74d6aa75d066c34b837d to remote] DEBUG org.asynchttpclient.netty.request.NettyRequestSender - Using pooled Channel '[id: 0xa5dedf0e, L:/127.0.0.1:50674 - R:localhost/127.0.0.1:38164]' for 'GET' to 'http://localhost:38164/session/51b98081bb0c74d6aa75d066c34b837d/alert/text'
16:12:49.353 [Forwarding getAlertText on session 51b98081bb0c74d6aa75d066c34b837d to remote] DEBUG org.asynchttpclient.netty.request.NettyRequestSender - Using open Channel [id: 0xa5dedf0e, L:/127.0.0.1:50674 - R:localhost/127.0.0.1:38164] for GET '/session/51b98081bb0c74d6aa75d066c34b837d/alert/text'
16:12:49.356 [AsyncHttpClient-1-5] DEBUG org.asynchttpclient.netty.handler.HttpHandler - 

Request DefaultFullHttpRequest(decodeResult: success, version: HTTP/1.1, content: EmptyByteBufBE)
GET /session/51b98081bb0c74d6aa75d066c34b837d/alert/text HTTP/1.1
User-Agent: selenium/4.8.1 (java windows)
Cache-Control: no-cache
Content-Type: application/json; charset=utf-8
host: localhost:38164
accept: */*

Response DefaultHttpResponse(decodeResult: success, version: HTTP/1.1)
HTTP/1.1 404 Not Found
Content-Length: 836
Content-Type: application/json; charset=utf-8
cache-control: no-cache

16:12:49.356 [AsyncHttpClient-1-5] DEBUG org.asynchttpclient.netty.channel.ChannelManager - Adding key: http://localhost:38164 for channel [id: 0xa5dedf0e, L:/127.0.0.1:50674 - R:localhost/127.0.0.1:38164]
16:12:49.359 [Forwarding getCurrentUrl on session 51b98081bb0c74d6aa75d066c34b837d to remote] DEBUG org.asynchttpclient.netty.request.NettyRequestSender - Using pooled Channel '[id: 0xa5dedf0e, L:/127.0.0.1:50674 - R:localhost/127.0.0.1:38164]' for 'GET' to 'http://localhost:38164/session/51b98081bb0c74d6aa75d066c34b837d/url'
16:12:49.359 [Forwarding getCurrentUrl on session 51b98081bb0c74d6aa75d066c34b837d to remote] DEBUG org.asynchttpclient.netty.request.NettyRequestSender - Using open Channel [id: 0xa5dedf0e, L:/127.0.0.1:50674 - R:localhost/127.0.0.1:38164] for GET '/session/51b98081bb0c74d6aa75d066c34b837d/url'
16:12:49.364 [AsyncHttpClient-1-5] DEBUG org.asynchttpclient.netty.handler.HttpHandler - 

Request DefaultFullHttpRequest(decodeResult: success, version: HTTP/1.1, content: EmptyByteBufBE)
GET /session/51b98081bb0c74d6aa75d066c34b837d/url HTTP/1.1
User-Agent: selenium/4.8.1 (java windows)
Cache-Control: no-cache
Content-Type: application/json; charset=utf-8
host: localhost:38164
accept: */*

Response DefaultHttpResponse(decodeResult: success, version: HTTP/1.1)
HTTP/1.1 200 OK
Content-Length: 41
Content-Type: application/json; charset=utf-8
cache-control: no-cache

16:12:49.364 [AsyncHttpClient-1-5] DEBUG org.asynchttpclient.netty.channel.ChannelManager - Adding key: http://localhost:38164 for channel [id: 0xa5dedf0e, L:/127.0.0.1:50674 - R:localhost/127.0.0.1:38164]
16:12:49.364 [Forwarding screenshot on session 51b98081bb0c74d6aa75d066c34b837d to remote] DEBUG org.asynchttpclient.netty.request.NettyRequestSender - Using pooled Channel '[id: 0xa5dedf0e, L:/127.0.0.1:50674 - R:localhost/127.0.0.1:38164]' for 'GET' to 'http://localhost:38164/session/51b98081bb0c74d6aa75d066c34b837d/screenshot'
16:12:49.364 [Forwarding screenshot on session 51b98081bb0c74d6aa75d066c34b837d to remote] DEBUG org.asynchttpclient.netty.request.NettyRequestSender - Using open Channel [id: 0xa5dedf0e, L:/127.0.0.1:50674 - R:localhost/127.0.0.1:38164] for GET '/session/51b98081bb0c74d6aa75d066c34b837d/screenshot'
16:12:49.389 [AsyncHttpClient-1-1] DEBUG org.asynchttpclient.netty.channel.DefaultChannelPool - Entry count for : http://localhost:50676 : 1
16:12:49.425 [AsyncHttpClient-1-5] DEBUG org.asynchttpclient.netty.handler.HttpHandler - 

Request DefaultFullHttpRequest(decodeResult: success, version: HTTP/1.1, content: EmptyByteBufBE)
GET /session/51b98081bb0c74d6aa75d066c34b837d/screenshot HTTP/1.1
User-Agent: selenium/4.8.1 (java windows)
Cache-Control: no-cache
Content-Type: application/json; charset=utf-8
host: localhost:38164
accept: */*

Response DefaultHttpResponse(decodeResult: success, version: HTTP/1.1)
HTTP/1.1 200 OK
Content-Length: 64700
Content-Type: application/json; charset=utf-8
cache-control: no-cache

16:12:49.425 [AsyncHttpClient-1-5] DEBUG org.asynchttpclient.netty.channel.ChannelManager - Adding key: http://localhost:38164 for channel [id: 0xa5dedf0e, L:/127.0.0.1:50674 - R:localhost/127.0.0.1:38164]
16:12:49.429 [main] DEBUG net.serenitybdd.core.photography.Darkroom - Send negative for processing for target\site\serenity\513ad3b6089a6f391579a97d229c34ded9871c687b9c79a3b95019a1a7839ad8.png
16:12:49.429 [main] DEBUG net.thucydides.core.steps.StepInterceptor - STEP DONE: validateOnHomePage
  &amp#27;[32mGiven &amp#27;[0m&amp#27;[32mI am on the home page 1&amp#27;[0m                    &amp#27;[90m# starter.stepdefinitions.LoginSteps.onTheHomePageFirst()&amp#27;[0m
16:12:49.436 [Forwarding getPageSource on session 51b98081bb0c74d6aa75d066c34b837d to remote] DEBUG org.asynchttpclient.netty.request.NettyRequestSender - Using pooled Channel '[id: 0xa5dedf0e, L:/127.0.0.1:50674 - R:localhost/127.0.0.1:38164]' for 'POST' to 'http://localhost:38164/session/51b98081bb0c74d6aa75d066c34b837d/execute/sync'
16:12:49.436 [Forwarding getPageSource on session 51b98081bb0c74d6aa75d066c34b837d to remote] DEBUG org.asynchttpclient.netty.request.NettyRequestSender - Using open Channel [id: 0xa5dedf0e, L:/127.0.0.1:50674 - R:localhost/127.0.0.1:38164] for POST '/session/51b98081bb0c74d6aa75d066c34b837d/execute/sync'
16:12:49.464 [AsyncHttpClient-1-5] DEBUG org.asynchttpclient.netty.handler.HttpHandler - 

Request DefaultHttpRequest(decodeResult: success, version: HTTP/1.1)
POST /session/51b98081bb0c74d6aa75d066c34b837d/execute/sync HTTP/1.1
User-Agent: selenium/4.8.1 (java windows)
Content-Length: 176
Content-Type: application/json; charset=utf-8
host: localhost:38164
accept: */*

Response DefaultHttpResponse(decodeResult: success, version: HTTP/1.1)
HTTP/1.1 200 OK
Content-Length: 654084
Content-Type: application/json; charset=utf-8
cache-control: no-cache

16:12:49.466 [AsyncHttpClient-1-5] DEBUG org.asynchttpclient.netty.channel.ChannelManager - Adding key: http://localhost:38164 for channel [id: 0xa5dedf0e, L:/127.0.0.1:50674 - R:localhost/127.0.0.1:38164]
16:12:49.521 [Forwarding getCurrentUrl on session 51b98081bb0c74d6aa75d066c34b837d to remote] DEBUG org.asynchttpclient.netty.request.NettyRequestSender - Using pooled Channel '[id: 0xa5dedf0e, L:/127.0.0.1:50674 - R:localhost/127.0.0.1:38164]' for 'GET' to 'http://localhost:38164/session/51b98081bb0c74d6aa75d066c34b837d/url'
16:12:49.521 [Forwarding getCurrentUrl on session 51b98081bb0c74d6aa75d066c34b837d to remote] DEBUG org.asynchttpclient.netty.request.NettyRequestSender - Using open Channel [id: 0xa5dedf0e, L:/127.0.0.1:50674 - R:localhost/127.0.0.1:38164] for GET '/session/51b98081bb0c74d6aa75d066c34b837d/url'
16:12:49.527 [AsyncHttpClient-1-5] DEBUG org.asynchttpclient.netty.handler.HttpHandler - 

Request DefaultFullHttpRequest(decodeResult: success, version: HTTP/1.1, content: EmptyByteBufBE)
GET /session/51b98081bb0c74d6aa75d066c34b837d/url HTTP/1.1
User-Agent: selenium/4.8.1 (java windows)
Cache-Control: no-cache
Content-Type: application/json; charset=utf-8
host: localhost:38164
accept: */*

Response DefaultHttpResponse(decodeResult: success, version: HTTP/1.1)
HTTP/1.1 200 OK
Content-Length: 41
Content-Type: application/json; charset=utf-8
cache-control: no-cache

16:12:49.527 [AsyncHttpClient-1-5] DEBUG org.asynchttpclient.netty.channel.ChannelManager - Adding key: http://localhost:38164 for channel [id: 0xa5dedf0e, L:/127.0.0.1:50674 - R:localhost/127.0.0.1:38164]
16:12:49.539 [Forwarding getAlertText on session 51b98081bb0c74d6aa75d066c34b837d to remote] DEBUG org.asynchttpclient.netty.request.NettyRequestSender - Using pooled Channel '[id: 0xa5dedf0e, L:/127.0.0.1:50674 - R:localhost/127.0.0.1:38164]' for 'GET' to 'http://localhost:38164/session/51b98081bb0c74d6aa75d066c34b837d/alert/text'
16:12:49.539 [Forwarding getAlertText on session 51b98081bb0c74d6aa75d066c34b837d to remote] DEBUG org.asynchttpclient.netty.request.NettyRequestSender - Using open Channel [id: 0xa5dedf0e, L:/127.0.0.1:50674 - R:localhost/127.0.0.1:38164] for GET '/session/51b98081bb0c74d6aa75d066c34b837d/alert/text'
16:12:49.541 [AsyncHttpClient-1-5] DEBUG org.asynchttpclient.netty.handler.HttpHandler - 

Request DefaultFullHttpRequest(decodeResult: success, version: HTTP/1.1, content: EmptyByteBufBE)
GET /session/51b98081bb0c74d6aa75d066c34b837d/alert/text HTTP/1.1
User-Agent: selenium/4.8.1 (java windows)
Cache-Control: no-cache
Content-Type: application/json; charset=utf-8
host: localhost:38164
accept: */*

Response DefaultHttpResponse(decodeResult: success, version: HTTP/1.1)
HTTP/1.1 404 Not Found
Content-Length: 836
Content-Type: application/json; charset=utf-8
cache-control: no-cache

16:12:49.541 [AsyncHttpClient-1-5] DEBUG org.asynchttpclient.netty.channel.ChannelManager - Adding key: http://localhost:38164 for channel [id: 0xa5dedf0e, L:/127.0.0.1:50674 - R:localhost/127.0.0.1:38164]
16:12:49.543 [Forwarding getCurrentUrl on session 51b98081bb0c74d6aa75d066c34b837d to remote] DEBUG org.asynchttpclient.netty.request.NettyRequestSender - Using pooled Channel '[id: 0xa5dedf0e, L:/127.0.0.1:50674 - R:localhost/127.0.0.1:38164]' for 'GET' to 'http://localhost:38164/session/51b98081bb0c74d6aa75d066c34b837d/url'
16:12:49.543 [Forwarding getCurrentUrl on session 51b98081bb0c74d6aa75d066c34b837d to remote] DEBUG org.asynchttpclient.netty.request.NettyRequestSender - Using open Channel [id: 0xa5dedf0e, L:/127.0.0.1:50674 - R:localhost/127.0.0.1:38164] for GET '/session/51b98081bb0c74d6aa75d066c34b837d/url'
16:12:49.546 [AsyncHttpClient-1-5] DEBUG org.asynchttpclient.netty.handler.HttpHandler - 

Request DefaultFullHttpRequest(decodeResult: success, version: HTTP/1.1, content: EmptyByteBufBE)
GET /session/51b98081bb0c74d6aa75d066c34b837d/url HTTP/1.1
User-Agent: selenium/4.8.1 (java windows)
Cache-Control: no-cache
Content-Type: application/json; charset=utf-8
host: localhost:38164
accept: */*

Response DefaultHttpResponse(decodeResult: success, version: HTTP/1.1)
HTTP/1.1 200 OK
Content-Length: 41
Content-Type: application/json; charset=utf-8
cache-control: no-cache

16:12:49.546 [AsyncHttpClient-1-5] DEBUG org.asynchttpclient.netty.channel.ChannelManager - Adding key: http://localhost:38164 for channel [id: 0xa5dedf0e, L:/127.0.0.1:50674 - R:localhost/127.0.0.1:38164]
16:12:49.547 [Forwarding screenshot on session 51b98081bb0c74d6aa75d066c34b837d to remote] DEBUG org.asynchttpclient.netty.request.NettyRequestSender - Using pooled Channel '[id: 0xa5dedf0e, L:/127.0.0.1:50674 - R:localhost/127.0.0.1:38164]' for 'GET' to 'http://localhost:38164/session/51b98081bb0c74d6aa75d066c34b837d/screenshot'
16:12:49.547 [Forwarding screenshot on session 51b98081bb0c74d6aa75d066c34b837d to remote] DEBUG org.asynchttpclient.netty.request.NettyRequestSender - Using open Channel [id: 0xa5dedf0e, L:/127.0.0.1:50674 - R:localhost/127.0.0.1:38164] for GET '/session/51b98081bb0c74d6aa75d066c34b837d/screenshot'
16:12:49.610 [AsyncHttpClient-1-5] DEBUG org.asynchttpclient.netty.handler.HttpHandler - 

Request DefaultFullHttpRequest(decodeResult: success, version: HTTP/1.1, content: EmptyByteBufBE)
GET /session/51b98081bb0c74d6aa75d066c34b837d/screenshot HTTP/1.1
User-Agent: selenium/4.8.1 (java windows)
Cache-Control: no-cache
Content-Type: application/json; charset=utf-8
host: localhost:38164
accept: */*

Response DefaultHttpResponse(decodeResult: success, version: HTTP/1.1)
HTTP/1.1 200 OK
Content-Length: 64700
Content-Type: application/json; charset=utf-8
cache-control: no-cache

16:12:49.610 [AsyncHttpClient-1-5] DEBUG org.asynchttpclient.netty.channel.ChannelManager - Adding key: http://localhost:38164 for channel [id: 0xa5dedf0e, L:/127.0.0.1:50674 - R:localhost/127.0.0.1:38164]
16:12:49.614 [main] DEBUG net.serenitybdd.core.photography.Darkroom - Send negative for processing for target\site\serenity\513ad3b6089a6f391579a97d229c34ded9871c687b9c79a3b95019a1a7839ad8.png
16:12:49.616 [Forwarding getPageSource on session 51b98081bb0c74d6aa75d066c34b837d to remote] DEBUG org.asynchttpclient.netty.request.NettyRequestSender - Using pooled Channel '[id: 0xa5dedf0e, L:/127.0.0.1:50674 - R:localhost/127.0.0.1:38164]' for 'POST' to 'http://localhost:38164/session/51b98081bb0c74d6aa75d066c34b837d/execute/sync'
16:12:49.616 [Forwarding getPageSource on session 51b98081bb0c74d6aa75d066c34b837d to remote] DEBUG org.asynchttpclient.netty.request.NettyRequestSender - Using open Channel [id: 0xa5dedf0e, L:/127.0.0.1:50674 - R:localhost/127.0.0.1:38164] for POST '/session/51b98081bb0c74d6aa75d066c34b837d/execute/sync'
16:12:49.646 [AsyncHttpClient-1-5] DEBUG org.asynchttpclient.netty.handler.HttpHandler - 

Request DefaultHttpRequest(decodeResult: success, version: HTTP/1.1)
POST /session/51b98081bb0c74d6aa75d066c34b837d/execute/sync HTTP/1.1
User-Agent: selenium/4.8.1 (java windows)
Content-Length: 176
Content-Type: application/json; charset=utf-8
host: localhost:38164
accept: */*

Response DefaultHttpResponse(decodeResult: success, version: HTTP/1.1)
HTTP/1.1 200 OK
Content-Length: 654084
Content-Type: application/json; charset=utf-8
cache-control: no-cache

16:12:49.648 [AsyncHttpClient-1-5] DEBUG org.asynchttpclient.netty.channel.ChannelManager - Adding key: http://localhost:38164 for channel [id: 0xa5dedf0e, L:/127.0.0.1:50674 - R:localhost/127.0.0.1:38164]
16:12:49.704 [Forwarding getCurrentUrl on session 51b98081bb0c74d6aa75d066c34b837d to remote] DEBUG org.asynchttpclient.netty.request.NettyRequestSender - Using pooled Channel '[id: 0xa5dedf0e, L:/127.0.0.1:50674 - R:localhost/127.0.0.1:38164]' for 'GET' to 'http://localhost:38164/session/51b98081bb0c74d6aa75d066c34b837d/url'
16:12:49.704 [Forwarding getCurrentUrl on session 51b98081bb0c74d6aa75d066c34b837d to remote] DEBUG org.asynchttpclient.netty.request.NettyRequestSender - Using open Channel [id: 0xa5dedf0e, L:/127.0.0.1:50674 - R:localhost/127.0.0.1:38164] for GET '/session/51b98081bb0c74d6aa75d066c34b837d/url'
16:12:49.711 [AsyncHttpClient-1-5] DEBUG org.asynchttpclient.netty.handler.HttpHandler - 

Request DefaultFullHttpRequest(decodeResult: success, version: HTTP/1.1, content: EmptyByteBufBE)
GET /session/51b98081bb0c74d6aa75d066c34b837d/url HTTP/1.1
User-Agent: selenium/4.8.1 (java windows)
Cache-Control: no-cache
Content-Type: application/json; charset=utf-8
host: localhost:38164
accept: */*

Response DefaultHttpResponse(decodeResult: success, version: HTTP/1.1)
HTTP/1.1 200 OK
Content-Length: 41
Content-Type: application/json; charset=utf-8
cache-control: no-cache

16:12:49.711 [AsyncHttpClient-1-5] DEBUG org.asynchttpclient.netty.channel.ChannelManager - Adding key: http://localhost:38164 for channel [id: 0xa5dedf0e, L:/127.0.0.1:50674 - R:localhost/127.0.0.1:38164]
16:12:49.714 [main] DEBUG net.thucydides.core.steps.StepInterceptor - STARTING STEP: LoginSteps.clickLoginButton - clickLogin
16:12:49.717 [Forwarding findElement on session 51b98081bb0c74d6aa75d066c34b837d to remote] DEBUG org.asynchttpclient.netty.request.NettyRequestSender - Using pooled Channel '[id: 0xa5dedf0e, L:/127.0.0.1:50674 - R:localhost/127.0.0.1:38164]' for 'POST' to 'http://localhost:38164/session/51b98081bb0c74d6aa75d066c34b837d/element'
16:12:49.717 [Forwarding findElement on session 51b98081bb0c74d6aa75d066c34b837d to remote] DEBUG org.asynchttpclient.netty.request.NettyRequestSender - Using open Channel [id: 0xa5dedf0e, L:/127.0.0.1:50674 - R:localhost/127.0.0.1:38164] for POST '/session/51b98081bb0c74d6aa75d066c34b837d/element'
16:12:49.725 [AsyncHttpClient-1-5] DEBUG org.asynchttpclient.netty.handler.HttpHandler - 

Request DefaultHttpRequest(decodeResult: success, version: HTTP/1.1)
POST /session/51b98081bb0c74d6aa75d066c34b837d/element HTTP/1.1
User-Agent: selenium/4.8.1 (java windows)
Content-Length: 87
Content-Type: application/json; charset=utf-8
host: localhost:38164
accept: */*

Response DefaultHttpResponse(decodeResult: success, version: HTTP/1.1)
HTTP/1.1 200 OK
Content-Length: 88
Content-Type: application/json; charset=utf-8
cache-control: no-cache

16:12:49.725 [AsyncHttpClient-1-5] DEBUG org.asynchttpclient.netty.channel.ChannelManager - Adding key: http://localhost:38164 for channel [id: 0xa5dedf0e, L:/127.0.0.1:50674 - R:localhost/127.0.0.1:38164]
16:12:49.727 [Forwarding getElementTagName on session 51b98081bb0c74d6aa75d066c34b837d to remote] DEBUG org.asynchttpclient.netty.request.NettyRequestSender - Using pooled Channel '[id: 0xa5dedf0e, L:/127.0.0.1:50674 - R:localhost/127.0.0.1:38164]' for 'GET' to 'http://localhost:38164/session/51b98081bb0c74d6aa75d066c34b837d/element/b3799cc5-5f81-4b97-a973-93d17dce7f23/name'
16:12:49.727 [Forwarding getElementTagName on session 51b98081bb0c74d6aa75d066c34b837d to remote] DEBUG org.asynchttpclient.netty.request.NettyRequestSender - Using open Channel [id: 0xa5dedf0e, L:/127.0.0.1:50674 - R:localhost/127.0.0.1:38164] for GET '/session/51b98081bb0c74d6aa75d066c34b837d/element/b3799cc5-5f81-4b97-a973-93d17dce7f23/name'
16:12:49.730 [AsyncHttpClient-1-5] DEBUG org.asynchttpclient.netty.handler.HttpHandler - 

Request DefaultFullHttpRequest(decodeResult: success, version: HTTP/1.1, content: EmptyByteBufBE)
GET /session/51b98081bb0c74d6aa75d066c34b837d/element/b3799cc5-5f81-4b97-a973-93d17dce7f23/name HTTP/1.1
User-Agent: selenium/4.8.1 (java windows)
Cache-Control: no-cache
Content-Type: application/json; charset=utf-8
host: localhost:38164
accept: */*

Response DefaultHttpResponse(decodeResult: success, version: HTTP/1.1)
HTTP/1.1 200 OK
Content-Length: 18
Content-Type: application/json; charset=utf-8
cache-control: no-cache

16:12:49.730 [AsyncHttpClient-1-5] DEBUG org.asynchttpclient.netty.channel.ChannelManager - Adding key: http://localhost:38164 for channel [id: 0xa5dedf0e, L:/127.0.0.1:50674 - R:localhost/127.0.0.1:38164]
16:12:49.731 [Forwarding getElementTagName on session 51b98081bb0c74d6aa75d066c34b837d to remote] DEBUG org.asynchttpclient.netty.request.NettyRequestSender - Using pooled Channel '[id: 0xa5dedf0e, L:/127.0.0.1:50674 - R:localhost/127.0.0.1:38164]' for 'GET' to 'http://localhost:38164/session/51b98081bb0c74d6aa75d066c34b837d/element/b3799cc5-5f81-4b97-a973-93d17dce7f23/name'
16:12:49.731 [Forwarding getElementTagName on session 51b98081bb0c74d6aa75d066c34b837d to remote] DEBUG org.asynchttpclient.netty.request.NettyRequestSender - Using open Channel [id: 0xa5dedf0e, L:/127.0.0.1:50674 - R:localhost/127.0.0.1:38164] for GET '/session/51b98081bb0c74d6aa75d066c34b837d/element/b3799cc5-5f81-4b97-a973-93d17dce7f23/name'
16:12:49.734 [AsyncHttpClient-1-5] DEBUG org.asynchttpclient.netty.handler.HttpHandler - 

Request DefaultFullHttpRequest(decodeResult: success, version: HTTP/1.1, content: EmptyByteBufBE)
GET /session/51b98081bb0c74d6aa75d066c34b837d/element/b3799cc5-5f81-4b97-a973-93d17dce7f23/name HTTP/1.1
User-Agent: selenium/4.8.1 (java windows)
Cache-Control: no-cache
Content-Type: application/json; charset=utf-8
host: localhost:38164
accept: */*

Response DefaultHttpResponse(decodeResult: success, version: HTTP/1.1)
HTTP/1.1 200 OK
Content-Length: 18
Content-Type: application/json; charset=utf-8
cache-control: no-cache

16:12:49.734 [AsyncHttpClient-1-5] DEBUG org.asynchttpclient.netty.channel.ChannelManager - Adding key: http://localhost:38164 for channel [id: 0xa5dedf0e, L:/127.0.0.1:50674 - R:localhost/127.0.0.1:38164]
16:12:49.736 [Forwarding isElementEnabled on session 51b98081bb0c74d6aa75d066c34b837d to remote] DEBUG org.asynchttpclient.netty.request.NettyRequestSender - Using pooled Channel '[id: 0xa5dedf0e, L:/127.0.0.1:50674 - R:localhost/127.0.0.1:38164]' for 'GET' to 'http://localhost:38164/session/51b98081bb0c74d6aa75d066c34b837d/element/b3799cc5-5f81-4b97-a973-93d17dce7f23/enabled'
16:12:49.736 [Forwarding isElementEnabled on session 51b98081bb0c74d6aa75d066c34b837d to remote] DEBUG org.asynchttpclient.netty.request.NettyRequestSender - Using open Channel [id: 0xa5dedf0e, L:/127.0.0.1:50674 - R:localhost/127.0.0.1:38164] for GET '/session/51b98081bb0c74d6aa75d066c34b837d/element/b3799cc5-5f81-4b97-a973-93d17dce7f23/enabled'
16:12:49.744 [AsyncHttpClient-1-5] DEBUG org.asynchttpclient.netty.handler.HttpHandler - 

Request DefaultFullHttpRequest(decodeResult: success, version: HTTP/1.1, content: EmptyByteBufBE)
GET /session/51b98081bb0c74d6aa75d066c34b837d/element/b3799cc5-5f81-4b97-a973-93d17dce7f23/enabled HTTP/1.1
User-Agent: selenium/4.8.1 (java windows)
Cache-Control: no-cache
Content-Type: application/json; charset=utf-8
host: localhost:38164
accept: */*

Response DefaultHttpResponse(decodeResult: success, version: HTTP/1.1)
HTTP/1.1 200 OK
Content-Length: 14
Content-Type: application/json; charset=utf-8
cache-control: no-cache

16:12:49.744 [AsyncHttpClient-1-5] DEBUG org.asynchttpclient.netty.channel.ChannelManager - Adding key: http://localhost:38164 for channel [id: 0xa5dedf0e, L:/127.0.0.1:50674 - R:localhost/127.0.0.1:38164]
16:12:49.745 [Forwarding isElementEnabled on session 51b98081bb0c74d6aa75d066c34b837d to remote] DEBUG org.asynchttpclient.netty.request.NettyRequestSender - Using pooled Channel '[id: 0xa5dedf0e, L:/127.0.0.1:50674 - R:localhost/127.0.0.1:38164]' for 'GET' to 'http://localhost:38164/session/51b98081bb0c74d6aa75d066c34b837d/element/b3799cc5-5f81-4b97-a973-93d17dce7f23/enabled'
16:12:49.745 [Forwarding isElementEnabled on session 51b98081bb0c74d6aa75d066c34b837d to remote] DEBUG org.asynchttpclient.netty.request.NettyRequestSender - Using open Channel [id: 0xa5dedf0e, L:/127.0.0.1:50674 - R:localhost/127.0.0.1:38164] for GET '/session/51b98081bb0c74d6aa75d066c34b837d/element/b3799cc5-5f81-4b97-a973-93d17dce7f23/enabled'
16:12:49.749 [AsyncHttpClient-1-5] DEBUG org.asynchttpclient.netty.handler.HttpHandler - 

Request DefaultFullHttpRequest(decodeResult: success, version: HTTP/1.1, content: EmptyByteBufBE)
GET /session/51b98081bb0c74d6aa75d066c34b837d/element/b3799cc5-5f81-4b97-a973-93d17dce7f23/enabled HTTP/1.1
User-Agent: selenium/4.8.1 (java windows)
Cache-Control: no-cache
Content-Type: application/json; charset=utf-8
host: localhost:38164
accept: */*

Response DefaultHttpResponse(decodeResult: success, version: HTTP/1.1)
HTTP/1.1 200 OK
Content-Length: 14
Content-Type: application/json; charset=utf-8
cache-control: no-cache

16:12:49.750 [AsyncHttpClient-1-5] DEBUG org.asynchttpclient.netty.channel.ChannelManager - Adding key: http://localhost:38164 for channel [id: 0xa5dedf0e, L:/127.0.0.1:50674 - R:localhost/127.0.0.1:38164]
16:12:49.751 [Forwarding findElement on session 51b98081bb0c74d6aa75d066c34b837d to remote] DEBUG org.asynchttpclient.netty.request.NettyRequestSender - Using pooled Channel '[id: 0xa5dedf0e, L:/127.0.0.1:50674 - R:localhost/127.0.0.1:38164]' for 'POST' to 'http://localhost:38164/session/51b98081bb0c74d6aa75d066c34b837d/element'
16:12:49.752 [Forwarding findElement on session 51b98081bb0c74d6aa75d066c34b837d to remote] DEBUG org.asynchttpclient.netty.request.NettyRequestSender - Using open Channel [id: 0xa5dedf0e, L:/127.0.0.1:50674 - R:localhost/127.0.0.1:38164] for POST '/session/51b98081bb0c74d6aa75d066c34b837d/element'
16:12:49.757 [AsyncHttpClient-1-5] DEBUG org.asynchttpclient.netty.handler.HttpHandler - 

Request DefaultHttpRequest(decodeResult: success, version: HTTP/1.1)
POST /session/51b98081bb0c74d6aa75d066c34b837d/element HTTP/1.1
User-Agent: selenium/4.8.1 (java windows)
Content-Length: 87
Content-Type: application/json; charset=utf-8
host: localhost:38164
accept: */*

Response DefaultHttpResponse(decodeResult: success, version: HTTP/1.1)
HTTP/1.1 200 OK
Content-Length: 88
Content-Type: application/json; charset=utf-8
cache-control: no-cache

16:12:49.757 [AsyncHttpClient-1-5] DEBUG org.asynchttpclient.netty.channel.ChannelManager - Adding key: http://localhost:38164 for channel [id: 0xa5dedf0e, L:/127.0.0.1:50674 - R:localhost/127.0.0.1:38164]
16:12:49.758 [Forwarding clickElement on session 51b98081bb0c74d6aa75d066c34b837d to remote] DEBUG org.asynchttpclient.netty.request.NettyRequestSender - Using pooled Channel '[id: 0xa5dedf0e, L:/127.0.0.1:50674 - R:localhost/127.0.0.1:38164]' for 'POST' to 'http://localhost:38164/session/51b98081bb0c74d6aa75d066c34b837d/element/b3799cc5-5f81-4b97-a973-93d17dce7f23/click'
16:12:49.758 [Forwarding clickElement on session 51b98081bb0c74d6aa75d066c34b837d to remote] DEBUG org.asynchttpclient.netty.request.NettyRequestSender - Using open Channel [id: 0xa5dedf0e, L:/127.0.0.1:50674 - R:localhost/127.0.0.1:38164] for POST '/session/51b98081bb0c74d6aa75d066c34b837d/element/b3799cc5-5f81-4b97-a973-93d17dce7f23/click'
16:12:49.794 [AsyncHttpClient-1-5] DEBUG org.asynchttpclient.netty.handler.HttpHandler - 

Request DefaultHttpRequest(decodeResult: success, version: HTTP/1.1)
POST /session/51b98081bb0c74d6aa75d066c34b837d/element/b3799cc5-5f81-4b97-a973-93d17dce7f23/click HTTP/1.1
User-Agent: selenium/4.8.1 (java windows)
Content-Length: 50
Content-Type: application/json; charset=utf-8
host: localhost:38164
accept: */*

Response DefaultHttpResponse(decodeResult: success, version: HTTP/1.1)
HTTP/1.1 200 OK
Content-Length: 14
Content-Type: application/json; charset=utf-8
cache-control: no-cache

16:12:49.795 [AsyncHttpClient-1-5] DEBUG org.asynchttpclient.netty.channel.ChannelManager - Adding key: http://localhost:38164 for channel [id: 0xa5dedf0e, L:/127.0.0.1:50674 - R:localhost/127.0.0.1:38164]
16:12:49.803 [Forwarding getAlertText on session 51b98081bb0c74d6aa75d066c34b837d to remote] DEBUG org.asynchttpclient.netty.request.NettyRequestSender - Using pooled Channel '[id: 0xa5dedf0e, L:/127.0.0.1:50674 - R:localhost/127.0.0.1:38164]' for 'GET' to 'http://localhost:38164/session/51b98081bb0c74d6aa75d066c34b837d/alert/text'
16:12:49.803 [Forwarding getAlertText on session 51b98081bb0c74d6aa75d066c34b837d to remote] DEBUG org.asynchttpclient.netty.request.NettyRequestSender - Using open Channel [id: 0xa5dedf0e, L:/127.0.0.1:50674 - R:localhost/127.0.0.1:38164] for GET '/session/51b98081bb0c74d6aa75d066c34b837d/alert/text'
16:12:49.918 [AsyncHttpClient-1-5] DEBUG org.asynchttpclient.netty.handler.HttpHandler - 

Request DefaultFullHttpRequest(decodeResult: success, version: HTTP/1.1, content: EmptyByteBufBE)
GET /session/51b98081bb0c74d6aa75d066c34b837d/alert/text HTTP/1.1
User-Agent: selenium/4.8.1 (java windows)
Cache-Control: no-cache
Content-Type: application/json; charset=utf-8
host: localhost:38164
accept: */*

Response DefaultHttpResponse(decodeResult: success, version: HTTP/1.1)
HTTP/1.1 404 Not Found
Content-Length: 836
Content-Type: application/json; charset=utf-8
cache-control: no-cache

16:12:49.919 [AsyncHttpClient-1-5] DEBUG org.asynchttpclient.netty.channel.ChannelManager - Adding key: http://localhost:38164 for channel [id: 0xa5dedf0e, L:/127.0.0.1:50674 - R:localhost/127.0.0.1:38164]
16:12:49.921 [Forwarding getCurrentUrl on session 51b98081bb0c74d6aa75d066c34b837d to remote] DEBUG org.asynchttpclient.netty.request.NettyRequestSender - Using pooled Channel '[id: 0xa5dedf0e, L:/127.0.0.1:50674 - R:localhost/127.0.0.1:38164]' for 'GET' to 'http://localhost:38164/session/51b98081bb0c74d6aa75d066c34b837d/url'
16:12:49.921 [Forwarding getCurrentUrl on session 51b98081bb0c74d6aa75d066c34b837d to remote] DEBUG org.asynchttpclient.netty.request.NettyRequestSender - Using open Channel [id: 0xa5dedf0e, L:/127.0.0.1:50674 - R:localhost/127.0.0.1:38164] for GET '/session/51b98081bb0c74d6aa75d066c34b837d/url'
16:12:49.926 [AsyncHttpClient-1-5] DEBUG org.asynchttpclient.netty.handler.HttpHandler - 

Request DefaultFullHttpRequest(decodeResult: success, version: HTTP/1.1, content: EmptyByteBufBE)
GET /session/51b98081bb0c74d6aa75d066c34b837d/url HTTP/1.1
User-Agent: selenium/4.8.1 (java windows)
Cache-Control: no-cache
Content-Type: application/json; charset=utf-8
host: localhost:38164
accept: */*

Response DefaultHttpResponse(decodeResult: success, version: HTTP/1.1)
HTTP/1.1 200 OK
Content-Length: 51
Content-Type: application/json; charset=utf-8
cache-control: no-cache

16:12:49.926 [AsyncHttpClient-1-5] DEBUG org.asynchttpclient.netty.channel.ChannelManager - Adding key: http://localhost:38164 for channel [id: 0xa5dedf0e, L:/127.0.0.1:50674 - R:localhost/127.0.0.1:38164]
16:12:49.927 [Forwarding screenshot on session 51b98081bb0c74d6aa75d066c34b837d to remote] DEBUG org.asynchttpclient.netty.request.NettyRequestSender - Using pooled Channel '[id: 0xa5dedf0e, L:/127.0.0.1:50674 - R:localhost/127.0.0.1:38164]' for 'GET' to 'http://localhost:38164/session/51b98081bb0c74d6aa75d066c34b837d/screenshot'
16:12:49.927 [Forwarding screenshot on session 51b98081bb0c74d6aa75d066c34b837d to remote] DEBUG org.asynchttpclient.netty.request.NettyRequestSender - Using open Channel [id: 0xa5dedf0e, L:/127.0.0.1:50674 - R:localhost/127.0.0.1:38164] for GET '/session/51b98081bb0c74d6aa75d066c34b837d/screenshot'
16:12:50.487 [AsyncHttpClient-1-1] DEBUG org.asynchttpclient.netty.channel.DefaultChannelPool - Entry count for : http://localhost:50676 : 1
16:12:50.510 [AsyncHttpClient-1-5] DEBUG org.asynchttpclient.netty.handler.HttpHandler - 

Request DefaultFullHttpRequest(decodeResult: success, version: HTTP/1.1, content: EmptyByteBufBE)
GET /session/51b98081bb0c74d6aa75d066c34b837d/screenshot HTTP/1.1
User-Agent: selenium/4.8.1 (java windows)
Cache-Control: no-cache
Content-Type: application/json; charset=utf-8
host: localhost:38164
accept: */*

Response DefaultHttpResponse(decodeResult: success, version: HTTP/1.1)
HTTP/1.1 200 OK
Content-Length: 24076
Content-Type: application/json; charset=utf-8
cache-control: no-cache

16:12:50.510 [AsyncHttpClient-1-5] DEBUG org.asynchttpclient.netty.channel.ChannelManager - Adding key: http://localhost:38164 for channel [id: 0xa5dedf0e, L:/127.0.0.1:50674 - R:localhost/127.0.0.1:38164]
16:12:50.513 [main] DEBUG net.serenitybdd.core.photography.Darkroom - Send negative for processing for target\site\serenity\434d7dbc0f1ef65c5c8ccc568870b6c525e36ccb6619320c280ddfeb08c9f31d.png
16:12:50.513 [main] DEBUG net.thucydides.core.steps.StepInterceptor - STEP DONE: clickLogin
16:12:50.519 [Forwarding getPageSource on session 51b98081bb0c74d6aa75d066c34b837d to remote] DEBUG org.asynchttpclient.netty.request.NettyRequestSender - Using pooled Channel '[id: 0xa5dedf0e, L:/127.0.0.1:50674 - R:localhost/127.0.0.1:38164]' for 'POST' to 'http://localhost:38164/session/51b98081bb0c74d6aa75d066c34b837d/execute/sync'
16:12:50.519 [Forwarding getPageSource on session 51b98081bb0c74d6aa75d066c34b837d to remote] DEBUG org.asynchttpclient.netty.request.NettyRequestSender - Using open Channel [id: 0xa5dedf0e, L:/127.0.0.1:50674 - R:localhost/127.0.0.1:38164] for POST '/session/51b98081bb0c74d6aa75d066c34b837d/execute/sync'
16:12:50.526 [AsyncHttpClient-1-5] DEBUG org.asynchttpclient.netty.handler.HttpHandler - 

Request DefaultHttpRequest(decodeResult: success, version: HTTP/1.1)
POST /session/51b98081bb0c74d6aa75d066c34b837d/execute/sync HTTP/1.1
User-Agent: selenium/4.8.1 (java windows)
Content-Length: 176
Content-Type: application/json; charset=utf-8
host: localhost:38164
accept: */*

Response DefaultHttpResponse(decodeResult: success, version: HTTP/1.1)
HTTP/1.1 200 OK
Content-Length: 21667
Content-Type: application/json; charset=utf-8
cache-control: no-cache

16:12:50.526 [AsyncHttpClient-1-5] DEBUG org.asynchttpclient.netty.channel.ChannelManager - Adding key: http://localhost:38164 for channel [id: 0xa5dedf0e, L:/127.0.0.1:50674 - R:localhost/127.0.0.1:38164]
16:12:50.528 [Forwarding getCurrentUrl on session 51b98081bb0c74d6aa75d066c34b837d to remote] DEBUG org.asynchttpclient.netty.request.NettyRequestSender - Using pooled Channel '[id: 0xa5dedf0e, L:/127.0.0.1:50674 - R:localhost/127.0.0.1:38164]' for 'GET' to 'http://localhost:38164/session/51b98081bb0c74d6aa75d066c34b837d/url'
16:12:50.528 [Forwarding getCurrentUrl on session 51b98081bb0c74d6aa75d066c34b837d to remote] DEBUG org.asynchttpclient.netty.request.NettyRequestSender - Using open Channel [id: 0xa5dedf0e, L:/127.0.0.1:50674 - R:localhost/127.0.0.1:38164] for GET '/session/51b98081bb0c74d6aa75d066c34b837d/url'
16:12:50.534 [AsyncHttpClient-1-5] DEBUG org.asynchttpclient.netty.handler.HttpHandler - 

Request DefaultFullHttpRequest(decodeResult: success, version: HTTP/1.1, content: EmptyByteBufBE)
GET /session/51b98081bb0c74d6aa75d066c34b837d/url HTTP/1.1
User-Agent: selenium/4.8.1 (java windows)
Cache-Control: no-cache
Content-Type: application/json; charset=utf-8
host: localhost:38164
accept: */*

Response DefaultHttpResponse(decodeResult: success, version: HTTP/1.1)
HTTP/1.1 200 OK
Content-Length: 51
Content-Type: application/json; charset=utf-8
cache-control: no-cache

16:12:50.534 [AsyncHttpClient-1-5] DEBUG org.asynchttpclient.netty.channel.ChannelManager - Adding key: http://localhost:38164 for channel [id: 0xa5dedf0e, L:/127.0.0.1:50674 - R:localhost/127.0.0.1:38164]
16:12:50.536 [main] DEBUG net.thucydides.core.steps.StepInterceptor - STARTING STEP: LoginSteps.clickLoginButton - validateOnLoginPage
16:12:50.538 [Forwarding findElement on session 51b98081bb0c74d6aa75d066c34b837d to remote] DEBUG org.asynchttpclient.netty.request.NettyRequestSender - Using pooled Channel '[id: 0xa5dedf0e, L:/127.0.0.1:50674 - R:localhost/127.0.0.1:38164]' for 'POST' to 'http://localhost:38164/session/51b98081bb0c74d6aa75d066c34b837d/element'
16:12:50.538 [Forwarding findElement on session 51b98081bb0c74d6aa75d066c34b837d to remote] DEBUG org.asynchttpclient.netty.request.NettyRequestSender - Using open Channel [id: 0xa5dedf0e, L:/127.0.0.1:50674 - R:localhost/127.0.0.1:38164] for POST '/session/51b98081bb0c74d6aa75d066c34b837d/element'
16:12:50.549 [AsyncHttpClient-1-5] DEBUG org.asynchttpclient.netty.handler.HttpHandler - 

Request DefaultHttpRequest(decodeResult: success, version: HTTP/1.1)
POST /session/51b98081bb0c74d6aa75d066c34b837d/element HTTP/1.1
User-Agent: selenium/4.8.1 (java windows)
Content-Length: 63
Content-Type: application/json; charset=utf-8
host: localhost:38164
accept: */*

Response DefaultHttpResponse(decodeResult: success, version: HTTP/1.1)
HTTP/1.1 200 OK
Content-Length: 88
Content-Type: application/json; charset=utf-8
cache-control: no-cache

16:12:50.549 [AsyncHttpClient-1-5] DEBUG org.asynchttpclient.netty.channel.ChannelManager - Adding key: http://localhost:38164 for channel [id: 0xa5dedf0e, L:/127.0.0.1:50674 - R:localhost/127.0.0.1:38164]
16:12:50.552 [Forwarding isElementDisplayed on session 51b98081bb0c74d6aa75d066c34b837d to remote] DEBUG org.asynchttpclient.netty.request.NettyRequestSender - Using pooled Channel '[id: 0xa5dedf0e, L:/127.0.0.1:50674 - R:localhost/127.0.0.1:38164]' for 'POST' to 'http://localhost:38164/session/51b98081bb0c74d6aa75d066c34b837d/execute/sync'
16:12:50.552 [Forwarding isElementDisplayed on session 51b98081bb0c74d6aa75d066c34b837d to remote] DEBUG org.asynchttpclient.netty.request.NettyRequestSender - Using open Channel [id: 0xa5dedf0e, L:/127.0.0.1:50674 - R:localhost/127.0.0.1:38164] for POST '/session/51b98081bb0c74d6aa75d066c34b837d/execute/sync'
16:12:50.566 [AsyncHttpClient-1-5] DEBUG org.asynchttpclient.netty.handler.HttpHandler - 

Request DefaultHttpRequest(decodeResult: success, version: HTTP/1.1)
POST /session/51b98081bb0c74d6aa75d066c34b837d/execute/sync HTTP/1.1
User-Agent: selenium/4.8.1 (java windows)
Content-Length: 48807
Content-Type: application/json; charset=utf-8
host: localhost:38164
accept: */*

Response DefaultHttpResponse(decodeResult: success, version: HTTP/1.1)
HTTP/1.1 200 OK
Content-Length: 14
Content-Type: application/json; charset=utf-8
cache-control: no-cache

16:12:50.566 [AsyncHttpClient-1-5] DEBUG org.asynchttpclient.netty.channel.ChannelManager - Adding key: http://localhost:38164 for channel [id: 0xa5dedf0e, L:/127.0.0.1:50674 - R:localhost/127.0.0.1:38164]
16:12:50.570 [Forwarding getAlertText on session 51b98081bb0c74d6aa75d066c34b837d to remote] DEBUG org.asynchttpclient.netty.request.NettyRequestSender - Using pooled Channel '[id: 0xa5dedf0e, L:/127.0.0.1:50674 - R:localhost/127.0.0.1:38164]' for 'GET' to 'http://localhost:38164/session/51b98081bb0c74d6aa75d066c34b837d/alert/text'
16:12:50.570 [Forwarding getAlertText on session 51b98081bb0c74d6aa75d066c34b837d to remote] DEBUG org.asynchttpclient.netty.request.NettyRequestSender - Using open Channel [id: 0xa5dedf0e, L:/127.0.0.1:50674 - R:localhost/127.0.0.1:38164] for GET '/session/51b98081bb0c74d6aa75d066c34b837d/alert/text'
16:12:50.572 [AsyncHttpClient-1-5] DEBUG org.asynchttpclient.netty.handler.HttpHandler - 

Request DefaultFullHttpRequest(decodeResult: success, version: HTTP/1.1, content: EmptyByteBufBE)
GET /session/51b98081bb0c74d6aa75d066c34b837d/alert/text HTTP/1.1
User-Agent: selenium/4.8.1 (java windows)
Cache-Control: no-cache
Content-Type: application/json; charset=utf-8
host: localhost:38164
accept: */*

Response DefaultHttpResponse(decodeResult: success, version: HTTP/1.1)
HTTP/1.1 404 Not Found
Content-Length: 836
Content-Type: application/json; charset=utf-8
cache-control: no-cache

16:12:50.572 [AsyncHttpClient-1-5] DEBUG org.asynchttpclient.netty.channel.ChannelManager - Adding key: http://localhost:38164 for channel [id: 0xa5dedf0e, L:/127.0.0.1:50674 - R:localhost/127.0.0.1:38164]
16:12:50.573 [Forwarding getCurrentUrl on session 51b98081bb0c74d6aa75d066c34b837d to remote] DEBUG org.asynchttpclient.netty.request.NettyRequestSender - Using pooled Channel '[id: 0xa5dedf0e, L:/127.0.0.1:50674 - R:localhost/127.0.0.1:38164]' for 'GET' to 'http://localhost:38164/session/51b98081bb0c74d6aa75d066c34b837d/url'
16:12:50.574 [Forwarding getCurrentUrl on session 51b98081bb0c74d6aa75d066c34b837d to remote] DEBUG org.asynchttpclient.netty.request.NettyRequestSender - Using open Channel [id: 0xa5dedf0e, L:/127.0.0.1:50674 - R:localhost/127.0.0.1:38164] for GET '/session/51b98081bb0c74d6aa75d066c34b837d/url'
16:12:50.579 [AsyncHttpClient-1-5] DEBUG org.asynchttpclient.netty.handler.HttpHandler - 

Request DefaultFullHttpRequest(decodeResult: success, version: HTTP/1.1, content: EmptyByteBufBE)
GET /session/51b98081bb0c74d6aa75d066c34b837d/url HTTP/1.1
User-Agent: selenium/4.8.1 (java windows)
Cache-Control: no-cache
Content-Type: application/json; charset=utf-8
host: localhost:38164
accept: */*

Response DefaultHttpResponse(decodeResult: success, version: HTTP/1.1)
HTTP/1.1 200 OK
Content-Length: 51
Content-Type: application/json; charset=utf-8
cache-control: no-cache

16:12:50.579 [AsyncHttpClient-1-5] DEBUG org.asynchttpclient.netty.channel.ChannelManager - Adding key: http://localhost:38164 for channel [id: 0xa5dedf0e, L:/127.0.0.1:50674 - R:localhost/127.0.0.1:38164]
16:12:50.580 [Forwarding screenshot on session 51b98081bb0c74d6aa75d066c34b837d to remote] DEBUG org.asynchttpclient.netty.request.NettyRequestSender - Using pooled Channel '[id: 0xa5dedf0e, L:/127.0.0.1:50674 - R:localhost/127.0.0.1:38164]' for 'GET' to 'http://localhost:38164/session/51b98081bb0c74d6aa75d066c34b837d/screenshot'
16:12:50.580 [Forwarding screenshot on session 51b98081bb0c74d6aa75d066c34b837d to remote] DEBUG org.asynchttpclient.netty.request.NettyRequestSender - Using open Channel [id: 0xa5dedf0e, L:/127.0.0.1:50674 - R:localhost/127.0.0.1:38164] for GET '/session/51b98081bb0c74d6aa75d066c34b837d/screenshot'
16:12:50.638 [AsyncHttpClient-1-5] DEBUG org.asynchttpclient.netty.handler.HttpHandler - 

Request DefaultFullHttpRequest(decodeResult: success, version: HTTP/1.1, content: EmptyByteBufBE)
GET /session/51b98081bb0c74d6aa75d066c34b837d/screenshot HTTP/1.1
User-Agent: selenium/4.8.1 (java windows)
Cache-Control: no-cache
Content-Type: application/json; charset=utf-8
host: localhost:38164
accept: */*

Response DefaultHttpResponse(decodeResult: success, version: HTTP/1.1)
HTTP/1.1 200 OK
Content-Length: 24076
Content-Type: application/json; charset=utf-8
cache-control: no-cache

16:12:50.639 [AsyncHttpClient-1-5] DEBUG org.asynchttpclient.netty.channel.ChannelManager - Adding key: http://localhost:38164 for channel [id: 0xa5dedf0e, L:/127.0.0.1:50674 - R:localhost/127.0.0.1:38164]
16:12:50.641 [main] DEBUG net.serenitybdd.core.photography.Darkroom - Send negative for processing for target\site\serenity\434d7dbc0f1ef65c5c8ccc568870b6c525e36ccb6619320c280ddfeb08c9f31d.png
16:12:50.641 [main] DEBUG net.thucydides.core.steps.StepInterceptor - STEP DONE: validateOnLoginPage
  &amp#27;[32mWhen &amp#27;[0m&amp#27;[32mI click login button&amp#27;[0m                        &amp#27;[90m# starter.stepdefinitions.LoginSteps.clickLoginButton()&amp#27;[0m
16:12:50.647 [Forwarding getPageSource on session 51b98081bb0c74d6aa75d066c34b837d to remote] DEBUG org.asynchttpclient.netty.request.NettyRequestSender - Using pooled Channel '[id: 0xa5dedf0e, L:/127.0.0.1:50674 - R:localhost/127.0.0.1:38164]' for 'POST' to 'http://localhost:38164/session/51b98081bb0c74d6aa75d066c34b837d/execute/sync'
16:12:50.647 [Forwarding getPageSource on session 51b98081bb0c74d6aa75d066c34b837d to remote] DEBUG org.asynchttpclient.netty.request.NettyRequestSender - Using open Channel [id: 0xa5dedf0e, L:/127.0.0.1:50674 - R:localhost/127.0.0.1:38164] for POST '/session/51b98081bb0c74d6aa75d066c34b837d/execute/sync'
16:12:50.655 [AsyncHttpClient-1-5] DEBUG org.asynchttpclient.netty.handler.HttpHandler - 

Request DefaultHttpRequest(decodeResult: success, version: HTTP/1.1)
POST /session/51b98081bb0c74d6aa75d066c34b837d/execute/sync HTTP/1.1
User-Agent: selenium/4.8.1 (java windows)
Content-Length: 176
Content-Type: application/json; charset=utf-8
host: localhost:38164
accept: */*

Response DefaultHttpResponse(decodeResult: success, version: HTTP/1.1)
HTTP/1.1 200 OK
Content-Length: 21667
Content-Type: application/json; charset=utf-8
cache-control: no-cache

16:12:50.655 [AsyncHttpClient-1-5] DEBUG org.asynchttpclient.netty.channel.ChannelManager - Adding key: http://localhost:38164 for channel [id: 0xa5dedf0e, L:/127.0.0.1:50674 - R:localhost/127.0.0.1:38164]
16:12:50.658 [Forwarding getCurrentUrl on session 51b98081bb0c74d6aa75d066c34b837d to remote] DEBUG org.asynchttpclient.netty.request.NettyRequestSender - Using pooled Channel '[id: 0xa5dedf0e, L:/127.0.0.1:50674 - R:localhost/127.0.0.1:38164]' for 'GET' to 'http://localhost:38164/session/51b98081bb0c74d6aa75d066c34b837d/url'
16:12:50.658 [Forwarding getCurrentUrl on session 51b98081bb0c74d6aa75d066c34b837d to remote] DEBUG org.asynchttpclient.netty.request.NettyRequestSender - Using open Channel [id: 0xa5dedf0e, L:/127.0.0.1:50674 - R:localhost/127.0.0.1:38164] for GET '/session/51b98081bb0c74d6aa75d066c34b837d/url'
16:12:50.665 [AsyncHttpClient-1-5] DEBUG org.asynchttpclient.netty.handler.HttpHandler - 

Request DefaultFullHttpRequest(decodeResult: success, version: HTTP/1.1, content: EmptyByteBufBE)
GET /session/51b98081bb0c74d6aa75d066c34b837d/url HTTP/1.1
User-Agent: selenium/4.8.1 (java windows)
Cache-Control: no-cache
Content-Type: application/json; charset=utf-8
host: localhost:38164
accept: */*

Response DefaultHttpResponse(decodeResult: success, version: HTTP/1.1)
HTTP/1.1 200 OK
Content-Length: 51
Content-Type: application/json; charset=utf-8
cache-control: no-cache

16:12:50.665 [AsyncHttpClient-1-5] DEBUG org.asynchttpclient.netty.channel.ChannelManager - Adding key: http://localhost:38164 for channel [id: 0xa5dedf0e, L:/127.0.0.1:50674 - R:localhost/127.0.0.1:38164]
16:12:50.671 [Forwarding getPageSource on session 51b98081bb0c74d6aa75d066c34b837d to remote] DEBUG org.asynchttpclient.netty.request.NettyRequestSender - Using pooled Channel '[id: 0xa5dedf0e, L:/127.0.0.1:50674 - R:localhost/127.0.0.1:38164]' for 'POST' to 'http://localhost:38164/session/51b98081bb0c74d6aa75d066c34b837d/execute/sync'
16:12:50.671 [Forwarding getPageSource on session 51b98081bb0c74d6aa75d066c34b837d to remote] DEBUG org.asynchttpclient.netty.request.NettyRequestSender - Using open Channel [id: 0xa5dedf0e, L:/127.0.0.1:50674 - R:localhost/127.0.0.1:38164] for POST '/session/51b98081bb0c74d6aa75d066c34b837d/execute/sync'
16:12:50.677 [AsyncHttpClient-1-5] DEBUG org.asynchttpclient.netty.handler.HttpHandler - 

Request DefaultHttpRequest(decodeResult: success, version: HTTP/1.1)
POST /session/51b98081bb0c74d6aa75d066c34b837d/execute/sync HTTP/1.1
User-Agent: selenium/4.8.1 (java windows)
Content-Length: 176
Content-Type: application/json; charset=utf-8
host: localhost:38164
accept: */*

Response DefaultHttpResponse(decodeResult: success, version: HTTP/1.1)
HTTP/1.1 200 OK
Content-Length: 21667
Content-Type: application/json; charset=utf-8
cache-control: no-cache

16:12:50.678 [AsyncHttpClient-1-5] DEBUG org.asynchttpclient.netty.channel.ChannelManager - Adding key: http://localhost:38164 for channel [id: 0xa5dedf0e, L:/127.0.0.1:50674 - R:localhost/127.0.0.1:38164]
16:12:50.680 [Forwarding getCurrentUrl on session 51b98081bb0c74d6aa75d066c34b837d to remote] DEBUG org.asynchttpclient.netty.request.NettyRequestSender - Using pooled Channel '[id: 0xa5dedf0e, L:/127.0.0.1:50674 - R:localhost/127.0.0.1:38164]' for 'GET' to 'http://localhost:38164/session/51b98081bb0c74d6aa75d066c34b837d/url'
16:12:50.680 [Forwarding getCurrentUrl on session 51b98081bb0c74d6aa75d066c34b837d to remote] DEBUG org.asynchttpclient.netty.request.NettyRequestSender - Using open Channel [id: 0xa5dedf0e, L:/127.0.0.1:50674 - R:localhost/127.0.0.1:38164] for GET '/session/51b98081bb0c74d6aa75d066c34b837d/url'
16:12:50.685 [AsyncHttpClient-1-5] DEBUG org.asynchttpclient.netty.handler.HttpHandler - 

Request DefaultFullHttpRequest(decodeResult: success, version: HTTP/1.1, content: EmptyByteBufBE)
GET /session/51b98081bb0c74d6aa75d066c34b837d/url HTTP/1.1
User-Agent: selenium/4.8.1 (java windows)
Cache-Control: no-cache
Content-Type: application/json; charset=utf-8
host: localhost:38164
accept: */*

Response DefaultHttpResponse(decodeResult: success, version: HTTP/1.1)
HTTP/1.1 200 OK
Content-Length: 51
Content-Type: application/json; charset=utf-8
cache-control: no-cache

16:12:50.685 [AsyncHttpClient-1-5] DEBUG org.asynchttpclient.netty.channel.ChannelManager - Adding key: http://localhost:38164 for channel [id: 0xa5dedf0e, L:/127.0.0.1:50674 - R:localhost/127.0.0.1:38164]
16:12:50.687 [main] DEBUG net.thucydides.core.steps.StepInterceptor - STARTING STEP: LoginSteps.inputValidUsername - inputUserName
16:12:50.689 [Forwarding findElement on session 51b98081bb0c74d6aa75d066c34b837d to remote] DEBUG org.asynchttpclient.netty.request.NettyRequestSender - Using pooled Channel '[id: 0xa5dedf0e, L:/127.0.0.1:50674 - R:localhost/127.0.0.1:38164]' for 'POST' to 'http://localhost:38164/session/51b98081bb0c74d6aa75d066c34b837d/element'
16:12:50.689 [Forwarding findElement on session 51b98081bb0c74d6aa75d066c34b837d to remote] DEBUG org.asynchttpclient.netty.request.NettyRequestSender - Using open Channel [id: 0xa5dedf0e, L:/127.0.0.1:50674 - R:localhost/127.0.0.1:38164] for POST '/session/51b98081bb0c74d6aa75d066c34b837d/element'
16:12:50.700 [AsyncHttpClient-1-5] DEBUG org.asynchttpclient.netty.handler.HttpHandler - 

Request DefaultHttpRequest(decodeResult: success, version: HTTP/1.1)
POST /session/51b98081bb0c74d6aa75d066c34b837d/element HTTP/1.1
User-Agent: selenium/4.8.1 (java windows)
Content-Length: 86
Content-Type: application/json; charset=utf-8
host: localhost:38164
accept: */*

Response DefaultHttpResponse(decodeResult: success, version: HTTP/1.1)
HTTP/1.1 200 OK
Content-Length: 88
Content-Type: application/json; charset=utf-8
cache-control: no-cache

16:12:50.700 [AsyncHttpClient-1-5] DEBUG org.asynchttpclient.netty.channel.ChannelManager - Adding key: http://localhost:38164 for channel [id: 0xa5dedf0e, L:/127.0.0.1:50674 - R:localhost/127.0.0.1:38164]
16:12:50.701 [Forwarding clearElement on session 51b98081bb0c74d6aa75d066c34b837d to remote] DEBUG org.asynchttpclient.netty.request.NettyRequestSender - Using pooled Channel '[id: 0xa5dedf0e, L:/127.0.0.1:50674 - R:localhost/127.0.0.1:38164]' for 'POST' to 'http://localhost:38164/session/51b98081bb0c74d6aa75d066c34b837d/element/fd5cbfb8-68a8-497c-b4d7-9a263af0368c/clear'
16:12:50.701 [Forwarding clearElement on session 51b98081bb0c74d6aa75d066c34b837d to remote] DEBUG org.asynchttpclient.netty.request.NettyRequestSender - Using open Channel [id: 0xa5dedf0e, L:/127.0.0.1:50674 - R:localhost/127.0.0.1:38164] for POST '/session/51b98081bb0c74d6aa75d066c34b837d/element/fd5cbfb8-68a8-497c-b4d7-9a263af0368c/clear'
16:12:50.730 [AsyncHttpClient-1-5] DEBUG org.asynchttpclient.netty.handler.HttpHandler - 

Request DefaultHttpRequest(decodeResult: success, version: HTTP/1.1)
POST /session/51b98081bb0c74d6aa75d066c34b837d/element/fd5cbfb8-68a8-497c-b4d7-9a263af0368c/clear HTTP/1.1
User-Agent: selenium/4.8.1 (java windows)
Content-Length: 50
Content-Type: application/json; charset=utf-8
host: localhost:38164
accept: */*

Response DefaultHttpResponse(decodeResult: success, version: HTTP/1.1)
HTTP/1.1 200 OK
Content-Length: 14
Content-Type: application/json; charset=utf-8
cache-control: no-cache

16:12:50.730 [AsyncHttpClient-1-5] DEBUG org.asynchttpclient.netty.channel.ChannelManager - Adding key: http://localhost:38164 for channel [id: 0xa5dedf0e, L:/127.0.0.1:50674 - R:localhost/127.0.0.1:38164]
16:12:50.732 [Forwarding sendKeysToElement on session 51b98081bb0c74d6aa75d066c34b837d to remote] DEBUG org.asynchttpclient.netty.request.NettyRequestSender - Using pooled Channel '[id: 0xa5dedf0e, L:/127.0.0.1:50674 - R:localhost/127.0.0.1:38164]' for 'POST' to 'http://localhost:38164/session/51b98081bb0c74d6aa75d066c34b837d/element/fd5cbfb8-68a8-497c-b4d7-9a263af0368c/value'
16:12:50.732 [Forwarding sendKeysToElement on session 51b98081bb0c74d6aa75d066c34b837d to remote] DEBUG org.asynchttpclient.netty.request.NettyRequestSender - Using open Channel [id: 0xa5dedf0e, L:/127.0.0.1:50674 - R:localhost/127.0.0.1:38164] for POST '/session/51b98081bb0c74d6aa75d066c34b837d/element/fd5cbfb8-68a8-497c-b4d7-9a263af0368c/value'
16:12:50.822 [AsyncHttpClient-1-5] DEBUG org.asynchttpclient.netty.handler.HttpHandler - 

Request DefaultHttpRequest(decodeResult: success, version: HTTP/1.1)
POST /session/51b98081bb0c74d6aa75d066c34b837d/element/fd5cbfb8-68a8-497c-b4d7-9a263af0368c/value HTTP/1.1
User-Agent: selenium/4.8.1 (java windows)
Content-Length: 241
Content-Type: application/json; charset=utf-8
host: localhost:38164
accept: */*

Response DefaultHttpResponse(decodeResult: success, version: HTTP/1.1)
HTTP/1.1 200 OK
Content-Length: 14
Content-Type: application/json; charset=utf-8
cache-control: no-cache

16:12:50.822 [AsyncHttpClient-1-5] DEBUG org.asynchttpclient.netty.channel.ChannelManager - Adding key: http://localhost:38164 for channel [id: 0xa5dedf0e, L:/127.0.0.1:50674 - R:localhost/127.0.0.1:38164]
16:12:50.828 [Forwarding getAlertText on session 51b98081bb0c74d6aa75d066c34b837d to remote] DEBUG org.asynchttpclient.netty.request.NettyRequestSender - Using pooled Channel '[id: 0xa5dedf0e, L:/127.0.0.1:50674 - R:localhost/127.0.0.1:38164]' for 'GET' to 'http://localhost:38164/session/51b98081bb0c74d6aa75d066c34b837d/alert/text'
16:12:50.828 [Forwarding getAlertText on session 51b98081bb0c74d6aa75d066c34b837d to remote] DEBUG org.asynchttpclient.netty.request.NettyRequestSender - Using open Channel [id: 0xa5dedf0e, L:/127.0.0.1:50674 - R:localhost/127.0.0.1:38164] for GET '/session/51b98081bb0c74d6aa75d066c34b837d/alert/text'
16:12:50.830 [AsyncHttpClient-1-5] DEBUG org.asynchttpclient.netty.handler.HttpHandler - 

Request DefaultFullHttpRequest(decodeResult: success, version: HTTP/1.1, content: EmptyByteBufBE)
GET /session/51b98081bb0c74d6aa75d066c34b837d/alert/text HTTP/1.1
User-Agent: selenium/4.8.1 (java windows)
Cache-Control: no-cache
Content-Type: application/json; charset=utf-8
host: localhost:38164
accept: */*

Response DefaultHttpResponse(decodeResult: success, version: HTTP/1.1)
HTTP/1.1 404 Not Found
Content-Length: 836
Content-Type: application/json; charset=utf-8
cache-control: no-cache

16:12:50.830 [AsyncHttpClient-1-5] DEBUG org.asynchttpclient.netty.channel.ChannelManager - Adding key: http://localhost:38164 for channel [id: 0xa5dedf0e, L:/127.0.0.1:50674 - R:localhost/127.0.0.1:38164]
16:12:50.831 [Forwarding getCurrentUrl on session 51b98081bb0c74d6aa75d066c34b837d to remote] DEBUG org.asynchttpclient.netty.request.NettyRequestSender - Using pooled Channel '[id: 0xa5dedf0e, L:/127.0.0.1:50674 - R:localhost/127.0.0.1:38164]' for 'GET' to 'http://localhost:38164/session/51b98081bb0c74d6aa75d066c34b837d/url'
16:12:50.831 [Forwarding getCurrentUrl on session 51b98081bb0c74d6aa75d066c34b837d to remote] DEBUG org.asynchttpclient.netty.request.NettyRequestSender - Using open Channel [id: 0xa5dedf0e, L:/127.0.0.1:50674 - R:localhost/127.0.0.1:38164] for GET '/session/51b98081bb0c74d6aa75d066c34b837d/url'
16:12:50.834 [AsyncHttpClient-1-5] DEBUG org.asynchttpclient.netty.handler.HttpHandler - 

Request DefaultFullHttpRequest(decodeResult: success, version: HTTP/1.1, content: EmptyByteBufBE)
GET /session/51b98081bb0c74d6aa75d066c34b837d/url HTTP/1.1
User-Agent: selenium/4.8.1 (java windows)
Cache-Control: no-cache
Content-Type: application/json; charset=utf-8
host: localhost:38164
accept: */*

Response DefaultHttpResponse(decodeResult: success, version: HTTP/1.1)
HTTP/1.1 200 OK
Content-Length: 51
Content-Type: application/json; charset=utf-8
cache-control: no-cache

16:12:50.834 [AsyncHttpClient-1-5] DEBUG org.asynchttpclient.netty.channel.ChannelManager - Adding key: http://localhost:38164 for channel [id: 0xa5dedf0e, L:/127.0.0.1:50674 - R:localhost/127.0.0.1:38164]
16:12:50.835 [Forwarding screenshot on session 51b98081bb0c74d6aa75d066c34b837d to remote] DEBUG org.asynchttpclient.netty.request.NettyRequestSender - Using pooled Channel '[id: 0xa5dedf0e, L:/127.0.0.1:50674 - R:localhost/127.0.0.1:38164]' for 'GET' to 'http://localhost:38164/session/51b98081bb0c74d6aa75d066c34b837d/screenshot'
16:12:50.835 [Forwarding screenshot on session 51b98081bb0c74d6aa75d066c34b837d to remote] DEBUG org.asynchttpclient.netty.request.NettyRequestSender - Using open Channel [id: 0xa5dedf0e, L:/127.0.0.1:50674 - R:localhost/127.0.0.1:38164] for GET '/session/51b98081bb0c74d6aa75d066c34b837d/screenshot'
16:12:51.129 [AsyncHttpClient-1-5] DEBUG org.asynchttpclient.netty.handler.HttpHandler - 

Request DefaultFullHttpRequest(decodeResult: success, version: HTTP/1.1, content: EmptyByteBufBE)
GET /session/51b98081bb0c74d6aa75d066c34b837d/screenshot HTTP/1.1
User-Agent: selenium/4.8.1 (java windows)
Cache-Control: no-cache
Content-Type: application/json; charset=utf-8
host: localhost:38164
accept: */*

Response DefaultHttpResponse(decodeResult: success, version: HTTP/1.1)
HTTP/1.1 200 OK
Content-Length: 28240
Content-Type: application/json; charset=utf-8
cache-control: no-cache

16:12:51.130 [AsyncHttpClient-1-5] DEBUG org.asynchttpclient.netty.channel.ChannelManager - Adding key: http://localhost:38164 for channel [id: 0xa5dedf0e, L:/127.0.0.1:50674 - R:localhost/127.0.0.1:38164]
16:12:51.133 [main] DEBUG net.serenitybdd.core.photography.Darkroom - Send negative for processing for target\site\serenity\39df4c671a8de515f9b2ca7186dc23a26af2a094fdd50df29ac20dfc88626bd7.png
16:12:51.133 [main] DEBUG net.thucydides.core.steps.StepInterceptor - STEP DONE: inputUserName
16:12:51.133 [Darkroom Processing Line] DEBUG net.serenitybdd.core.photography.DarkroomProcessingLine - Processing screenshot image in /var/screenshots/screenshot-1425769180695792468
16:12:51.133 [Darkroom Processing Line] DEBUG net.serenitybdd.core.photography.DarkroomProcessingLine - Saving screenshot to target\site\serenity\39df4c671a8de515f9b2ca7186dc23a26af2a094fdd50df29ac20dfc88626bd7.png
  &amp#27;[32mAnd &amp#27;[0m&amp#27;[32mI input valid username&amp#27;[0m                       &amp#27;[90m# starter.stepdefinitions.LoginSteps.inputValidUsername()&amp#27;[0m
16:12:51.142 [Forwarding getPageSource on session 51b98081bb0c74d6aa75d066c34b837d to remote] DEBUG org.asynchttpclient.netty.request.NettyRequestSender - Using pooled Channel '[id: 0xa5dedf0e, L:/127.0.0.1:50674 - R:localhost/127.0.0.1:38164]' for 'POST' to 'http://localhost:38164/session/51b98081bb0c74d6aa75d066c34b837d/execute/sync'
16:12:51.143 [Forwarding getPageSource on session 51b98081bb0c74d6aa75d066c34b837d to remote] DEBUG org.asynchttpclient.netty.request.NettyRequestSender - Using open Channel [id: 0xa5dedf0e, L:/127.0.0.1:50674 - R:localhost/127.0.0.1:38164] for POST '/session/51b98081bb0c74d6aa75d066c34b837d/execute/sync'
16:12:51.150 [AsyncHttpClient-1-5] DEBUG org.asynchttpclient.netty.handler.HttpHandler - 

Request DefaultHttpRequest(decodeResult: success, version: HTTP/1.1)
POST /session/51b98081bb0c74d6aa75d066c34b837d/execute/sync HTTP/1.1
User-Agent: selenium/4.8.1 (java windows)
Content-Length: 176
Content-Type: application/json; charset=utf-8
host: localhost:38164
accept: */*

Response DefaultHttpResponse(decodeResult: success, version: HTTP/1.1)
HTTP/1.1 200 OK
Content-Length: 21788
Content-Type: application/json; charset=utf-8
cache-control: no-cache

16:12:51.151 [AsyncHttpClient-1-5] DEBUG org.asynchttpclient.netty.channel.ChannelManager - Adding key: http://localhost:38164 for channel [id: 0xa5dedf0e, L:/127.0.0.1:50674 - R:localhost/127.0.0.1:38164]
16:12:51.153 [Forwarding getCurrentUrl on session 51b98081bb0c74d6aa75d066c34b837d to remote] DEBUG org.asynchttpclient.netty.request.NettyRequestSender - Using pooled Channel '[id: 0xa5dedf0e, L:/127.0.0.1:50674 - R:localhost/127.0.0.1:38164]' for 'GET' to 'http://localhost:38164/session/51b98081bb0c74d6aa75d066c34b837d/url'
16:12:51.153 [Forwarding getCurrentUrl on session 51b98081bb0c74d6aa75d066c34b837d to remote] DEBUG org.asynchttpclient.netty.request.NettyRequestSender - Using open Channel [id: 0xa5dedf0e, L:/127.0.0.1:50674 - R:localhost/127.0.0.1:38164] for GET '/session/51b98081bb0c74d6aa75d066c34b837d/url'
16:12:51.160 [AsyncHttpClient-1-5] DEBUG org.asynchttpclient.netty.handler.HttpHandler - 

Request DefaultFullHttpRequest(decodeResult: success, version: HTTP/1.1, content: EmptyByteBufBE)
GET /session/51b98081bb0c74d6aa75d066c34b837d/url HTTP/1.1
User-Agent: selenium/4.8.1 (java windows)
Cache-Control: no-cache
Content-Type: application/json; charset=utf-8
host: localhost:38164
accept: */*

Response DefaultHttpResponse(decodeResult: success, version: HTTP/1.1)
HTTP/1.1 200 OK
Content-Length: 51
Content-Type: application/json; charset=utf-8
cache-control: no-cache

16:12:51.160 [AsyncHttpClient-1-5] DEBUG org.asynchttpclient.netty.channel.ChannelManager - Adding key: http://localhost:38164 for channel [id: 0xa5dedf0e, L:/127.0.0.1:50674 - R:localhost/127.0.0.1:38164]
16:12:51.166 [Forwarding getPageSource on session 51b98081bb0c74d6aa75d066c34b837d to remote] DEBUG org.asynchttpclient.netty.request.NettyRequestSender - Using pooled Channel '[id: 0xa5dedf0e, L:/127.0.0.1:50674 - R:localhost/127.0.0.1:38164]' for 'POST' to 'http://localhost:38164/session/51b98081bb0c74d6aa75d066c34b837d/execute/sync'
16:12:51.166 [Forwarding getPageSource on session 51b98081bb0c74d6aa75d066c34b837d to remote] DEBUG org.asynchttpclient.netty.request.NettyRequestSender - Using open Channel [id: 0xa5dedf0e, L:/127.0.0.1:50674 - R:localhost/127.0.0.1:38164] for POST '/session/51b98081bb0c74d6aa75d066c34b837d/execute/sync'
16:12:51.173 [AsyncHttpClient-1-5] DEBUG org.asynchttpclient.netty.handler.HttpHandler - 

Request DefaultHttpRequest(decodeResult: success, version: HTTP/1.1)
POST /session/51b98081bb0c74d6aa75d066c34b837d/execute/sync HTTP/1.1
User-Agent: selenium/4.8.1 (java windows)
Content-Length: 176
Content-Type: application/json; charset=utf-8
host: localhost:38164
accept: */*

Response DefaultHttpResponse(decodeResult: success, version: HTTP/1.1)
HTTP/1.1 200 OK
Content-Length: 21788
Content-Type: application/json; charset=utf-8
cache-control: no-cache

16:12:51.173 [AsyncHttpClient-1-5] DEBUG org.asynchttpclient.netty.channel.ChannelManager - Adding key: http://localhost:38164 for channel [id: 0xa5dedf0e, L:/127.0.0.1:50674 - R:localhost/127.0.0.1:38164]
16:12:51.175 [Forwarding getCurrentUrl on session 51b98081bb0c74d6aa75d066c34b837d to remote] DEBUG org.asynchttpclient.netty.request.NettyRequestSender - Using pooled Channel '[id: 0xa5dedf0e, L:/127.0.0.1:50674 - R:localhost/127.0.0.1:38164]' for 'GET' to 'http://localhost:38164/session/51b98081bb0c74d6aa75d066c34b837d/url'
16:12:51.175 [Forwarding getCurrentUrl on session 51b98081bb0c74d6aa75d066c34b837d to remote] DEBUG org.asynchttpclient.netty.request.NettyRequestSender - Using open Channel [id: 0xa5dedf0e, L:/127.0.0.1:50674 - R:localhost/127.0.0.1:38164] for GET '/session/51b98081bb0c74d6aa75d066c34b837d/url'
16:12:51.179 [AsyncHttpClient-1-5] DEBUG org.asynchttpclient.netty.handler.HttpHandler - 

Request DefaultFullHttpRequest(decodeResult: success, version: HTTP/1.1, content: EmptyByteBufBE)
GET /session/51b98081bb0c74d6aa75d066c34b837d/url HTTP/1.1
User-Agent: selenium/4.8.1 (java windows)
Cache-Control: no-cache
Content-Type: application/json; charset=utf-8
host: localhost:38164
accept: */*

Response DefaultHttpResponse(decodeResult: success, version: HTTP/1.1)
HTTP/1.1 200 OK
Content-Length: 51
Content-Type: application/json; charset=utf-8
cache-control: no-cache

16:12:51.180 [AsyncHttpClient-1-5] DEBUG org.asynchttpclient.netty.channel.ChannelManager - Adding key: http://localhost:38164 for channel [id: 0xa5dedf0e, L:/127.0.0.1:50674 - R:localhost/127.0.0.1:38164]
16:12:51.596 [AsyncHttpClient-1-1] DEBUG org.asynchttpclient.netty.channel.DefaultChannelPool - Entry count for : http://localhost:50676 : 1
16:12:51.596 [AsyncHttpClient-1-1] DEBUG org.asynchttpclient.netty.channel.DefaultChannelPool - Entry count for : http://localhost:38164 : 1
16:12:51.778 [main] DEBUG net.thucydides.core.steps.StepInterceptor - STARTING STEP: LoginSteps.inputValidPassword - inputPassword
16:12:51.781 [Forwarding findElement on session 51b98081bb0c74d6aa75d066c34b837d to remote] DEBUG org.asynchttpclient.netty.request.NettyRequestSender - Using pooled Channel '[id: 0xa5dedf0e, L:/127.0.0.1:50674 - R:localhost/127.0.0.1:38164]' for 'POST' to 'http://localhost:38164/session/51b98081bb0c74d6aa75d066c34b837d/element'
16:12:51.781 [Forwarding findElement on session 51b98081bb0c74d6aa75d066c34b837d to remote] DEBUG org.asynchttpclient.netty.request.NettyRequestSender - Using open Channel [id: 0xa5dedf0e, L:/127.0.0.1:50674 - R:localhost/127.0.0.1:38164] for POST '/session/51b98081bb0c74d6aa75d066c34b837d/element'
16:12:51.792 [AsyncHttpClient-1-5] DEBUG org.asynchttpclient.netty.handler.HttpHandler - 

Request DefaultHttpRequest(decodeResult: success, version: HTTP/1.1)
POST /session/51b98081bb0c74d6aa75d066c34b837d/element HTTP/1.1
User-Agent: selenium/4.8.1 (java windows)
Content-Length: 86
Content-Type: application/json; charset=utf-8
host: localhost:38164
accept: */*

Response DefaultHttpResponse(decodeResult: success, version: HTTP/1.1)
HTTP/1.1 200 OK
Content-Length: 88
Content-Type: application/json; charset=utf-8
cache-control: no-cache

16:12:51.792 [AsyncHttpClient-1-5] DEBUG org.asynchttpclient.netty.channel.ChannelManager - Adding key: http://localhost:38164 for channel [id: 0xa5dedf0e, L:/127.0.0.1:50674 - R:localhost/127.0.0.1:38164]
16:12:51.793 [Forwarding clearElement on session 51b98081bb0c74d6aa75d066c34b837d to remote] DEBUG org.asynchttpclient.netty.request.NettyRequestSender - Using pooled Channel '[id: 0xa5dedf0e, L:/127.0.0.1:50674 - R:localhost/127.0.0.1:38164]' for 'POST' to 'http://localhost:38164/session/51b98081bb0c74d6aa75d066c34b837d/element/62e72f34-ff23-4cf7-b751-47e54ef77b4d/clear'
16:12:51.793 [Forwarding clearElement on session 51b98081bb0c74d6aa75d066c34b837d to remote] DEBUG org.asynchttpclient.netty.request.NettyRequestSender - Using open Channel [id: 0xa5dedf0e, L:/127.0.0.1:50674 - R:localhost/127.0.0.1:38164] for POST '/session/51b98081bb0c74d6aa75d066c34b837d/element/62e72f34-ff23-4cf7-b751-47e54ef77b4d/clear'
16:12:51.822 [AsyncHttpClient-1-5] DEBUG org.asynchttpclient.netty.handler.HttpHandler - 

Request DefaultHttpRequest(decodeResult: success, version: HTTP/1.1)
POST /session/51b98081bb0c74d6aa75d066c34b837d/element/62e72f34-ff23-4cf7-b751-47e54ef77b4d/clear HTTP/1.1
User-Agent: selenium/4.8.1 (java windows)
Content-Length: 50
Content-Type: application/json; charset=utf-8
host: localhost:38164
accept: */*

Response DefaultHttpResponse(decodeResult: success, version: HTTP/1.1)
HTTP/1.1 200 OK
Content-Length: 14
Content-Type: application/json; charset=utf-8
cache-control: no-cache

16:12:51.822 [AsyncHttpClient-1-5] DEBUG org.asynchttpclient.netty.channel.ChannelManager - Adding key: http://localhost:38164 for channel [id: 0xa5dedf0e, L:/127.0.0.1:50674 - R:localhost/127.0.0.1:38164]
16:12:51.824 [Forwarding sendKeysToElement on session 51b98081bb0c74d6aa75d066c34b837d to remote] DEBUG org.asynchttpclient.netty.request.NettyRequestSender - Using pooled Channel '[id: 0xa5dedf0e, L:/127.0.0.1:50674 - R:localhost/127.0.0.1:38164]' for 'POST' to 'http://localhost:38164/session/51b98081bb0c74d6aa75d066c34b837d/element/62e72f34-ff23-4cf7-b751-47e54ef77b4d/value'
16:12:51.824 [Forwarding sendKeysToElement on session 51b98081bb0c74d6aa75d066c34b837d to remote] DEBUG org.asynchttpclient.netty.request.NettyRequestSender - Using open Channel [id: 0xa5dedf0e, L:/127.0.0.1:50674 - R:localhost/127.0.0.1:38164] for POST '/session/51b98081bb0c74d6aa75d066c34b837d/element/62e72f34-ff23-4cf7-b751-47e54ef77b4d/value'
16:12:51.881 [AsyncHttpClient-1-5] DEBUG org.asynchttpclient.netty.handler.HttpHandler - 

Request DefaultHttpRequest(decodeResult: success, version: HTTP/1.1)
POST /session/51b98081bb0c74d6aa75d066c34b837d/element/62e72f34-ff23-4cf7-b751-47e54ef77b4d/value HTTP/1.1
User-Agent: selenium/4.8.1 (java windows)
Content-Length: 141
Content-Type: application/json; charset=utf-8
host: localhost:38164
accept: */*

Response DefaultHttpResponse(decodeResult: success, version: HTTP/1.1)
HTTP/1.1 200 OK
Content-Length: 14
Content-Type: application/json; charset=utf-8
cache-control: no-cache

16:12:51.881 [AsyncHttpClient-1-5] DEBUG org.asynchttpclient.netty.channel.ChannelManager - Adding key: http://localhost:38164 for channel [id: 0xa5dedf0e, L:/127.0.0.1:50674 - R:localhost/127.0.0.1:38164]
16:12:51.886 [Forwarding getAlertText on session 51b98081bb0c74d6aa75d066c34b837d to remote] DEBUG org.asynchttpclient.netty.request.NettyRequestSender - Using pooled Channel '[id: 0xa5dedf0e, L:/127.0.0.1:50674 - R:localhost/127.0.0.1:38164]' for 'GET' to 'http://localhost:38164/session/51b98081bb0c74d6aa75d066c34b837d/alert/text'
16:12:51.886 [Forwarding getAlertText on session 51b98081bb0c74d6aa75d066c34b837d to remote] DEBUG org.asynchttpclient.netty.request.NettyRequestSender - Using open Channel [id: 0xa5dedf0e, L:/127.0.0.1:50674 - R:localhost/127.0.0.1:38164] for GET '/session/51b98081bb0c74d6aa75d066c34b837d/alert/text'
16:12:51.890 [AsyncHttpClient-1-5] DEBUG org.asynchttpclient.netty.handler.HttpHandler - 

Request DefaultFullHttpRequest(decodeResult: success, version: HTTP/1.1, content: EmptyByteBufBE)
GET /session/51b98081bb0c74d6aa75d066c34b837d/alert/text HTTP/1.1
User-Agent: selenium/4.8.1 (java windows)
Cache-Control: no-cache
Content-Type: application/json; charset=utf-8
host: localhost:38164
accept: */*

Response DefaultHttpResponse(decodeResult: success, version: HTTP/1.1)
HTTP/1.1 404 Not Found
Content-Length: 836
Content-Type: application/json; charset=utf-8
cache-control: no-cache

16:12:51.890 [AsyncHttpClient-1-5] DEBUG org.asynchttpclient.netty.channel.ChannelManager - Adding key: http://localhost:38164 for channel [id: 0xa5dedf0e, L:/127.0.0.1:50674 - R:localhost/127.0.0.1:38164]
16:12:51.891 [Forwarding getCurrentUrl on session 51b98081bb0c74d6aa75d066c34b837d to remote] DEBUG org.asynchttpclient.netty.request.NettyRequestSender - Using pooled Channel '[id: 0xa5dedf0e, L:/127.0.0.1:50674 - R:localhost/127.0.0.1:38164]' for 'GET' to 'http://localhost:38164/session/51b98081bb0c74d6aa75d066c34b837d/url'
16:12:51.892 [Forwarding getCurrentUrl on session 51b98081bb0c74d6aa75d066c34b837d to remote] DEBUG org.asynchttpclient.netty.request.NettyRequestSender - Using open Channel [id: 0xa5dedf0e, L:/127.0.0.1:50674 - R:localhost/127.0.0.1:38164] for GET '/session/51b98081bb0c74d6aa75d066c34b837d/url'
16:12:51.896 [AsyncHttpClient-1-5] DEBUG org.asynchttpclient.netty.handler.HttpHandler - 

Request DefaultFullHttpRequest(decodeResult: success, version: HTTP/1.1, content: EmptyByteBufBE)
GET /session/51b98081bb0c74d6aa75d066c34b837d/url HTTP/1.1
User-Agent: selenium/4.8.1 (java windows)
Cache-Control: no-cache
Content-Type: application/json; charset=utf-8
host: localhost:38164
accept: */*

Response DefaultHttpResponse(decodeResult: success, version: HTTP/1.1)
HTTP/1.1 200 OK
Content-Length: 51
Content-Type: application/json; charset=utf-8
cache-control: no-cache

16:12:51.896 [AsyncHttpClient-1-5] DEBUG org.asynchttpclient.netty.channel.ChannelManager - Adding key: http://localhost:38164 for channel [id: 0xa5dedf0e, L:/127.0.0.1:50674 - R:localhost/127.0.0.1:38164]
16:12:51.897 [Forwarding screenshot on session 51b98081bb0c74d6aa75d066c34b837d to remote] DEBUG org.asynchttpclient.netty.request.NettyRequestSender - Using pooled Channel '[id: 0xa5dedf0e, L:/127.0.0.1:50674 - R:localhost/127.0.0.1:38164]' for 'GET' to 'http://localhost:38164/session/51b98081bb0c74d6aa75d066c34b837d/screenshot'
16:12:51.897 [Forwarding screenshot on session 51b98081bb0c74d6aa75d066c34b837d to remote] DEBUG org.asynchttpclient.netty.request.NettyRequestSender - Using open Channel [id: 0xa5dedf0e, L:/127.0.0.1:50674 - R:localhost/127.0.0.1:38164] for GET '/session/51b98081bb0c74d6aa75d066c34b837d/screenshot'
16:12:51.981 [AsyncHttpClient-1-5] DEBUG org.asynchttpclient.netty.handler.HttpHandler - 

Request DefaultFullHttpRequest(decodeResult: success, version: HTTP/1.1, content: EmptyByteBufBE)
GET /session/51b98081bb0c74d6aa75d066c34b837d/screenshot HTTP/1.1
User-Agent: selenium/4.8.1 (java windows)
Cache-Control: no-cache
Content-Type: application/json; charset=utf-8
host: localhost:38164
accept: */*

Response DefaultHttpResponse(decodeResult: success, version: HTTP/1.1)
HTTP/1.1 200 OK
Content-Length: 29184
Content-Type: application/json; charset=utf-8
cache-control: no-cache

16:12:51.981 [AsyncHttpClient-1-5] DEBUG org.asynchttpclient.netty.channel.ChannelManager - Adding key: http://localhost:38164 for channel [id: 0xa5dedf0e, L:/127.0.0.1:50674 - R:localhost/127.0.0.1:38164]
16:12:51.983 [main] DEBUG net.serenitybdd.core.photography.Darkroom - Send negative for processing for target\site\serenity\e07c7fdba0cb6f103e44a765616fb46afb14c6573a23f92c4f9d32684e25fe55.png
16:12:51.983 [main] DEBUG net.thucydides.core.steps.StepInterceptor - STEP DONE: inputPassword
16:12:51.983 [Darkroom Processing Line] DEBUG net.serenitybdd.core.photography.DarkroomProcessingLine - Processing screenshot image in /var/screenshots/screenshot-2120433893327659163
16:12:51.983 [Darkroom Processing Line] DEBUG net.serenitybdd.core.photography.DarkroomProcessingLine - Saving screenshot to target\site\serenity\e07c7fdba0cb6f103e44a765616fb46afb14c6573a23f92c4f9d32684e25fe55.png
  &amp#27;[32mAnd &amp#27;[0m&amp#27;[32mI input valid password&amp#27;[0m                       &amp#27;[90m# starter.stepdefinitions.LoginSteps.inputValidPassword()&amp#27;[0m
16:12:51.993 [Forwarding getPageSource on session 51b98081bb0c74d6aa75d066c34b837d to remote] DEBUG org.asynchttpclient.netty.request.NettyRequestSender - Using pooled Channel '[id: 0xa5dedf0e, L:/127.0.0.1:50674 - R:localhost/127.0.0.1:38164]' for 'POST' to 'http://localhost:38164/session/51b98081bb0c74d6aa75d066c34b837d/execute/sync'
16:12:51.993 [Forwarding getPageSource on session 51b98081bb0c74d6aa75d066c34b837d to remote] DEBUG org.asynchttpclient.netty.request.NettyRequestSender - Using open Channel [id: 0xa5dedf0e, L:/127.0.0.1:50674 - R:localhost/127.0.0.1:38164] for POST '/session/51b98081bb0c74d6aa75d066c34b837d/execute/sync'
16:12:52.000 [AsyncHttpClient-1-5] DEBUG org.asynchttpclient.netty.handler.HttpHandler - 

Request DefaultHttpRequest(decodeResult: success, version: HTTP/1.1)
POST /session/51b98081bb0c74d6aa75d066c34b837d/execute/sync HTTP/1.1
User-Agent: selenium/4.8.1 (java windows)
Content-Length: 176
Content-Type: application/json; charset=utf-8
host: localhost:38164
accept: */*

Response DefaultHttpResponse(decodeResult: success, version: HTTP/1.1)
HTTP/1.1 200 OK
Content-Length: 21847
Content-Type: application/json; charset=utf-8
cache-control: no-cache

16:12:52.000 [AsyncHttpClient-1-5] DEBUG org.asynchttpclient.netty.channel.ChannelManager - Adding key: http://localhost:38164 for channel [id: 0xa5dedf0e, L:/127.0.0.1:50674 - R:localhost/127.0.0.1:38164]
16:12:52.003 [Forwarding getCurrentUrl on session 51b98081bb0c74d6aa75d066c34b837d to remote] DEBUG org.asynchttpclient.netty.request.NettyRequestSender - Using pooled Channel '[id: 0xa5dedf0e, L:/127.0.0.1:50674 - R:localhost/127.0.0.1:38164]' for 'GET' to 'http://localhost:38164/session/51b98081bb0c74d6aa75d066c34b837d/url'
16:12:52.003 [Forwarding getCurrentUrl on session 51b98081bb0c74d6aa75d066c34b837d to remote] DEBUG org.asynchttpclient.netty.request.NettyRequestSender - Using open Channel [id: 0xa5dedf0e, L:/127.0.0.1:50674 - R:localhost/127.0.0.1:38164] for GET '/session/51b98081bb0c74d6aa75d066c34b837d/url'
16:12:52.011 [AsyncHttpClient-1-5] DEBUG org.asynchttpclient.netty.handler.HttpHandler - 

Request DefaultFullHttpRequest(decodeResult: success, version: HTTP/1.1, content: EmptyByteBufBE)
GET /session/51b98081bb0c74d6aa75d066c34b837d/url HTTP/1.1
User-Agent: selenium/4.8.1 (java windows)
Cache-Control: no-cache
Content-Type: application/json; charset=utf-8
host: localhost:38164
accept: */*

Response DefaultHttpResponse(decodeResult: success, version: HTTP/1.1)
HTTP/1.1 200 OK
Content-Length: 51
Content-Type: application/json; charset=utf-8
cache-control: no-cache

16:12:52.011 [AsyncHttpClient-1-5] DEBUG org.asynchttpclient.netty.channel.ChannelManager - Adding key: http://localhost:38164 for channel [id: 0xa5dedf0e, L:/127.0.0.1:50674 - R:localhost/127.0.0.1:38164]
16:12:52.017 [Forwarding getPageSource on session 51b98081bb0c74d6aa75d066c34b837d to remote] DEBUG org.asynchttpclient.netty.request.NettyRequestSender - Using pooled Channel '[id: 0xa5dedf0e, L:/127.0.0.1:50674 - R:localhost/127.0.0.1:38164]' for 'POST' to 'http://localhost:38164/session/51b98081bb0c74d6aa75d066c34b837d/execute/sync'
16:12:52.017 [Forwarding getPageSource on session 51b98081bb0c74d6aa75d066c34b837d to remote] DEBUG org.asynchttpclient.netty.request.NettyRequestSender - Using open Channel [id: 0xa5dedf0e, L:/127.0.0.1:50674 - R:localhost/127.0.0.1:38164] for POST '/session/51b98081bb0c74d6aa75d066c34b837d/execute/sync'
16:12:52.026 [AsyncHttpClient-1-5] DEBUG org.asynchttpclient.netty.handler.HttpHandler - 

Request DefaultHttpRequest(decodeResult: success, version: HTTP/1.1)
POST /session/51b98081bb0c74d6aa75d066c34b837d/execute/sync HTTP/1.1
User-Agent: selenium/4.8.1 (java windows)
Content-Length: 176
Content-Type: application/json; charset=utf-8
host: localhost:38164
accept: */*

Response DefaultHttpResponse(decodeResult: success, version: HTTP/1.1)
HTTP/1.1 200 OK
Content-Length: 21847
Content-Type: application/json; charset=utf-8
cache-control: no-cache

16:12:52.026 [AsyncHttpClient-1-5] DEBUG org.asynchttpclient.netty.channel.ChannelManager - Adding key: http://localhost:38164 for channel [id: 0xa5dedf0e, L:/127.0.0.1:50674 - R:localhost/127.0.0.1:38164]
16:12:52.028 [Forwarding getCurrentUrl on session 51b98081bb0c74d6aa75d066c34b837d to remote] DEBUG org.asynchttpclient.netty.request.NettyRequestSender - Using pooled Channel '[id: 0xa5dedf0e, L:/127.0.0.1:50674 - R:localhost/127.0.0.1:38164]' for 'GET' to 'http://localhost:38164/session/51b98081bb0c74d6aa75d066c34b837d/url'
16:12:52.028 [Forwarding getCurrentUrl on session 51b98081bb0c74d6aa75d066c34b837d to remote] DEBUG org.asynchttpclient.netty.request.NettyRequestSender - Using open Channel [id: 0xa5dedf0e, L:/127.0.0.1:50674 - R:localhost/127.0.0.1:38164] for GET '/session/51b98081bb0c74d6aa75d066c34b837d/url'
16:12:52.034 [AsyncHttpClient-1-5] DEBUG org.asynchttpclient.netty.handler.HttpHandler - 

Request DefaultFullHttpRequest(decodeResult: success, version: HTTP/1.1, content: EmptyByteBufBE)
GET /session/51b98081bb0c74d6aa75d066c34b837d/url HTTP/1.1
User-Agent: selenium/4.8.1 (java windows)
Cache-Control: no-cache
Content-Type: application/json; charset=utf-8
host: localhost:38164
accept: */*

Response DefaultHttpResponse(decodeResult: success, version: HTTP/1.1)
HTTP/1.1 200 OK
Content-Length: 51
Content-Type: application/json; charset=utf-8
cache-control: no-cache

16:12:52.034 [AsyncHttpClient-1-5] DEBUG org.asynchttpclient.netty.channel.ChannelManager - Adding key: http://localhost:38164 for channel [id: 0xa5dedf0e, L:/127.0.0.1:50674 - R:localhost/127.0.0.1:38164]
16:12:52.036 [main] DEBUG net.thucydides.core.steps.StepInterceptor - STARTING STEP: LoginSteps.clickSigninButton - clickSigninButton
16:12:52.040 [Forwarding findElement on session 51b98081bb0c74d6aa75d066c34b837d to remote] DEBUG org.asynchttpclient.netty.request.NettyRequestSender - Using pooled Channel '[id: 0xa5dedf0e, L:/127.0.0.1:50674 - R:localhost/127.0.0.1:38164]' for 'POST' to 'http://localhost:38164/session/51b98081bb0c74d6aa75d066c34b837d/element'
16:12:52.040 [Forwarding findElement on session 51b98081bb0c74d6aa75d066c34b837d to remote] DEBUG org.asynchttpclient.netty.request.NettyRequestSender - Using open Channel [id: 0xa5dedf0e, L:/127.0.0.1:50674 - R:localhost/127.0.0.1:38164] for POST '/session/51b98081bb0c74d6aa75d066c34b837d/element'
16:12:52.047 [AsyncHttpClient-1-5] DEBUG org.asynchttpclient.netty.handler.HttpHandler - 

Request DefaultHttpRequest(decodeResult: success, version: HTTP/1.1)
POST /session/51b98081bb0c74d6aa75d066c34b837d/element HTTP/1.1
User-Agent: selenium/4.8.1 (java windows)
Content-Length: 63
Content-Type: application/json; charset=utf-8
host: localhost:38164
accept: */*

Response DefaultHttpResponse(decodeResult: success, version: HTTP/1.1)
HTTP/1.1 200 OK
Content-Length: 88
Content-Type: application/json; charset=utf-8
cache-control: no-cache

16:12:52.047 [AsyncHttpClient-1-5] DEBUG org.asynchttpclient.netty.channel.ChannelManager - Adding key: http://localhost:38164 for channel [id: 0xa5dedf0e, L:/127.0.0.1:50674 - R:localhost/127.0.0.1:38164]
16:12:52.048 [Forwarding getElementTagName on session 51b98081bb0c74d6aa75d066c34b837d to remote] DEBUG org.asynchttpclient.netty.request.NettyRequestSender - Using pooled Channel '[id: 0xa5dedf0e, L:/127.0.0.1:50674 - R:localhost/127.0.0.1:38164]' for 'GET' to 'http://localhost:38164/session/51b98081bb0c74d6aa75d066c34b837d/element/8ee154b8-d175-489c-ba58-6c17d4ceea88/name'
16:12:52.048 [Forwarding getElementTagName on session 51b98081bb0c74d6aa75d066c34b837d to remote] DEBUG org.asynchttpclient.netty.request.NettyRequestSender - Using open Channel [id: 0xa5dedf0e, L:/127.0.0.1:50674 - R:localhost/127.0.0.1:38164] for GET '/session/51b98081bb0c74d6aa75d066c34b837d/element/8ee154b8-d175-489c-ba58-6c17d4ceea88/name'
16:12:52.053 [AsyncHttpClient-1-5] DEBUG org.asynchttpclient.netty.handler.HttpHandler - 

Request DefaultFullHttpRequest(decodeResult: success, version: HTTP/1.1, content: EmptyByteBufBE)
GET /session/51b98081bb0c74d6aa75d066c34b837d/element/8ee154b8-d175-489c-ba58-6c17d4ceea88/name HTTP/1.1
User-Agent: selenium/4.8.1 (java windows)
Cache-Control: no-cache
Content-Type: application/json; charset=utf-8
host: localhost:38164
accept: */*

Response DefaultHttpResponse(decodeResult: success, version: HTTP/1.1)
HTTP/1.1 200 OK
Content-Length: 18
Content-Type: application/json; charset=utf-8
cache-control: no-cache

16:12:52.053 [AsyncHttpClient-1-5] DEBUG org.asynchttpclient.netty.channel.ChannelManager - Adding key: http://localhost:38164 for channel [id: 0xa5dedf0e, L:/127.0.0.1:50674 - R:localhost/127.0.0.1:38164]
16:12:52.055 [Forwarding getElementTagName on session 51b98081bb0c74d6aa75d066c34b837d to remote] DEBUG org.asynchttpclient.netty.request.NettyRequestSender - Using pooled Channel '[id: 0xa5dedf0e, L:/127.0.0.1:50674 - R:localhost/127.0.0.1:38164]' for 'GET' to 'http://localhost:38164/session/51b98081bb0c74d6aa75d066c34b837d/element/8ee154b8-d175-489c-ba58-6c17d4ceea88/name'
16:12:52.055 [Forwarding getElementTagName on session 51b98081bb0c74d6aa75d066c34b837d to remote] DEBUG org.asynchttpclient.netty.request.NettyRequestSender - Using open Channel [id: 0xa5dedf0e, L:/127.0.0.1:50674 - R:localhost/127.0.0.1:38164] for GET '/session/51b98081bb0c74d6aa75d066c34b837d/element/8ee154b8-d175-489c-ba58-6c17d4ceea88/name'
16:12:52.060 [AsyncHttpClient-1-5] DEBUG org.asynchttpclient.netty.handler.HttpHandler - 

Request DefaultFullHttpRequest(decodeResult: success, version: HTTP/1.1, content: EmptyByteBufBE)
GET /session/51b98081bb0c74d6aa75d066c34b837d/element/8ee154b8-d175-489c-ba58-6c17d4ceea88/name HTTP/1.1
User-Agent: selenium/4.8.1 (java windows)
Cache-Control: no-cache
Content-Type: application/json; charset=utf-8
host: localhost:38164
accept: */*

Response DefaultHttpResponse(decodeResult: success, version: HTTP/1.1)
HTTP/1.1 200 OK
Content-Length: 18
Content-Type: application/json; charset=utf-8
cache-control: no-cache

16:12:52.060 [AsyncHttpClient-1-5] DEBUG org.asynchttpclient.netty.channel.ChannelManager - Adding key: http://localhost:38164 for channel [id: 0xa5dedf0e, L:/127.0.0.1:50674 - R:localhost/127.0.0.1:38164]
16:12:52.062 [Forwarding isElementEnabled on session 51b98081bb0c74d6aa75d066c34b837d to remote] DEBUG org.asynchttpclient.netty.request.NettyRequestSender - Using pooled Channel '[id: 0xa5dedf0e, L:/127.0.0.1:50674 - R:localhost/127.0.0.1:38164]' for 'GET' to 'http://localhost:38164/session/51b98081bb0c74d6aa75d066c34b837d/element/8ee154b8-d175-489c-ba58-6c17d4ceea88/enabled'
16:12:52.062 [Forwarding isElementEnabled on session 51b98081bb0c74d6aa75d066c34b837d to remote] DEBUG org.asynchttpclient.netty.request.NettyRequestSender - Using open Channel [id: 0xa5dedf0e, L:/127.0.0.1:50674 - R:localhost/127.0.0.1:38164] for GET '/session/51b98081bb0c74d6aa75d066c34b837d/element/8ee154b8-d175-489c-ba58-6c17d4ceea88/enabled'
16:12:52.069 [AsyncHttpClient-1-5] DEBUG org.asynchttpclient.netty.handler.HttpHandler - 

Request DefaultFullHttpRequest(decodeResult: success, version: HTTP/1.1, content: EmptyByteBufBE)
GET /session/51b98081bb0c74d6aa75d066c34b837d/element/8ee154b8-d175-489c-ba58-6c17d4ceea88/enabled HTTP/1.1
User-Agent: selenium/4.8.1 (java windows)
Cache-Control: no-cache
Content-Type: application/json; charset=utf-8
host: localhost:38164
accept: */*

Response DefaultHttpResponse(decodeResult: success, version: HTTP/1.1)
HTTP/1.1 200 OK
Content-Length: 14
Content-Type: application/json; charset=utf-8
cache-control: no-cache

16:12:52.069 [AsyncHttpClient-1-5] DEBUG org.asynchttpclient.netty.channel.ChannelManager - Adding key: http://localhost:38164 for channel [id: 0xa5dedf0e, L:/127.0.0.1:50674 - R:localhost/127.0.0.1:38164]
16:12:52.070 [Forwarding isElementEnabled on session 51b98081bb0c74d6aa75d066c34b837d to remote] DEBUG org.asynchttpclient.netty.request.NettyRequestSender - Using pooled Channel '[id: 0xa5dedf0e, L:/127.0.0.1:50674 - R:localhost/127.0.0.1:38164]' for 'GET' to 'http://localhost:38164/session/51b98081bb0c74d6aa75d066c34b837d/element/8ee154b8-d175-489c-ba58-6c17d4ceea88/enabled'
16:12:52.070 [Forwarding isElementEnabled on session 51b98081bb0c74d6aa75d066c34b837d to remote] DEBUG org.asynchttpclient.netty.request.NettyRequestSender - Using open Channel [id: 0xa5dedf0e, L:/127.0.0.1:50674 - R:localhost/127.0.0.1:38164] for GET '/session/51b98081bb0c74d6aa75d066c34b837d/element/8ee154b8-d175-489c-ba58-6c17d4ceea88/enabled'
16:12:52.076 [AsyncHttpClient-1-5] DEBUG org.asynchttpclient.netty.handler.HttpHandler - 

Request DefaultFullHttpRequest(decodeResult: success, version: HTTP/1.1, content: EmptyByteBufBE)
GET /session/51b98081bb0c74d6aa75d066c34b837d/element/8ee154b8-d175-489c-ba58-6c17d4ceea88/enabled HTTP/1.1
User-Agent: selenium/4.8.1 (java windows)
Cache-Control: no-cache
Content-Type: application/json; charset=utf-8
host: localhost:38164
accept: */*

Response DefaultHttpResponse(decodeResult: success, version: HTTP/1.1)
HTTP/1.1 200 OK
Content-Length: 14
Content-Type: application/json; charset=utf-8
cache-control: no-cache

16:12:52.076 [AsyncHttpClient-1-5] DEBUG org.asynchttpclient.netty.channel.ChannelManager - Adding key: http://localhost:38164 for channel [id: 0xa5dedf0e, L:/127.0.0.1:50674 - R:localhost/127.0.0.1:38164]
16:12:52.077 [Forwarding findElement on session 51b98081bb0c74d6aa75d066c34b837d to remote] DEBUG org.asynchttpclient.netty.request.NettyRequestSender - Using pooled Channel '[id: 0xa5dedf0e, L:/127.0.0.1:50674 - R:localhost/127.0.0.1:38164]' for 'POST' to 'http://localhost:38164/session/51b98081bb0c74d6aa75d066c34b837d/element'
16:12:52.077 [Forwarding findElement on session 51b98081bb0c74d6aa75d066c34b837d to remote] DEBUG org.asynchttpclient.netty.request.NettyRequestSender - Using open Channel [id: 0xa5dedf0e, L:/127.0.0.1:50674 - R:localhost/127.0.0.1:38164] for POST '/session/51b98081bb0c74d6aa75d066c34b837d/element'
16:12:52.082 [AsyncHttpClient-1-5] DEBUG org.asynchttpclient.netty.handler.HttpHandler - 

Request DefaultHttpRequest(decodeResult: success, version: HTTP/1.1)
POST /session/51b98081bb0c74d6aa75d066c34b837d/element HTTP/1.1
User-Agent: selenium/4.8.1 (java windows)
Content-Length: 63
Content-Type: application/json; charset=utf-8
host: localhost:38164
accept: */*

Response DefaultHttpResponse(decodeResult: success, version: HTTP/1.1)
HTTP/1.1 200 OK
Content-Length: 88
Content-Type: application/json; charset=utf-8
cache-control: no-cache

16:12:52.083 [AsyncHttpClient-1-5] DEBUG org.asynchttpclient.netty.channel.ChannelManager - Adding key: http://localhost:38164 for channel [id: 0xa5dedf0e, L:/127.0.0.1:50674 - R:localhost/127.0.0.1:38164]
16:12:52.084 [Forwarding clickElement on session 51b98081bb0c74d6aa75d066c34b837d to remote] DEBUG org.asynchttpclient.netty.request.NettyRequestSender - Using pooled Channel '[id: 0xa5dedf0e, L:/127.0.0.1:50674 - R:localhost/127.0.0.1:38164]' for 'POST' to 'http://localhost:38164/session/51b98081bb0c74d6aa75d066c34b837d/element/8ee154b8-d175-489c-ba58-6c17d4ceea88/click'
16:12:52.084 [Forwarding clickElement on session 51b98081bb0c74d6aa75d066c34b837d to remote] DEBUG org.asynchttpclient.netty.request.NettyRequestSender - Using open Channel [id: 0xa5dedf0e, L:/127.0.0.1:50674 - R:localhost/127.0.0.1:38164] for POST '/session/51b98081bb0c74d6aa75d066c34b837d/element/8ee154b8-d175-489c-ba58-6c17d4ceea88/click'
16:12:52.127 [AsyncHttpClient-1-5] DEBUG org.asynchttpclient.netty.handler.HttpHandler - 

Request DefaultHttpRequest(decodeResult: success, version: HTTP/1.1)
POST /session/51b98081bb0c74d6aa75d066c34b837d/element/8ee154b8-d175-489c-ba58-6c17d4ceea88/click HTTP/1.1
User-Agent: selenium/4.8.1 (java windows)
Content-Length: 50
Content-Type: application/json; charset=utf-8
host: localhost:38164
accept: */*

Response DefaultHttpResponse(decodeResult: success, version: HTTP/1.1)
HTTP/1.1 200 OK
Content-Length: 14
Content-Type: application/json; charset=utf-8
cache-control: no-cache

16:12:52.128 [AsyncHttpClient-1-5] DEBUG org.asynchttpclient.netty.channel.ChannelManager - Adding key: http://localhost:38164 for channel [id: 0xa5dedf0e, L:/127.0.0.1:50674 - R:localhost/127.0.0.1:38164]
16:12:52.134 [Forwarding getAlertText on session 51b98081bb0c74d6aa75d066c34b837d to remote] DEBUG org.asynchttpclient.netty.request.NettyRequestSender - Using pooled Channel '[id: 0xa5dedf0e, L:/127.0.0.1:50674 - R:localhost/127.0.0.1:38164]' for 'GET' to 'http://localhost:38164/session/51b98081bb0c74d6aa75d066c34b837d/alert/text'
16:12:52.134 [Forwarding getAlertText on session 51b98081bb0c74d6aa75d066c34b837d to remote] DEBUG org.asynchttpclient.netty.request.NettyRequestSender - Using open Channel [id: 0xa5dedf0e, L:/127.0.0.1:50674 - R:localhost/127.0.0.1:38164] for GET '/session/51b98081bb0c74d6aa75d066c34b837d/alert/text'
16:12:52.137 [AsyncHttpClient-1-5] DEBUG org.asynchttpclient.netty.handler.HttpHandler - 

Request DefaultFullHttpRequest(decodeResult: success, version: HTTP/1.1, content: EmptyByteBufBE)
GET /session/51b98081bb0c74d6aa75d066c34b837d/alert/text HTTP/1.1
User-Agent: selenium/4.8.1 (java windows)
Cache-Control: no-cache
Content-Type: application/json; charset=utf-8
host: localhost:38164
accept: */*

Response DefaultHttpResponse(decodeResult: success, version: HTTP/1.1)
HTTP/1.1 404 Not Found
Content-Length: 836
Content-Type: application/json; charset=utf-8
cache-control: no-cache

16:12:52.137 [AsyncHttpClient-1-5] DEBUG org.asynchttpclient.netty.channel.ChannelManager - Adding key: http://localhost:38164 for channel [id: 0xa5dedf0e, L:/127.0.0.1:50674 - R:localhost/127.0.0.1:38164]
16:12:52.139 [Forwarding getCurrentUrl on session 51b98081bb0c74d6aa75d066c34b837d to remote] DEBUG org.asynchttpclient.netty.request.NettyRequestSender - Using pooled Channel '[id: 0xa5dedf0e, L:/127.0.0.1:50674 - R:localhost/127.0.0.1:38164]' for 'GET' to 'http://localhost:38164/session/51b98081bb0c74d6aa75d066c34b837d/url'
16:12:52.139 [Forwarding getCurrentUrl on session 51b98081bb0c74d6aa75d066c34b837d to remote] DEBUG org.asynchttpclient.netty.request.NettyRequestSender - Using open Channel [id: 0xa5dedf0e, L:/127.0.0.1:50674 - R:localhost/127.0.0.1:38164] for GET '/session/51b98081bb0c74d6aa75d066c34b837d/url'
16:12:52.144 [AsyncHttpClient-1-5] DEBUG org.asynchttpclient.netty.handler.HttpHandler - 

Request DefaultFullHttpRequest(decodeResult: success, version: HTTP/1.1, content: EmptyByteBufBE)
GET /session/51b98081bb0c74d6aa75d066c34b837d/url HTTP/1.1
User-Agent: selenium/4.8.1 (java windows)
Cache-Control: no-cache
Content-Type: application/json; charset=utf-8
host: localhost:38164
accept: */*

Response DefaultHttpResponse(decodeResult: success, version: HTTP/1.1)
HTTP/1.1 200 OK
Content-Length: 51
Content-Type: application/json; charset=utf-8
cache-control: no-cache

16:12:52.144 [AsyncHttpClient-1-5] DEBUG org.asynchttpclient.netty.channel.ChannelManager - Adding key: http://localhost:38164 for channel [id: 0xa5dedf0e, L:/127.0.0.1:50674 - R:localhost/127.0.0.1:38164]
16:12:52.145 [Forwarding screenshot on session 51b98081bb0c74d6aa75d066c34b837d to remote] DEBUG org.asynchttpclient.netty.request.NettyRequestSender - Using pooled Channel '[id: 0xa5dedf0e, L:/127.0.0.1:50674 - R:localhost/127.0.0.1:38164]' for 'GET' to 'http://localhost:38164/session/51b98081bb0c74d6aa75d066c34b837d/screenshot'
16:12:52.145 [Forwarding screenshot on session 51b98081bb0c74d6aa75d066c34b837d to remote] DEBUG org.asynchttpclient.netty.request.NettyRequestSender - Using open Channel [id: 0xa5dedf0e, L:/127.0.0.1:50674 - R:localhost/127.0.0.1:38164] for GET '/session/51b98081bb0c74d6aa75d066c34b837d/screenshot'
16:12:52.687 [AsyncHttpClient-1-1] DEBUG org.asynchttpclient.netty.channel.DefaultChannelPool - Entry count for : http://localhost:50676 : 1
16:12:53.198 [AsyncHttpClient-1-5] DEBUG org.asynchttpclient.netty.handler.HttpHandler - 

Request DefaultFullHttpRequest(decodeResult: success, version: HTTP/1.1, content: EmptyByteBufBE)
GET /session/51b98081bb0c74d6aa75d066c34b837d/screenshot HTTP/1.1
User-Agent: selenium/4.8.1 (java windows)
Cache-Control: no-cache
Content-Type: application/json; charset=utf-8
host: localhost:38164
accept: */*

Response DefaultHttpResponse(decodeResult: success, version: HTTP/1.1)
HTTP/1.1 200 OK
Content-Length: 28668
Content-Type: application/json; charset=utf-8
cache-control: no-cache

16:12:53.198 [AsyncHttpClient-1-5] DEBUG org.asynchttpclient.netty.channel.ChannelManager - Adding key: http://localhost:38164 for channel [id: 0xa5dedf0e, L:/127.0.0.1:50674 - R:localhost/127.0.0.1:38164]
16:12:53.201 [main] DEBUG net.serenitybdd.core.photography.Darkroom - Send negative for processing for target\site\serenity\9856e0d0c619b0737fc6bc2bdb86b319a059f0c44b32d15cea889fde92a50060.png
16:12:53.201 [main] DEBUG net.thucydides.core.steps.StepInterceptor - STEP DONE: clickSigninButton
16:12:53.201 [Darkroom Processing Line] DEBUG net.serenitybdd.core.photography.DarkroomProcessingLine - Processing screenshot image in /var/screenshots/screenshot-1699021126108013672
  &amp#27;[32mAnd &amp#27;[0m&amp#27;[32mI click signin button&amp#27;[0m                        &amp#27;[90m# starter.stepdefinitions.LoginSteps.clickSigninButton()&amp#27;[0m
16:12:53.202 [Darkroom Processing Line] DEBUG net.serenitybdd.core.photography.DarkroomProcessingLine - Saving screenshot to target\site\serenity\9856e0d0c619b0737fc6bc2bdb86b319a059f0c44b32d15cea889fde92a50060.png
16:12:53.214 [Forwarding getPageSource on session 51b98081bb0c74d6aa75d066c34b837d to remote] DEBUG org.asynchttpclient.netty.request.NettyRequestSender - Using pooled Channel '[id: 0xa5dedf0e, L:/127.0.0.1:50674 - R:localhost/127.0.0.1:38164]' for 'POST' to 'http://localhost:38164/session/51b98081bb0c74d6aa75d066c34b837d/execute/sync'
16:12:53.214 [Forwarding getPageSource on session 51b98081bb0c74d6aa75d066c34b837d to remote] DEBUG org.asynchttpclient.netty.request.NettyRequestSender - Using open Channel [id: 0xa5dedf0e, L:/127.0.0.1:50674 - R:localhost/127.0.0.1:38164] for POST '/session/51b98081bb0c74d6aa75d066c34b837d/execute/sync'
16:12:53.218 [AsyncHttpClient-1-5] DEBUG org.asynchttpclient.netty.handler.HttpHandler - 

Request DefaultHttpRequest(decodeResult: success, version: HTTP/1.1)
POST /session/51b98081bb0c74d6aa75d066c34b837d/execute/sync HTTP/1.1
User-Agent: selenium/4.8.1 (java windows)
Content-Length: 176
Content-Type: application/json; charset=utf-8
host: localhost:38164
accept: */*

Response DefaultHttpResponse(decodeResult: success, version: HTTP/1.1)
HTTP/1.1 200 OK
Content-Length: 28804
Content-Type: application/json; charset=utf-8
cache-control: no-cache

16:12:53.219 [AsyncHttpClient-1-5] DEBUG org.asynchttpclient.netty.channel.ChannelManager - Adding key: http://localhost:38164 for channel [id: 0xa5dedf0e, L:/127.0.0.1:50674 - R:localhost/127.0.0.1:38164]
16:12:53.223 [Forwarding getCurrentUrl on session 51b98081bb0c74d6aa75d066c34b837d to remote] DEBUG org.asynchttpclient.netty.request.NettyRequestSender - Using pooled Channel '[id: 0xa5dedf0e, L:/127.0.0.1:50674 - R:localhost/127.0.0.1:38164]' for 'GET' to 'http://localhost:38164/session/51b98081bb0c74d6aa75d066c34b837d/url'
16:12:53.223 [Forwarding getCurrentUrl on session 51b98081bb0c74d6aa75d066c34b837d to remote] DEBUG org.asynchttpclient.netty.request.NettyRequestSender - Using open Channel [id: 0xa5dedf0e, L:/127.0.0.1:50674 - R:localhost/127.0.0.1:38164] for GET '/session/51b98081bb0c74d6aa75d066c34b837d/url'
16:12:53.229 [AsyncHttpClient-1-5] DEBUG org.asynchttpclient.netty.handler.HttpHandler - 

Request DefaultFullHttpRequest(decodeResult: success, version: HTTP/1.1, content: EmptyByteBufBE)
GET /session/51b98081bb0c74d6aa75d066c34b837d/url HTTP/1.1
User-Agent: selenium/4.8.1 (java windows)
Cache-Control: no-cache
Content-Type: application/json; charset=utf-8
host: localhost:38164
accept: */*

Response DefaultHttpResponse(decodeResult: success, version: HTTP/1.1)
HTTP/1.1 200 OK
Content-Length: 41
Content-Type: application/json; charset=utf-8
cache-control: no-cache

16:12:53.229 [AsyncHttpClient-1-5] DEBUG org.asynchttpclient.netty.channel.ChannelManager - Adding key: http://localhost:38164 for channel [id: 0xa5dedf0e, L:/127.0.0.1:50674 - R:localhost/127.0.0.1:38164]
16:12:53.240 [Forwarding getPageSource on session 51b98081bb0c74d6aa75d066c34b837d to remote] DEBUG org.asynchttpclient.netty.request.NettyRequestSender - Using pooled Channel '[id: 0xa5dedf0e, L:/127.0.0.1:50674 - R:localhost/127.0.0.1:38164]' for 'POST' to 'http://localhost:38164/session/51b98081bb0c74d6aa75d066c34b837d/execute/sync'
16:12:53.240 [Forwarding getPageSource on session 51b98081bb0c74d6aa75d066c34b837d to remote] DEBUG org.asynchttpclient.netty.request.NettyRequestSender - Using open Channel [id: 0xa5dedf0e, L:/127.0.0.1:50674 - R:localhost/127.0.0.1:38164] for POST '/session/51b98081bb0c74d6aa75d066c34b837d/execute/sync'
16:12:53.246 [AsyncHttpClient-1-5] DEBUG org.asynchttpclient.netty.handler.HttpHandler - 

Request DefaultHttpRequest(decodeResult: success, version: HTTP/1.1)
POST /session/51b98081bb0c74d6aa75d066c34b837d/execute/sync HTTP/1.1
User-Agent: selenium/4.8.1 (java windows)
Content-Length: 176
Content-Type: application/json; charset=utf-8
host: localhost:38164
accept: */*

Response DefaultHttpResponse(decodeResult: success, version: HTTP/1.1)
HTTP/1.1 200 OK
Content-Length: 28804
Content-Type: application/json; charset=utf-8
cache-control: no-cache

16:12:53.247 [AsyncHttpClient-1-5] DEBUG org.asynchttpclient.netty.channel.ChannelManager - Adding key: http://localhost:38164 for channel [id: 0xa5dedf0e, L:/127.0.0.1:50674 - R:localhost/127.0.0.1:38164]
16:12:53.249 [Forwarding getCurrentUrl on session 51b98081bb0c74d6aa75d066c34b837d to remote] DEBUG org.asynchttpclient.netty.request.NettyRequestSender - Using pooled Channel '[id: 0xa5dedf0e, L:/127.0.0.1:50674 - R:localhost/127.0.0.1:38164]' for 'GET' to 'http://localhost:38164/session/51b98081bb0c74d6aa75d066c34b837d/url'
16:12:53.250 [Forwarding getCurrentUrl on session 51b98081bb0c74d6aa75d066c34b837d to remote] DEBUG org.asynchttpclient.netty.request.NettyRequestSender - Using open Channel [id: 0xa5dedf0e, L:/127.0.0.1:50674 - R:localhost/127.0.0.1:38164] for GET '/session/51b98081bb0c74d6aa75d066c34b837d/url'
16:12:53.253 [AsyncHttpClient-1-5] DEBUG org.asynchttpclient.netty.handler.HttpHandler - 

Request DefaultFullHttpRequest(decodeResult: success, version: HTTP/1.1, content: EmptyByteBufBE)
GET /session/51b98081bb0c74d6aa75d066c34b837d/url HTTP/1.1
User-Agent: selenium/4.8.1 (java windows)
Cache-Control: no-cache
Content-Type: application/json; charset=utf-8
host: localhost:38164
accept: */*

Response DefaultHttpResponse(decodeResult: success, version: HTTP/1.1)
HTTP/1.1 200 OK
Content-Length: 41
Content-Type: application/json; charset=utf-8
cache-control: no-cache

16:12:53.253 [AsyncHttpClient-1-5] DEBUG org.asynchttpclient.netty.channel.ChannelManager - Adding key: http://localhost:38164 for channel [id: 0xa5dedf0e, L:/127.0.0.1:50674 - R:localhost/127.0.0.1:38164]
16:12:53.258 [main] DEBUG net.thucydides.core.steps.StepInterceptor - STARTING STEP: LoginSteps.onTheHomePageLogin - validateOnHomePage
16:12:53.261 [Forwarding findElement on session 51b98081bb0c74d6aa75d066c34b837d to remote] DEBUG org.asynchttpclient.netty.request.NettyRequestSender - Using pooled Channel '[id: 0xa5dedf0e, L:/127.0.0.1:50674 - R:localhost/127.0.0.1:38164]' for 'POST' to 'http://localhost:38164/session/51b98081bb0c74d6aa75d066c34b837d/element'
16:12:53.261 [Forwarding findElement on session 51b98081bb0c74d6aa75d066c34b837d to remote] DEBUG org.asynchttpclient.netty.request.NettyRequestSender - Using open Channel [id: 0xa5dedf0e, L:/127.0.0.1:50674 - R:localhost/127.0.0.1:38164] for POST '/session/51b98081bb0c74d6aa75d066c34b837d/element'
16:12:53.267 [AsyncHttpClient-1-5] DEBUG org.asynchttpclient.netty.handler.HttpHandler - 

Request DefaultHttpRequest(decodeResult: success, version: HTTP/1.1)
POST /session/51b98081bb0c74d6aa75d066c34b837d/element HTTP/1.1
User-Agent: selenium/4.8.1 (java windows)
Content-Length: 46
Content-Type: application/json; charset=utf-8
host: localhost:38164
accept: */*

Response DefaultHttpResponse(decodeResult: success, version: HTTP/1.1)
HTTP/1.1 200 OK
Content-Length: 88
Content-Type: application/json; charset=utf-8
cache-control: no-cache

16:12:53.267 [AsyncHttpClient-1-5] DEBUG org.asynchttpclient.netty.channel.ChannelManager - Adding key: http://localhost:38164 for channel [id: 0xa5dedf0e, L:/127.0.0.1:50674 - R:localhost/127.0.0.1:38164]
16:12:53.270 [Forwarding isElementDisplayed on session 51b98081bb0c74d6aa75d066c34b837d to remote] DEBUG org.asynchttpclient.netty.request.NettyRequestSender - Using pooled Channel '[id: 0xa5dedf0e, L:/127.0.0.1:50674 - R:localhost/127.0.0.1:38164]' for 'POST' to 'http://localhost:38164/session/51b98081bb0c74d6aa75d066c34b837d/execute/sync'
16:12:53.270 [Forwarding isElementDisplayed on session 51b98081bb0c74d6aa75d066c34b837d to remote] DEBUG org.asynchttpclient.netty.request.NettyRequestSender - Using open Channel [id: 0xa5dedf0e, L:/127.0.0.1:50674 - R:localhost/127.0.0.1:38164] for POST '/session/51b98081bb0c74d6aa75d066c34b837d/execute/sync'
16:12:53.280 [AsyncHttpClient-1-5] DEBUG org.asynchttpclient.netty.handler.HttpHandler - 

Request DefaultHttpRequest(decodeResult: success, version: HTTP/1.1)
POST /session/51b98081bb0c74d6aa75d066c34b837d/execute/sync HTTP/1.1
User-Agent: selenium/4.8.1 (java windows)
Content-Length: 48807
Content-Type: application/json; charset=utf-8
host: localhost:38164
accept: */*

Response DefaultHttpResponse(decodeResult: success, version: HTTP/1.1)
HTTP/1.1 200 OK
Content-Length: 14
Content-Type: application/json; charset=utf-8
cache-control: no-cache

16:12:53.280 [AsyncHttpClient-1-5] DEBUG org.asynchttpclient.netty.channel.ChannelManager - Adding key: http://localhost:38164 for channel [id: 0xa5dedf0e, L:/127.0.0.1:50674 - R:localhost/127.0.0.1:38164]
16:12:53.284 [Forwarding getAlertText on session 51b98081bb0c74d6aa75d066c34b837d to remote] DEBUG org.asynchttpclient.netty.request.NettyRequestSender - Using pooled Channel '[id: 0xa5dedf0e, L:/127.0.0.1:50674 - R:localhost/127.0.0.1:38164]' for 'GET' to 'http://localhost:38164/session/51b98081bb0c74d6aa75d066c34b837d/alert/text'
16:12:53.284 [Forwarding getAlertText on session 51b98081bb0c74d6aa75d066c34b837d to remote] DEBUG org.asynchttpclient.netty.request.NettyRequestSender - Using open Channel [id: 0xa5dedf0e, L:/127.0.0.1:50674 - R:localhost/127.0.0.1:38164] for GET '/session/51b98081bb0c74d6aa75d066c34b837d/alert/text'
16:12:53.285 [AsyncHttpClient-1-5] DEBUG org.asynchttpclient.netty.handler.HttpHandler - 

Request DefaultFullHttpRequest(decodeResult: success, version: HTTP/1.1, content: EmptyByteBufBE)
GET /session/51b98081bb0c74d6aa75d066c34b837d/alert/text HTTP/1.1
User-Agent: selenium/4.8.1 (java windows)
Cache-Control: no-cache
Content-Type: application/json; charset=utf-8
host: localhost:38164
accept: */*

Response DefaultHttpResponse(decodeResult: success, version: HTTP/1.1)
HTTP/1.1 404 Not Found
Content-Length: 836
Content-Type: application/json; charset=utf-8
cache-control: no-cache

16:12:53.286 [AsyncHttpClient-1-5] DEBUG org.asynchttpclient.netty.channel.ChannelManager - Adding key: http://localhost:38164 for channel [id: 0xa5dedf0e, L:/127.0.0.1:50674 - R:localhost/127.0.0.1:38164]
16:12:53.287 [Forwarding getCurrentUrl on session 51b98081bb0c74d6aa75d066c34b837d to remote] DEBUG org.asynchttpclient.netty.request.NettyRequestSender - Using pooled Channel '[id: 0xa5dedf0e, L:/127.0.0.1:50674 - R:localhost/127.0.0.1:38164]' for 'GET' to 'http://localhost:38164/session/51b98081bb0c74d6aa75d066c34b837d/url'
16:12:53.287 [Forwarding getCurrentUrl on session 51b98081bb0c74d6aa75d066c34b837d to remote] DEBUG org.asynchttpclient.netty.request.NettyRequestSender - Using open Channel [id: 0xa5dedf0e, L:/127.0.0.1:50674 - R:localhost/127.0.0.1:38164] for GET '/session/51b98081bb0c74d6aa75d066c34b837d/url'
16:12:53.294 [AsyncHttpClient-1-5] DEBUG org.asynchttpclient.netty.handler.HttpHandler - 

Request DefaultFullHttpRequest(decodeResult: success, version: HTTP/1.1, content: EmptyByteBufBE)
GET /session/51b98081bb0c74d6aa75d066c34b837d/url HTTP/1.1
User-Agent: selenium/4.8.1 (java windows)
Cache-Control: no-cache
Content-Type: application/json; charset=utf-8
host: localhost:38164
accept: */*

Response DefaultHttpResponse(decodeResult: success, version: HTTP/1.1)
HTTP/1.1 200 OK
Content-Length: 41
Content-Type: application/json; charset=utf-8
cache-control: no-cache

16:12:53.294 [AsyncHttpClient-1-5] DEBUG org.asynchttpclient.netty.channel.ChannelManager - Adding key: http://localhost:38164 for channel [id: 0xa5dedf0e, L:/127.0.0.1:50674 - R:localhost/127.0.0.1:38164]
16:12:53.295 [Forwarding screenshot on session 51b98081bb0c74d6aa75d066c34b837d to remote] DEBUG org.asynchttpclient.netty.request.NettyRequestSender - Using pooled Channel '[id: 0xa5dedf0e, L:/127.0.0.1:50674 - R:localhost/127.0.0.1:38164]' for 'GET' to 'http://localhost:38164/session/51b98081bb0c74d6aa75d066c34b837d/screenshot'
16:12:53.295 [Forwarding screenshot on session 51b98081bb0c74d6aa75d066c34b837d to remote] DEBUG org.asynchttpclient.netty.request.NettyRequestSender - Using open Channel [id: 0xa5dedf0e, L:/127.0.0.1:50674 - R:localhost/127.0.0.1:38164] for GET '/session/51b98081bb0c74d6aa75d066c34b837d/screenshot'
16:12:53.791 [AsyncHttpClient-1-1] DEBUG org.asynchttpclient.netty.channel.DefaultChannelPool - Entry count for : http://localhost:50676 : 1
16:12:54.368 [AsyncHttpClient-1-5] DEBUG org.asynchttpclient.netty.handler.HttpHandler - 

Request DefaultFullHttpRequest(decodeResult: success, version: HTTP/1.1, content: EmptyByteBufBE)
GET /session/51b98081bb0c74d6aa75d066c34b837d/screenshot HTTP/1.1
User-Agent: selenium/4.8.1 (java windows)
Cache-Control: no-cache
Content-Type: application/json; charset=utf-8
host: localhost:38164
accept: */*

Response DefaultHttpResponse(decodeResult: success, version: HTTP/1.1)
HTTP/1.1 200 OK
Content-Length: 21188
Content-Type: application/json; charset=utf-8
cache-control: no-cache

16:12:54.368 [AsyncHttpClient-1-5] DEBUG org.asynchttpclient.netty.channel.ChannelManager - Adding key: http://localhost:38164 for channel [id: 0xa5dedf0e, L:/127.0.0.1:50674 - R:localhost/127.0.0.1:38164]
16:12:54.371 [main] DEBUG net.serenitybdd.core.photography.Darkroom - Send negative for processing for target\site\serenity\45e190d736c8c1ec152f61a2baf5eeb92ee9775d312a5731a0f62c8dd6187b08.png
16:12:54.372 [main] DEBUG net.thucydides.core.steps.StepInterceptor - STEP DONE: validateOnHomePage
16:12:54.372 [Darkroom Processing Line] DEBUG net.serenitybdd.core.photography.DarkroomProcessingLine - Processing screenshot image in /var/screenshots/screenshot-1410234321437319030
16:12:54.372 [Darkroom Processing Line] DEBUG net.serenitybdd.core.photography.DarkroomProcessingLine - Saving screenshot to target\site\serenity\45e190d736c8c1ec152f61a2baf5eeb92ee9775d312a5731a0f62c8dd6187b08.png
  &amp#27;[32mThen &amp#27;[0m&amp#27;[32mI am success to log in&amp#27;[0m                      &amp#27;[90m# starter.stepdefinitions.LoginSteps.onTheHomePageLogin()&amp#27;[0m
16:12:54.377 [main] INFO  - 
  _____   ___   ___   _____     ___     _     ___   ___   ___   ___  
 |_   _| | __| / __| |_   _|   | _ \   /_\   / __| / __| | __| |   \ 
   | |   | _|  \__ \   | |     |  _/  / _ \  \__ \ \__ \ | _|  | |) |
   |_|   |___| |___/   |_|     |_|   /_/ \_\ |___/ |___/ |___| |___/ 

As user, I have be able to success login
----------------------------------------------------------------------
16:12:54.379 [AsyncHttpClient-1-7] DEBUG org.asynchttpclient.netty.handler.WebSocketHandler - Channel Closed: [id: 0xe50f8051, L:/127.0.0.1:50682 ! R:localhost/127.0.0.1:50676] with attribute NettyResponseFuture{currentRetry=0,
	isDone=1,
	isCancelled=0,
	asyncHandler=org.asynchttpclient.ws.WebSocketUpgradeHandler@5be2c220,
	nettyRequest=org.asynchttpclient.netty.request.NettyRequest@1ee05738,
	future=java.util.concurrent.CompletableFuture@1a343d9d[Completed normally],
	uri=ws://localhost:50676/devtools/browser/be5b268d-e850-4359-a25a-85b104f3f2cb,
	keepAlive=true,
	redirectCount=0,
	timeoutsHolder=null,
	inAuth=0,
	touch=1683537163053}
16:12:54.379 [AsyncHttpClient-1-7] DEBUG org.asynchttpclient.netty.channel.ChannelManager - Closing Channel [id: 0xe50f8051, L:/127.0.0.1:50682 ! R:localhost/127.0.0.1:50676] 
16:12:54.379 [Driver Command Executor] DEBUG org.asynchttpclient.netty.request.NettyRequestSender - Using pooled Channel '[id: 0xa5dedf0e, L:/127.0.0.1:50674 - R:localhost/127.0.0.1:38164]' for 'DELETE' to 'http://localhost:38164/session/51b98081bb0c74d6aa75d066c34b837d'
16:12:54.379 [Driver Command Executor] DEBUG org.asynchttpclient.netty.request.NettyRequestSender - Using open Channel [id: 0xa5dedf0e, L:/127.0.0.1:50674 - R:localhost/127.0.0.1:38164] for DELETE '/session/51b98081bb0c74d6aa75d066c34b837d'
16:12:54.593 [AsyncHttpClient-1-6] DEBUG org.asynchttpclient.netty.handler.HttpHandler - Unexpected I/O exception on channel [id: 0xe6db3444, L:/127.0.0.1:50681 - R:localhost/127.0.0.1:50676]
java.io.IOException: An existing connection was forcibly closed by the remote host
	at sun.nio.ch.SocketDispatcher.read0(Native Method)
	at sun.nio.ch.SocketDispatcher.read(SocketDispatcher.java:43)
	at sun.nio.ch.IOUtil.readIntoNativeBuffer(IOUtil.java:223)
	at sun.nio.ch.IOUtil.read(IOUtil.java:192)
	at sun.nio.ch.SocketChannelImpl.read(SocketChannelImpl.java:378)
	at io.netty.buffer.PooledByteBuf.setBytes(PooledByteBuf.java:259)
	at io.netty.buffer.AbstractByteBuf.writeBytes(AbstractByteBuf.java:1132)
	at io.netty.channel.socket.nio.NioSocketChannel.doReadBytes(NioSocketChannel.java:357)
	at io.netty.channel.nio.AbstractNioByteChannel$NioByteUnsafe.read(AbstractNioByteChannel.java:151)
	at io.netty.channel.nio.NioEventLoop.processSelectedKey(NioEventLoop.java:788)
	at io.netty.channel.nio.NioEventLoop.processSelectedKeysOptimized(NioEventLoop.java:724)
	at io.netty.channel.nio.NioEventLoop.processSelectedKeys(NioEventLoop.java:650)
	at io.netty.channel.nio.NioEventLoop.run(NioEventLoop.java:562)
	at io.netty.util.concurrent.SingleThreadEventExecutor$4.run(SingleThreadEventExecutor.java:997)
	at io.netty.util.internal.ThreadExecutorMap$2.run(ThreadExecutorMap.java:74)
	at io.netty.util.concurrent.FastThreadLocalRunnable.run(FastThreadLocalRunnable.java:30)
	at java.lang.Thread.run(Thread.java:748)
16:12:54.593 [AsyncHttpClient-1-6] DEBUG org.asynchttpclient.netty.channel.ChannelManager - Closing Channel [id: 0xe6db3444, L:/127.0.0.1:50681 - R:localhost/127.0.0.1:50676] 
16:12:54.593 [AsyncHttpClient-1-6] DEBUG org.asynchttpclient.netty.handler.HttpHandler - Channel Closed: [id: 0xe6db3444, L:/127.0.0.1:50681 ! R:localhost/127.0.0.1:50676] with attribute DISCARD
16:12:54.615 [AsyncHttpClient-1-5] DEBUG org.asynchttpclient.netty.handler.HttpHandler - 

Request DefaultFullHttpRequest(decodeResult: success, version: HTTP/1.1, content: EmptyByteBufBE)
DELETE /session/51b98081bb0c74d6aa75d066c34b837d HTTP/1.1
User-Agent: selenium/4.8.1 (java windows)
Content-Type: application/json; charset=utf-8
host: localhost:38164
accept: */*

Response DefaultHttpResponse(decodeResult: success, version: HTTP/1.1)
HTTP/1.1 200 OK
Content-Length: 14
Content-Type: application/json; charset=utf-8
cache-control: no-cache

16:12:54.615 [AsyncHttpClient-1-5] DEBUG org.asynchttpclient.netty.channel.ChannelManager - Adding key: http://localhost:38164 for channel [id: 0xa5dedf0e, L:/127.0.0.1:50674 - R:localhost/127.0.0.1:38164]
16:12:54.709 [AsyncHttpClient-1-5] DEBUG org.asynchttpclient.netty.handler.HttpHandler - Channel Closed: [id: 0xa5dedf0e, L:/127.0.0.1:50674 ! R:localhost/127.0.0.1:38164] with attribute DISCARD
16:12:54.888 [AsyncHttpClient-1-1] DEBUG org.asynchttpclient.netty.channel.DefaultChannelPool - Entry count for : http://localhost:50676 : 1
16:12:54.888 [AsyncHttpClient-1-1] DEBUG org.asynchttpclient.netty.channel.DefaultChannelPool - Entry count for : http://localhost:38164 : 1
16:12:54.888 [AsyncHttpClient-1-1] DEBUG org.asynchttpclient.netty.channel.DefaultChannelPool - Adding Candidate expired Channel [id: 0xe6db3444, L:/127.0.0.1:50681 ! R:localhost/127.0.0.1:50676] isIdleTimeoutExpired=false isRemotelyClosed=true isTtlExpired=false
16:12:54.888 [AsyncHttpClient-1-1] DEBUG org.asynchttpclient.netty.channel.DefaultChannelPool - Closing Idle Channel [id: 0xe6db3444, L:/127.0.0.1:50681 ! R:localhost/127.0.0.1:50676]
16:12:54.888 [AsyncHttpClient-1-1] DEBUG org.asynchttpclient.netty.channel.DefaultChannelPool - Adding Candidate expired Channel [id: 0xa5dedf0e, L:/127.0.0.1:50674 ! R:localhost/127.0.0.1:38164] isIdleTimeoutExpired=false isRemotelyClosed=true isTtlExpired=false
16:12:54.888 [AsyncHttpClient-1-1] DEBUG org.asynchttpclient.netty.channel.DefaultChannelPool - Closing Idle Channel [id: 0xa5dedf0e, L:/127.0.0.1:50674 ! R:localhost/127.0.0.1:38164]
16:12:54.888 [AsyncHttpClient-1-1] DEBUG org.asynchttpclient.netty.channel.DefaultChannelPool - Closed 2 connections out of 2 in 0 ms
]]></system-out>
    <system-err><![CDATA[Starting ChromeDriver 111.0.5563.64 (c710e93d5b63b7095afe8c2c17df34408078439d-refs/branch-heads/5563@{#995}) on port 38164
Only local connections are allowed.
Please see https://chromedriver.chromium.org/security-considerations for suggestions on keeping ChromeDriver safe.
ChromeDriver was started successfully.
[1683537163.018][WARNING]: This version of ChromeDriver has not been tested with Chrome version 112.
May 08, 2023 4:12:43 PM org.openqa.selenium.devtools.CdpVersionFinder findNearestMatch
WARNING: Unable to find an exact match for CDP version 112, so returning the closest version found: 110
]]></system-err>
  </testcase>
  <testcase name="As a user i have be able to see detail" classname="User have be able to see detail" time="0.12">
    <system-out><![CDATA[16:12:55.230 [main] DEBUG io.cucumber.core.plugin.SerenityReporter - Running feature from file:///C:/Users/ASUS/Documents/GitHub/Mini-Project/WebTesting/src/test/resources/features/2_Detail.feature
16:12:55.233 [main] DEBUG net.thucydides.core.steps.StepEventBus - Test suite started for story net.thucydides.core.model.Story@468c9775
16:12:55.233 [main] INFO  - Test Suite Started: User have be able to see detail

Scenario: As a user i have be able to see detail &amp#27;[90m# src/test/resources/features/2_Detail.feature:5&amp#27;[0m
16:12:55.239 [main] DEBUG io.cucumber.core.plugin.SerenityReporter - Running feature from file:///C:/Users/ASUS/Documents/GitHub/Mini-Project/WebTesting/src/test/resources/features/2_Detail.feature
16:12:55.241 [main] INFO  - 
  _____   ___   ___   _____     ___   _____     _     ___   _____   ___   ___  
 |_   _| | __| / __| |_   _|   / __| |_   _|   /_\   | _ \ |_   _| | __| |   \ 
   | |   | _|  \__ \   | |     \__ \   | |    / _ \  |   /   | |   | _|  | |) |
   |_|   |___| |___/   |_|     |___/   |_|   /_/ \_\ |_|_\   |_|   |___| |___/ 

As a user i have be able to see detail(user-have-be-able-to-see-detail;as-a-user-i-have-be-able-to-see-detail)
--------------------------------------------------------------------------------
16:12:55.330 [main] DEBUG net.thucydides.core.steps.StepInterceptor - STARTING STEP: DetailSteps.onTheHomePage - validateOnHomePage
16:12:55.333 [main] DEBUG net.thucydides.core.steps.StepInterceptor - STEP DONE: validateOnHomePage
  &amp#27;[32mGiven &amp#27;[0m&amp#27;[32mI am on the home page 2&amp#27;[0m                  &amp#27;[90m# starter.stepdefinitions.DetailSteps.onTheHomePage()&amp#27;[0m
16:12:55.337 [main] DEBUG net.thucydides.core.steps.StepInterceptor - STARTING STEP: DetailSteps.clickDetail - clickDetail
16:12:55.341 [main] DEBUG net.thucydides.core.steps.StepInterceptor - STEP DONE: clickDetail
  &amp#27;[32mWhen &amp#27;[0m&amp#27;[32mI click detail&amp#27;[0m                            &amp#27;[90m# starter.stepdefinitions.DetailSteps.clickDetail()&amp#27;[0m
16:12:55.345 [main] DEBUG net.thucydides.core.steps.StepInterceptor - STARTING STEP: DetailSteps.seeProductDetail - validateOndetailPage
16:12:55.347 [main] DEBUG net.thucydides.core.steps.StepInterceptor - STEP DONE: validateOndetailPage
16:12:55.348 [main] DEBUG net.thucydides.core.steps.StepInterceptor - STARTING STEP: DetailSteps.seeProductDetail - clickHome
16:12:55.350 [main] DEBUG net.thucydides.core.steps.StepInterceptor - STEP DONE: clickHome
  &amp#27;[32mThen &amp#27;[0m&amp#27;[32mI can see product detail&amp#27;[0m                  &amp#27;[90m# starter.stepdefinitions.DetailSteps.seeProductDetail()&amp#27;[0m
16:12:55.353 [main] INFO  - 
  _____   ___   ___   _____     ___     _     ___   ___   ___   ___  
 |_   _| | __| / __| |_   _|   | _ \   /_\   / __| / __| | __| |   \ 
   | |   | _|  \__ \   | |     |  _/  / _ \  \__ \ \__ \ | _|  | |) |
   |_|   |___| |___/   |_|     |_|   /_/ \_\ |___/ |___/ |___| |___/ 

As a user i have be able to see detail
----------------------------------------------------------------------
]]></system-out>
  </testcase>
  <testcase name="As a user i have be able to make order" classname="User have be able to make order" time="0.214">
    <system-out><![CDATA[16:12:55.354 [main] DEBUG io.cucumber.core.plugin.SerenityReporter - Running feature from file:///C:/Users/ASUS/Documents/GitHub/Mini-Project/WebTesting/src/test/resources/features/3_Order.feature
16:12:55.357 [main] DEBUG net.thucydides.core.steps.StepEventBus - Test suite started for story net.thucydides.core.model.Story@913a755
16:12:55.358 [main] INFO  - Test Suite Started: User have be able to make order

Scenario: As a user i have be able to make order &amp#27;[90m# src/test/resources/features/3_Order.feature:6&amp#27;[0m
16:12:55.363 [main] DEBUG io.cucumber.core.plugin.SerenityReporter - Running feature from file:///C:/Users/ASUS/Documents/GitHub/Mini-Project/WebTesting/src/test/resources/features/3_Order.feature
16:12:55.365 [main] INFO  - 
  _____   ___   ___   _____     ___   _____     _     ___   _____   ___   ___  
 |_   _| | __| / __| |_   _|   / __| |_   _|   /_\   | _ \ |_   _| | __| |   \ 
   | |   | _|  \__ \   | |     \__ \   | |    / _ \  |   /   | |   | _|  | |) |
   |_|   |___| |___/   |_|     |___/   |_|   /_/ \_\ |_|_\   |_|   |___| |___/ 

As a user i have be able to make order(user-have-be-able-to-make-order;as-a-user-i-have-be-able-to-make-order)
--------------------------------------------------------------------------------
16:12:55.522 [main] DEBUG net.thucydides.core.steps.StepInterceptor - STARTING STEP: OrderSteps.onTheHomePage - validateOnHomePage
16:12:55.523 [main] DEBUG net.thucydides.core.steps.StepInterceptor - STEP DONE: validateOnHomePage
  &amp#27;[32mGiven &amp#27;[0m&amp#27;[32mI am on the home page 3&amp#27;[0m                  &amp#27;[90m# starter.stepdefinitions.OrderSteps.onTheHomePage()&amp#27;[0m
16:12:55.529 [main] DEBUG net.thucydides.core.steps.StepInterceptor - STARTING STEP: OrderSteps.clickBuyButton - clickBuy
16:12:55.534 [main] DEBUG net.thucydides.core.steps.StepInterceptor - STEP DONE: clickBuy
  &amp#27;[32mWhen &amp#27;[0m&amp#27;[32mI click buy button&amp#27;[0m                        &amp#27;[90m# starter.stepdefinitions.OrderSteps.clickBuyButton()&amp#27;[0m
16:12:55.539 [main] DEBUG net.thucydides.core.steps.StepInterceptor - STARTING STEP: OrderSteps.clickCartButton - clickCart
16:12:55.543 [main] DEBUG net.thucydides.core.steps.StepInterceptor - STEP DONE: clickCart
  &amp#27;[32mAnd &amp#27;[0m&amp#27;[32mI click cart button&amp#27;[0m                        &amp#27;[90m# starter.stepdefinitions.OrderSteps.clickCartButton()&amp#27;[0m
16:12:55.548 [main] DEBUG net.thucydides.core.steps.StepInterceptor - STARTING STEP: OrderSteps.goToPaymentPage - validateOnCartPage
16:12:55.551 [main] DEBUG net.thucydides.core.steps.StepInterceptor - STEP DONE: validateOnCartPage
  &amp#27;[32mAnd &amp#27;[0m&amp#27;[32mI go to payment page&amp#27;[0m                       &amp#27;[90m# starter.stepdefinitions.OrderSteps.goToPaymentPage()&amp#27;[0m
16:12:55.557 [main] DEBUG net.thucydides.core.steps.StepInterceptor - STARTING STEP: OrderSteps.clickPayButton - clickBayar
16:12:55.560 [main] DEBUG net.thucydides.core.steps.StepInterceptor - STEP DONE: clickBayar
  &amp#27;[32mAnd &amp#27;[0m&amp#27;[32mI click pay button&amp#27;[0m                         &amp#27;[90m# starter.stepdefinitions.OrderSteps.clickPayButton()&amp#27;[0m
16:12:55.564 [main] DEBUG net.thucydides.core.steps.StepInterceptor - STARTING STEP: OrderSteps.canSeeTransaction - validateOnHomePage
16:12:55.565 [main] DEBUG net.thucydides.core.steps.StepInterceptor - STEP DONE: validateOnHomePage
16:12:55.566 [main] DEBUG net.thucydides.core.steps.StepInterceptor - STARTING STEP: OrderSteps.canSeeTransaction - clickHome
16:12:55.570 [main] DEBUG net.thucydides.core.steps.StepInterceptor - STEP DONE: clickHome
  &amp#27;[32mThen &amp#27;[0m&amp#27;[32mI can see transaction detail&amp#27;[0m              &amp#27;[90m# starter.stepdefinitions.OrderSteps.canSeeTransaction()&amp#27;[0m
16:12:55.572 [main] INFO  - 
  _____   ___   ___   _____     ___     _     ___   ___   ___   ___  
 |_   _| | __| / __| |_   _|   | _ \   /_\   / __| / __| | __| |   \ 
   | |   | _|  \__ \   | |     |  _/  / _ \  \__ \ \__ \ | _|  | |) |
   |_|   |___| |___/   |_|     |_|   /_/ \_\ |___/ |___/ |___| |___/ 

As a user i have be able to make order
----------------------------------------------------------------------
]]></system-out>
  </testcase>
  <testcase name="As a user i have be able to log out" classname="User have be able to log out" time="0.057">
    <system-out><![CDATA[16:12:55.574 [main] DEBUG io.cucumber.core.plugin.SerenityReporter - Running feature from file:///C:/Users/ASUS/Documents/GitHub/Mini-Project/WebTesting/src/test/resources/features/4_Logout.feature
16:12:55.578 [main] DEBUG net.thucydides.core.steps.StepEventBus - Test suite started for story net.thucydides.core.model.Story@74b320be
16:12:55.580 [main] INFO  - Test Suite Started: User have be able to log out

Scenario: As a user i have be able to log out &amp#27;[90m# src/test/resources/features/4_Logout.feature:5&amp#27;[0m
16:12:55.586 [main] DEBUG io.cucumber.core.plugin.SerenityReporter - Running feature from file:///C:/Users/ASUS/Documents/GitHub/Mini-Project/WebTesting/src/test/resources/features/4_Logout.feature
16:12:55.589 [main] INFO  - 
  _____   ___   ___   _____     ___   _____     _     ___   _____   ___   ___  
 |_   _| | __| / __| |_   _|   / __| |_   _|   /_\   | _ \ |_   _| | __| |   \ 
   | |   | _|  \__ \   | |     \__ \   | |    / _ \  |   /   | |   | _|  | |) |
   |_|   |___| |___/   |_|     |___/   |_|   /_/ \_\ |_|_\   |_|   |___| |___/ 

As a user i have be able to log out(user-have-be-able-to-log-out;as-a-user-i-have-be-able-to-log-out)
--------------------------------------------------------------------------------
16:12:55.617 [main] DEBUG net.thucydides.core.steps.StepInterceptor - STARTING STEP: LogoutSteps.onTheHomePage - validateOnHomePage
16:12:55.619 [main] DEBUG net.thucydides.core.steps.StepInterceptor - STEP DONE: validateOnHomePage
  &amp#27;[32mGiven &amp#27;[0m&amp#27;[32mI am on the home page 4&amp#27;[0m               &amp#27;[90m# starter.stepdefinitions.LogoutSteps.onTheHomePage()&amp#27;[0m
16:12:55.623 [main] DEBUG net.thucydides.core.steps.StepInterceptor - STARTING STEP: LogoutSteps.clickAccountButton - clickAccount
16:12:55.626 [main] DEBUG net.thucydides.core.steps.StepInterceptor - STEP DONE: clickAccount
  &amp#27;[32mWhen &amp#27;[0m&amp#27;[32mI click account button&amp#27;[0m                 &amp#27;[90m# starter.stepdefinitions.LogoutSteps.clickAccountButton()&amp#27;[0m
16:12:55.629 [main] DEBUG net.thucydides.core.steps.StepInterceptor - STARTING STEP: LogoutSteps.clickLogOut - clickLogout
16:12:55.631 [main] DEBUG net.thucydides.core.steps.StepInterceptor - STEP DONE: clickLogout
  &amp#27;[32mAnd &amp#27;[0m&amp#27;[32mI click logout&amp#27;[0m                          &amp#27;[90m# starter.stepdefinitions.LogoutSteps.clickLogOut()&amp#27;[0m
16:12:55.634 [main] DEBUG net.thucydides.core.steps.StepInterceptor - STARTING STEP: LogoutSteps.successLogOut - validateOnLoginPage
16:12:55.635 [main] DEBUG net.thucydides.core.steps.StepInterceptor - STEP DONE: validateOnLoginPage
  &amp#27;[32mThen &amp#27;[0m&amp#27;[32mI success to log out&amp#27;[0m                   &amp#27;[90m# starter.stepdefinitions.LogoutSteps.successLogOut()&amp#27;[0m
16:12:55.637 [main] INFO  - 
  _____   ___   ___   _____     ___     _     ___   ___   ___   ___  
 |_   _| | __| / __| |_   _|   | _ \   /_\   / __| / __| | __| |   \ 
   | |   | _|  \__ \   | |     |  _/  / _ \  \__ \ \__ \ | _|  | |) |
   |_|   |___| |___/   |_|     |_|   /_/ \_\ |___/ |___/ |___| |___/ 

As a user i have be able to log out
----------------------------------------------------------------------
]]></system-out>
  </testcase>
  <testcase name="While i am not a user, i have not be able to register" classname="User be able to Register" time="0.103">
    <system-out><![CDATA[16:12:55.638 [main] DEBUG io.cucumber.core.plugin.SerenityReporter - Running feature from file:///C:/Users/ASUS/Documents/GitHub/Mini-Project/WebTesting/src/test/resources/features/5_Register.feature
16:12:55.640 [main] DEBUG net.thucydides.core.steps.StepEventBus - Test suite started for story net.thucydides.core.model.Story@b9ce1cb
16:12:55.641 [main] INFO  - Test Suite Started: User be able to Register

Scenario: While i am not a user, i have not be able to register &amp#27;[90m# src/test/resources/features/5_Register.feature:5&amp#27;[0m
16:12:55.645 [main] DEBUG io.cucumber.core.plugin.SerenityReporter - Running feature from file:///C:/Users/ASUS/Documents/GitHub/Mini-Project/WebTesting/src/test/resources/features/5_Register.feature
16:12:55.646 [main] INFO  - 
  _____   ___   ___   _____     ___   _____     _     ___   _____   ___   ___  
 |_   _| | __| / __| |_   _|   / __| |_   _|   /_\   | _ \ |_   _| | __| |   \ 
   | |   | _|  \__ \   | |     \__ \   | |    / _ \  |   /   | |   | _|  | |) |
   |_|   |___| |___/   |_|     |___/   |_|   /_/ \_\ |_|_\   |_|   |___| |___/ 

While i am not a user, i have not be able to register(user-be-able-to-register;while-i-am-not-a-user--i-have-not-be-able-to-register)
--------------------------------------------------------------------------------
16:12:55.700 [main] DEBUG net.thucydides.core.steps.StepInterceptor - STARTING STEP: RegisterSteps.onTheLoginPage - validateOnLoginPage
16:12:55.702 [main] DEBUG net.thucydides.core.steps.StepInterceptor - STEP DONE: validateOnLoginPage
  &amp#27;[32mGiven &amp#27;[0m&amp#27;[32mI am on the login page&amp#27;[0m                                  &amp#27;[90m# starter.stepdefinitions.RegisterSteps.onTheLoginPage()&amp#27;[0m
16:12:55.706 [main] DEBUG net.thucydides.core.steps.StepInterceptor - STARTING STEP: RegisterSteps.clickRegister - clickRegister
16:12:55.709 [main] DEBUG net.thucydides.core.steps.StepInterceptor - STEP DONE: clickRegister
  &amp#27;[32mWhen &amp#27;[0m&amp#27;[32mI click register&amp#27;[0m                                         &amp#27;[90m# starter.stepdefinitions.RegisterSteps.clickRegister()&amp#27;[0m
16:12:55.714 [main] DEBUG net.thucydides.core.steps.StepInterceptor - STARTING STEP: RegisterSteps.inputFullname - validateOnRegisterPage
16:12:55.716 [main] DEBUG net.thucydides.core.steps.StepInterceptor - STEP DONE: validateOnRegisterPage
16:12:55.717 [main] DEBUG net.thucydides.core.steps.StepInterceptor - STARTING STEP: RegisterSteps.inputFullname - inputUserName
16:12:55.718 [main] DEBUG net.thucydides.core.steps.StepInterceptor - STEP DONE: inputUserName
  &amp#27;[32mAnd &amp#27;[0m&amp#27;[32mI input fullname&amp#27;[0m                                          &amp#27;[90m# starter.stepdefinitions.RegisterSteps.inputFullname()&amp#27;[0m
16:12:55.722 [main] DEBUG net.thucydides.core.steps.StepInterceptor - STARTING STEP: RegisterSteps.inputInvalidEmail - inputEmail
16:12:55.723 [main] DEBUG net.thucydides.core.steps.StepInterceptor - STEP DONE: inputEmail
  &amp#27;[32mAnd &amp#27;[0m&amp#27;[32mI input invalid email&amp#27;[0m                                     &amp#27;[90m# starter.stepdefinitions.RegisterSteps.inputInvalidEmail()&amp#27;[0m
16:12:55.728 [main] DEBUG net.thucydides.core.steps.StepInterceptor - STARTING STEP: RegisterSteps.inputInvalidPassword - inputPassword
16:12:55.729 [main] DEBUG net.thucydides.core.steps.StepInterceptor - STEP DONE: inputPassword
  &amp#27;[32mAnd &amp#27;[0m&amp#27;[32mI input register invalid password&amp#27;[0m                         &amp#27;[90m# starter.stepdefinitions.RegisterSteps.inputInvalidPassword()&amp#27;[0m
16:12:55.732 [main] DEBUG net.thucydides.core.steps.StepInterceptor - STARTING STEP: RegisterSteps.clickRegisterButton - clickRegisterutton
16:12:55.735 [main] DEBUG net.thucydides.core.steps.StepInterceptor - STEP DONE: clickRegisterutton
  &amp#27;[32mAnd &amp#27;[0m&amp#27;[32mI click register button&amp#27;[0m                                   &amp#27;[90m# starter.stepdefinitions.RegisterSteps.clickRegisterButton()&amp#27;[0m
16:12:55.738 [main] DEBUG net.thucydides.core.steps.StepInterceptor - STARTING STEP: RegisterSteps.failedRegister - validateOnRegisterPage
16:12:55.740 [main] DEBUG net.thucydides.core.steps.StepInterceptor - STEP DONE: validateOnRegisterPage
  &amp#27;[32mThen &amp#27;[0m&amp#27;[32mI failed to register&amp#27;[0m                                     &amp#27;[90m# starter.stepdefinitions.RegisterSteps.failedRegister()&amp#27;[0m
16:12:55.743 [main] INFO  - 
  _____   ___   ___   _____     ___     _     ___   ___   ___   ___  
 |_   _| | __| / __| |_   _|   | _ \   /_\   / __| / __| | __| |   \ 
   | |   | _|  \__ \   | |     |  _/  / _ \  \__ \ \__ \ | _|  | |) |
   |_|   |___| |___/   |_|     |_|   /_/ \_\ |___/ |___/ |___| |___/ 

While i am not a user, i have not be able to register
----------------------------------------------------------------------
]]></system-out>
  </testcase>
  <testcase name="As a user, i have be able to register" classname="User be able to Register" time="0.076">
    <system-out><![CDATA[
Scenario: As a user, i have be able to register &amp#27;[90m# src/test/resources/features/5_Register.feature:14&amp#27;[0m
16:12:55.750 [main] DEBUG io.cucumber.core.plugin.SerenityReporter - Running feature from file:///C:/Users/ASUS/Documents/GitHub/Mini-Project/WebTesting/src/test/resources/features/5_Register.feature
16:12:55.753 [main] INFO  - 
  _____   ___   ___   _____     ___   _____     _     ___   _____   ___   ___  
 |_   _| | __| / __| |_   _|   / __| |_   _|   /_\   | _ \ |_   _| | __| |   \ 
   | |   | _|  \__ \   | |     \__ \   | |    / _ \  |   /   | |   | _|  | |) |
   |_|   |___| |___/   |_|     |___/   |_|   /_/ \_\ |_|_\   |_|   |___| |___/ 

As a user, i have be able to register(user-be-able-to-register;as-a-user--i-have-be-able-to-register)
--------------------------------------------------------------------------------
16:12:55.779 [main] DEBUG net.thucydides.core.steps.StepInterceptor - STARTING STEP: RegisterSteps.onTheLoginPage - validateOnLoginPage
16:12:55.780 [main] DEBUG net.thucydides.core.steps.StepInterceptor - STEP DONE: validateOnLoginPage
  &amp#27;[32mGiven &amp#27;[0m&amp#27;[32mI am on the login page&amp#27;[0m                  &amp#27;[90m# starter.stepdefinitions.RegisterSteps.onTheLoginPage()&amp#27;[0m
16:12:55.785 [main] DEBUG net.thucydides.core.steps.StepInterceptor - STARTING STEP: RegisterSteps.clickRegister - clickRegister
16:12:55.789 [main] DEBUG net.thucydides.core.steps.StepInterceptor - STEP DONE: clickRegister
  &amp#27;[32mWhen &amp#27;[0m&amp#27;[32mI click register&amp#27;[0m                         &amp#27;[90m# starter.stepdefinitions.RegisterSteps.clickRegister()&amp#27;[0m
16:12:55.792 [main] DEBUG net.thucydides.core.steps.StepInterceptor - STARTING STEP: RegisterSteps.inputFullname - validateOnRegisterPage
16:12:55.794 [main] DEBUG net.thucydides.core.steps.StepInterceptor - STEP DONE: validateOnRegisterPage
16:12:55.795 [main] DEBUG net.thucydides.core.steps.StepInterceptor - STARTING STEP: RegisterSteps.inputFullname - inputUserName
16:12:55.796 [main] DEBUG net.thucydides.core.steps.StepInterceptor - STEP DONE: inputUserName
  &amp#27;[32mAnd &amp#27;[0m&amp#27;[32mI input fullname&amp#27;[0m                          &amp#27;[90m# starter.stepdefinitions.RegisterSteps.inputFullname()&amp#27;[0m
16:12:55.799 [main] DEBUG net.thucydides.core.steps.StepInterceptor - STARTING STEP: RegisterSteps.inputValidEmail - inputEmail
16:12:55.801 [main] DEBUG net.thucydides.core.steps.StepInterceptor - STEP DONE: inputEmail
  &amp#27;[32mAnd &amp#27;[0m&amp#27;[32mI input valid email&amp#27;[0m                       &amp#27;[90m# starter.stepdefinitions.RegisterSteps.inputValidEmail()&amp#27;[0m
16:12:55.804 [main] DEBUG net.thucydides.core.steps.StepInterceptor - STARTING STEP: RegisterSteps.inputValidPassword - inputPassword
16:12:55.806 [main] DEBUG net.thucydides.core.steps.StepInterceptor - STEP DONE: inputPassword
  &amp#27;[32mAnd &amp#27;[0m&amp#27;[32mI input register valid password&amp#27;[0m           &amp#27;[90m# starter.stepdefinitions.RegisterSteps.inputValidPassword()&amp#27;[0m
16:12:55.809 [main] DEBUG net.thucydides.core.steps.StepInterceptor - STARTING STEP: RegisterSteps.clickRegisterButton - clickRegisterutton
16:12:55.812 [main] DEBUG net.thucydides.core.steps.StepInterceptor - STEP DONE: clickRegisterutton
  &amp#27;[32mAnd &amp#27;[0m&amp#27;[32mI click register button&amp#27;[0m                   &amp#27;[90m# starter.stepdefinitions.RegisterSteps.clickRegisterButton()&amp#27;[0m
16:12:55.815 [main] DEBUG net.thucydides.core.steps.StepInterceptor - STARTING STEP: RegisterSteps.successRegister - validateOnRegisterPage
16:12:55.817 [main] DEBUG net.thucydides.core.steps.StepInterceptor - STEP DONE: validateOnRegisterPage
  &amp#27;[32mThen &amp#27;[0m&amp#27;[32mI success to register&amp#27;[0m                    &amp#27;[90m# starter.stepdefinitions.RegisterSteps.successRegister()&amp#27;[0m
16:12:55.819 [main] INFO  - 
  _____   ___   ___   _____     ___     _     ___   ___   ___   ___  
 |_   _| | __| / __| |_   _|   | _ \   /_\   / __| / __| | __| |   \ 
   | |   | _|  \__ \   | |     |  _/  / _ \  \__ \ \__ \ | _|  | |) |
   |_|   |___| |___/   |_|     |_|   /_/ \_\ |___/ |___/ |___| |___/ 

As a user, i have be able to register
----------------------------------------------------------------------
]]></system-out>
  </testcase>
</testsuite>